Address 54.154.53.188 maps to ec2-54-154-53-188.eu-west-1.compute.amazonaws.com, but this does not map back to the address - POSSIBLE BREAK-IN ATTEMPT!
Address 54.171.114.13 maps to ec2-54-171-114-13.eu-west-1.compute.amazonaws.com, but this does not map back to the address - POSSIBLE BREAK-IN ATTEMPT!
Address 54.171.152.237 maps to ec2-54-171-152-237.eu-west-1.compute.amazonaws.com, but this does not map back to the address - POSSIBLE BREAK-IN ATTEMPT!
Address 54.171.155.51 maps to ec2-54-171-155-51.eu-west-1.compute.amazonaws.com, but this does not map back to the address - POSSIBLE BREAK-IN ATTEMPT!
Address 54.77.242.204 maps to ec2-54-77-242-204.eu-west-1.compute.amazonaws.com, but this does not map back to the address - POSSIBLE BREAK-IN ATTEMPT!
Address 54.154.44.97 maps to ec2-54-154-44-97.eu-west-1.compute.amazonaws.com, but this does not map back to the address - POSSIBLE BREAK-IN ATTEMPT!
Address 52.17.93.160 maps to ec2-52-17-93-160.eu-west-1.compute.amazonaws.com, but this does not map back to the address - POSSIBLE BREAK-IN ATTEMPT!
Address 54.171.114.14 maps to ec2-54-171-114-14.eu-west-1.compute.amazonaws.com, but this does not map back to the address - POSSIBLE BREAK-IN ATTEMPT!
graph_generation:               11.881238 s
construction_time:              1.440933 s
Running BFS 0
Time for BFS 0 is 2.039266
TEPS tranversed all edges BFS 0 is 32137.1
Running BFS 1
Time for BFS 1 is 2.039996
TEPS tranversed all edges BFS 1 is 32125.6
Running BFS 2
Time for BFS 2 is 2.267846
TEPS tranversed all edges BFS 2 is 28897.9
Running BFS 3
Time for BFS 3 is 2.035768
TEPS tranversed all edges BFS 3 is 32192.3
Running BFS 4
Time for BFS 4 is 2.280576
TEPS tranversed all edges BFS 4 is 28736.6
Running BFS 5
Time for BFS 5 is 2.391847
TEPS tranversed all edges BFS 5 is 27399.7
Running BFS 6
Time for BFS 6 is 2.048631
TEPS tranversed all edges BFS 6 is 31990.1
Running BFS 7
Time for BFS 7 is 2.440498
TEPS tranversed all edges BFS 7 is 26853.5
Running BFS 8
Time for BFS 8 is 2.028002
TEPS tranversed all edges BFS 8 is 32315.5
Running BFS 9
Time for BFS 9 is 2.279864
TEPS tranversed all edges BFS 9 is 28745.6
Running BFS 10
Time for BFS 10 is 2.028062
TEPS tranversed all edges BFS 10 is 32314.6
Running BFS 11
Time for BFS 11 is 1.837013
TEPS tranversed all edges BFS 11 is 35675.3
Running BFS 12
Time for BFS 12 is 1.439803
TEPS tranversed all edges BFS 12 is 45517.3
Running BFS 13
Time for BFS 13 is 1.199587
TEPS tranversed all edges BFS 13 is 54632.1
Running BFS 14
Time for BFS 14 is 1.199652
TEPS tranversed all edges BFS 14 is 54629.2
Running BFS 15
Time for BFS 15 is 1.439735
TEPS tranversed all edges BFS 15 is 45519.5
Running BFS 16
Time for BFS 16 is 1.439690
TEPS tranversed all edges BFS 16 is 45520.9
Running BFS 17
Time for BFS 17 is 1.547875
TEPS tranversed all edges BFS 17 is 42339.3
Running BFS 18
Time for BFS 18 is 1.799749
TEPS tranversed all edges BFS 18 is 36414
Running BFS 19
Time for BFS 19 is 1.919951
TEPS tranversed all edges BFS 19 is 34134.2
Running BFS 20
Time for BFS 20 is 1.773142
TEPS tranversed all edges BFS 20 is 36960.4
Running BFS 21
Time for BFS 21 is 1.790165
TEPS tranversed all edges BFS 21 is 36608.9
Running BFS 22
Time for BFS 22 is 1.679724
TEPS tranversed all edges BFS 22 is 39015.9
Running BFS 23
Time for BFS 23 is 1.679838
TEPS tranversed all edges BFS 23 is 39013.3
Running BFS 24
Time for BFS 24 is 2.039723
TEPS tranversed all edges BFS 24 is 32129.9
Running BFS 25
Time for BFS 25 is 2.039949
TEPS tranversed all edges BFS 25 is 32126.3
Running BFS 26
Time for BFS 26 is 1.907701
TEPS tranversed all edges BFS 26 is 34353.4
Running BFS 27
Time for BFS 27 is 1.919778
TEPS tranversed all edges BFS 27 is 34137.3
Running BFS 28
Time for BFS 28 is 1.559730
TEPS tranversed all edges BFS 28 is 42017.5
Running BFS 29
Time for BFS 29 is 2.148081
TEPS tranversed all edges BFS 29 is 30509.1
Running BFS 30
Time for BFS 30 is 1.799734
TEPS tranversed all edges BFS 30 is 36414.3
Running BFS 31
Time for BFS 31 is 2.040305
TEPS tranversed all edges BFS 31 is 32120.7
Running BFS 32
Time for BFS 32 is 1.680068
TEPS tranversed all edges BFS 32 is 39007.9
Running BFS 33
Time for BFS 33 is 1.920240
TEPS tranversed all edges BFS 33 is 34129.1
Running BFS 34
Time for BFS 34 is 1.680082
TEPS tranversed all edges BFS 34 is 39007.6
Running BFS 35
Time for BFS 35 is 1.800197
TEPS tranversed all edges BFS 35 is 36404.9
Running BFS 36
Time for BFS 36 is 1.668041
TEPS tranversed all edges BFS 36 is 39289.2
Running BFS 37
Time for BFS 37 is 2.040374
TEPS tranversed all edges BFS 37 is 32119.6
Running BFS 38
Time for BFS 38 is 2.375724
TEPS tranversed all edges BFS 38 is 27585.7
Running BFS 39
Time for BFS 39 is 2.027639
TEPS tranversed all edges BFS 39 is 32321.3
Running BFS 40
Time for BFS 40 is 1.919749
TEPS tranversed all edges BFS 40 is 34137.8
Running BFS 41
Time for BFS 41 is 1.907850
TEPS tranversed all edges BFS 41 is 34350.7
Running BFS 42
Time for BFS 42 is 1.559682
TEPS tranversed all edges BFS 42 is 42018.8
Running BFS 43
Time for BFS 43 is 1.513612
TEPS tranversed all edges BFS 43 is 43297.8
Running BFS 44
Time for BFS 44 is 1.679945
TEPS tranversed all edges BFS 44 is 39010.8
Running BFS 45
Time for BFS 45 is 1.543862
TEPS tranversed all edges BFS 45 is 42449.4
Running BFS 46
Time for BFS 46 is 1.800511
TEPS tranversed all edges BFS 46 is 36398.6
Running BFS 47
Time for BFS 47 is 1.908275
TEPS tranversed all edges BFS 47 is 34343.1
Running BFS 48
Time for BFS 48 is 2.160628
TEPS tranversed all edges BFS 48 is 30331.9
Running BFS 49
Time for BFS 49 is 2.267426
TEPS tranversed all edges BFS 49 is 28903.3
Running BFS 50
Time for BFS 50 is 2.159835
TEPS tranversed all edges BFS 50 is 30343.1
Running BFS 51
Time for BFS 51 is 2.040255
TEPS tranversed all edges BFS 51 is 32121.5
Running BFS 52
Time for BFS 52 is 1.800226
TEPS tranversed all edges BFS 52 is 36404.3
Running BFS 53
Time for BFS 53 is 1.920303
TEPS tranversed all edges BFS 53 is 34127.9
Running BFS 54
Time for BFS 54 is 1.920341
TEPS tranversed all edges BFS 54 is 34127.3
Running BFS 55
Time for BFS 55 is 1.439987
TEPS tranversed all edges BFS 55 is 45511.5
Running BFS 56
Time for BFS 56 is 1.427917
TEPS tranversed all edges BFS 56 is 45896.2
Running BFS 57
Time for BFS 57 is 1.803133
TEPS tranversed all edges BFS 57 is 36345.6
Running BFS 58
Time for BFS 58 is 2.281183
TEPS tranversed all edges BFS 58 is 28729
Running BFS 59
Time for BFS 59 is 2.039726
TEPS tranversed all edges BFS 59 is 32129.8
Running BFS 60
Time for BFS 60 is 1.919995
TEPS tranversed all edges BFS 60 is 34133.4
Running BFS 61
Time for BFS 61 is 3.240322
TEPS tranversed all edges BFS 61 is 20225.2
Running BFS 62
Time for BFS 62 is 1.991802
TEPS tranversed all edges BFS 62 is 32902.9
Running BFS 63
Time for BFS 63 is 1.920072
TEPS tranversed all edges BFS 63 is 34132.1
