Address 54.154.53.188 maps to ec2-54-154-53-188.eu-west-1.compute.amazonaws.com, but this does not map back to the address - POSSIBLE BREAK-IN ATTEMPT!
Address 54.171.114.13 maps to ec2-54-171-114-13.eu-west-1.compute.amazonaws.com, but this does not map back to the address - POSSIBLE BREAK-IN ATTEMPT!
Address 54.171.152.237 maps to ec2-54-171-152-237.eu-west-1.compute.amazonaws.com, but this does not map back to the address - POSSIBLE BREAK-IN ATTEMPT!
Address 54.154.44.97 maps to ec2-54-154-44-97.eu-west-1.compute.amazonaws.com, but this does not map back to the address - POSSIBLE BREAK-IN ATTEMPT!
Address 52.17.93.160 maps to ec2-52-17-93-160.eu-west-1.compute.amazonaws.com, but this does not map back to the address - POSSIBLE BREAK-IN ATTEMPT!
Address 54.77.242.204 maps to ec2-54-77-242-204.eu-west-1.compute.amazonaws.com, but this does not map back to the address - POSSIBLE BREAK-IN ATTEMPT!
Address 54.171.114.14 maps to ec2-54-171-114-14.eu-west-1.compute.amazonaws.com, but this does not map back to the address - POSSIBLE BREAK-IN ATTEMPT!
Address 54.171.155.51 maps to ec2-54-171-155-51.eu-west-1.compute.amazonaws.com, but this does not map back to the address - POSSIBLE BREAK-IN ATTEMPT!
graph_generation:               111.705651 s
construction_time:              3.001827 s
Running BFS 0
Time for BFS 0 is 18.006168
TEPS tranversed all edges BFS 0 is 454.955
Running BFS 1
Time for BFS 1 is 14.691416
TEPS tranversed all edges BFS 1 is 557.605
Running BFS 2
Time for BFS 2 is 1.927279
TEPS tranversed all edges BFS 2 is 4250.55
Running BFS 3
Time for BFS 3 is 1.677032
TEPS tranversed all edges BFS 3 is 4884.82
Running BFS 4
Time for BFS 4 is 1.560084
TEPS tranversed all edges BFS 4 is 5251
Running BFS 5
Time for BFS 5 is 1.326035
TEPS tranversed all edges BFS 5 is 6177.82
Running BFS 6
Time for BFS 6 is 1.559713
TEPS tranversed all edges BFS 6 is 5252.25
Running BFS 7
Time for BFS 7 is 1.313738
TEPS tranversed all edges BFS 7 is 6235.64
Running BFS 8
Time for BFS 8 is 1.173003
TEPS tranversed all edges BFS 8 is 6983.78
Running BFS 9
Time for BFS 9 is 1.190220
TEPS tranversed all edges BFS 9 is 6882.76
Running BFS 10
Time for BFS 10 is 1.079632
TEPS tranversed all edges BFS 10 is 7587.77
Running BFS 11
Time for BFS 11 is 1.055697
TEPS tranversed all edges BFS 11 is 7759.8
Running BFS 12
Time for BFS 12 is 1.019572
TEPS tranversed all edges BFS 12 is 8034.74
Running BFS 13
Time for BFS 13 is 1.199663
TEPS tranversed all edges BFS 13 is 6828.58
Running BFS 14
Time for BFS 14 is 1.071447
TEPS tranversed all edges BFS 14 is 7645.73
Running BFS 15
Time for BFS 15 is 0.959978
TEPS tranversed all edges BFS 15 is 8533.53
Running BFS 16
Time for BFS 16 is 1.195102
TEPS tranversed all edges BFS 16 is 6854.65
Running BFS 17
Time for BFS 17 is 1.439807
TEPS tranversed all edges BFS 17 is 5689.65
Running BFS 18
Time for BFS 18 is 1.439674
TEPS tranversed all edges BFS 18 is 5690.18
Running BFS 19
Time for BFS 19 is 1.547787
TEPS tranversed all edges BFS 19 is 5292.72
Running BFS 20
Time for BFS 20 is 1.919812
TEPS tranversed all edges BFS 20 is 4267.08
Running BFS 21
Time for BFS 21 is 1.919814
TEPS tranversed all edges BFS 21 is 4267.08
Running BFS 22
Time for BFS 22 is 1.439659
TEPS tranversed all edges BFS 22 is 5690.24
Running BFS 23
Time for BFS 23 is 1.559718
TEPS tranversed all edges BFS 23 is 5252.23
Running BFS 24
Time for BFS 24 is 1.439646
TEPS tranversed all edges BFS 24 is 5690.29
Running BFS 25
Time for BFS 25 is 1.199650
TEPS tranversed all edges BFS 25 is 6828.66
Running BFS 26
Time for BFS 26 is 1.319754
TEPS tranversed all edges BFS 26 is 6207.22
Running BFS 27
Time for BFS 27 is 1.151563
TEPS tranversed all edges BFS 27 is 7113.81
Running BFS 28
Time for BFS 28 is 1.199741
TEPS tranversed all edges BFS 28 is 6828.14
Running BFS 29
Time for BFS 29 is 2.148267
TEPS tranversed all edges BFS 29 is 3813.31
Running BFS 30
Time for BFS 30 is 1.439544
TEPS tranversed all edges BFS 30 is 5690.69
Running BFS 31
Time for BFS 31 is 1.079750
TEPS tranversed all edges BFS 31 is 7586.94
Running BFS 32
Time for BFS 32 is 1.320014
TEPS tranversed all edges BFS 32 is 6205.99
Running BFS 33
Time for BFS 33 is 1.319922
TEPS tranversed all edges BFS 33 is 6206.43
Running BFS 34
Time for BFS 34 is 1.080200
TEPS tranversed all edges BFS 34 is 7583.78
Running BFS 35
Time for BFS 35 is 1.319560
TEPS tranversed all edges BFS 35 is 6208.13
Running BFS 36
Time for BFS 36 is 1.319951
TEPS tranversed all edges BFS 36 is 6206.29
Running BFS 37
Time for BFS 37 is 1.199842
TEPS tranversed all edges BFS 37 is 6827.57
Running BFS 38
Time for BFS 38 is 1.319957
TEPS tranversed all edges BFS 38 is 6206.26
Running BFS 39
Time for BFS 39 is 1.440074
TEPS tranversed all edges BFS 39 is 5688.6
Running BFS 40
Time for BFS 40 is 1.440062
TEPS tranversed all edges BFS 40 is 5688.64
Running BFS 41
Time for BFS 41 is 1.079937
TEPS tranversed all edges BFS 41 is 7585.63
Running BFS 42
Time for BFS 42 is 1.199768
TEPS tranversed all edges BFS 42 is 6827.99
Running BFS 43
Time for BFS 43 is 1.247615
TEPS tranversed all edges BFS 43 is 6566.13
Running BFS 44
Time for BFS 44 is 1.319630
TEPS tranversed all edges BFS 44 is 6207.8
Running BFS 45
Time for BFS 45 is 1.199887
TEPS tranversed all edges BFS 45 is 6827.31
Running BFS 46
Time for BFS 46 is 1.079503
TEPS tranversed all edges BFS 46 is 7588.68
Running BFS 47
Time for BFS 47 is 1.799879
TEPS tranversed all edges BFS 47 is 4551.42
Running BFS 48
Time for BFS 48 is 1.920007
TEPS tranversed all edges BFS 48 is 4266.65
Running BFS 49
Time for BFS 49 is 1.199950
TEPS tranversed all edges BFS 49 is 6826.95
Running BFS 50
Time for BFS 50 is 0.973015
TEPS tranversed all edges BFS 50 is 8419.19
Running BFS 51
Time for BFS 51 is 0.959788
TEPS tranversed all edges BFS 51 is 8535.22
Running BFS 52
Time for BFS 52 is 1.199984
TEPS tranversed all edges BFS 52 is 6826.76
Running BFS 53
Time for BFS 53 is 0.959827
TEPS tranversed all edges BFS 53 is 8534.87
Running BFS 54
Time for BFS 54 is 1.079956
TEPS tranversed all edges BFS 54 is 7585.49
Running BFS 55
Time for BFS 55 is 1.079944
TEPS tranversed all edges BFS 55 is 7585.58
Running BFS 56
Time for BFS 56 is 0.720723
TEPS tranversed all edges BFS 56 is 11366.4
Running BFS 57
Time for BFS 57 is 1.329525
TEPS tranversed all edges BFS 57 is 6161.6
Running BFS 58
Time for BFS 58 is 1.079923
TEPS tranversed all edges BFS 58 is 7585.73
Running BFS 59
Time for BFS 59 is 1.165645
TEPS tranversed all edges BFS 59 is 7027.87
Running BFS 60
Time for BFS 60 is 1.175642
TEPS tranversed all edges BFS 60 is 6968.11
Running BFS 61
Time for BFS 61 is 1.199646
TEPS tranversed all edges BFS 61 is 6828.68
Running BFS 62
Time for BFS 62 is 1.079574
TEPS tranversed all edges BFS 62 is 7588.18
Running BFS 63
Time for BFS 63 is 0.719931
TEPS tranversed all edges BFS 63 is 11378.9
