Address 54.171.203.87 maps to ec2-54-171-203-87.eu-west-1.compute.amazonaws.com, but this does not map back to the address - POSSIBLE BREAK-IN ATTEMPT!
Address 54.171.189.18 maps to ec2-54-171-189-18.eu-west-1.compute.amazonaws.com, but this does not map back to the address - POSSIBLE BREAK-IN ATTEMPT!
Address 54.171.191.75 maps to ec2-54-171-191-75.eu-west-1.compute.amazonaws.com, but this does not map back to the address - POSSIBLE BREAK-IN ATTEMPT!
Address 52.16.59.136 maps to ec2-52-16-59-136.eu-west-1.compute.amazonaws.com, but this does not map back to the address - POSSIBLE BREAK-IN ATTEMPT!
graph_generation:               31.496119 s
construction_time:              40.935764 s
Running BFS 0
Time for BFS 0 is 25.652027
TEPS tranversed all edges BFS 0 is 1.04645e+07
Running BFS 1
Time for BFS 1 is 26.682719
TEPS tranversed all edges BFS 1 is 1.00603e+07
Running BFS 2
Time for BFS 2 is 26.853328
TEPS tranversed all edges BFS 2 is 9.99636e+06
Running BFS 3
Time for BFS 3 is 26.825255
TEPS tranversed all edges BFS 3 is 1.00068e+07
Running BFS 4
Time for BFS 4 is 26.413844
TEPS tranversed all edges BFS 4 is 1.01627e+07
Running BFS 5
Time for BFS 5 is 26.931661
TEPS tranversed all edges BFS 5 is 9.96728e+06
Running BFS 6
Time for BFS 6 is 26.783138
TEPS tranversed all edges BFS 6 is 1.00226e+07
Running BFS 7
Time for BFS 7 is 26.696257
TEPS tranversed all edges BFS 7 is 1.00552e+07
Running BFS 8
Time for BFS 8 is 27.147764
TEPS tranversed all edges BFS 8 is 9.88794e+06
Running BFS 9
Time for BFS 9 is 26.906144
TEPS tranversed all edges BFS 9 is 9.97673e+06
Running BFS 10
Time for BFS 10 is 26.622041
TEPS tranversed all edges BFS 10 is 1.00832e+07
Running BFS 11
Time for BFS 11 is 26.841914
TEPS tranversed all edges BFS 11 is 1.00006e+07
Running BFS 12
Time for BFS 12 is 26.661788
TEPS tranversed all edges BFS 12 is 1.00682e+07
Running BFS 13
Time for BFS 13 is 26.826220
TEPS tranversed all edges BFS 13 is 1.00065e+07
Running BFS 14
Time for BFS 14 is 26.813077
TEPS tranversed all edges BFS 14 is 1.00114e+07
Running BFS 15
Time for BFS 15 is 26.931179
TEPS tranversed all edges BFS 15 is 9.96746e+06
Running BFS 16
Time for BFS 16 is 26.860445
TEPS tranversed all edges BFS 16 is 9.99371e+06
Running BFS 17
Time for BFS 17 is 26.692901
TEPS tranversed all edges BFS 17 is 1.00564e+07
Running BFS 18
Time for BFS 18 is 27.029477
TEPS tranversed all edges BFS 18 is 9.93121e+06
Running BFS 19
Time for BFS 19 is 26.727182
TEPS tranversed all edges BFS 19 is 1.00435e+07
Running BFS 20
Time for BFS 20 is 26.485824
TEPS tranversed all edges BFS 20 is 1.01351e+07
Running BFS 21
Time for BFS 21 is 27.012831
TEPS tranversed all edges BFS 21 is 9.93733e+06
Running BFS 22
Time for BFS 22 is 26.914545
TEPS tranversed all edges BFS 22 is 9.97362e+06
Running BFS 23
Time for BFS 23 is 26.628566
TEPS tranversed all edges BFS 23 is 1.00807e+07
Running BFS 24
Time for BFS 24 is 26.910163
TEPS tranversed all edges BFS 24 is 9.97524e+06
Running BFS 25
Time for BFS 25 is 26.726790
TEPS tranversed all edges BFS 25 is 1.00437e+07
Running BFS 26
Time for BFS 26 is 26.977833
TEPS tranversed all edges BFS 26 is 9.95022e+06
Running BFS 27
Time for BFS 27 is 26.906417
TEPS tranversed all edges BFS 27 is 9.97663e+06
Running BFS 28
Time for BFS 28 is 26.540203
TEPS tranversed all edges BFS 28 is 1.01143e+07
Running BFS 29
Time for BFS 29 is 26.716269
TEPS tranversed all edges BFS 29 is 1.00476e+07
Running BFS 30
Time for BFS 30 is 26.768426
TEPS tranversed all edges BFS 30 is 1.00281e+07
Running BFS 31
Time for BFS 31 is 26.786877
TEPS tranversed all edges BFS 31 is 1.00212e+07
Running BFS 32
Time for BFS 32 is 26.905500
TEPS tranversed all edges BFS 32 is 9.97697e+06
Running BFS 33
Time for BFS 33 is 26.733512
TEPS tranversed all edges BFS 33 is 1.00412e+07
Running BFS 34
Time for BFS 34 is 26.503088
TEPS tranversed all edges BFS 34 is 1.01285e+07
Running BFS 35
Time for BFS 35 is 26.818606
TEPS tranversed all edges BFS 35 is 1.00093e+07
Running BFS 36
Time for BFS 36 is 27.062624
TEPS tranversed all edges BFS 36 is 9.91905e+06
Running BFS 37
Time for BFS 37 is 26.889967
TEPS tranversed all edges BFS 37 is 9.98274e+06
Running BFS 38
Time for BFS 38 is 26.597857
TEPS tranversed all edges BFS 38 is 1.00924e+07
Running BFS 39
Time for BFS 39 is 26.692515
TEPS tranversed all edges BFS 39 is 1.00566e+07
Running BFS 40
Time for BFS 40 is 26.626703
TEPS tranversed all edges BFS 40 is 1.00814e+07
Running BFS 41
Time for BFS 41 is 27.174984
TEPS tranversed all edges BFS 41 is 9.87804e+06
Running BFS 42
Time for BFS 42 is 26.739149
TEPS tranversed all edges BFS 42 is 1.0039e+07
Running BFS 43
Time for BFS 43 is 26.561442
TEPS tranversed all edges BFS 43 is 1.01062e+07
Running BFS 44
Time for BFS 44 is 27.071829
TEPS tranversed all edges BFS 44 is 9.91567e+06
Running BFS 45
Time for BFS 45 is 26.860270
TEPS tranversed all edges BFS 45 is 9.99377e+06
Running BFS 46
Time for BFS 46 is 26.886093
TEPS tranversed all edges BFS 46 is 9.98417e+06
Running BFS 47
Time for BFS 47 is 26.747370
TEPS tranversed all edges BFS 47 is 1.0036e+07
Running BFS 48
Time for BFS 48 is 26.765161
TEPS tranversed all edges BFS 48 is 1.00293e+07
Running BFS 49
Time for BFS 49 is 26.921200
TEPS tranversed all edges BFS 49 is 9.97115e+06
Running BFS 50
Time for BFS 50 is 26.655235
TEPS tranversed all edges BFS 50 is 1.00706e+07
Running BFS 51
Time for BFS 51 is 26.294191
TEPS tranversed all edges BFS 51 is 1.02089e+07
Running BFS 52
Time for BFS 52 is 27.217021
TEPS tranversed all edges BFS 52 is 9.86278e+06
Running BFS 53
Time for BFS 53 is 26.533621
TEPS tranversed all edges BFS 53 is 1.01168e+07
Running BFS 54
Time for BFS 54 is 27.095074
TEPS tranversed all edges BFS 54 is 9.90717e+06
Running BFS 55
Time for BFS 55 is 27.057776
TEPS tranversed all edges BFS 55 is 9.92082e+06
Running BFS 56
Time for BFS 56 is 26.869545
TEPS tranversed all edges BFS 56 is 9.99032e+06
Running BFS 57
Time for BFS 57 is 27.015949
TEPS tranversed all edges BFS 57 is 9.93618e+06
Running BFS 58
Time for BFS 58 is 26.549477
TEPS tranversed all edges BFS 58 is 1.01108e+07
Running BFS 59
Time for BFS 59 is 27.105823
TEPS tranversed all edges BFS 59 is 9.90324e+06
Running BFS 60
Time for BFS 60 is 26.945008
TEPS tranversed all edges BFS 60 is 9.96234e+06
Running BFS 61
Time for BFS 61 is 27.104839
TEPS tranversed all edges BFS 61 is 9.9036e+06
Running BFS 62
Time for BFS 62 is 26.497678
TEPS tranversed all edges BFS 62 is 1.01305e+07
Running BFS 63
Time for BFS 63 is 26.974971
TEPS tranversed all edges BFS 63 is 9.95128e+06
