Address 54.171.87.234 maps to ec2-54-171-87-234.eu-west-1.compute.amazonaws.com, but this does not map back to the address - POSSIBLE BREAK-IN ATTEMPT!
Address 54.171.104.97 maps to ec2-54-171-104-97.eu-west-1.compute.amazonaws.com, but this does not map back to the address - POSSIBLE BREAK-IN ATTEMPT!
Address 54.171.106.141 maps to ec2-54-171-106-141.eu-west-1.compute.amazonaws.com, but this does not map back to the address - POSSIBLE BREAK-IN ATTEMPT!
Address 54.72.40.197 maps to ec2-54-72-40-197.eu-west-1.compute.amazonaws.com, but this does not map back to the address - POSSIBLE BREAK-IN ATTEMPT!
graph_generation:               3.501238 s
construction_time:              2.585896 s
Running BFS 0
Time for BFS 0 is 2.167158
TEPS tranversed all edges BFS 0 is 1.54832e+07
Running BFS 1
Time for BFS 1 is 3.337426
TEPS tranversed all edges BFS 1 is 1.0054e+07
Running BFS 2
Time for BFS 2 is 3.426338
TEPS tranversed all edges BFS 2 is 9.79309e+06
Running BFS 3
Time for BFS 3 is 3.352636
TEPS tranversed all edges BFS 3 is 1.00084e+07
Running BFS 4
Time for BFS 4 is 3.312901
TEPS tranversed all edges BFS 4 is 1.01284e+07
Running BFS 5
Time for BFS 5 is 3.419682
TEPS tranversed all edges BFS 5 is 9.81215e+06
Running BFS 6
Time for BFS 6 is 3.440733
TEPS tranversed all edges BFS 6 is 9.75212e+06
Running BFS 7
Time for BFS 7 is 3.447168
TEPS tranversed all edges BFS 7 is 9.73391e+06
Running BFS 8
Time for BFS 8 is 3.447452
TEPS tranversed all edges BFS 8 is 9.73311e+06
Running BFS 9
Time for BFS 9 is 3.519528
TEPS tranversed all edges BFS 9 is 9.53379e+06
Running BFS 10
Time for BFS 10 is 3.376920
TEPS tranversed all edges BFS 10 is 9.9364e+06
Running BFS 11
Time for BFS 11 is 3.412978
TEPS tranversed all edges BFS 11 is 9.83142e+06
Running BFS 12
Time for BFS 12 is 3.443505
TEPS tranversed all edges BFS 12 is 9.74427e+06
Running BFS 13
Time for BFS 13 is 3.463402
TEPS tranversed all edges BFS 13 is 9.68829e+06
Running BFS 14
Time for BFS 14 is 3.464858
TEPS tranversed all edges BFS 14 is 9.68422e+06
Running BFS 15
Time for BFS 15 is 2.690099
TEPS tranversed all edges BFS 15 is 1.24733e+07
Running BFS 16
Time for BFS 16 is 3.276670
TEPS tranversed all edges BFS 16 is 1.02404e+07
Running BFS 17
Time for BFS 17 is 3.419101
TEPS tranversed all edges BFS 17 is 9.81382e+06
Running BFS 18
Time for BFS 18 is 3.360628
TEPS tranversed all edges BFS 18 is 9.98457e+06
Running BFS 19
Time for BFS 19 is 3.452362
TEPS tranversed all edges BFS 19 is 9.71927e+06
Running BFS 20
Time for BFS 20 is 3.467210
TEPS tranversed all edges BFS 20 is 9.67765e+06
Running BFS 21
Time for BFS 21 is 3.239395
TEPS tranversed all edges BFS 21 is 1.03582e+07
Running BFS 22
Time for BFS 22 is 3.348624
TEPS tranversed all edges BFS 22 is 1.00204e+07
Running BFS 23
Time for BFS 23 is 3.430340
TEPS tranversed all edges BFS 23 is 9.78166e+06
Running BFS 24
Time for BFS 24 is 3.387042
TEPS tranversed all edges BFS 24 is 9.90671e+06
Running BFS 25
Time for BFS 25 is 3.407876
TEPS tranversed all edges BFS 25 is 9.84614e+06
Running BFS 26
Time for BFS 26 is 3.370220
TEPS tranversed all edges BFS 26 is 9.95615e+06
Running BFS 27
Time for BFS 27 is 3.342300
TEPS tranversed all edges BFS 27 is 1.00393e+07
Running BFS 28
Time for BFS 28 is 3.567549
TEPS tranversed all edges BFS 28 is 9.40546e+06
Running BFS 29
Time for BFS 29 is 3.289358
TEPS tranversed all edges BFS 29 is 1.02009e+07
Running BFS 30
Time for BFS 30 is 3.567057
TEPS tranversed all edges BFS 30 is 9.40676e+06
Running BFS 31
Time for BFS 31 is 3.279015
TEPS tranversed all edges BFS 31 is 1.02331e+07
Running BFS 32
Time for BFS 32 is 3.405947
TEPS tranversed all edges BFS 32 is 9.85172e+06
Running BFS 33
Time for BFS 33 is 3.597247
TEPS tranversed all edges BFS 33 is 9.32781e+06
Running BFS 34
Time for BFS 34 is 2.304872
TEPS tranversed all edges BFS 34 is 1.4558e+07
Running BFS 35
Time for BFS 35 is 3.520071
TEPS tranversed all edges BFS 35 is 9.53232e+06
Running BFS 36
Time for BFS 36 is 3.235359
TEPS tranversed all edges BFS 36 is 1.03712e+07
Running BFS 37
Time for BFS 37 is 3.468408
TEPS tranversed all edges BFS 37 is 9.6743e+06
Running BFS 38
Time for BFS 38 is 3.496569
TEPS tranversed all edges BFS 38 is 9.59639e+06
Running BFS 39
Time for BFS 39 is 3.212798
TEPS tranversed all edges BFS 39 is 1.0444e+07
Running BFS 40
Time for BFS 40 is 3.430349
TEPS tranversed all edges BFS 40 is 9.78164e+06
Running BFS 41
Time for BFS 41 is 3.486591
TEPS tranversed all edges BFS 41 is 9.62385e+06
Running BFS 42
Time for BFS 42 is 3.328121
TEPS tranversed all edges BFS 42 is 1.00821e+07
Running BFS 43
Time for BFS 43 is 3.406815
TEPS tranversed all edges BFS 43 is 9.84921e+06
Running BFS 44
Time for BFS 44 is 3.371710
TEPS tranversed all edges BFS 44 is 9.95176e+06
Running BFS 45
Time for BFS 45 is 3.421841
TEPS tranversed all edges BFS 45 is 9.80596e+06
Running BFS 46
Time for BFS 46 is 3.414467
TEPS tranversed all edges BFS 46 is 9.82714e+06
Running BFS 47
Time for BFS 47 is 3.385943
TEPS tranversed all edges BFS 47 is 9.90992e+06
Running BFS 48
Time for BFS 48 is 3.389598
TEPS tranversed all edges BFS 48 is 9.89924e+06
Running BFS 49
Time for BFS 49 is 3.421408
TEPS tranversed all edges BFS 49 is 9.8072e+06
Running BFS 50
Time for BFS 50 is 3.384838
TEPS tranversed all edges BFS 50 is 9.91316e+06
Running BFS 51
Time for BFS 51 is 3.439030
TEPS tranversed all edges BFS 51 is 9.75695e+06
Running BFS 52
Time for BFS 52 is 3.402153
TEPS tranversed all edges BFS 52 is 9.86271e+06
Running BFS 53
Time for BFS 53 is 3.530440
TEPS tranversed all edges BFS 53 is 9.50432e+06
Running BFS 54
Time for BFS 54 is 3.278757
TEPS tranversed all edges BFS 54 is 1.02339e+07
Running BFS 55
Time for BFS 55 is 3.380096
TEPS tranversed all edges BFS 55 is 9.92706e+06
Running BFS 56
Time for BFS 56 is 3.389919
TEPS tranversed all edges BFS 56 is 9.8983e+06
Running BFS 57
Time for BFS 57 is 3.649333
TEPS tranversed all edges BFS 57 is 9.19468e+06
Running BFS 58
Time for BFS 58 is 3.220966
TEPS tranversed all edges BFS 58 is 1.04175e+07
Running BFS 59
Time for BFS 59 is 3.394697
TEPS tranversed all edges BFS 59 is 9.88437e+06
Running BFS 60
Time for BFS 60 is 3.536669
TEPS tranversed all edges BFS 60 is 9.48758e+06
Running BFS 61
Time for BFS 61 is 3.235113
TEPS tranversed all edges BFS 61 is 1.0372e+07
Running BFS 62
Time for BFS 62 is 3.587629
TEPS tranversed all edges BFS 62 is 9.35282e+06
Running BFS 63
Time for BFS 63 is 3.249558
TEPS tranversed all edges BFS 63 is 1.03258e+07
