Address 54.171.87.234 maps to ec2-54-171-87-234.eu-west-1.compute.amazonaws.com, but this does not map back to the address - POSSIBLE BREAK-IN ATTEMPT!
Address 54.171.106.141 maps to ec2-54-171-106-141.eu-west-1.compute.amazonaws.com, but this does not map back to the address - POSSIBLE BREAK-IN ATTEMPT!
Address 54.171.73.253 maps to ec2-54-171-73-253.eu-west-1.compute.amazonaws.com, but this does not map back to the address - POSSIBLE BREAK-IN ATTEMPT!
Address 54.171.104.97 maps to ec2-54-171-104-97.eu-west-1.compute.amazonaws.com, but this does not map back to the address - POSSIBLE BREAK-IN ATTEMPT!
Address 54.72.40.197 maps to ec2-54-72-40-197.eu-west-1.compute.amazonaws.com, but this does not map back to the address - POSSIBLE BREAK-IN ATTEMPT!
Address 52.17.197.220 maps to ec2-52-17-197-220.eu-west-1.compute.amazonaws.com, but this does not map back to the address - POSSIBLE BREAK-IN ATTEMPT!
Address 54.171.105.162 maps to ec2-54-171-105-162.eu-west-1.compute.amazonaws.com, but this does not map back to the address - POSSIBLE BREAK-IN ATTEMPT!
Address 52.17.133.141 maps to ec2-52-17-133-141.eu-west-1.compute.amazonaws.com, but this does not map back to the address - POSSIBLE BREAK-IN ATTEMPT!
graph_generation:               0.199276 s
construction_time:              0.047920 s
Running BFS 0
Time for BFS 0 is 0.015507
TEPS tranversed all edges BFS 0 is 3.38098e+07
Running BFS 1
Time for BFS 1 is 0.015316
TEPS tranversed all edges BFS 1 is 3.42314e+07
Running BFS 2
Time for BFS 2 is 0.017704
TEPS tranversed all edges BFS 2 is 2.96141e+07
Running BFS 3
Time for BFS 3 is 0.021452
TEPS tranversed all edges BFS 3 is 2.44401e+07
Running BFS 4
Time for BFS 4 is 0.018329
TEPS tranversed all edges BFS 4 is 2.86041e+07
Running BFS 5
Time for BFS 5 is 0.018786
TEPS tranversed all edges BFS 5 is 2.79085e+07
Running BFS 6
Time for BFS 6 is 0.019658
TEPS tranversed all edges BFS 6 is 2.66703e+07
Running BFS 7
Time for BFS 7 is 0.017939
TEPS tranversed all edges BFS 7 is 2.9226e+07
Running BFS 8
Time for BFS 8 is 0.018314
TEPS tranversed all edges BFS 8 is 2.86279e+07
Running BFS 9
Time for BFS 9 is 0.018977
TEPS tranversed all edges BFS 9 is 2.76277e+07
Running BFS 10
Time for BFS 10 is 0.019131
TEPS tranversed all edges BFS 10 is 2.74049e+07
Running BFS 11
Time for BFS 11 is 0.019259
TEPS tranversed all edges BFS 11 is 2.7223e+07
Running BFS 12
Time for BFS 12 is 0.018438
TEPS tranversed all edges BFS 12 is 2.84354e+07
Running BFS 13
Time for BFS 13 is 0.018064
TEPS tranversed all edges BFS 13 is 2.90239e+07
Running BFS 14
Time for BFS 14 is 0.019592
TEPS tranversed all edges BFS 14 is 2.67602e+07
Running BFS 15
Time for BFS 15 is 0.017972
TEPS tranversed all edges BFS 15 is 2.91725e+07
Running BFS 16
Time for BFS 16 is 0.018397
TEPS tranversed all edges BFS 16 is 2.84984e+07
Running BFS 17
Time for BFS 17 is 0.019657
TEPS tranversed all edges BFS 17 is 2.66716e+07
Running BFS 18
Time for BFS 18 is 0.019603
TEPS tranversed all edges BFS 18 is 2.67453e+07
Running BFS 19
Time for BFS 19 is 0.019645
TEPS tranversed all edges BFS 19 is 2.66878e+07
Running BFS 20
Time for BFS 20 is 0.017608
TEPS tranversed all edges BFS 20 is 2.97753e+07
Running BFS 21
Time for BFS 21 is 0.018498
TEPS tranversed all edges BFS 21 is 2.8343e+07
Running BFS 22
Time for BFS 22 is 0.017946
TEPS tranversed all edges BFS 22 is 2.92147e+07
Running BFS 23
Time for BFS 23 is 0.017948
TEPS tranversed all edges BFS 23 is 2.92116e+07
Running BFS 24
Time for BFS 24 is 0.018000
TEPS tranversed all edges BFS 24 is 2.91273e+07
Running BFS 25
Time for BFS 25 is 0.017961
TEPS tranversed all edges BFS 25 is 2.91903e+07
Running BFS 26
Time for BFS 26 is 0.020690
TEPS tranversed all edges BFS 26 is 2.53402e+07
Running BFS 27
Time for BFS 27 is 0.018577
TEPS tranversed all edges BFS 27 is 2.82223e+07
Running BFS 28
Time for BFS 28 is 0.020424
TEPS tranversed all edges BFS 28 is 2.567e+07
Running BFS 29
Time for BFS 29 is 0.020504
TEPS tranversed all edges BFS 29 is 2.557e+07
Running BFS 30
Time for BFS 30 is 0.020009
TEPS tranversed all edges BFS 30 is 2.62026e+07
Running BFS 31
Time for BFS 31 is 0.023928
TEPS tranversed all edges BFS 31 is 2.19111e+07
Running BFS 32
Time for BFS 32 is 0.021263
TEPS tranversed all edges BFS 32 is 2.46571e+07
Running BFS 33
Time for BFS 33 is 0.018822
TEPS tranversed all edges BFS 33 is 2.78548e+07
Running BFS 34
Time for BFS 34 is 0.019377
TEPS tranversed all edges BFS 34 is 2.70572e+07
Running BFS 35
Time for BFS 35 is 0.026654
TEPS tranversed all edges BFS 35 is 1.96701e+07
Running BFS 36
Time for BFS 36 is 0.018604
TEPS tranversed all edges BFS 36 is 2.81814e+07
Running BFS 37
Time for BFS 37 is 0.019546
TEPS tranversed all edges BFS 37 is 2.68232e+07
Running BFS 38
Time for BFS 38 is 0.018452
TEPS tranversed all edges BFS 38 is 2.84134e+07
Running BFS 39
Time for BFS 39 is 0.018550
TEPS tranversed all edges BFS 39 is 2.82636e+07
Running BFS 40
Time for BFS 40 is 0.018720
TEPS tranversed all edges BFS 40 is 2.8007e+07
Running BFS 41
Time for BFS 41 is 0.017746
TEPS tranversed all edges BFS 41 is 2.95441e+07
Running BFS 42
Time for BFS 42 is 0.018577
TEPS tranversed all edges BFS 42 is 2.82223e+07
Running BFS 43
Time for BFS 43 is 0.019692
TEPS tranversed all edges BFS 43 is 2.66245e+07
Running BFS 44
Time for BFS 44 is 0.018855
TEPS tranversed all edges BFS 44 is 2.78062e+07
Running BFS 45
Time for BFS 45 is 0.018323
TEPS tranversed all edges BFS 45 is 2.86137e+07
Running BFS 46
Time for BFS 46 is 0.019993
TEPS tranversed all edges BFS 46 is 2.62238e+07
Running BFS 47
Time for BFS 47 is 0.019676
TEPS tranversed all edges BFS 47 is 2.66461e+07
Running BFS 48
Time for BFS 48 is 0.020195
TEPS tranversed all edges BFS 48 is 2.59613e+07
Running BFS 49
Time for BFS 49 is 0.019355
TEPS tranversed all edges BFS 49 is 2.70879e+07
Running BFS 50
Time for BFS 50 is 0.018894
TEPS tranversed all edges BFS 50 is 2.7749e+07
Running BFS 51
Time for BFS 51 is 0.019856
TEPS tranversed all edges BFS 51 is 2.64045e+07
Running BFS 52
Time for BFS 52 is 0.019515
TEPS tranversed all edges BFS 52 is 2.68658e+07
Running BFS 53
Time for BFS 53 is 0.020417
TEPS tranversed all edges BFS 53 is 2.5679e+07
Running BFS 54
Time for BFS 54 is 0.019123
TEPS tranversed all edges BFS 54 is 2.74165e+07
Running BFS 55
Time for BFS 55 is 0.019216
TEPS tranversed all edges BFS 55 is 2.72838e+07
Running BFS 56
Time for BFS 56 is 0.019460
TEPS tranversed all edges BFS 56 is 2.69419e+07
Running BFS 57
Time for BFS 57 is 0.018795
TEPS tranversed all edges BFS 57 is 2.78951e+07
Running BFS 58
Time for BFS 58 is 0.020940
TEPS tranversed all edges BFS 58 is 2.50376e+07
Running BFS 59
Time for BFS 59 is 0.018833
TEPS tranversed all edges BFS 59 is 2.78389e+07
Running BFS 60
Time for BFS 60 is 0.018285
TEPS tranversed all edges BFS 60 is 2.86731e+07
Running BFS 61
Time for BFS 61 is 0.019732
TEPS tranversed all edges BFS 61 is 2.65704e+07
Running BFS 62
Time for BFS 62 is 0.018616
TEPS tranversed all edges BFS 62 is 2.81634e+07
Running BFS 63
Time for BFS 63 is 0.018973
TEPS tranversed all edges BFS 63 is 2.76336e+07
