Address 54.171.189.18 maps to ec2-54-171-189-18.eu-west-1.compute.amazonaws.com, but this does not map back to the address - POSSIBLE BREAK-IN ATTEMPT!
Address 54.171.203.87 maps to ec2-54-171-203-87.eu-west-1.compute.amazonaws.com, but this does not map back to the address - POSSIBLE BREAK-IN ATTEMPT!
Address 54.171.191.75 maps to ec2-54-171-191-75.eu-west-1.compute.amazonaws.com, but this does not map back to the address - POSSIBLE BREAK-IN ATTEMPT!
Address 52.16.59.136 maps to ec2-52-16-59-136.eu-west-1.compute.amazonaws.com, but this does not map back to the address - POSSIBLE BREAK-IN ATTEMPT!
graph_generation:               0.036312 s
construction_time:              0.007925 s
Running BFS 0
Time for BFS 0 is 0.004796
TEPS tranversed all edges BFS 0 is 1.36646e+07
Running BFS 1
Time for BFS 1 is 0.004413
TEPS tranversed all edges BFS 1 is 1.4851e+07
Running BFS 2
Time for BFS 2 is 0.005061
TEPS tranversed all edges BFS 2 is 1.29494e+07
Running BFS 3
Time for BFS 3 is 0.004727
TEPS tranversed all edges BFS 3 is 1.38645e+07
Running BFS 4
Time for BFS 4 is 0.004604
TEPS tranversed all edges BFS 4 is 1.4235e+07
Running BFS 5
Time for BFS 5 is 0.004652
TEPS tranversed all edges BFS 5 is 1.40876e+07
Running BFS 6
Time for BFS 6 is 0.004908
TEPS tranversed all edges BFS 6 is 1.33527e+07
Running BFS 7
Time for BFS 7 is 0.004646
TEPS tranversed all edges BFS 7 is 1.41057e+07
Running BFS 8
Time for BFS 8 is 0.004880
TEPS tranversed all edges BFS 8 is 1.3429e+07
Running BFS 9
Time for BFS 9 is 0.004951
TEPS tranversed all edges BFS 9 is 1.32369e+07
Running BFS 10
Time for BFS 10 is 0.004909
TEPS tranversed all edges BFS 10 is 1.33507e+07
Running BFS 11
Time for BFS 11 is 0.004768
TEPS tranversed all edges BFS 11 is 1.37446e+07
Running BFS 12
Time for BFS 12 is 0.004676
TEPS tranversed all edges BFS 12 is 1.40151e+07
Running BFS 13
Time for BFS 13 is 0.004406
TEPS tranversed all edges BFS 13 is 1.48743e+07
Running BFS 14
Time for BFS 14 is 0.004891
TEPS tranversed all edges BFS 14 is 1.33995e+07
Running BFS 15
Time for BFS 15 is 0.004991
TEPS tranversed all edges BFS 15 is 1.31307e+07
Running BFS 16
Time for BFS 16 is 0.004432
TEPS tranversed all edges BFS 16 is 1.47871e+07
Running BFS 17
Time for BFS 17 is 0.004627
TEPS tranversed all edges BFS 17 is 1.41631e+07
Running BFS 18
Time for BFS 18 is 0.004810
TEPS tranversed all edges BFS 18 is 1.36247e+07
Running BFS 19
Time for BFS 19 is 0.004952
TEPS tranversed all edges BFS 19 is 1.32344e+07
Running BFS 20
Time for BFS 20 is 0.005042
TEPS tranversed all edges BFS 20 is 1.29978e+07
Running BFS 21
Time for BFS 21 is 0.004659
TEPS tranversed all edges BFS 21 is 1.40667e+07
Running BFS 22
Time for BFS 22 is 0.004911
TEPS tranversed all edges BFS 22 is 1.33449e+07
Running BFS 23
Time for BFS 23 is 0.004771
TEPS tranversed all edges BFS 23 is 1.37363e+07
Running BFS 24
Time for BFS 24 is 0.004778
TEPS tranversed all edges BFS 24 is 1.37165e+07
Running BFS 25
Time for BFS 25 is 0.005040
TEPS tranversed all edges BFS 25 is 1.30034e+07
Running BFS 26
Time for BFS 26 is 0.004511
TEPS tranversed all edges BFS 26 is 1.45277e+07
Running BFS 27
Time for BFS 27 is 0.004679
TEPS tranversed all edges BFS 27 is 1.40065e+07
Running BFS 28
Time for BFS 28 is 0.004575
TEPS tranversed all edges BFS 28 is 1.43248e+07
Running BFS 29
Time for BFS 29 is 0.004319
TEPS tranversed all edges BFS 29 is 1.51732e+07
Running BFS 30
Time for BFS 30 is 0.004466
TEPS tranversed all edges BFS 30 is 1.46742e+07
Running BFS 31
Time for BFS 31 is 0.004603
TEPS tranversed all edges BFS 31 is 1.4238e+07
Running BFS 32
Time for BFS 32 is 0.004583
TEPS tranversed all edges BFS 32 is 1.43002e+07
Running BFS 33
Time for BFS 33 is 0.004738
TEPS tranversed all edges BFS 33 is 1.38317e+07
Running BFS 34
Time for BFS 34 is 0.004548
TEPS tranversed all edges BFS 34 is 1.44104e+07
Running BFS 35
Time for BFS 35 is 0.004584
TEPS tranversed all edges BFS 35 is 1.42972e+07
Running BFS 36
Time for BFS 36 is 0.004497
TEPS tranversed all edges BFS 36 is 1.45731e+07
Running BFS 37
Time for BFS 37 is 0.004302
TEPS tranversed all edges BFS 37 is 1.52346e+07
Running BFS 38
Time for BFS 38 is 0.004550
TEPS tranversed all edges BFS 38 is 1.44036e+07
Running BFS 39
Time for BFS 39 is 0.004448
TEPS tranversed all edges BFS 39 is 1.4734e+07
Running BFS 40
Time for BFS 40 is 0.004334
TEPS tranversed all edges BFS 40 is 1.51215e+07
Running BFS 41
Time for BFS 41 is 0.004319
TEPS tranversed all edges BFS 41 is 1.5174e+07
Running BFS 42
Time for BFS 42 is 0.004432
TEPS tranversed all edges BFS 42 is 1.47871e+07
Running BFS 43
Time for BFS 43 is 0.004692
TEPS tranversed all edges BFS 43 is 1.39681e+07
Running BFS 44
Time for BFS 44 is 0.004615
TEPS tranversed all edges BFS 44 is 1.42004e+07
Running BFS 45
Time for BFS 45 is 0.004218
TEPS tranversed all edges BFS 45 is 1.55377e+07
Running BFS 46
Time for BFS 46 is 0.004383
TEPS tranversed all edges BFS 46 is 1.4952e+07
Running BFS 47
Time for BFS 47 is 0.004659
TEPS tranversed all edges BFS 47 is 1.4066e+07
Running BFS 48
Time for BFS 48 is 0.004527
TEPS tranversed all edges BFS 48 is 1.44764e+07
Running BFS 49
Time for BFS 49 is 0.004347
TEPS tranversed all edges BFS 49 is 1.50767e+07
Running BFS 50
Time for BFS 50 is 0.004598
TEPS tranversed all edges BFS 50 is 1.42535e+07
Running BFS 51
Time for BFS 51 is 0.004606
TEPS tranversed all edges BFS 51 is 1.42284e+07
Running BFS 52
Time for BFS 52 is 0.004480
TEPS tranversed all edges BFS 52 is 1.46282e+07
Running BFS 53
Time for BFS 53 is 0.004777
TEPS tranversed all edges BFS 53 is 1.37192e+07
Running BFS 54
Time for BFS 54 is 0.004267
TEPS tranversed all edges BFS 54 is 1.53589e+07
Running BFS 55
Time for BFS 55 is 0.004010
TEPS tranversed all edges BFS 55 is 1.63433e+07
Running BFS 56
Time for BFS 56 is 0.003888
TEPS tranversed all edges BFS 56 is 1.68554e+07
Running BFS 57
Time for BFS 57 is 0.004799
TEPS tranversed all edges BFS 57 is 1.36558e+07
Running BFS 58
Time for BFS 58 is 0.004853
TEPS tranversed all edges BFS 58 is 1.35042e+07
Running BFS 59
Time for BFS 59 is 0.004510
TEPS tranversed all edges BFS 59 is 1.45315e+07
Running BFS 60
Time for BFS 60 is 0.004612
TEPS tranversed all edges BFS 60 is 1.421e+07
Running BFS 61
Time for BFS 61 is 0.004252
TEPS tranversed all edges BFS 61 is 1.54131e+07
Running BFS 62
Time for BFS 62 is 0.022705
TEPS tranversed all edges BFS 62 is 2.8864e+06
Running BFS 63
Time for BFS 63 is 0.004560
TEPS tranversed all edges BFS 63 is 1.43719e+07
