Address 52.16.59.136 maps to ec2-52-16-59-136.eu-west-1.compute.amazonaws.com, but this does not map back to the address - POSSIBLE BREAK-IN ATTEMPT!
Address 54.171.203.87 maps to ec2-54-171-203-87.eu-west-1.compute.amazonaws.com, but this does not map back to the address - POSSIBLE BREAK-IN ATTEMPT!
graph_generation:               6.662332 s
construction_time:              4.369227 s
Running BFS 0
Time for BFS 0 is 2.475344
TEPS tranversed all edges BFS 0 is 1.35555e+07
Running BFS 1
Time for BFS 1 is 4.560071
TEPS tranversed all edges BFS 1 is 7.35831e+06
Running BFS 2
Time for BFS 2 is 4.490568
TEPS tranversed all edges BFS 2 is 7.4722e+06
Running BFS 3
Time for BFS 3 is 4.507178
TEPS tranversed all edges BFS 3 is 7.44467e+06
Running BFS 4
Time for BFS 4 is 4.543971
TEPS tranversed all edges BFS 4 is 7.38439e+06
Running BFS 5
Time for BFS 5 is 4.515554
TEPS tranversed all edges BFS 5 is 7.43086e+06
Running BFS 6
Time for BFS 6 is 4.494934
TEPS tranversed all edges BFS 6 is 7.46494e+06
Running BFS 7
Time for BFS 7 is 4.579508
TEPS tranversed all edges BFS 7 is 7.32708e+06
Running BFS 8
Time for BFS 8 is 4.510083
TEPS tranversed all edges BFS 8 is 7.43987e+06
Running BFS 9
Time for BFS 9 is 4.615454
TEPS tranversed all edges BFS 9 is 7.27002e+06
Running BFS 10
Time for BFS 10 is 4.527924
TEPS tranversed all edges BFS 10 is 7.41056e+06
Running BFS 11
Time for BFS 11 is 4.532373
TEPS tranversed all edges BFS 11 is 7.40328e+06
Running BFS 12
Time for BFS 12 is 4.538873
TEPS tranversed all edges BFS 12 is 7.39268e+06
Running BFS 13
Time for BFS 13 is 4.610418
TEPS tranversed all edges BFS 13 is 7.27796e+06
Running BFS 14
Time for BFS 14 is 2.100593
TEPS tranversed all edges BFS 14 is 1.59738e+07
Running BFS 15
Time for BFS 15 is 4.525227
TEPS tranversed all edges BFS 15 is 7.41497e+06
Running BFS 16
Time for BFS 16 is 4.533704
TEPS tranversed all edges BFS 16 is 7.40111e+06
Running BFS 17
Time for BFS 17 is 4.537901
TEPS tranversed all edges BFS 17 is 7.39426e+06
Running BFS 18
Time for BFS 18 is 4.504079
TEPS tranversed all edges BFS 18 is 7.44979e+06
Running BFS 19
Time for BFS 19 is 4.516132
TEPS tranversed all edges BFS 19 is 7.4299e+06
Running BFS 20
Time for BFS 20 is 4.559463
TEPS tranversed all edges BFS 20 is 7.35929e+06
Running BFS 21
Time for BFS 21 is 4.493018
TEPS tranversed all edges BFS 21 is 7.46813e+06
Running BFS 22
Time for BFS 22 is 4.530296
TEPS tranversed all edges BFS 22 is 7.40668e+06
Running BFS 23
Time for BFS 23 is 4.510324
TEPS tranversed all edges BFS 23 is 7.43947e+06
Running BFS 24
Time for BFS 24 is 4.547230
TEPS tranversed all edges BFS 24 is 7.37909e+06
Running BFS 25
Time for BFS 25 is 4.516302
TEPS tranversed all edges BFS 25 is 7.42963e+06
Running BFS 26
Time for BFS 26 is 2.308729
TEPS tranversed all edges BFS 26 is 1.45337e+07
Running BFS 27
Time for BFS 27 is 4.458904
TEPS tranversed all edges BFS 27 is 7.52526e+06
Running BFS 28
Time for BFS 28 is 4.575101
TEPS tranversed all edges BFS 28 is 7.33414e+06
Running BFS 29
Time for BFS 29 is 4.540075
TEPS tranversed all edges BFS 29 is 7.39072e+06
Running BFS 30
Time for BFS 30 is 4.519456
TEPS tranversed all edges BFS 30 is 7.42444e+06
Running BFS 31
Time for BFS 31 is 4.498185
TEPS tranversed all edges BFS 31 is 7.45955e+06
Running BFS 32
Time for BFS 32 is 4.548741
TEPS tranversed all edges BFS 32 is 7.37664e+06
Running BFS 33
Time for BFS 33 is 4.339099
TEPS tranversed all edges BFS 33 is 7.73304e+06
Running BFS 34
Time for BFS 34 is 4.525288
TEPS tranversed all edges BFS 34 is 7.41487e+06
Running BFS 35
Time for BFS 35 is 4.552241
TEPS tranversed all edges BFS 35 is 7.37097e+06
Running BFS 36
Time for BFS 36 is 4.511443
TEPS tranversed all edges BFS 36 is 7.43763e+06
Running BFS 37
Time for BFS 37 is 4.540805
TEPS tranversed all edges BFS 37 is 7.38953e+06
Running BFS 38
Time for BFS 38 is 4.508897
TEPS tranversed all edges BFS 38 is 7.44183e+06
Running BFS 39
Time for BFS 39 is 4.525879
TEPS tranversed all edges BFS 39 is 7.4139e+06
Running BFS 40
Time for BFS 40 is 4.521270
TEPS tranversed all edges BFS 40 is 7.42146e+06
Running BFS 41
Time for BFS 41 is 4.546400
TEPS tranversed all edges BFS 41 is 7.38044e+06
Running BFS 42
Time for BFS 42 is 4.532782
TEPS tranversed all edges BFS 42 is 7.40261e+06
Running BFS 43
Time for BFS 43 is 4.521396
TEPS tranversed all edges BFS 43 is 7.42125e+06
Running BFS 44
Time for BFS 44 is 4.521593
TEPS tranversed all edges BFS 44 is 7.42093e+06
Running BFS 45
Time for BFS 45 is 4.530930
TEPS tranversed all edges BFS 45 is 7.40564e+06
Running BFS 46
Time for BFS 46 is 4.537774
TEPS tranversed all edges BFS 46 is 7.39447e+06
Running BFS 47
Time for BFS 47 is 4.528921
TEPS tranversed all edges BFS 47 is 7.40892e+06
Running BFS 48
Time for BFS 48 is 4.517210
TEPS tranversed all edges BFS 48 is 7.42813e+06
Running BFS 49
Time for BFS 49 is 4.514689
TEPS tranversed all edges BFS 49 is 7.43228e+06
Running BFS 50
Time for BFS 50 is 4.546552
TEPS tranversed all edges BFS 50 is 7.38019e+06
Running BFS 51
Time for BFS 51 is 4.522509
TEPS tranversed all edges BFS 51 is 7.41943e+06
Running BFS 52
Time for BFS 52 is 4.519817
TEPS tranversed all edges BFS 52 is 7.42385e+06
Running BFS 53
Time for BFS 53 is 4.532167
TEPS tranversed all edges BFS 53 is 7.40362e+06
Running BFS 54
Time for BFS 54 is 4.527347
TEPS tranversed all edges BFS 54 is 7.4115e+06
Running BFS 55
Time for BFS 55 is 4.518673
TEPS tranversed all edges BFS 55 is 7.42573e+06
Running BFS 56
Time for BFS 56 is 4.525536
TEPS tranversed all edges BFS 56 is 7.41447e+06
Running BFS 57
Time for BFS 57 is 4.555375
TEPS tranversed all edges BFS 57 is 7.3659e+06
Running BFS 58
Time for BFS 58 is 4.519512
TEPS tranversed all edges BFS 58 is 7.42435e+06
Running BFS 59
Time for BFS 59 is 4.537895
TEPS tranversed all edges BFS 59 is 7.39427e+06
Running BFS 60
Time for BFS 60 is 4.606085
TEPS tranversed all edges BFS 60 is 7.28481e+06
Running BFS 61
Time for BFS 61 is 4.487767
TEPS tranversed all edges BFS 61 is 7.47687e+06
Running BFS 62
Time for BFS 62 is 4.575121
TEPS tranversed all edges BFS 62 is 7.33411e+06
Running BFS 63
Time for BFS 63 is 4.576897
TEPS tranversed all edges BFS 63 is 7.33126e+06
