Address 52.16.59.136 maps to ec2-52-16-59-136.eu-west-1.compute.amazonaws.com, but this does not map back to the address - POSSIBLE BREAK-IN ATTEMPT!
Address 54.171.189.18 maps to ec2-54-171-189-18.eu-west-1.compute.amazonaws.com, but this does not map back to the address - POSSIBLE BREAK-IN ATTEMPT!
Address 54.171.203.87 maps to ec2-54-171-203-87.eu-west-1.compute.amazonaws.com, but this does not map back to the address - POSSIBLE BREAK-IN ATTEMPT!
Address 54.171.191.75 maps to ec2-54-171-191-75.eu-west-1.compute.amazonaws.com, but this does not map back to the address - POSSIBLE BREAK-IN ATTEMPT!
graph_generation:               1.492304 s
construction_time:              0.418701 s
Running BFS 0
Time for BFS 0 is 0.140286
TEPS tranversed all edges BFS 0 is 2.98982e+07
Running BFS 1
Time for BFS 1 is 0.128736
TEPS tranversed all edges BFS 1 is 3.25807e+07
Running BFS 2
Time for BFS 2 is 0.132288
TEPS tranversed all edges BFS 2 is 3.17059e+07
Running BFS 3
Time for BFS 3 is 0.315761
TEPS tranversed all edges BFS 3 is 1.32832e+07
Running BFS 4
Time for BFS 4 is 0.522873
TEPS tranversed all edges BFS 4 is 8.02165e+06
Running BFS 5
Time for BFS 5 is 0.325863
TEPS tranversed all edges BFS 5 is 1.28714e+07
Running BFS 6
Time for BFS 6 is 0.519273
TEPS tranversed all edges BFS 6 is 8.07726e+06
Running BFS 7
Time for BFS 7 is 0.343913
TEPS tranversed all edges BFS 7 is 1.21958e+07
Running BFS 8
Time for BFS 8 is 0.327429
TEPS tranversed all edges BFS 8 is 1.28098e+07
Running BFS 9
Time for BFS 9 is 0.574443
TEPS tranversed all edges BFS 9 is 7.30151e+06
Running BFS 10
Time for BFS 10 is 0.354397
TEPS tranversed all edges BFS 10 is 1.1835e+07
Running BFS 11
Time for BFS 11 is 0.331751
TEPS tranversed all edges BFS 11 is 1.26429e+07
Running BFS 12
Time for BFS 12 is 0.532821
TEPS tranversed all edges BFS 12 is 7.87188e+06
Running BFS 13
Time for BFS 13 is 0.339080
TEPS tranversed all edges BFS 13 is 1.23697e+07
Running BFS 14
Time for BFS 14 is 0.333620
TEPS tranversed all edges BFS 14 is 1.25721e+07
Running BFS 15
Time for BFS 15 is 0.524070
TEPS tranversed all edges BFS 15 is 8.00333e+06
Running BFS 16
Time for BFS 16 is 0.318512
TEPS tranversed all edges BFS 16 is 1.31684e+07
Running BFS 17
Time for BFS 17 is 0.526788
TEPS tranversed all edges BFS 17 is 7.96203e+06
Running BFS 18
Time for BFS 18 is 0.329981
TEPS tranversed all edges BFS 18 is 1.27107e+07
Running BFS 19
Time for BFS 19 is 0.317123
TEPS tranversed all edges BFS 19 is 1.32261e+07
Running BFS 20
Time for BFS 20 is 0.125551
TEPS tranversed all edges BFS 20 is 3.34072e+07
Running BFS 21
Time for BFS 21 is 0.132147
TEPS tranversed all edges BFS 21 is 3.17397e+07
Running BFS 22
Time for BFS 22 is 0.133863
TEPS tranversed all edges BFS 22 is 3.13328e+07
Running BFS 23
Time for BFS 23 is 0.349925
TEPS tranversed all edges BFS 23 is 1.19863e+07
Running BFS 24
Time for BFS 24 is 0.535895
TEPS tranversed all edges BFS 24 is 7.82673e+06
Running BFS 25
Time for BFS 25 is 0.333472
TEPS tranversed all edges BFS 25 is 1.25777e+07
Running BFS 26
Time for BFS 26 is 0.588594
TEPS tranversed all edges BFS 26 is 7.12597e+06
Running BFS 27
Time for BFS 27 is 0.347765
TEPS tranversed all edges BFS 27 is 1.20607e+07
Running BFS 28
Time for BFS 28 is 0.334105
TEPS tranversed all edges BFS 28 is 1.25538e+07
Running BFS 29
Time for BFS 29 is 0.549119
TEPS tranversed all edges BFS 29 is 7.63824e+06
Running BFS 30
Time for BFS 30 is 0.337535
TEPS tranversed all edges BFS 30 is 1.24263e+07
Running BFS 31
Time for BFS 31 is 0.346593
TEPS tranversed all edges BFS 31 is 1.21015e+07
Running BFS 32
Time for BFS 32 is 0.573835
TEPS tranversed all edges BFS 32 is 7.30925e+06
Running BFS 33
Time for BFS 33 is 0.341099
TEPS tranversed all edges BFS 33 is 1.22964e+07
Running BFS 34
Time for BFS 34 is 0.349297
TEPS tranversed all edges BFS 34 is 1.20079e+07
Running BFS 35
Time for BFS 35 is 0.521598
TEPS tranversed all edges BFS 35 is 8.04126e+06
Running BFS 36
Time for BFS 36 is 0.359298
TEPS tranversed all edges BFS 36 is 1.16736e+07
Running BFS 37
Time for BFS 37 is 0.554762
TEPS tranversed all edges BFS 37 is 7.56054e+06
Running BFS 38
Time for BFS 38 is 0.335822
TEPS tranversed all edges BFS 38 is 1.24897e+07
Running BFS 39
Time for BFS 39 is 0.335533
TEPS tranversed all edges BFS 39 is 1.25004e+07
Running BFS 40
Time for BFS 40 is 0.571791
TEPS tranversed all edges BFS 40 is 7.33538e+06
Running BFS 41
Time for BFS 41 is 0.336190
TEPS tranversed all edges BFS 41 is 1.2476e+07
Running BFS 42
Time for BFS 42 is 0.542734
TEPS tranversed all edges BFS 42 is 7.7281e+06
Running BFS 43
Time for BFS 43 is 0.339015
TEPS tranversed all edges BFS 43 is 1.2372e+07
Running BFS 44
Time for BFS 44 is 0.340467
TEPS tranversed all edges BFS 44 is 1.23193e+07
Running BFS 45
Time for BFS 45 is 0.543638
TEPS tranversed all edges BFS 45 is 7.71525e+06
Running BFS 46
Time for BFS 46 is 0.342237
TEPS tranversed all edges BFS 46 is 1.22556e+07
Running BFS 47
Time for BFS 47 is 0.341713
TEPS tranversed all edges BFS 47 is 1.22743e+07
Running BFS 48
Time for BFS 48 is 0.529659
TEPS tranversed all edges BFS 48 is 7.91888e+06
Running BFS 49
Time for BFS 49 is 0.337539
TEPS tranversed all edges BFS 49 is 1.24261e+07
Running BFS 50
Time for BFS 50 is 0.548424
TEPS tranversed all edges BFS 50 is 7.64792e+06
Running BFS 51
Time for BFS 51 is 0.334063
TEPS tranversed all edges BFS 51 is 1.25554e+07
Running BFS 52
Time for BFS 52 is 0.537171
TEPS tranversed all edges BFS 52 is 7.80814e+06
Running BFS 53
Time for BFS 53 is 0.327357
TEPS tranversed all edges BFS 53 is 1.28126e+07
Running BFS 54
Time for BFS 54 is 0.336532
TEPS tranversed all edges BFS 54 is 1.24633e+07
Running BFS 55
Time for BFS 55 is 0.422531
TEPS tranversed all edges BFS 55 is 9.92662e+06
Running BFS 56
Time for BFS 56 is 0.516343
TEPS tranversed all edges BFS 56 is 8.12309e+06
Running BFS 57
Time for BFS 57 is 0.334778
TEPS tranversed all edges BFS 57 is 1.25286e+07
Running BFS 58
Time for BFS 58 is 0.541703
TEPS tranversed all edges BFS 58 is 7.74281e+06
Running BFS 59
Time for BFS 59 is 0.344927
TEPS tranversed all edges BFS 59 is 1.216e+07
Running BFS 60
Time for BFS 60 is 0.579730
TEPS tranversed all edges BFS 60 is 7.23493e+06
Running BFS 61
Time for BFS 61 is 0.363049
TEPS tranversed all edges BFS 61 is 1.1553e+07
Running BFS 62
Time for BFS 62 is 0.374973
TEPS tranversed all edges BFS 62 is 1.11856e+07
Running BFS 63
Time for BFS 63 is 0.376796
TEPS tranversed all edges BFS 63 is 1.11315e+07
