Address 54.171.247.223 maps to ec2-54-171-247-223.eu-west-1.compute.amazonaws.com, but this does not map back to the address - POSSIBLE BREAK-IN ATTEMPT!
Address 54.72.139.168 maps to ec2-54-72-139-168.eu-west-1.compute.amazonaws.com, but this does not map back to the address - POSSIBLE BREAK-IN ATTEMPT!
Address 54.171.243.249 maps to ec2-54-171-243-249.eu-west-1.compute.amazonaws.com, but this does not map back to the address - POSSIBLE BREAK-IN ATTEMPT!
Address 54.171.203.87 maps to ec2-54-171-203-87.eu-west-1.compute.amazonaws.com, but this does not map back to the address - POSSIBLE BREAK-IN ATTEMPT!
Address 54.171.213.136 maps to ec2-54-171-213-136.eu-west-1.compute.amazonaws.com, but this does not map back to the address - POSSIBLE BREAK-IN ATTEMPT!
Address 52.16.59.136 maps to ec2-52-16-59-136.eu-west-1.compute.amazonaws.com, but this does not map back to the address - POSSIBLE BREAK-IN ATTEMPT!
Address 54.171.213.149 maps to ec2-54-171-213-149.eu-west-1.compute.amazonaws.com, but this does not map back to the address - POSSIBLE BREAK-IN ATTEMPT!
Address 52.16.244.248 maps to ec2-52-16-244-248.eu-west-1.compute.amazonaws.com, but this does not map back to the address - POSSIBLE BREAK-IN ATTEMPT!
Address 54.171.243.248 maps to ec2-54-171-243-248.eu-west-1.compute.amazonaws.com, but this does not map back to the address - POSSIBLE BREAK-IN ATTEMPT!
Address 54.171.243.241 maps to ec2-54-171-243-241.eu-west-1.compute.amazonaws.com, but this does not map back to the address - POSSIBLE BREAK-IN ATTEMPT!
Address 52.16.55.242 maps to ec2-52-16-55-242.eu-west-1.compute.amazonaws.com, but this does not map back to the address - POSSIBLE BREAK-IN ATTEMPT!
Address 54.171.243.250 maps to ec2-54-171-243-250.eu-west-1.compute.amazonaws.com, but this does not map back to the address - POSSIBLE BREAK-IN ATTEMPT!
Address 54.171.243.247 maps to ec2-54-171-243-247.eu-west-1.compute.amazonaws.com, but this does not map back to the address - POSSIBLE BREAK-IN ATTEMPT!
Address 54.77.199.159 maps to ec2-54-77-199-159.eu-west-1.compute.amazonaws.com, but this does not map back to the address - POSSIBLE BREAK-IN ATTEMPT!
Address 54.76.236.34 maps to ec2-54-76-236-34.eu-west-1.compute.amazonaws.com, but this does not map back to the address - POSSIBLE BREAK-IN ATTEMPT!
Address 54.171.188.246 maps to ec2-54-171-188-246.eu-west-1.compute.amazonaws.com, but this does not map back to the address - POSSIBLE BREAK-IN ATTEMPT!
graph_generation:               3.614705 s
construction_time:              2.334189 s
Running BFS 0
Time for BFS 0 is 0.947635
TEPS tranversed all edges BFS 0 is 3.54086e+07
Running BFS 1
Time for BFS 1 is 1.207379
TEPS tranversed all edges BFS 1 is 2.77911e+07
Running BFS 2
Time for BFS 2 is 0.935130
TEPS tranversed all edges BFS 2 is 3.58821e+07
Running BFS 3
Time for BFS 3 is 1.006549
TEPS tranversed all edges BFS 3 is 3.33361e+07
Running BFS 4
Time for BFS 4 is 0.997944
TEPS tranversed all edges BFS 4 is 3.36236e+07
Running BFS 5
Time for BFS 5 is 0.985700
TEPS tranversed all edges BFS 5 is 3.40412e+07
Running BFS 6
Time for BFS 6 is 1.049366
TEPS tranversed all edges BFS 6 is 3.19759e+07
Running BFS 7
Time for BFS 7 is 1.070166
TEPS tranversed all edges BFS 7 is 3.13544e+07
Running BFS 8
Time for BFS 8 is 1.011906
TEPS tranversed all edges BFS 8 is 3.31596e+07
Running BFS 9
Time for BFS 9 is 1.068886
TEPS tranversed all edges BFS 9 is 3.1392e+07
Running BFS 10
Time for BFS 10 is 0.945877
TEPS tranversed all edges BFS 10 is 3.54744e+07
Running BFS 11
Time for BFS 11 is 1.107465
TEPS tranversed all edges BFS 11 is 3.02984e+07
Running BFS 12
Time for BFS 12 is 1.034901
TEPS tranversed all edges BFS 12 is 3.24228e+07
Running BFS 13
Time for BFS 13 is 1.057075
TEPS tranversed all edges BFS 13 is 3.17427e+07
Running BFS 14
Time for BFS 14 is 0.944976
TEPS tranversed all edges BFS 14 is 3.55082e+07
Running BFS 15
Time for BFS 15 is 1.161253
TEPS tranversed all edges BFS 15 is 2.8895e+07
Running BFS 16
Time for BFS 16 is 0.997664
TEPS tranversed all edges BFS 16 is 3.3633e+07
Running BFS 17
Time for BFS 17 is 1.154034
TEPS tranversed all edges BFS 17 is 2.90758e+07
Running BFS 18
Time for BFS 18 is 1.036046
TEPS tranversed all edges BFS 18 is 3.2387e+07
Running BFS 19
Time for BFS 19 is 1.045659
TEPS tranversed all edges BFS 19 is 3.20893e+07
Running BFS 20
Time for BFS 20 is 1.052163
TEPS tranversed all edges BFS 20 is 3.18909e+07
Running BFS 21
Time for BFS 21 is 0.882087
TEPS tranversed all edges BFS 21 is 3.80398e+07
Running BFS 22
Time for BFS 22 is 1.134038
TEPS tranversed all edges BFS 22 is 2.95885e+07
Running BFS 23
Time for BFS 23 is 1.032666
TEPS tranversed all edges BFS 23 is 3.2493e+07
Running BFS 24
Time for BFS 24 is 0.953043
TEPS tranversed all edges BFS 24 is 3.52077e+07
Running BFS 25
Time for BFS 25 is 1.019751
TEPS tranversed all edges BFS 25 is 3.29045e+07
Running BFS 26
Time for BFS 26 is 1.159941
TEPS tranversed all edges BFS 26 is 2.89277e+07
Running BFS 27
Time for BFS 27 is 0.963780
TEPS tranversed all edges BFS 27 is 3.48155e+07
Running BFS 28
Time for BFS 28 is 0.998600
TEPS tranversed all edges BFS 28 is 3.36015e+07
Running BFS 29
Time for BFS 29 is 1.210764
TEPS tranversed all edges BFS 29 is 2.77134e+07
Running BFS 30
Time for BFS 30 is 0.959903
TEPS tranversed all edges BFS 30 is 3.49561e+07
Running BFS 31
Time for BFS 31 is 0.995966
TEPS tranversed all edges BFS 31 is 3.36903e+07
Running BFS 32
Time for BFS 32 is 1.018455
TEPS tranversed all edges BFS 32 is 3.29464e+07
Running BFS 33
Time for BFS 33 is 1.160810
TEPS tranversed all edges BFS 33 is 2.89061e+07
Running BFS 34
Time for BFS 34 is 0.932451
TEPS tranversed all edges BFS 34 is 3.59852e+07
Running BFS 35
Time for BFS 35 is 1.051331
TEPS tranversed all edges BFS 35 is 3.19161e+07
Running BFS 36
Time for BFS 36 is 1.040765
TEPS tranversed all edges BFS 36 is 3.22402e+07
Running BFS 37
Time for BFS 37 is 1.031190
TEPS tranversed all edges BFS 37 is 3.25395e+07
Running BFS 38
Time for BFS 38 is 1.093200
TEPS tranversed all edges BFS 38 is 3.06938e+07
Running BFS 39
Time for BFS 39 is 0.925247
TEPS tranversed all edges BFS 39 is 3.62654e+07
Running BFS 40
Time for BFS 40 is 1.174276
TEPS tranversed all edges BFS 40 is 2.85746e+07
Running BFS 41
Time for BFS 41 is 0.991279
TEPS tranversed all edges BFS 41 is 3.38496e+07
Running BFS 42
Time for BFS 42 is 1.060678
TEPS tranversed all edges BFS 42 is 3.16349e+07
Running BFS 43
Time for BFS 43 is 0.939457
TEPS tranversed all edges BFS 43 is 3.57168e+07
Running BFS 44
Time for BFS 44 is 1.148832
TEPS tranversed all edges BFS 44 is 2.92074e+07
Running BFS 45
Time for BFS 45 is 1.005524
TEPS tranversed all edges BFS 45 is 3.33701e+07
Running BFS 46
Time for BFS 46 is 1.006140
TEPS tranversed all edges BFS 46 is 3.33497e+07
Running BFS 47
Time for BFS 47 is 1.267428
TEPS tranversed all edges BFS 47 is 2.64744e+07
Running BFS 48
Time for BFS 48 is 0.990997
TEPS tranversed all edges BFS 48 is 3.38593e+07
Running BFS 49
Time for BFS 49 is 1.103633
TEPS tranversed all edges BFS 49 is 3.04036e+07
Running BFS 50
Time for BFS 50 is 1.127794
TEPS tranversed all edges BFS 50 is 2.97523e+07
Running BFS 51
Time for BFS 51 is 1.118577
TEPS tranversed all edges BFS 51 is 2.99974e+07
Running BFS 52
Time for BFS 52 is 1.045697
TEPS tranversed all edges BFS 52 is 3.20881e+07
Running BFS 53
Time for BFS 53 is 1.100177
TEPS tranversed all edges BFS 53 is 3.04991e+07
Running BFS 54
Time for BFS 54 is 1.096289
TEPS tranversed all edges BFS 54 is 3.06073e+07
Running BFS 55
Time for BFS 55 is 1.102976
TEPS tranversed all edges BFS 55 is 3.04217e+07
Running BFS 56
Time for BFS 56 is 1.067706
TEPS tranversed all edges BFS 56 is 3.14267e+07
Running BFS 57
Time for BFS 57 is 1.189696
TEPS tranversed all edges BFS 57 is 2.82042e+07
Running BFS 58
Time for BFS 58 is 1.119847
TEPS tranversed all edges BFS 58 is 2.99634e+07
Running BFS 59
Time for BFS 59 is 0.980087
TEPS tranversed all edges BFS 59 is 3.42362e+07
Running BFS 60
Time for BFS 60 is 1.181795
TEPS tranversed all edges BFS 60 is 2.83928e+07
Running BFS 61
Time for BFS 61 is 1.068930
TEPS tranversed all edges BFS 61 is 3.13907e+07
Running BFS 62
Time for BFS 62 is 1.230183
TEPS tranversed all edges BFS 62 is 2.7276e+07
Running BFS 63
Time for BFS 63 is 0.876480
TEPS tranversed all edges BFS 63 is 3.82832e+07
