Address 54.171.189.18 maps to ec2-54-171-189-18.eu-west-1.compute.amazonaws.com, but this does not map back to the address - POSSIBLE BREAK-IN ATTEMPT!
Address 54.171.191.75 maps to ec2-54-171-191-75.eu-west-1.compute.amazonaws.com, but this does not map back to the address - POSSIBLE BREAK-IN ATTEMPT!
Address 52.16.59.136 maps to ec2-52-16-59-136.eu-west-1.compute.amazonaws.com, but this does not map back to the address - POSSIBLE BREAK-IN ATTEMPT!
Address 54.171.203.87 maps to ec2-54-171-203-87.eu-west-1.compute.amazonaws.com, but this does not map back to the address - POSSIBLE BREAK-IN ATTEMPT!
graph_generation:               0.026136 s
construction_time:              0.002228 s
Running BFS 0
Time for BFS 0 is 0.002916
TEPS tranversed all edges BFS 0 is 2.80946e+06
Running BFS 1
Time for BFS 1 is 0.002570
TEPS tranversed all edges BFS 1 is 3.18736e+06
Running BFS 2
Time for BFS 2 is 0.001964
TEPS tranversed all edges BFS 2 is 4.17088e+06
Running BFS 3
Time for BFS 3 is 0.001957
TEPS tranversed all edges BFS 3 is 4.18562e+06
Running BFS 4
Time for BFS 4 is 0.002003
TEPS tranversed all edges BFS 4 is 4.08996e+06
Running BFS 5
Time for BFS 5 is 0.001687
TEPS tranversed all edges BFS 5 is 4.8565e+06
Running BFS 6
Time for BFS 6 is 0.002017
TEPS tranversed all edges BFS 6 is 4.06143e+06
Running BFS 7
Time for BFS 7 is 0.002109
TEPS tranversed all edges BFS 7 is 3.88421e+06
Running BFS 8
Time for BFS 8 is 0.001992
TEPS tranversed all edges BFS 8 is 4.11248e+06
Running BFS 9
Time for BFS 9 is 0.001703
TEPS tranversed all edges BFS 9 is 4.81027e+06
Running BFS 10
Time for BFS 10 is 0.001662
TEPS tranversed all edges BFS 10 is 4.92895e+06
Running BFS 11
Time for BFS 11 is 0.001607
TEPS tranversed all edges BFS 11 is 5.09788e+06
Running BFS 12
Time for BFS 12 is 0.001766
TEPS tranversed all edges BFS 12 is 4.63882e+06
Running BFS 13
Time for BFS 13 is 0.001962
TEPS tranversed all edges BFS 13 is 4.17545e+06
Running BFS 14
Time for BFS 14 is 0.001666
TEPS tranversed all edges BFS 14 is 4.91696e+06
Running BFS 15
Time for BFS 15 is 0.001647
TEPS tranversed all edges BFS 15 is 4.97391e+06
Running BFS 16
Time for BFS 16 is 0.001931
TEPS tranversed all edges BFS 16 is 4.24247e+06
Running BFS 17
Time for BFS 17 is 0.001975
TEPS tranversed all edges BFS 17 is 4.14772e+06
Running BFS 18
Time for BFS 18 is 0.001992
TEPS tranversed all edges BFS 18 is 4.11198e+06
Running BFS 19
Time for BFS 19 is 0.001995
TEPS tranversed all edges BFS 19 is 4.10609e+06
Running BFS 20
Time for BFS 20 is 0.001929
TEPS tranversed all edges BFS 20 is 4.24666e+06
Running BFS 21
Time for BFS 21 is 0.001999
TEPS tranversed all edges BFS 21 is 4.09825e+06
Running BFS 22
Time for BFS 22 is 0.001736
TEPS tranversed all edges BFS 22 is 4.7191e+06
Running BFS 23
Time for BFS 23 is 0.001706
TEPS tranversed all edges BFS 23 is 4.8022e+06
Running BFS 24
Time for BFS 24 is 0.001588
TEPS tranversed all edges BFS 24 is 5.15835e+06
Running BFS 25
Time for BFS 25 is 0.001637
TEPS tranversed all edges BFS 25 is 5.00433e+06
Running BFS 26
Time for BFS 26 is 0.001970
TEPS tranversed all edges BFS 26 is 4.15826e+06
Running BFS 27
Time for BFS 27 is 0.001804
TEPS tranversed all edges BFS 27 is 4.54133e+06
Running BFS 28
Time for BFS 28 is 0.001675
TEPS tranversed all edges BFS 28 is 4.89107e+06
Running BFS 29
Time for BFS 29 is 0.001964
TEPS tranversed all edges BFS 29 is 4.17139e+06
Running BFS 30
Time for BFS 30 is 0.001987
TEPS tranversed all edges BFS 30 is 4.12284e+06
Running BFS 31
Time for BFS 31 is 0.001719
TEPS tranversed all edges BFS 31 is 4.76557e+06
Running BFS 32
Time for BFS 32 is 0.001980
TEPS tranversed all edges BFS 32 is 4.13724e+06
Running BFS 33
Time for BFS 33 is 0.001954
TEPS tranversed all edges BFS 33 is 4.19226e+06
Running BFS 34
Time for BFS 34 is 0.001645
TEPS tranversed all edges BFS 34 is 4.98039e+06
Running BFS 35
Time for BFS 35 is 0.001950
TEPS tranversed all edges BFS 35 is 4.20148e+06
Running BFS 36
Time for BFS 36 is 0.001971
TEPS tranversed all edges BFS 36 is 4.15625e+06
Running BFS 37
Time for BFS 37 is 0.001640
TEPS tranversed all edges BFS 37 is 4.99487e+06
Running BFS 38
Time for BFS 38 is 0.001656
TEPS tranversed all edges BFS 38 is 4.94669e+06
Running BFS 39
Time for BFS 39 is 0.001993
TEPS tranversed all edges BFS 39 is 4.11002e+06
Running BFS 40
Time for BFS 40 is 0.001947
TEPS tranversed all edges BFS 40 is 4.20766e+06
Running BFS 41
Time for BFS 41 is 0.001653
TEPS tranversed all edges BFS 41 is 4.95597e+06
Running BFS 42
Time for BFS 42 is 0.001651
TEPS tranversed all edges BFS 42 is 4.9617e+06
Running BFS 43
Time for BFS 43 is 0.002076
TEPS tranversed all edges BFS 43 is 3.94577e+06
Running BFS 44
Time for BFS 44 is 0.002048
TEPS tranversed all edges BFS 44 is 3.99997e+06
Running BFS 45
Time for BFS 45 is 0.001659
TEPS tranversed all edges BFS 45 is 4.93816e+06
Running BFS 46
Time for BFS 46 is 0.001721
TEPS tranversed all edges BFS 46 is 4.76029e+06
Running BFS 47
Time for BFS 47 is 0.001996
TEPS tranversed all edges BFS 47 is 4.10413e+06
Running BFS 48
Time for BFS 48 is 0.001953
TEPS tranversed all edges BFS 48 is 4.1943e+06
Running BFS 49
Time for BFS 49 is 0.001682
TEPS tranversed all edges BFS 49 is 4.87027e+06
Running BFS 50
Time for BFS 50 is 0.001648
TEPS tranversed all edges BFS 50 is 4.97031e+06
Running BFS 51
Time for BFS 51 is 0.001741
TEPS tranversed all edges BFS 51 is 4.70552e+06
Running BFS 52
Time for BFS 52 is 0.002150
TEPS tranversed all edges BFS 52 is 3.81055e+06
Running BFS 53
Time for BFS 53 is 0.001730
TEPS tranversed all edges BFS 53 is 4.73536e+06
Running BFS 54
Time for BFS 54 is 0.001596
TEPS tranversed all edges BFS 54 is 5.13292e+06
Running BFS 55
Time for BFS 55 is 0.001965
TEPS tranversed all edges BFS 55 is 4.16886e+06
Running BFS 56
Time for BFS 56 is 0.001636
TEPS tranversed all edges BFS 56 is 5.00725e+06
Running BFS 57
Time for BFS 57 is 0.001968
TEPS tranversed all edges BFS 57 is 4.1628e+06
Running BFS 58
Time for BFS 58 is 0.001692
TEPS tranversed all edges BFS 58 is 4.84213e+06
Running BFS 59
Time for BFS 59 is 0.001989
TEPS tranversed all edges BFS 59 is 4.11888e+06
Running BFS 60
Time for BFS 60 is 0.002016
TEPS tranversed all edges BFS 60 is 4.06336e+06
Running BFS 61
Time for BFS 61 is 0.002011
TEPS tranversed all edges BFS 61 is 4.07396e+06
Running BFS 62
Time for BFS 62 is 0.001966
TEPS tranversed all edges BFS 62 is 4.16684e+06
Running BFS 63
Time for BFS 63 is 0.001923
TEPS tranversed all edges BFS 63 is 4.25982e+06
