Address 52.16.59.136 maps to ec2-52-16-59-136.eu-west-1.compute.amazonaws.com, but this does not map back to the address - POSSIBLE BREAK-IN ATTEMPT!
Address 54.171.203.87 maps to ec2-54-171-203-87.eu-west-1.compute.amazonaws.com, but this does not map back to the address - POSSIBLE BREAK-IN ATTEMPT!
graph_generation:               0.026224 s
construction_time:              0.008151 s
Running BFS 0
Time for BFS 0 is 0.005335
TEPS tranversed all edges BFS 0 is 1.22839e+07
Running BFS 1
Time for BFS 1 is 0.005244
TEPS tranversed all edges BFS 1 is 1.24973e+07
Running BFS 2
Time for BFS 2 is 0.005280
TEPS tranversed all edges BFS 2 is 1.24121e+07
Running BFS 3
Time for BFS 3 is 0.005311
TEPS tranversed all edges BFS 3 is 1.23396e+07
Running BFS 4
Time for BFS 4 is 0.005066
TEPS tranversed all edges BFS 4 is 1.2936e+07
Running BFS 5
Time for BFS 5 is 0.005120
TEPS tranversed all edges BFS 5 is 1.27999e+07
Running BFS 6
Time for BFS 6 is 0.005490
TEPS tranversed all edges BFS 6 is 1.19377e+07
Running BFS 7
Time for BFS 7 is 0.005328
TEPS tranversed all edges BFS 7 is 1.23004e+07
Running BFS 8
Time for BFS 8 is 0.005138
TEPS tranversed all edges BFS 8 is 1.27554e+07
Running BFS 9
Time for BFS 9 is 0.005233
TEPS tranversed all edges BFS 9 is 1.25235e+07
Running BFS 10
Time for BFS 10 is 0.005353
TEPS tranversed all edges BFS 10 is 1.22429e+07
Running BFS 11
Time for BFS 11 is 0.005742
TEPS tranversed all edges BFS 11 is 1.14133e+07
Running BFS 12
Time for BFS 12 is 0.005331
TEPS tranversed all edges BFS 12 is 1.22933e+07
Running BFS 13
Time for BFS 13 is 0.005360
TEPS tranversed all edges BFS 13 is 1.22266e+07
Running BFS 14
Time for BFS 14 is 0.005268
TEPS tranversed all edges BFS 14 is 1.24402e+07
Running BFS 15
Time for BFS 15 is 0.005101
TEPS tranversed all edges BFS 15 is 1.28478e+07
Running BFS 16
Time for BFS 16 is 0.005384
TEPS tranversed all edges BFS 16 is 1.21724e+07
Running BFS 17
Time for BFS 17 is 0.005319
TEPS tranversed all edges BFS 17 is 1.23208e+07
Running BFS 18
Time for BFS 18 is 0.005183
TEPS tranversed all edges BFS 18 is 1.26445e+07
Running BFS 19
Time for BFS 19 is 0.005581
TEPS tranversed all edges BFS 19 is 1.17424e+07
Running BFS 20
Time for BFS 20 is 0.005163
TEPS tranversed all edges BFS 20 is 1.26935e+07
Running BFS 21
Time for BFS 21 is 0.005199
TEPS tranversed all edges BFS 21 is 1.26056e+07
Running BFS 22
Time for BFS 22 is 0.005269
TEPS tranversed all edges BFS 22 is 1.24379e+07
Running BFS 23
Time for BFS 23 is 0.005273
TEPS tranversed all edges BFS 23 is 1.24284e+07
Running BFS 24
Time for BFS 24 is 0.005118
TEPS tranversed all edges BFS 24 is 1.28047e+07
Running BFS 25
Time for BFS 25 is 0.004839
TEPS tranversed all edges BFS 25 is 1.35428e+07
Running BFS 26
Time for BFS 26 is 0.004178
TEPS tranversed all edges BFS 26 is 1.56858e+07
Running BFS 27
Time for BFS 27 is 0.004065
TEPS tranversed all edges BFS 27 is 1.61219e+07
Running BFS 28
Time for BFS 28 is 0.004231
TEPS tranversed all edges BFS 28 is 1.54896e+07
Running BFS 29
Time for BFS 29 is 0.004387
TEPS tranversed all edges BFS 29 is 1.49382e+07
Running BFS 30
Time for BFS 30 is 0.004293
TEPS tranversed all edges BFS 30 is 1.52659e+07
Running BFS 31
Time for BFS 31 is 0.004544
TEPS tranversed all edges BFS 31 is 1.44225e+07
Running BFS 32
Time for BFS 32 is 0.004021
TEPS tranversed all edges BFS 32 is 1.62987e+07
Running BFS 33
Time for BFS 33 is 0.004282
TEPS tranversed all edges BFS 33 is 1.5305e+07
Running BFS 34
Time for BFS 34 is 0.004418
TEPS tranversed all edges BFS 34 is 1.48334e+07
Running BFS 35
Time for BFS 35 is 0.004128
TEPS tranversed all edges BFS 35 is 1.5876e+07
Running BFS 36
Time for BFS 36 is 0.004386
TEPS tranversed all edges BFS 36 is 1.49423e+07
Running BFS 37
Time for BFS 37 is 0.004289
TEPS tranversed all edges BFS 37 is 1.52803e+07
Running BFS 38
Time for BFS 38 is 0.004177
TEPS tranversed all edges BFS 38 is 1.56903e+07
Running BFS 39
Time for BFS 39 is 0.004324
TEPS tranversed all edges BFS 39 is 1.51556e+07
Running BFS 40
Time for BFS 40 is 0.004247
TEPS tranversed all edges BFS 40 is 1.54313e+07
Running BFS 41
Time for BFS 41 is 0.004154
TEPS tranversed all edges BFS 41 is 1.57767e+07
Running BFS 42
Time for BFS 42 is 0.004071
TEPS tranversed all edges BFS 42 is 1.60983e+07
Running BFS 43
Time for BFS 43 is 0.004416
TEPS tranversed all edges BFS 43 is 1.48406e+07
Running BFS 44
Time for BFS 44 is 0.004338
TEPS tranversed all edges BFS 44 is 1.51073e+07
Running BFS 45
Time for BFS 45 is 0.004068
TEPS tranversed all edges BFS 45 is 1.61105e+07
Running BFS 46
Time for BFS 46 is 0.004209
TEPS tranversed all edges BFS 46 is 1.55703e+07
Running BFS 47
Time for BFS 47 is 0.004160
TEPS tranversed all edges BFS 47 is 1.57541e+07
Running BFS 48
Time for BFS 48 is 0.004316
TEPS tranversed all edges BFS 48 is 1.51849e+07
Running BFS 49
Time for BFS 49 is 0.004212
TEPS tranversed all edges BFS 49 is 1.55597e+07
Running BFS 50
Time for BFS 50 is 0.004280
TEPS tranversed all edges BFS 50 is 1.53118e+07
Running BFS 51
Time for BFS 51 is 0.004397
TEPS tranversed all edges BFS 51 is 1.4905e+07
Running BFS 52
Time for BFS 52 is 0.004274
TEPS tranversed all edges BFS 52 is 1.5334e+07
Running BFS 53
Time for BFS 53 is 0.004325
TEPS tranversed all edges BFS 53 is 1.51523e+07
Running BFS 54
Time for BFS 54 is 0.004081
TEPS tranversed all edges BFS 54 is 1.60588e+07
Running BFS 55
Time for BFS 55 is 0.003934
TEPS tranversed all edges BFS 55 is 1.66583e+07
Running BFS 56
Time for BFS 56 is 0.003896
TEPS tranversed all edges BFS 56 is 1.68214e+07
Running BFS 57
Time for BFS 57 is 0.004261
TEPS tranversed all edges BFS 57 is 1.53804e+07
Running BFS 58
Time for BFS 58 is 0.004255
TEPS tranversed all edges BFS 58 is 1.54019e+07
Running BFS 59
Time for BFS 59 is 0.004325
TEPS tranversed all edges BFS 59 is 1.51531e+07
Running BFS 60
Time for BFS 60 is 0.004235
TEPS tranversed all edges BFS 60 is 1.54747e+07
Running BFS 61
Time for BFS 61 is 0.004187
TEPS tranversed all edges BFS 61 is 1.56527e+07
Running BFS 62
Time for BFS 62 is 0.004458
TEPS tranversed all edges BFS 62 is 1.47009e+07
Running BFS 63
Time for BFS 63 is 0.004220
TEPS tranversed all edges BFS 63 is 1.55298e+07
