Address 54.171.203.87 maps to ec2-54-171-203-87.eu-west-1.compute.amazonaws.com, but this does not map back to the address - POSSIBLE BREAK-IN ATTEMPT!
Address 54.171.189.18 maps to ec2-54-171-189-18.eu-west-1.compute.amazonaws.com, but this does not map back to the address - POSSIBLE BREAK-IN ATTEMPT!
Address 54.171.191.75 maps to ec2-54-171-191-75.eu-west-1.compute.amazonaws.com, but this does not map back to the address - POSSIBLE BREAK-IN ATTEMPT!
Address 52.16.59.136 maps to ec2-52-16-59-136.eu-west-1.compute.amazonaws.com, but this does not map back to the address - POSSIBLE BREAK-IN ATTEMPT!
graph_generation:               0.666238 s
construction_time:              1.731084 s
Running BFS 0
Time for BFS 0 is 0.141069
TEPS tranversed all edges BFS 0 is 464566
Running BFS 1
Time for BFS 1 is 0.005048
TEPS tranversed all edges BFS 1 is 1.29825e+07
Running BFS 2
Time for BFS 2 is 0.005086
TEPS tranversed all edges BFS 2 is 1.28857e+07
Running BFS 3
Time for BFS 3 is 0.005200
TEPS tranversed all edges BFS 3 is 1.26027e+07
Running BFS 4
Time for BFS 4 is 0.005092
TEPS tranversed all edges BFS 4 is 1.28706e+07
Running BFS 5
Time for BFS 5 is 0.005207
TEPS tranversed all edges BFS 5 is 1.2586e+07
Running BFS 6
Time for BFS 6 is 0.005281
TEPS tranversed all edges BFS 6 is 1.24098e+07
Running BFS 7
Time for BFS 7 is 0.005135
TEPS tranversed all edges BFS 7 is 1.27631e+07
Running BFS 8
Time for BFS 8 is 0.005189
TEPS tranversed all edges BFS 8 is 1.26294e+07
Running BFS 9
Time for BFS 9 is 0.005613
TEPS tranversed all edges BFS 9 is 1.16761e+07
Running BFS 10
Time for BFS 10 is 0.094533
TEPS tranversed all edges BFS 10 is 693261
Running BFS 11
Time for BFS 11 is 0.005331
TEPS tranversed all edges BFS 11 is 1.22933e+07
Running BFS 12
Time for BFS 12 is 0.051621
TEPS tranversed all edges BFS 12 is 1.26956e+06
Running BFS 13
Time for BFS 13 is 0.004822
TEPS tranversed all edges BFS 13 is 1.3591e+07
Running BFS 14
Time for BFS 14 is 0.005412
TEPS tranversed all edges BFS 14 is 1.21092e+07
Running BFS 15
Time for BFS 15 is 0.005244
TEPS tranversed all edges BFS 15 is 1.24973e+07
Running BFS 16
Time for BFS 16 is 0.005103
TEPS tranversed all edges BFS 16 is 1.2843e+07
Running BFS 17
Time for BFS 17 is 0.005314
TEPS tranversed all edges BFS 17 is 1.2333e+07
Running BFS 18
Time for BFS 18 is 0.005532
TEPS tranversed all edges BFS 18 is 1.18467e+07
Running BFS 19
Time for BFS 19 is 0.005910
TEPS tranversed all edges BFS 19 is 1.10892e+07
Running BFS 20
Time for BFS 20 is 0.005381
TEPS tranversed all edges BFS 20 is 1.21794e+07
Running BFS 21
Time for BFS 21 is 0.005589
TEPS tranversed all edges BFS 21 is 1.17259e+07
Running BFS 22
Time for BFS 22 is 0.005623
TEPS tranversed all edges BFS 22 is 1.16548e+07
Running BFS 23
Time for BFS 23 is 0.005320
TEPS tranversed all edges BFS 23 is 1.23186e+07
Running BFS 24
Time for BFS 24 is 0.005607
TEPS tranversed all edges BFS 24 is 1.1688e+07
Running BFS 25
Time for BFS 25 is 0.005384
TEPS tranversed all edges BFS 25 is 1.21724e+07
Running BFS 26
Time for BFS 26 is 0.005008
TEPS tranversed all edges BFS 26 is 1.30863e+07
Running BFS 27
Time for BFS 27 is 0.005500
TEPS tranversed all edges BFS 27 is 1.19155e+07
Running BFS 28
Time for BFS 28 is 0.005158
TEPS tranversed all edges BFS 28 is 1.27058e+07
Running BFS 29
Time for BFS 29 is 0.005369
TEPS tranversed all edges BFS 29 is 1.22065e+07
Running BFS 30
Time for BFS 30 is 0.005329
TEPS tranversed all edges BFS 30 is 1.22982e+07
Running BFS 31
Time for BFS 31 is 0.005570
TEPS tranversed all edges BFS 31 is 1.17655e+07
Running BFS 32
Time for BFS 32 is 0.005570
TEPS tranversed all edges BFS 32 is 1.17655e+07
Running BFS 33
Time for BFS 33 is 0.005551
TEPS tranversed all edges BFS 33 is 1.18065e+07
Running BFS 34
Time for BFS 34 is 0.005617
TEPS tranversed all edges BFS 34 is 1.16676e+07
Running BFS 35
Time for BFS 35 is 0.005525
TEPS tranversed all edges BFS 35 is 1.1862e+07
Running BFS 36
Time for BFS 36 is 0.005463
TEPS tranversed all edges BFS 36 is 1.19961e+07
Running BFS 37
Time for BFS 37 is 0.005357
TEPS tranversed all edges BFS 37 is 1.22337e+07
Running BFS 38
Time for BFS 38 is 0.006479
TEPS tranversed all edges BFS 38 is 1.01151e+07
Running BFS 39
Time for BFS 39 is 0.005399
TEPS tranversed all edges BFS 39 is 1.21386e+07
Running BFS 40
Time for BFS 40 is 0.005323
TEPS tranversed all edges BFS 40 is 1.2312e+07
Running BFS 41
Time for BFS 41 is 0.005218
TEPS tranversed all edges BFS 41 is 1.25601e+07
Running BFS 42
Time for BFS 42 is 0.005369
TEPS tranversed all edges BFS 42 is 1.22065e+07
Running BFS 43
Time for BFS 43 is 0.005631
TEPS tranversed all edges BFS 43 is 1.16385e+07
Running BFS 44
Time for BFS 44 is 0.005835
TEPS tranversed all edges BFS 44 is 1.12314e+07
Running BFS 45
Time for BFS 45 is 0.005353
TEPS tranversed all edges BFS 45 is 1.22429e+07
Running BFS 46
Time for BFS 46 is 0.005457
TEPS tranversed all edges BFS 46 is 1.20097e+07
Running BFS 47
Time for BFS 47 is 0.005484
TEPS tranversed all edges BFS 47 is 1.19502e+07
Running BFS 48
Time for BFS 48 is 0.005374
TEPS tranversed all edges BFS 48 is 1.21951e+07
Running BFS 49
Time for BFS 49 is 0.005335
TEPS tranversed all edges BFS 49 is 1.22845e+07
Running BFS 50
Time for BFS 50 is 0.005410
TEPS tranversed all edges BFS 50 is 1.2114e+07
Running BFS 51
Time for BFS 51 is 0.005674
TEPS tranversed all edges BFS 51 is 1.15505e+07
Running BFS 52
Time for BFS 52 is 0.005402
TEPS tranversed all edges BFS 52 is 1.21316e+07
Running BFS 53
Time for BFS 53 is 0.005510
TEPS tranversed all edges BFS 53 is 1.18938e+07
Running BFS 54
Time for BFS 54 is 0.005851
TEPS tranversed all edges BFS 54 is 1.12008e+07
Running BFS 55
Time for BFS 55 is 0.004918
TEPS tranversed all edges BFS 55 is 1.33255e+07
Running BFS 56
Time for BFS 56 is 0.004791
TEPS tranversed all edges BFS 56 is 1.36789e+07
Running BFS 57
Time for BFS 57 is 0.005721
TEPS tranversed all edges BFS 57 is 1.14556e+07
Running BFS 58
Time for BFS 58 is 0.005861
TEPS tranversed all edges BFS 58 is 1.11816e+07
Running BFS 59
Time for BFS 59 is 0.005438
TEPS tranversed all edges BFS 59 is 1.20513e+07
Running BFS 60
Time for BFS 60 is 0.005509
TEPS tranversed all edges BFS 60 is 1.18959e+07
Running BFS 61
Time for BFS 61 is 0.005272
TEPS tranversed all edges BFS 61 is 1.24312e+07
Running BFS 62
Time for BFS 62 is 0.005676
TEPS tranversed all edges BFS 62 is 1.15461e+07
Running BFS 63
Time for BFS 63 is 0.005431
TEPS tranversed all edges BFS 63 is 1.20672e+07
