Address 54.171.243.249 maps to ec2-54-171-243-249.eu-west-1.compute.amazonaws.com, but this does not map back to the address - POSSIBLE BREAK-IN ATTEMPT!
Address 54.171.247.223 maps to ec2-54-171-247-223.eu-west-1.compute.amazonaws.com, but this does not map back to the address - POSSIBLE BREAK-IN ATTEMPT!
Address 54.171.203.87 maps to ec2-54-171-203-87.eu-west-1.compute.amazonaws.com, but this does not map back to the address - POSSIBLE BREAK-IN ATTEMPT!
Address 54.171.213.136 maps to ec2-54-171-213-136.eu-west-1.compute.amazonaws.com, but this does not map back to the address - POSSIBLE BREAK-IN ATTEMPT!
Address 54.72.139.168 maps to ec2-54-72-139-168.eu-west-1.compute.amazonaws.com, but this does not map back to the address - POSSIBLE BREAK-IN ATTEMPT!
Address 54.171.213.149 maps to ec2-54-171-213-149.eu-west-1.compute.amazonaws.com, but this does not map back to the address - POSSIBLE BREAK-IN ATTEMPT!
Address 54.171.243.250 maps to ec2-54-171-243-250.eu-west-1.compute.amazonaws.com, but this does not map back to the address - POSSIBLE BREAK-IN ATTEMPT!
Address 52.16.244.248 maps to ec2-52-16-244-248.eu-west-1.compute.amazonaws.com, but this does not map back to the address - POSSIBLE BREAK-IN ATTEMPT!
Address 54.171.243.247 maps to ec2-54-171-243-247.eu-west-1.compute.amazonaws.com, but this does not map back to the address - POSSIBLE BREAK-IN ATTEMPT!
Address 52.16.55.242 maps to ec2-52-16-55-242.eu-west-1.compute.amazonaws.com, but this does not map back to the address - POSSIBLE BREAK-IN ATTEMPT!
Address 54.171.243.241 maps to ec2-54-171-243-241.eu-west-1.compute.amazonaws.com, but this does not map back to the address - POSSIBLE BREAK-IN ATTEMPT!
Address 54.171.243.248 maps to ec2-54-171-243-248.eu-west-1.compute.amazonaws.com, but this does not map back to the address - POSSIBLE BREAK-IN ATTEMPT!
Address 52.16.59.136 maps to ec2-52-16-59-136.eu-west-1.compute.amazonaws.com, but this does not map back to the address - POSSIBLE BREAK-IN ATTEMPT!
Address 54.77.199.159 maps to ec2-54-77-199-159.eu-west-1.compute.amazonaws.com, but this does not map back to the address - POSSIBLE BREAK-IN ATTEMPT!
Address 54.171.188.246 maps to ec2-54-171-188-246.eu-west-1.compute.amazonaws.com, but this does not map back to the address - POSSIBLE BREAK-IN ATTEMPT!
Address 54.76.236.34 maps to ec2-54-76-236-34.eu-west-1.compute.amazonaws.com, but this does not map back to the address - POSSIBLE BREAK-IN ATTEMPT!
graph_generation:               0.108050 s
construction_time:              0.011562 s
Running BFS 0
Time for BFS 0 is 0.015464
TEPS tranversed all edges BFS 0 is 4.23795e+06
Running BFS 1
Time for BFS 1 is 0.009649
TEPS tranversed all edges BFS 1 is 6.79197e+06
Running BFS 2
Time for BFS 2 is 0.009719
TEPS tranversed all edges BFS 2 is 6.74315e+06
Running BFS 3
Time for BFS 3 is 0.010906
TEPS tranversed all edges BFS 3 is 6.00918e+06
Running BFS 4
Time for BFS 4 is 0.009649
TEPS tranversed all edges BFS 4 is 6.79197e+06
Running BFS 5
Time for BFS 5 is 0.010418
TEPS tranversed all edges BFS 5 is 6.29054e+06
Running BFS 6
Time for BFS 6 is 0.009906
TEPS tranversed all edges BFS 6 is 6.61575e+06
Running BFS 7
Time for BFS 7 is 0.009788
TEPS tranversed all edges BFS 7 is 6.69552e+06
Running BFS 8
Time for BFS 8 is 0.010460
TEPS tranversed all edges BFS 8 is 6.26545e+06
Running BFS 9
Time for BFS 9 is 0.011741
TEPS tranversed all edges BFS 9 is 5.58184e+06
Running BFS 10
Time for BFS 10 is 0.010418
TEPS tranversed all edges BFS 10 is 6.29054e+06
Running BFS 11
Time for BFS 11 is 0.013591
TEPS tranversed all edges BFS 11 is 4.822e+06
Running BFS 12
Time for BFS 12 is 0.011146
TEPS tranversed all edges BFS 12 is 5.87974e+06
Running BFS 13
Time for BFS 13 is 0.009291
TEPS tranversed all edges BFS 13 is 7.05376e+06
Running BFS 14
Time for BFS 14 is 0.010192
TEPS tranversed all edges BFS 14 is 6.43019e+06
Running BFS 15
Time for BFS 15 is 0.011035
TEPS tranversed all edges BFS 15 is 5.93881e+06
Running BFS 16
Time for BFS 16 is 0.021325
TEPS tranversed all edges BFS 16 is 3.07318e+06
Running BFS 17
Time for BFS 17 is 0.010091
TEPS tranversed all edges BFS 17 is 6.49446e+06
Running BFS 18
Time for BFS 18 is 0.009942
TEPS tranversed all edges BFS 18 is 6.5918e+06
Running BFS 19
Time for BFS 19 is 0.012027
TEPS tranversed all edges BFS 19 is 5.44906e+06
Running BFS 20
Time for BFS 20 is 0.015181
TEPS tranversed all edges BFS 20 is 4.31696e+06
Running BFS 21
Time for BFS 21 is 0.010147
TEPS tranversed all edges BFS 21 is 6.4586e+06
Running BFS 22
Time for BFS 22 is 0.009964
TEPS tranversed all edges BFS 22 is 6.57729e+06
Running BFS 23
Time for BFS 23 is 0.010443
TEPS tranversed all edges BFS 23 is 6.27561e+06
Running BFS 24
Time for BFS 24 is 0.010154
TEPS tranversed all edges BFS 24 is 6.4542e+06
Running BFS 25
Time for BFS 25 is 0.010375
TEPS tranversed all edges BFS 25 is 6.31671e+06
Running BFS 26
Time for BFS 26 is 0.009812
TEPS tranversed all edges BFS 26 is 6.67925e+06
Running BFS 27
Time for BFS 27 is 0.012131
TEPS tranversed all edges BFS 27 is 5.40237e+06
Running BFS 28
Time for BFS 28 is 0.011922
TEPS tranversed all edges BFS 28 is 5.49701e+06
Running BFS 29
Time for BFS 29 is 0.009665
TEPS tranversed all edges BFS 29 is 6.78075e+06
Running BFS 30
Time for BFS 30 is 0.026322
TEPS tranversed all edges BFS 30 is 2.48979e+06
Running BFS 31
Time for BFS 31 is 0.011711
TEPS tranversed all edges BFS 31 is 5.59605e+06
Running BFS 32
Time for BFS 32 is 0.010129
TEPS tranversed all edges BFS 32 is 6.47e+06
Running BFS 33
Time for BFS 33 is 0.011730
TEPS tranversed all edges BFS 33 is 5.58706e+06
Running BFS 34
Time for BFS 34 is 0.009657
TEPS tranversed all edges BFS 34 is 6.78644e+06
Running BFS 35
Time for BFS 35 is 0.009953
TEPS tranversed all edges BFS 35 is 6.58453e+06
Running BFS 36
Time for BFS 36 is 0.010011
TEPS tranversed all edges BFS 36 is 6.54643e+06
Running BFS 37
Time for BFS 37 is 0.010143
TEPS tranversed all edges BFS 37 is 6.46118e+06
Running BFS 38
Time for BFS 38 is 0.009828
TEPS tranversed all edges BFS 38 is 6.66839e+06
Running BFS 39
Time for BFS 39 is 0.010219
TEPS tranversed all edges BFS 39 is 6.41309e+06
Running BFS 40
Time for BFS 40 is 0.011447
TEPS tranversed all edges BFS 40 is 5.72519e+06
Running BFS 41
Time for BFS 41 is 0.010361
TEPS tranversed all edges BFS 41 is 6.32528e+06
Running BFS 42
Time for BFS 42 is 0.009890
TEPS tranversed all edges BFS 42 is 6.62644e+06
Running BFS 43
Time for BFS 43 is 0.011132
TEPS tranversed all edges BFS 43 is 5.88717e+06
Running BFS 44
Time for BFS 44 is 0.011992
TEPS tranversed all edges BFS 44 is 5.46499e+06
Running BFS 45
Time for BFS 45 is 0.010270
TEPS tranversed all edges BFS 45 is 6.38123e+06
Running BFS 46
Time for BFS 46 is 0.010287
TEPS tranversed all edges BFS 46 is 6.37073e+06
Running BFS 47
Time for BFS 47 is 0.009820
TEPS tranversed all edges BFS 47 is 6.67374e+06
Running BFS 48
Time for BFS 48 is 0.010149
TEPS tranversed all edges BFS 48 is 6.45738e+06
Running BFS 49
Time for BFS 49 is 0.010643
TEPS tranversed all edges BFS 49 is 6.15766e+06
Running BFS 50
Time for BFS 50 is 0.010165
TEPS tranversed all edges BFS 50 is 6.44708e+06
Running BFS 51
Time for BFS 51 is 0.010032
TEPS tranversed all edges BFS 51 is 6.53274e+06
Running BFS 52
Time for BFS 52 is 0.010165
TEPS tranversed all edges BFS 52 is 6.44724e+06
Running BFS 53
Time for BFS 53 is 0.009962
TEPS tranversed all edges BFS 53 is 6.5787e+06
Running BFS 54
Time for BFS 54 is 0.010191
TEPS tranversed all edges BFS 54 is 6.4308e+06
Running BFS 55
Time for BFS 55 is 0.008028
TEPS tranversed all edges BFS 55 is 8.1634e+06
Running BFS 56
Time for BFS 56 is 0.008241
TEPS tranversed all edges BFS 56 is 7.95249e+06
Running BFS 57
Time for BFS 57 is 0.013929
TEPS tranversed all edges BFS 57 is 4.70504e+06
Running BFS 58
Time for BFS 58 is 0.012178
TEPS tranversed all edges BFS 58 is 5.38153e+06
Running BFS 59
Time for BFS 59 is 0.010125
TEPS tranversed all edges BFS 59 is 6.47274e+06
Running BFS 60
Time for BFS 60 is 0.009907
TEPS tranversed all edges BFS 60 is 6.61512e+06
Running BFS 61
Time for BFS 61 is 0.009849
TEPS tranversed all edges BFS 61 is 6.65403e+06
Running BFS 62
Time for BFS 62 is 0.009930
TEPS tranversed all edges BFS 62 is 6.59971e+06
Running BFS 63
Time for BFS 63 is 0.010027
TEPS tranversed all edges BFS 63 is 6.53584e+06
