Address 54.171.247.223 maps to ec2-54-171-247-223.eu-west-1.compute.amazonaws.com, but this does not map back to the address - POSSIBLE BREAK-IN ATTEMPT!
Address 54.171.243.249 maps to ec2-54-171-243-249.eu-west-1.compute.amazonaws.com, but this does not map back to the address - POSSIBLE BREAK-IN ATTEMPT!
Address 54.171.213.136 maps to ec2-54-171-213-136.eu-west-1.compute.amazonaws.com, but this does not map back to the address - POSSIBLE BREAK-IN ATTEMPT!
Address 54.72.139.168 maps to ec2-54-72-139-168.eu-west-1.compute.amazonaws.com, but this does not map back to the address - POSSIBLE BREAK-IN ATTEMPT!
Address 52.16.244.248 maps to ec2-52-16-244-248.eu-west-1.compute.amazonaws.com, but this does not map back to the address - POSSIBLE BREAK-IN ATTEMPT!
Address 54.171.243.247 maps to ec2-54-171-243-247.eu-west-1.compute.amazonaws.com, but this does not map back to the address - POSSIBLE BREAK-IN ATTEMPT!
Address 54.171.203.87 maps to ec2-54-171-203-87.eu-west-1.compute.amazonaws.com, but this does not map back to the address - POSSIBLE BREAK-IN ATTEMPT!
Address 54.171.213.149 maps to ec2-54-171-213-149.eu-west-1.compute.amazonaws.com, but this does not map back to the address - POSSIBLE BREAK-IN ATTEMPT!
Address 54.171.243.241 maps to ec2-54-171-243-241.eu-west-1.compute.amazonaws.com, but this does not map back to the address - POSSIBLE BREAK-IN ATTEMPT!
Address 54.171.243.248 maps to ec2-54-171-243-248.eu-west-1.compute.amazonaws.com, but this does not map back to the address - POSSIBLE BREAK-IN ATTEMPT!
Address 52.16.59.136 maps to ec2-52-16-59-136.eu-west-1.compute.amazonaws.com, but this does not map back to the address - POSSIBLE BREAK-IN ATTEMPT!
Address 54.77.199.159 maps to ec2-54-77-199-159.eu-west-1.compute.amazonaws.com, but this does not map back to the address - POSSIBLE BREAK-IN ATTEMPT!
Address 52.16.55.242 maps to ec2-52-16-55-242.eu-west-1.compute.amazonaws.com, but this does not map back to the address - POSSIBLE BREAK-IN ATTEMPT!
Address 54.76.236.34 maps to ec2-54-76-236-34.eu-west-1.compute.amazonaws.com, but this does not map back to the address - POSSIBLE BREAK-IN ATTEMPT!
Address 54.171.243.250 maps to ec2-54-171-243-250.eu-west-1.compute.amazonaws.com, but this does not map back to the address - POSSIBLE BREAK-IN ATTEMPT!
Address 54.171.188.246 maps to ec2-54-171-188-246.eu-west-1.compute.amazonaws.com, but this does not map back to the address - POSSIBLE BREAK-IN ATTEMPT!
graph_generation:               0.087451 s
construction_time:              0.007323 s
Running BFS 0
Time for BFS 0 is 0.012541
TEPS tranversed all edges BFS 0 is 653215
Running BFS 1
Time for BFS 1 is 0.009917
TEPS tranversed all edges BFS 1 is 826055
Running BFS 2
Time for BFS 2 is 0.008488
TEPS tranversed all edges BFS 2 is 965134
Running BFS 3
Time for BFS 3 is 0.009639
TEPS tranversed all edges BFS 3 is 849879
Running BFS 4
Time for BFS 4 is 0.008936
TEPS tranversed all edges BFS 4 is 916749
Running BFS 5
Time for BFS 5 is 0.006819
TEPS tranversed all edges BFS 5 is 1.20135e+06
Running BFS 6
Time for BFS 6 is 0.008317
TEPS tranversed all edges BFS 6 is 984971
Running BFS 7
Time for BFS 7 is 0.008377
TEPS tranversed all edges BFS 7 is 977935
Running BFS 8
Time for BFS 8 is 0.008436
TEPS tranversed all edges BFS 8 is 971053
Running BFS 9
Time for BFS 9 is 0.006717
TEPS tranversed all edges BFS 9 is 1.21955e+06
Running BFS 10
Time for BFS 10 is 0.006736
TEPS tranversed all edges BFS 10 is 1.21614e+06
Running BFS 11
Time for BFS 11 is 0.006705
TEPS tranversed all edges BFS 11 is 1.22177e+06
Running BFS 12
Time for BFS 12 is 0.006918
TEPS tranversed all edges BFS 12 is 1.18417e+06
Running BFS 13
Time for BFS 13 is 0.008200
TEPS tranversed all edges BFS 13 is 999033
Running BFS 14
Time for BFS 14 is 0.006816
TEPS tranversed all edges BFS 14 is 1.20189e+06
Running BFS 15
Time for BFS 15 is 0.007043
TEPS tranversed all edges BFS 15 is 1.16316e+06
Running BFS 16
Time for BFS 16 is 0.008314
TEPS tranversed all edges BFS 16 is 985310
Running BFS 17
Time for BFS 17 is 0.009410
TEPS tranversed all edges BFS 17 is 870572
Running BFS 18
Time for BFS 18 is 0.009063
TEPS tranversed all edges BFS 18 is 903894
Running BFS 19
Time for BFS 19 is 0.008236
TEPS tranversed all edges BFS 19 is 994666
Running BFS 20
Time for BFS 20 is 0.008161
TEPS tranversed all edges BFS 20 is 1.00382e+06
Running BFS 21
Time for BFS 21 is 0.008350
TEPS tranversed all edges BFS 21 is 981062
Running BFS 22
Time for BFS 22 is 0.006639
TEPS tranversed all edges BFS 22 is 1.23392e+06
Running BFS 23
Time for BFS 23 is 0.006910
TEPS tranversed all edges BFS 23 is 1.18551e+06
Running BFS 24
Time for BFS 24 is 0.006798
TEPS tranversed all edges BFS 24 is 1.20506e+06
Running BFS 25
Time for BFS 25 is 0.006761
TEPS tranversed all edges BFS 25 is 1.21168e+06
Running BFS 26
Time for BFS 26 is 0.008218
TEPS tranversed all edges BFS 26 is 996830
Running BFS 27
Time for BFS 27 is 0.007823
TEPS tranversed all edges BFS 27 is 1.04717e+06
Running BFS 28
Time for BFS 28 is 0.007599
TEPS tranversed all edges BFS 28 is 1.07805e+06
Running BFS 29
Time for BFS 29 is 0.009229
TEPS tranversed all edges BFS 29 is 887619
Running BFS 30
Time for BFS 30 is 0.008425
TEPS tranversed all edges BFS 30 is 972345
Running BFS 31
Time for BFS 31 is 0.007236
TEPS tranversed all edges BFS 31 is 1.13212e+06
Running BFS 32
Time for BFS 32 is 0.009774
TEPS tranversed all edges BFS 32 is 838145
Running BFS 33
Time for BFS 33 is 0.008952
TEPS tranversed all edges BFS 33 is 915113
Running BFS 34
Time for BFS 34 is 0.006916
TEPS tranversed all edges BFS 34 is 1.18453e+06
Running BFS 35
Time for BFS 35 is 0.008572
TEPS tranversed all edges BFS 35 is 955685
Running BFS 36
Time for BFS 36 is 0.008337
TEPS tranversed all edges BFS 36 is 982605
Running BFS 37
Time for BFS 37 is 0.006905
TEPS tranversed all edges BFS 37 is 1.18641e+06
Running BFS 38
Time for BFS 38 is 0.006857
TEPS tranversed all edges BFS 38 is 1.19471e+06
Running BFS 39
Time for BFS 39 is 0.008481
TEPS tranversed all edges BFS 39 is 965948
Running BFS 40
Time for BFS 40 is 0.008386
TEPS tranversed all edges BFS 40 is 976878
Running BFS 41
Time for BFS 41 is 0.009367
TEPS tranversed all edges BFS 41 is 874561
Running BFS 42
Time for BFS 42 is 0.006854
TEPS tranversed all edges BFS 42 is 1.1952e+06
Running BFS 43
Time for BFS 43 is 0.009459
TEPS tranversed all edges BFS 43 is 866052
Running BFS 44
Time for BFS 44 is 0.008316
TEPS tranversed all edges BFS 44 is 985084
Running BFS 45
Time for BFS 45 is 0.006716
TEPS tranversed all edges BFS 45 is 1.21977e+06
Running BFS 46
Time for BFS 46 is 0.006756
TEPS tranversed all edges BFS 46 is 1.21254e+06
Running BFS 47
Time for BFS 47 is 0.009249
TEPS tranversed all edges BFS 47 is 885720
Running BFS 48
Time for BFS 48 is 0.008767
TEPS tranversed all edges BFS 48 is 934425
Running BFS 49
Time for BFS 49 is 0.007071
TEPS tranversed all edges BFS 49 is 1.15853e+06
Running BFS 50
Time for BFS 50 is 0.007082
TEPS tranversed all edges BFS 50 is 1.15674e+06
Running BFS 51
Time for BFS 51 is 0.006724
TEPS tranversed all edges BFS 51 is 1.2183e+06
Running BFS 52
Time for BFS 52 is 0.008349
TEPS tranversed all edges BFS 52 is 981202
Running BFS 53
Time for BFS 53 is 0.006809
TEPS tranversed all edges BFS 53 is 1.20311e+06
Running BFS 54
Time for BFS 54 is 0.007035
TEPS tranversed all edges BFS 54 is 1.16446e+06
Running BFS 55
Time for BFS 55 is 0.008633
TEPS tranversed all edges BFS 55 is 948902
Running BFS 56
Time for BFS 56 is 0.006772
TEPS tranversed all edges BFS 56 is 1.20968e+06
Running BFS 57
Time for BFS 57 is 0.008595
TEPS tranversed all edges BFS 57 is 953113
Running BFS 58
Time for BFS 58 is 0.008323
TEPS tranversed all edges BFS 58 is 984266
Running BFS 59
Time for BFS 59 is 0.008619
TEPS tranversed all edges BFS 59 is 950451
Running BFS 60
Time for BFS 60 is 0.010009
TEPS tranversed all edges BFS 60 is 818459
Running BFS 61
Time for BFS 61 is 0.009326
TEPS tranversed all edges BFS 61 is 878406
Running BFS 62
Time for BFS 62 is 0.008553
TEPS tranversed all edges BFS 62 is 957789
Running BFS 63
Time for BFS 63 is 0.011103
TEPS tranversed all edges BFS 63 is 737824
