Address 54.171.247.223 maps to ec2-54-171-247-223.eu-west-1.compute.amazonaws.com, but this does not map back to the address - POSSIBLE BREAK-IN ATTEMPT!
Address 52.16.55.242 maps to ec2-52-16-55-242.eu-west-1.compute.amazonaws.com, but this does not map back to the address - POSSIBLE BREAK-IN ATTEMPT!
Address 54.171.243.249 maps to ec2-54-171-243-249.eu-west-1.compute.amazonaws.com, but this does not map back to the address - POSSIBLE BREAK-IN ATTEMPT!
Address 54.171.243.241 maps to ec2-54-171-243-241.eu-west-1.compute.amazonaws.com, but this does not map back to the address - POSSIBLE BREAK-IN ATTEMPT!
Address 54.72.139.168 maps to ec2-54-72-139-168.eu-west-1.compute.amazonaws.com, but this does not map back to the address - POSSIBLE BREAK-IN ATTEMPT!
Address 52.16.244.248 maps to ec2-52-16-244-248.eu-west-1.compute.amazonaws.com, but this does not map back to the address - POSSIBLE BREAK-IN ATTEMPT!
Address 54.171.213.136 maps to ec2-54-171-213-136.eu-west-1.compute.amazonaws.com, but this does not map back to the address - POSSIBLE BREAK-IN ATTEMPT!
Address 54.72.72.49 maps to ec2-54-72-72-49.eu-west-1.compute.amazonaws.com, but this does not map back to the address - POSSIBLE BREAK-IN ATTEMPT!
Address 54.77.11.135 maps to ec2-54-77-11-135.eu-west-1.compute.amazonaws.com, but this does not map back to the address - POSSIBLE BREAK-IN ATTEMPT!
Address 54.171.188.246 maps to ec2-54-171-188-246.eu-west-1.compute.amazonaws.com, but this does not map back to the address - POSSIBLE BREAK-IN ATTEMPT!
Address 54.76.101.189 maps to ec2-54-76-101-189.eu-west-1.compute.amazonaws.com, but this does not map back to the address - POSSIBLE BREAK-IN ATTEMPT!
Address 54.171.235.243 maps to ec2-54-171-235-243.eu-west-1.compute.amazonaws.com, but this does not map back to the address - POSSIBLE BREAK-IN ATTEMPT!
Address 54.171.48.199 maps to ec2-54-171-48-199.eu-west-1.compute.amazonaws.com, but this does not map back to the address - POSSIBLE BREAK-IN ATTEMPT!
Address 54.77.199.159 maps to ec2-54-77-199-159.eu-west-1.compute.amazonaws.com, but this does not map back to the address - POSSIBLE BREAK-IN ATTEMPT!
Address 54.76.236.34 maps to ec2-54-76-236-34.eu-west-1.compute.amazonaws.com, but this does not map back to the address - POSSIBLE BREAK-IN ATTEMPT!
Address 54.171.188.177 maps to ec2-54-171-188-177.eu-west-1.compute.amazonaws.com, but this does not map back to the address - POSSIBLE BREAK-IN ATTEMPT!
Address 54.171.117.218 maps to ec2-54-171-117-218.eu-west-1.compute.amazonaws.com, but this does not map back to the address - POSSIBLE BREAK-IN ATTEMPT!
Address 54.171.183.22 maps to ec2-54-171-183-22.eu-west-1.compute.amazonaws.com, but this does not map back to the address - POSSIBLE BREAK-IN ATTEMPT!
Address 54.171.175.112 maps to ec2-54-171-175-112.eu-west-1.compute.amazonaws.com, but this does not map back to the address - POSSIBLE BREAK-IN ATTEMPT!
Address 54.171.243.247 maps to ec2-54-171-243-247.eu-west-1.compute.amazonaws.com, but this does not map back to the address - POSSIBLE BREAK-IN ATTEMPT!
Address 52.16.59.136 maps to ec2-52-16-59-136.eu-west-1.compute.amazonaws.com, but this does not map back to the address - POSSIBLE BREAK-IN ATTEMPT!
Address 54.171.191.75 maps to ec2-54-171-191-75.eu-west-1.compute.amazonaws.com, but this does not map back to the address - POSSIBLE BREAK-IN ATTEMPT!
Address 54.171.243.245 maps to ec2-54-171-243-245.eu-west-1.compute.amazonaws.com, but this does not map back to the address - POSSIBLE BREAK-IN ATTEMPT!
Address 54.76.194.75 maps to ec2-54-76-194-75.eu-west-1.compute.amazonaws.com, but this does not map back to the address - POSSIBLE BREAK-IN ATTEMPT!
Address 54.171.227.237 maps to ec2-54-171-227-237.eu-west-1.compute.amazonaws.com, but this does not map back to the address - POSSIBLE BREAK-IN ATTEMPT!
Address 54.171.243.250 maps to ec2-54-171-243-250.eu-west-1.compute.amazonaws.com, but this does not map back to the address - POSSIBLE BREAK-IN ATTEMPT!
Address 54.171.213.149 maps to ec2-54-171-213-149.eu-west-1.compute.amazonaws.com, but this does not map back to the address - POSSIBLE BREAK-IN ATTEMPT!
Address 54.171.243.248 maps to ec2-54-171-243-248.eu-west-1.compute.amazonaws.com, but this does not map back to the address - POSSIBLE BREAK-IN ATTEMPT!
Address 54.171.203.87 maps to ec2-54-171-203-87.eu-west-1.compute.amazonaws.com, but this does not map back to the address - POSSIBLE BREAK-IN ATTEMPT!
Address 54.154.174.173 maps to ec2-54-154-174-173.eu-west-1.compute.amazonaws.com, but this does not map back to the address - POSSIBLE BREAK-IN ATTEMPT!
Address 54.171.189.18 maps to ec2-54-171-189-18.eu-west-1.compute.amazonaws.com, but this does not map back to the address - POSSIBLE BREAK-IN ATTEMPT!
Address 54.171.247.14 maps to ec2-54-171-247-14.eu-west-1.compute.amazonaws.com, but this does not map back to the address - POSSIBLE BREAK-IN ATTEMPT!
graph_generation:               0.146510 s
construction_time:              0.017035 s
Running BFS 0
Time for BFS 0 is 0.038821
TEPS tranversed all edges BFS 0 is 211020
Running BFS 1
Time for BFS 1 is 0.016278
TEPS tranversed all edges BFS 1 is 503255
Running BFS 2
Time for BFS 2 is 0.013610
TEPS tranversed all edges BFS 2 is 601915
Running BFS 3
Time for BFS 3 is 0.013953
TEPS tranversed all edges BFS 3 is 587115
Running BFS 4
Time for BFS 4 is 0.021362
TEPS tranversed all edges BFS 4 is 383488
Running BFS 5
Time for BFS 5 is 0.013343
TEPS tranversed all edges BFS 5 is 613961
Running BFS 6
Time for BFS 6 is 0.013470
TEPS tranversed all edges BFS 6 is 608158
Running BFS 7
Time for BFS 7 is 0.013865
TEPS tranversed all edges BFS 7 is 590840
Running BFS 8
Time for BFS 8 is 0.014070
TEPS tranversed all edges BFS 8 is 582230
Running BFS 9
Time for BFS 9 is 0.010670
TEPS tranversed all edges BFS 9 is 767747
Running BFS 10
Time for BFS 10 is 0.011549
TEPS tranversed all edges BFS 10 is 709326
Running BFS 11
Time for BFS 11 is 0.012255
TEPS tranversed all edges BFS 11 is 668464
Running BFS 12
Time for BFS 12 is 0.012169
TEPS tranversed all edges BFS 12 is 673192
Running BFS 13
Time for BFS 13 is 0.013715
TEPS tranversed all edges BFS 13 is 597301
Running BFS 14
Time for BFS 14 is 0.010729
TEPS tranversed all edges BFS 14 is 763533
Running BFS 15
Time for BFS 15 is 0.011377
TEPS tranversed all edges BFS 15 is 720058
Running BFS 16
Time for BFS 16 is 0.024129
TEPS tranversed all edges BFS 16 is 339510
Running BFS 17
Time for BFS 17 is 0.013658
TEPS tranversed all edges BFS 17 is 599793
Running BFS 18
Time for BFS 18 is 0.013743
TEPS tranversed all edges BFS 18 is 596089
Running BFS 19
Time for BFS 19 is 0.013609
TEPS tranversed all edges BFS 19 is 601958
Running BFS 20
Time for BFS 20 is 0.014048
TEPS tranversed all edges BFS 20 is 583139
Running BFS 21
Time for BFS 21 is 0.013480
TEPS tranversed all edges BFS 21 is 607717
Running BFS 22
Time for BFS 22 is 0.012259
TEPS tranversed all edges BFS 22 is 668243
Running BFS 23
Time for BFS 23 is 0.013042
TEPS tranversed all edges BFS 23 is 628126
Running BFS 24
Time for BFS 24 is 0.015089
TEPS tranversed all edges BFS 24 is 542911
Running BFS 25
Time for BFS 25 is 0.010623
TEPS tranversed all edges BFS 25 is 771159
Running BFS 26
Time for BFS 26 is 0.013482
TEPS tranversed all edges BFS 26 is 607621
Running BFS 27
Time for BFS 27 is 0.011112
TEPS tranversed all edges BFS 27 is 737223
Running BFS 28
Time for BFS 28 is 0.015437
TEPS tranversed all edges BFS 28 is 530669
Running BFS 29
Time for BFS 29 is 0.014204
TEPS tranversed all edges BFS 29 is 576738
Running BFS 30
Time for BFS 30 is 0.013785
TEPS tranversed all edges BFS 30 is 594264
Running BFS 31
Time for BFS 31 is 0.011195
TEPS tranversed all edges BFS 31 is 731759
Running BFS 32
Time for BFS 32 is 0.014200
TEPS tranversed all edges BFS 32 is 576903
Running BFS 33
Time for BFS 33 is 0.013672
TEPS tranversed all edges BFS 33 is 599176
Running BFS 34
Time for BFS 34 is 0.017079
TEPS tranversed all edges BFS 34 is 479650
Running BFS 35
Time for BFS 35 is 0.015645
TEPS tranversed all edges BFS 35 is 523617
Running BFS 36
Time for BFS 36 is 0.014018
TEPS tranversed all edges BFS 36 is 584399
Running BFS 37
Time for BFS 37 is 0.010567
TEPS tranversed all edges BFS 37 is 775230
Running BFS 38
Time for BFS 38 is 0.011614
TEPS tranversed all edges BFS 38 is 705350
Running BFS 39
Time for BFS 39 is 0.013921
TEPS tranversed all edges BFS 39 is 588463
Running BFS 40
Time for BFS 40 is 0.015567
TEPS tranversed all edges BFS 40 is 526239
Running BFS 41
Time for BFS 41 is 0.011027
TEPS tranversed all edges BFS 41 is 742897
Running BFS 42
Time for BFS 42 is 0.012536
TEPS tranversed all edges BFS 42 is 653475
Running BFS 43
Time for BFS 43 is 0.013844
TEPS tranversed all edges BFS 43 is 591736
Running BFS 44
Time for BFS 44 is 0.013850
TEPS tranversed all edges BFS 44 is 591481
Running BFS 45
Time for BFS 45 is 0.017206
TEPS tranversed all edges BFS 45 is 476114
Running BFS 46
Time for BFS 46 is 0.010948
TEPS tranversed all edges BFS 46 is 748268
Running BFS 47
Time for BFS 47 is 0.013724
TEPS tranversed all edges BFS 47 is 596907
Running BFS 48
Time for BFS 48 is 0.013887
TEPS tranversed all edges BFS 48 is 589897
Running BFS 49
Time for BFS 49 is 0.010806
TEPS tranversed all edges BFS 49 is 758108
Running BFS 50
Time for BFS 50 is 0.010695
TEPS tranversed all edges BFS 50 is 765967
Running BFS 51
Time for BFS 51 is 0.011595
TEPS tranversed all edges BFS 51 is 706511
Running BFS 52
Time for BFS 52 is 0.014382
TEPS tranversed all edges BFS 52 is 569596
Running BFS 53
Time for BFS 53 is 0.011311
TEPS tranversed all edges BFS 53 is 724247
Running BFS 54
Time for BFS 54 is 0.011024
TEPS tranversed all edges BFS 54 is 743106
Running BFS 55
Time for BFS 55 is 0.013763
TEPS tranversed all edges BFS 55 is 595211
Running BFS 56
Time for BFS 56 is 0.010740
TEPS tranversed all edges BFS 56 is 762753
Running BFS 57
Time for BFS 57 is 0.013121
TEPS tranversed all edges BFS 57 is 624337
Running BFS 58
Time for BFS 58 is 0.011007
TEPS tranversed all edges BFS 58 is 744249
Running BFS 59
Time for BFS 59 is 0.014114
TEPS tranversed all edges BFS 59 is 580421
Running BFS 60
Time for BFS 60 is 0.014203
TEPS tranversed all edges BFS 60 is 576777
Running BFS 61
Time for BFS 61 is 0.014037
TEPS tranversed all edges BFS 61 is 583605
Running BFS 62
Time for BFS 62 is 0.013517
TEPS tranversed all edges BFS 62 is 606045
Running BFS 63
Time for BFS 63 is 0.013747
TEPS tranversed all edges BFS 63 is 595913
