Address 54.171.104.97 maps to ec2-54-171-104-97.eu-west-1.compute.amazonaws.com, but this does not map back to the address - POSSIBLE BREAK-IN ATTEMPT!
Address 54.171.106.141 maps to ec2-54-171-106-141.eu-west-1.compute.amazonaws.com, but this does not map back to the address - POSSIBLE BREAK-IN ATTEMPT!
Address 54.72.40.197 maps to ec2-54-72-40-197.eu-west-1.compute.amazonaws.com, but this does not map back to the address - POSSIBLE BREAK-IN ATTEMPT!
Address 54.171.105.162 maps to ec2-54-171-105-162.eu-west-1.compute.amazonaws.com, but this does not map back to the address - POSSIBLE BREAK-IN ATTEMPT!
Address 52.17.133.141 maps to ec2-52-17-133-141.eu-west-1.compute.amazonaws.com, but this does not map back to the address - POSSIBLE BREAK-IN ATTEMPT!
Address 52.17.197.220 maps to ec2-52-17-197-220.eu-west-1.compute.amazonaws.com, but this does not map back to the address - POSSIBLE BREAK-IN ATTEMPT!
Address 54.171.73.253 maps to ec2-54-171-73-253.eu-west-1.compute.amazonaws.com, but this does not map back to the address - POSSIBLE BREAK-IN ATTEMPT!
Address 54.171.87.234 maps to ec2-54-171-87-234.eu-west-1.compute.amazonaws.com, but this does not map back to the address - POSSIBLE BREAK-IN ATTEMPT!
graph_generation:               1.513771 s
construction_time:              0.359822 s
Running BFS 0
Time for BFS 0 is 0.109189
TEPS tranversed all edges BFS 0 is 3.84132e+07
Running BFS 1
Time for BFS 1 is 0.121184
TEPS tranversed all edges BFS 1 is 3.46111e+07
Running BFS 2
Time for BFS 2 is 0.120110
TEPS tranversed all edges BFS 2 is 3.49205e+07
Running BFS 3
Time for BFS 3 is 0.108917
TEPS tranversed all edges BFS 3 is 3.85092e+07
Running BFS 4
Time for BFS 4 is 0.109789
TEPS tranversed all edges BFS 4 is 3.82034e+07
Running BFS 5
Time for BFS 5 is 0.286755
TEPS tranversed all edges BFS 5 is 1.46268e+07
Running BFS 6
Time for BFS 6 is 0.306280
TEPS tranversed all edges BFS 6 is 1.36943e+07
Running BFS 7
Time for BFS 7 is 0.112355
TEPS tranversed all edges BFS 7 is 3.73308e+07
Running BFS 8
Time for BFS 8 is 0.282528
TEPS tranversed all edges BFS 8 is 1.48456e+07
Running BFS 9
Time for BFS 9 is 0.288387
TEPS tranversed all edges BFS 9 is 1.4544e+07
Running BFS 10
Time for BFS 10 is 0.293660
TEPS tranversed all edges BFS 10 is 1.42828e+07
Running BFS 11
Time for BFS 11 is 0.315788
TEPS tranversed all edges BFS 11 is 1.3282e+07
Running BFS 12
Time for BFS 12 is 0.101907
TEPS tranversed all edges BFS 12 is 4.11581e+07
Running BFS 13
Time for BFS 13 is 0.315921
TEPS tranversed all edges BFS 13 is 1.32764e+07
Running BFS 14
Time for BFS 14 is 0.310419
TEPS tranversed all edges BFS 14 is 1.35117e+07
Running BFS 15
Time for BFS 15 is 0.099055
TEPS tranversed all edges BFS 15 is 4.23432e+07
Running BFS 16
Time for BFS 16 is 0.285886
TEPS tranversed all edges BFS 16 is 1.46713e+07
Running BFS 17
Time for BFS 17 is 0.302930
TEPS tranversed all edges BFS 17 is 1.38458e+07
Running BFS 18
Time for BFS 18 is 0.104423
TEPS tranversed all edges BFS 18 is 4.01665e+07
Running BFS 19
Time for BFS 19 is 0.279805
TEPS tranversed all edges BFS 19 is 1.49901e+07
Running BFS 20
Time for BFS 20 is 0.305294
TEPS tranversed all edges BFS 20 is 1.37386e+07
Running BFS 21
Time for BFS 21 is 0.298639
TEPS tranversed all edges BFS 21 is 1.40447e+07
Running BFS 22
Time for BFS 22 is 0.114748
TEPS tranversed all edges BFS 22 is 3.65523e+07
Running BFS 23
Time for BFS 23 is 0.318363
TEPS tranversed all edges BFS 23 is 1.31746e+07
Running BFS 24
Time for BFS 24 is 0.317188
TEPS tranversed all edges BFS 24 is 1.32234e+07
Running BFS 25
Time for BFS 25 is 0.117248
TEPS tranversed all edges BFS 25 is 3.57729e+07
Running BFS 26
Time for BFS 26 is 0.343029
TEPS tranversed all edges BFS 26 is 1.22273e+07
Running BFS 27
Time for BFS 27 is 0.316477
TEPS tranversed all edges BFS 27 is 1.32531e+07
Running BFS 28
Time for BFS 28 is 0.107590
TEPS tranversed all edges BFS 28 is 3.89842e+07
Running BFS 29
Time for BFS 29 is 0.292045
TEPS tranversed all edges BFS 29 is 1.43618e+07
Running BFS 30
Time for BFS 30 is 0.301805
TEPS tranversed all edges BFS 30 is 1.38974e+07
Running BFS 31
Time for BFS 31 is 0.108993
TEPS tranversed all edges BFS 31 is 3.84823e+07
Running BFS 32
Time for BFS 32 is 0.293759
TEPS tranversed all edges BFS 32 is 1.4278e+07
Running BFS 33
Time for BFS 33 is 0.297204
TEPS tranversed all edges BFS 33 is 1.41125e+07
Running BFS 34
Time for BFS 34 is 0.319110
TEPS tranversed all edges BFS 34 is 1.31438e+07
Running BFS 35
Time for BFS 35 is 0.110053
TEPS tranversed all edges BFS 35 is 3.81117e+07
Running BFS 36
Time for BFS 36 is 0.290978
TEPS tranversed all edges BFS 36 is 1.44145e+07
Running BFS 37
Time for BFS 37 is 0.309963
TEPS tranversed all edges BFS 37 is 1.35316e+07
Running BFS 38
Time for BFS 38 is 0.115030
TEPS tranversed all edges BFS 38 is 3.64628e+07
Running BFS 39
Time for BFS 39 is 0.296816
TEPS tranversed all edges BFS 39 is 1.4131e+07
Running BFS 40
Time for BFS 40 is 0.320293
TEPS tranversed all edges BFS 40 is 1.30952e+07
Running BFS 41
Time for BFS 41 is 0.112263
TEPS tranversed all edges BFS 41 is 3.73614e+07
Running BFS 42
Time for BFS 42 is 0.321020
TEPS tranversed all edges BFS 42 is 1.30656e+07
Running BFS 43
Time for BFS 43 is 0.314873
TEPS tranversed all edges BFS 43 is 1.33206e+07
Running BFS 44
Time for BFS 44 is 0.128307
TEPS tranversed all edges BFS 44 is 3.26896e+07
Running BFS 45
Time for BFS 45 is 0.294683
TEPS tranversed all edges BFS 45 is 1.42333e+07
Running BFS 46
Time for BFS 46 is 0.312063
TEPS tranversed all edges BFS 46 is 1.34406e+07
Running BFS 47
Time for BFS 47 is 0.114595
TEPS tranversed all edges BFS 47 is 3.66011e+07
Running BFS 48
Time for BFS 48 is 0.315585
TEPS tranversed all edges BFS 48 is 1.32906e+07
Running BFS 49
Time for BFS 49 is 0.339218
TEPS tranversed all edges BFS 49 is 1.23646e+07
Running BFS 50
Time for BFS 50 is 0.114953
TEPS tranversed all edges BFS 50 is 3.64871e+07
Running BFS 51
Time for BFS 51 is 0.314905
TEPS tranversed all edges BFS 51 is 1.33193e+07
Running BFS 52
Time for BFS 52 is 0.112381
TEPS tranversed all edges BFS 52 is 3.73222e+07
Running BFS 53
Time for BFS 53 is 0.332995
TEPS tranversed all edges BFS 53 is 1.25957e+07
Running BFS 54
Time for BFS 54 is 0.340619
TEPS tranversed all edges BFS 54 is 1.23138e+07
Running BFS 55
Time for BFS 55 is 0.184805
TEPS tranversed all edges BFS 55 is 2.26958e+07
Running BFS 56
Time for BFS 56 is 0.139110
TEPS tranversed all edges BFS 56 is 3.0151e+07
Running BFS 57
Time for BFS 57 is 0.300779
TEPS tranversed all edges BFS 57 is 1.39448e+07
Running BFS 58
Time for BFS 58 is 0.322251
TEPS tranversed all edges BFS 58 is 1.30156e+07
Running BFS 59
Time for BFS 59 is 0.111072
TEPS tranversed all edges BFS 59 is 3.7762e+07
Running BFS 60
Time for BFS 60 is 0.288063
TEPS tranversed all edges BFS 60 is 1.45604e+07
Running BFS 61
Time for BFS 61 is 0.305795
TEPS tranversed all edges BFS 61 is 1.37161e+07
Running BFS 62
Time for BFS 62 is 0.159046
TEPS tranversed all edges BFS 62 is 2.63717e+07
Running BFS 63
Time for BFS 63 is 0.276738
TEPS tranversed all edges BFS 63 is 1.51562e+07
