Address 54.171.87.234 maps to ec2-54-171-87-234.eu-west-1.compute.amazonaws.com, but this does not map back to the address - POSSIBLE BREAK-IN ATTEMPT!
Address 54.171.106.141 maps to ec2-54-171-106-141.eu-west-1.compute.amazonaws.com, but this does not map back to the address - POSSIBLE BREAK-IN ATTEMPT!
Address 54.72.40.197 maps to ec2-54-72-40-197.eu-west-1.compute.amazonaws.com, but this does not map back to the address - POSSIBLE BREAK-IN ATTEMPT!
Address 52.17.133.141 maps to ec2-52-17-133-141.eu-west-1.compute.amazonaws.com, but this does not map back to the address - POSSIBLE BREAK-IN ATTEMPT!
Address 54.171.105.162 maps to ec2-54-171-105-162.eu-west-1.compute.amazonaws.com, but this does not map back to the address - POSSIBLE BREAK-IN ATTEMPT!
Address 54.171.73.253 maps to ec2-54-171-73-253.eu-west-1.compute.amazonaws.com, but this does not map back to the address - POSSIBLE BREAK-IN ATTEMPT!
Address 54.171.104.97 maps to ec2-54-171-104-97.eu-west-1.compute.amazonaws.com, but this does not map back to the address - POSSIBLE BREAK-IN ATTEMPT!
Address 52.17.197.220 maps to ec2-52-17-197-220.eu-west-1.compute.amazonaws.com, but this does not map back to the address - POSSIBLE BREAK-IN ATTEMPT!
graph_generation:               0.030356 s
construction_time:              0.001652 s
Running BFS 0
Time for BFS 0 is 0.004242
TEPS tranversed all edges BFS 0 is 1.93108e+06
Running BFS 1
Time for BFS 1 is 0.003745
TEPS tranversed all edges BFS 1 is 2.18754e+06
Running BFS 2
Time for BFS 2 is 0.003114
TEPS tranversed all edges BFS 2 is 2.63071e+06
Running BFS 3
Time for BFS 3 is 0.003321
TEPS tranversed all edges BFS 3 is 2.46678e+06
Running BFS 4
Time for BFS 4 is 0.003217
TEPS tranversed all edges BFS 4 is 2.54649e+06
Running BFS 5
Time for BFS 5 is 0.002818
TEPS tranversed all edges BFS 5 is 2.90716e+06
Running BFS 6
Time for BFS 6 is 0.003074
TEPS tranversed all edges BFS 6 is 2.66499e+06
Running BFS 7
Time for BFS 7 is 0.003075
TEPS tranversed all edges BFS 7 is 2.66396e+06
Running BFS 8
Time for BFS 8 is 0.003302
TEPS tranversed all edges BFS 8 is 2.48085e+06
Running BFS 9
Time for BFS 9 is 0.002508
TEPS tranversed all edges BFS 9 is 3.26613e+06
Running BFS 10
Time for BFS 10 is 0.002487
TEPS tranversed all edges BFS 10 is 3.294e+06
Running BFS 11
Time for BFS 11 is 0.002714
TEPS tranversed all edges BFS 11 is 3.01851e+06
Running BFS 12
Time for BFS 12 is 0.002614
TEPS tranversed all edges BFS 12 is 3.13387e+06
Running BFS 13
Time for BFS 13 is 0.003029
TEPS tranversed all edges BFS 13 is 2.70464e+06
Running BFS 14
Time for BFS 14 is 0.002618
TEPS tranversed all edges BFS 14 is 3.1293e+06
Running BFS 15
Time for BFS 15 is 0.002599
TEPS tranversed all edges BFS 15 is 3.15198e+06
Running BFS 16
Time for BFS 16 is 0.003001
TEPS tranversed all edges BFS 16 is 2.72978e+06
Running BFS 17
Time for BFS 17 is 0.003033
TEPS tranversed all edges BFS 17 is 2.70102e+06
Running BFS 18
Time for BFS 18 is 0.003189
TEPS tranversed all edges BFS 18 is 2.56876e+06
Running BFS 19
Time for BFS 19 is 0.003238
TEPS tranversed all edges BFS 19 is 2.52999e+06
Running BFS 20
Time for BFS 20 is 0.003144
TEPS tranversed all edges BFS 20 is 2.60558e+06
Running BFS 21
Time for BFS 21 is 0.003055
TEPS tranversed all edges BFS 21 is 2.68142e+06
Running BFS 22
Time for BFS 22 is 0.002645
TEPS tranversed all edges BFS 22 is 3.09715e+06
Running BFS 23
Time for BFS 23 is 0.002585
TEPS tranversed all edges BFS 23 is 3.16884e+06
Running BFS 24
Time for BFS 24 is 0.002588
TEPS tranversed all edges BFS 24 is 3.16534e+06
Running BFS 25
Time for BFS 25 is 0.002627
TEPS tranversed all edges BFS 25 is 3.11823e+06
Running BFS 26
Time for BFS 26 is 0.009687
TEPS tranversed all edges BFS 26 is 845674
Running BFS 27
Time for BFS 27 is 0.002726
TEPS tranversed all edges BFS 27 is 3.00531e+06
Running BFS 28
Time for BFS 28 is 0.002899
TEPS tranversed all edges BFS 28 is 2.82587e+06
Running BFS 29
Time for BFS 29 is 0.003190
TEPS tranversed all edges BFS 29 is 2.56799e+06
Running BFS 30
Time for BFS 30 is 0.003540
TEPS tranversed all edges BFS 30 is 2.3141e+06
Running BFS 31
Time for BFS 31 is 0.003793
TEPS tranversed all edges BFS 31 is 2.15977e+06
Running BFS 32
Time for BFS 32 is 0.003037
TEPS tranversed all edges BFS 32 is 2.69742e+06
Running BFS 33
Time for BFS 33 is 0.003125
TEPS tranversed all edges BFS 33 is 2.62128e+06
Running BFS 34
Time for BFS 34 is 0.002789
TEPS tranversed all edges BFS 34 is 2.93723e+06
Running BFS 35
Time for BFS 35 is 0.003106
TEPS tranversed all edges BFS 35 is 2.63738e+06
Running BFS 36
Time for BFS 36 is 0.003326
TEPS tranversed all edges BFS 36 is 2.46306e+06
Running BFS 37
Time for BFS 37 is 0.002757
TEPS tranversed all edges BFS 37 is 2.97152e+06
Running BFS 38
Time for BFS 38 is 0.002622
TEPS tranversed all edges BFS 38 is 3.12446e+06
Running BFS 39
Time for BFS 39 is 0.003352
TEPS tranversed all edges BFS 39 is 2.44397e+06
Running BFS 40
Time for BFS 40 is 0.003779
TEPS tranversed all edges BFS 40 is 2.16781e+06
Running BFS 41
Time for BFS 41 is 0.002631
TEPS tranversed all edges BFS 41 is 3.11371e+06
Running BFS 42
Time for BFS 42 is 0.002614
TEPS tranversed all edges BFS 42 is 3.13387e+06
Running BFS 43
Time for BFS 43 is 0.014356
TEPS tranversed all edges BFS 43 is 570637
Running BFS 44
Time for BFS 44 is 0.003355
TEPS tranversed all edges BFS 44 is 2.44171e+06
Running BFS 45
Time for BFS 45 is 0.002753
TEPS tranversed all edges BFS 45 is 2.97564e+06
Running BFS 46
Time for BFS 46 is 0.002677
TEPS tranversed all edges BFS 46 is 3.06018e+06
Running BFS 47
Time for BFS 47 is 0.003326
TEPS tranversed all edges BFS 47 is 2.46306e+06
Running BFS 48
Time for BFS 48 is 0.003213
TEPS tranversed all edges BFS 48 is 2.54951e+06
Running BFS 49
Time for BFS 49 is 0.003334
TEPS tranversed all edges BFS 49 is 2.45708e+06
Running BFS 50
Time for BFS 50 is 0.003645
TEPS tranversed all edges BFS 50 is 2.2475e+06
Running BFS 51
Time for BFS 51 is 0.002542
TEPS tranversed all edges BFS 51 is 3.22264e+06
Running BFS 52
Time for BFS 52 is 0.003458
TEPS tranversed all edges BFS 52 is 2.36898e+06
Running BFS 53
Time for BFS 53 is 0.002704
TEPS tranversed all edges BFS 53 is 3.02943e+06
Running BFS 54
Time for BFS 54 is 0.002648
TEPS tranversed all edges BFS 54 is 3.09352e+06
Running BFS 55
Time for BFS 55 is 0.003275
TEPS tranversed all edges BFS 55 is 2.50144e+06
Running BFS 56
Time for BFS 56 is 0.004432
TEPS tranversed all edges BFS 56 is 1.84839e+06
Running BFS 57
Time for BFS 57 is 0.006959
TEPS tranversed all edges BFS 57 is 1.17719e+06
Running BFS 58
Time for BFS 58 is 0.002781
TEPS tranversed all edges BFS 58 is 2.94579e+06
Running BFS 59
Time for BFS 59 is 0.003353
TEPS tranversed all edges BFS 59 is 2.44327e+06
Running BFS 60
Time for BFS 60 is 0.003233
TEPS tranversed all edges BFS 60 is 2.5339e+06
Running BFS 61
Time for BFS 61 is 0.003297
TEPS tranversed all edges BFS 61 is 2.48479e+06
Running BFS 62
Time for BFS 62 is 0.003836
TEPS tranversed all edges BFS 62 is 2.1356e+06
Running BFS 63
Time for BFS 63 is 0.003495
TEPS tranversed all edges BFS 63 is 2.34393e+06
