Address 54.171.87.234 maps to ec2-54-171-87-234.eu-west-1.compute.amazonaws.com, but this does not map back to the address - POSSIBLE BREAK-IN ATTEMPT!
Address 54.171.106.141 maps to ec2-54-171-106-141.eu-west-1.compute.amazonaws.com, but this does not map back to the address - POSSIBLE BREAK-IN ATTEMPT!
Address 54.72.40.197 maps to ec2-54-72-40-197.eu-west-1.compute.amazonaws.com, but this does not map back to the address - POSSIBLE BREAK-IN ATTEMPT!
Address 54.171.105.162 maps to ec2-54-171-105-162.eu-west-1.compute.amazonaws.com, but this does not map back to the address - POSSIBLE BREAK-IN ATTEMPT!
Address 52.17.133.141 maps to ec2-52-17-133-141.eu-west-1.compute.amazonaws.com, but this does not map back to the address - POSSIBLE BREAK-IN ATTEMPT!
Address 52.17.197.220 maps to ec2-52-17-197-220.eu-west-1.compute.amazonaws.com, but this does not map back to the address - POSSIBLE BREAK-IN ATTEMPT!
Address 54.171.73.253 maps to ec2-54-171-73-253.eu-west-1.compute.amazonaws.com, but this does not map back to the address - POSSIBLE BREAK-IN ATTEMPT!
Address 54.171.104.97 maps to ec2-54-171-104-97.eu-west-1.compute.amazonaws.com, but this does not map back to the address - POSSIBLE BREAK-IN ATTEMPT!
graph_generation:               3.529253 s
construction_time:              2.326840 s
Running BFS 0
Time for BFS 0 is 1.631759
TEPS tranversed all edges BFS 0 is 2.05633e+07
Running BFS 1
Time for BFS 1 is 1.891559
TEPS tranversed all edges BFS 1 is 1.7739e+07
Running BFS 2
Time for BFS 2 is 1.965094
TEPS tranversed all edges BFS 2 is 1.70752e+07
Running BFS 3
Time for BFS 3 is 1.924902
TEPS tranversed all edges BFS 3 is 1.74318e+07
Running BFS 4
Time for BFS 4 is 1.904935
TEPS tranversed all edges BFS 4 is 1.76145e+07
Running BFS 5
Time for BFS 5 is 1.940446
TEPS tranversed all edges BFS 5 is 1.72921e+07
Running BFS 6
Time for BFS 6 is 2.025310
TEPS tranversed all edges BFS 6 is 1.65676e+07
Running BFS 7
Time for BFS 7 is 1.861659
TEPS tranversed all edges BFS 7 is 1.80239e+07
Running BFS 8
Time for BFS 8 is 2.063319
TEPS tranversed all edges BFS 8 is 1.62624e+07
Running BFS 9
Time for BFS 9 is 1.852766
TEPS tranversed all edges BFS 9 is 1.81105e+07
Running BFS 10
Time for BFS 10 is 1.927065
TEPS tranversed all edges BFS 10 is 1.74122e+07
Running BFS 11
Time for BFS 11 is 2.070118
TEPS tranversed all edges BFS 11 is 1.62089e+07
Running BFS 12
Time for BFS 12 is 1.869835
TEPS tranversed all edges BFS 12 is 1.79451e+07
Running BFS 13
Time for BFS 13 is 1.978353
TEPS tranversed all edges BFS 13 is 1.69608e+07
Running BFS 14
Time for BFS 14 is 1.896412
TEPS tranversed all edges BFS 14 is 1.76936e+07
Running BFS 15
Time for BFS 15 is 2.023159
TEPS tranversed all edges BFS 15 is 1.65852e+07
Running BFS 16
Time for BFS 16 is 1.824611
TEPS tranversed all edges BFS 16 is 1.83899e+07
Running BFS 17
Time for BFS 17 is 1.968845
TEPS tranversed all edges BFS 17 is 1.70427e+07
Running BFS 18
Time for BFS 18 is 2.044226
TEPS tranversed all edges BFS 18 is 1.64142e+07
Running BFS 19
Time for BFS 19 is 1.874684
TEPS tranversed all edges BFS 19 is 1.78987e+07
Running BFS 20
Time for BFS 20 is 2.093770
TEPS tranversed all edges BFS 20 is 1.60258e+07
Running BFS 21
Time for BFS 21 is 1.916249
TEPS tranversed all edges BFS 21 is 1.75105e+07
Running BFS 22
Time for BFS 22 is 1.890537
TEPS tranversed all edges BFS 22 is 1.77486e+07
Running BFS 23
Time for BFS 23 is 1.884419
TEPS tranversed all edges BFS 23 is 1.78062e+07
Running BFS 24
Time for BFS 24 is 1.989347
TEPS tranversed all edges BFS 24 is 1.68671e+07
Running BFS 25
Time for BFS 25 is 1.961733
TEPS tranversed all edges BFS 25 is 1.71045e+07
Running BFS 26
Time for BFS 26 is 1.921624
TEPS tranversed all edges BFS 26 is 1.74615e+07
Running BFS 27
Time for BFS 27 is 2.017469
TEPS tranversed all edges BFS 27 is 1.66319e+07
Running BFS 28
Time for BFS 28 is 1.971257
TEPS tranversed all edges BFS 28 is 1.70218e+07
Running BFS 29
Time for BFS 29 is 2.010264
TEPS tranversed all edges BFS 29 is 1.66916e+07
Running BFS 30
Time for BFS 30 is 2.012688
TEPS tranversed all edges BFS 30 is 1.66715e+07
Running BFS 31
Time for BFS 31 is 1.853856
TEPS tranversed all edges BFS 31 is 1.80998e+07
Running BFS 32
Time for BFS 32 is 1.980239
TEPS tranversed all edges BFS 32 is 1.69446e+07
Running BFS 33
Time for BFS 33 is 2.004942
TEPS tranversed all edges BFS 33 is 1.67359e+07
Running BFS 34
Time for BFS 34 is 1.816751
TEPS tranversed all edges BFS 34 is 1.84695e+07
Running BFS 35
Time for BFS 35 is 2.085509
TEPS tranversed all edges BFS 35 is 1.60893e+07
Running BFS 36
Time for BFS 36 is 1.829758
TEPS tranversed all edges BFS 36 is 1.83382e+07
Running BFS 37
Time for BFS 37 is 1.917624
TEPS tranversed all edges BFS 37 is 1.74979e+07
Running BFS 38
Time for BFS 38 is 1.976987
TEPS tranversed all edges BFS 38 is 1.69725e+07
Running BFS 39
Time for BFS 39 is 2.057423
TEPS tranversed all edges BFS 39 is 1.6309e+07
Running BFS 40
Time for BFS 40 is 1.892378
TEPS tranversed all edges BFS 40 is 1.77314e+07
Running BFS 41
Time for BFS 41 is 2.012697
TEPS tranversed all edges BFS 41 is 1.66714e+07
Running BFS 42
Time for BFS 42 is 1.986523
TEPS tranversed all edges BFS 42 is 1.6891e+07
Running BFS 43
Time for BFS 43 is 1.745851
TEPS tranversed all edges BFS 43 is 1.92195e+07
Running BFS 44
Time for BFS 44 is 2.089288
TEPS tranversed all edges BFS 44 is 1.60602e+07
Running BFS 45
Time for BFS 45 is 1.996988
TEPS tranversed all edges BFS 45 is 1.68025e+07
Running BFS 46
Time for BFS 46 is 1.808699
TEPS tranversed all edges BFS 46 is 1.85517e+07
Running BFS 47
Time for BFS 47 is 2.081341
TEPS tranversed all edges BFS 47 is 1.61215e+07
Running BFS 48
Time for BFS 48 is 1.779103
TEPS tranversed all edges BFS 48 is 1.88603e+07
Running BFS 49
Time for BFS 49 is 2.042003
TEPS tranversed all edges BFS 49 is 1.64321e+07
Running BFS 50
Time for BFS 50 is 1.967021
TEPS tranversed all edges BFS 50 is 1.70585e+07
Running BFS 51
Time for BFS 51 is 1.992249
TEPS tranversed all edges BFS 51 is 1.68425e+07
Running BFS 52
Time for BFS 52 is 1.786496
TEPS tranversed all edges BFS 52 is 1.87823e+07
Running BFS 53
Time for BFS 53 is 2.061295
TEPS tranversed all edges BFS 53 is 1.62783e+07
Running BFS 54
Time for BFS 54 is 1.957185
TEPS tranversed all edges BFS 54 is 1.71442e+07
Running BFS 55
Time for BFS 55 is 1.977329
TEPS tranversed all edges BFS 55 is 1.69696e+07
Running BFS 56
Time for BFS 56 is 1.868529
TEPS tranversed all edges BFS 56 is 1.79577e+07
Running BFS 57
Time for BFS 57 is 1.994205
TEPS tranversed all edges BFS 57 is 1.6826e+07
Running BFS 58
Time for BFS 58 is 2.075644
TEPS tranversed all edges BFS 58 is 1.61658e+07
Running BFS 59
Time for BFS 59 is 1.800840
TEPS tranversed all edges BFS 59 is 1.86327e+07
Running BFS 60
Time for BFS 60 is 2.122699
TEPS tranversed all edges BFS 60 is 1.58074e+07
Running BFS 61
Time for BFS 61 is 1.899140
TEPS tranversed all edges BFS 61 is 1.76682e+07
Running BFS 62
Time for BFS 62 is 1.950306
TEPS tranversed all edges BFS 62 is 1.72047e+07
Running BFS 63
Time for BFS 63 is 1.862760
TEPS tranversed all edges BFS 63 is 1.80133e+07
