Address 54.171.247.223 maps to ec2-54-171-247-223.eu-west-1.compute.amazonaws.com, but this does not map back to the address - POSSIBLE BREAK-IN ATTEMPT!
Address 54.171.243.249 maps to ec2-54-171-243-249.eu-west-1.compute.amazonaws.com, but this does not map back to the address - POSSIBLE BREAK-IN ATTEMPT!
Address 54.72.139.168 maps to ec2-54-72-139-168.eu-west-1.compute.amazonaws.com, but this does not map back to the address - POSSIBLE BREAK-IN ATTEMPT!
Address 52.16.59.136 maps to ec2-52-16-59-136.eu-west-1.compute.amazonaws.com, but this does not map back to the address - POSSIBLE BREAK-IN ATTEMPT!
Address 54.171.203.87 maps to ec2-54-171-203-87.eu-west-1.compute.amazonaws.com, but this does not map back to the address - POSSIBLE BREAK-IN ATTEMPT!
Address 54.171.213.136 maps to ec2-54-171-213-136.eu-west-1.compute.amazonaws.com, but this does not map back to the address - POSSIBLE BREAK-IN ATTEMPT!
Address 54.171.213.149 maps to ec2-54-171-213-149.eu-west-1.compute.amazonaws.com, but this does not map back to the address - POSSIBLE BREAK-IN ATTEMPT!
Address 54.171.243.247 maps to ec2-54-171-243-247.eu-west-1.compute.amazonaws.com, but this does not map back to the address - POSSIBLE BREAK-IN ATTEMPT!
Address 54.171.243.248 maps to ec2-54-171-243-248.eu-west-1.compute.amazonaws.com, but this does not map back to the address - POSSIBLE BREAK-IN ATTEMPT!
Address 52.16.244.248 maps to ec2-52-16-244-248.eu-west-1.compute.amazonaws.com, but this does not map back to the address - POSSIBLE BREAK-IN ATTEMPT!
Address 54.171.243.241 maps to ec2-54-171-243-241.eu-west-1.compute.amazonaws.com, but this does not map back to the address - POSSIBLE BREAK-IN ATTEMPT!
Address 52.16.55.242 maps to ec2-52-16-55-242.eu-west-1.compute.amazonaws.com, but this does not map back to the address - POSSIBLE BREAK-IN ATTEMPT!
Address 54.171.243.250 maps to ec2-54-171-243-250.eu-west-1.compute.amazonaws.com, but this does not map back to the address - POSSIBLE BREAK-IN ATTEMPT!
Address 54.171.48.199 maps to ec2-54-171-48-199.eu-west-1.compute.amazonaws.com, but this does not map back to the address - POSSIBLE BREAK-IN ATTEMPT!
Address 54.171.188.246 maps to ec2-54-171-188-246.eu-west-1.compute.amazonaws.com, but this does not map back to the address - POSSIBLE BREAK-IN ATTEMPT!
Address 54.171.227.237 maps to ec2-54-171-227-237.eu-west-1.compute.amazonaws.com, but this does not map back to the address - POSSIBLE BREAK-IN ATTEMPT!
Address 54.77.11.135 maps to ec2-54-77-11-135.eu-west-1.compute.amazonaws.com, but this does not map back to the address - POSSIBLE BREAK-IN ATTEMPT!
Address 54.171.183.22 maps to ec2-54-171-183-22.eu-west-1.compute.amazonaws.com, but this does not map back to the address - POSSIBLE BREAK-IN ATTEMPT!
Address 54.76.194.75 maps to ec2-54-76-194-75.eu-west-1.compute.amazonaws.com, but this does not map back to the address - POSSIBLE BREAK-IN ATTEMPT!
Address 54.171.243.245 maps to ec2-54-171-243-245.eu-west-1.compute.amazonaws.com, but this does not map back to the address - POSSIBLE BREAK-IN ATTEMPT!
Address 54.76.101.189 maps to ec2-54-76-101-189.eu-west-1.compute.amazonaws.com, but this does not map back to the address - POSSIBLE BREAK-IN ATTEMPT!
Address 54.76.236.34 maps to ec2-54-76-236-34.eu-west-1.compute.amazonaws.com, but this does not map back to the address - POSSIBLE BREAK-IN ATTEMPT!
Address 54.77.199.159 maps to ec2-54-77-199-159.eu-west-1.compute.amazonaws.com, but this does not map back to the address - POSSIBLE BREAK-IN ATTEMPT!
Address 54.171.191.75 maps to ec2-54-171-191-75.eu-west-1.compute.amazonaws.com, but this does not map back to the address - POSSIBLE BREAK-IN ATTEMPT!
Address 54.72.72.49 maps to ec2-54-72-72-49.eu-west-1.compute.amazonaws.com, but this does not map back to the address - POSSIBLE BREAK-IN ATTEMPT!
Address 54.171.117.218 maps to ec2-54-171-117-218.eu-west-1.compute.amazonaws.com, but this does not map back to the address - POSSIBLE BREAK-IN ATTEMPT!
Address 54.171.175.112 maps to ec2-54-171-175-112.eu-west-1.compute.amazonaws.com, but this does not map back to the address - POSSIBLE BREAK-IN ATTEMPT!
Address 54.171.188.177 maps to ec2-54-171-188-177.eu-west-1.compute.amazonaws.com, but this does not map back to the address - POSSIBLE BREAK-IN ATTEMPT!
Address 54.171.235.243 maps to ec2-54-171-235-243.eu-west-1.compute.amazonaws.com, but this does not map back to the address - POSSIBLE BREAK-IN ATTEMPT!
Address 54.154.174.173 maps to ec2-54-154-174-173.eu-west-1.compute.amazonaws.com, but this does not map back to the address - POSSIBLE BREAK-IN ATTEMPT!
Address 54.171.247.14 maps to ec2-54-171-247-14.eu-west-1.compute.amazonaws.com, but this does not map back to the address - POSSIBLE BREAK-IN ATTEMPT!
Address 54.171.189.18 maps to ec2-54-171-189-18.eu-west-1.compute.amazonaws.com, but this does not map back to the address - POSSIBLE BREAK-IN ATTEMPT!
graph_generation:               0.309352 s
construction_time:              0.057203 s
Running BFS 0
Time for BFS 0 is 0.027290
TEPS tranversed all edges BFS 0 is 1.92118e+07
Running BFS 1
Time for BFS 1 is 0.224348
TEPS tranversed all edges BFS 1 is 2.33694e+06
Running BFS 2
Time for BFS 2 is 0.027084
TEPS tranversed all edges BFS 2 is 1.93578e+07
Running BFS 3
Time for BFS 3 is 0.023297
TEPS tranversed all edges BFS 3 is 2.25047e+07
Running BFS 4
Time for BFS 4 is 0.021470
TEPS tranversed all edges BFS 4 is 2.44195e+07
Running BFS 5
Time for BFS 5 is 0.024300
TEPS tranversed all edges BFS 5 is 2.15756e+07
Running BFS 6
Time for BFS 6 is 0.022184
TEPS tranversed all edges BFS 6 is 2.36335e+07
Running BFS 7
Time for BFS 7 is 0.022538
TEPS tranversed all edges BFS 7 is 2.32625e+07
Running BFS 8
Time for BFS 8 is 0.021428
TEPS tranversed all edges BFS 8 is 2.44676e+07
Running BFS 9
Time for BFS 9 is 0.047837
TEPS tranversed all edges BFS 9 is 1.09599e+07
Running BFS 10
Time for BFS 10 is 0.020380
TEPS tranversed all edges BFS 10 is 2.57256e+07
Running BFS 11
Time for BFS 11 is 0.024123
TEPS tranversed all edges BFS 11 is 2.17338e+07
Running BFS 12
Time for BFS 12 is 0.026747
TEPS tranversed all edges BFS 12 is 1.96018e+07
Running BFS 13
Time for BFS 13 is 0.043658
TEPS tranversed all edges BFS 13 is 1.2009e+07
Running BFS 14
Time for BFS 14 is 0.023343
TEPS tranversed all edges BFS 14 is 2.24601e+07
Running BFS 15
Time for BFS 15 is 0.026865
TEPS tranversed all edges BFS 15 is 1.95156e+07
Running BFS 16
Time for BFS 16 is 0.026728
TEPS tranversed all edges BFS 16 is 1.96157e+07
Running BFS 17
Time for BFS 17 is 0.026021
TEPS tranversed all edges BFS 17 is 2.01486e+07
Running BFS 18
Time for BFS 18 is 0.024492
TEPS tranversed all edges BFS 18 is 2.14065e+07
Running BFS 19
Time for BFS 19 is 0.023951
TEPS tranversed all edges BFS 19 is 2.189e+07
Running BFS 20
Time for BFS 20 is 0.025936
TEPS tranversed all edges BFS 20 is 2.02148e+07
Running BFS 21
Time for BFS 21 is 0.019624
TEPS tranversed all edges BFS 21 is 2.67167e+07
Running BFS 22
Time for BFS 22 is 0.020828
TEPS tranversed all edges BFS 22 is 2.51723e+07
Running BFS 23
Time for BFS 23 is 0.021077
TEPS tranversed all edges BFS 23 is 2.48747e+07
Running BFS 24
Time for BFS 24 is 0.021402
TEPS tranversed all edges BFS 24 is 2.4497e+07
Running BFS 25
Time for BFS 25 is 0.021362
TEPS tranversed all edges BFS 25 is 2.45429e+07
Running BFS 26
Time for BFS 26 is 0.036975
TEPS tranversed all edges BFS 26 is 1.41795e+07
Running BFS 27
Time for BFS 27 is 0.021473
TEPS tranversed all edges BFS 27 is 2.44162e+07
Running BFS 28
Time for BFS 28 is 0.020610
TEPS tranversed all edges BFS 28 is 2.54384e+07
Running BFS 29
Time for BFS 29 is 0.021691
TEPS tranversed all edges BFS 29 is 2.41707e+07
Running BFS 30
Time for BFS 30 is 0.022526
TEPS tranversed all edges BFS 30 is 2.32748e+07
Running BFS 31
Time for BFS 31 is 0.023106
TEPS tranversed all edges BFS 31 is 2.26905e+07
Running BFS 32
Time for BFS 32 is 0.024508
TEPS tranversed all edges BFS 32 is 2.13925e+07
Running BFS 33
Time for BFS 33 is 0.035922
TEPS tranversed all edges BFS 33 is 1.45952e+07
Running BFS 34
Time for BFS 34 is 0.023389
TEPS tranversed all edges BFS 34 is 2.24159e+07
Running BFS 35
Time for BFS 35 is 0.031547
TEPS tranversed all edges BFS 35 is 1.66192e+07
Running BFS 36
Time for BFS 36 is 0.023493
TEPS tranversed all edges BFS 36 is 2.23167e+07
Running BFS 37
Time for BFS 37 is 0.027983
TEPS tranversed all edges BFS 37 is 1.87358e+07
Running BFS 38
Time for BFS 38 is 0.026928
TEPS tranversed all edges BFS 38 is 1.94699e+07
Running BFS 39
Time for BFS 39 is 0.022596
TEPS tranversed all edges BFS 39 is 2.32026e+07
Running BFS 40
Time for BFS 40 is 0.026153
TEPS tranversed all edges BFS 40 is 2.00469e+07
Running BFS 41
Time for BFS 41 is 0.024530
TEPS tranversed all edges BFS 41 is 2.13732e+07
Running BFS 42
Time for BFS 42 is 0.026860
TEPS tranversed all edges BFS 42 is 1.95193e+07
Running BFS 43
Time for BFS 43 is 0.023933
TEPS tranversed all edges BFS 43 is 2.19063e+07
Running BFS 44
Time for BFS 44 is 0.022838
TEPS tranversed all edges BFS 44 is 2.29567e+07
Running BFS 45
Time for BFS 45 is 0.022370
TEPS tranversed all edges BFS 45 is 2.3437e+07
Running BFS 46
Time for BFS 46 is 0.027464
TEPS tranversed all edges BFS 46 is 1.90899e+07
Running BFS 47
Time for BFS 47 is 0.020927
TEPS tranversed all edges BFS 47 is 2.50532e+07
Running BFS 48
Time for BFS 48 is 0.023678
TEPS tranversed all edges BFS 48 is 2.21424e+07
Running BFS 49
Time for BFS 49 is 0.021153
TEPS tranversed all edges BFS 49 is 2.47855e+07
Running BFS 50
Time for BFS 50 is 0.020521
TEPS tranversed all edges BFS 50 is 2.55489e+07
Running BFS 51
Time for BFS 51 is 0.020782
TEPS tranversed all edges BFS 51 is 2.5228e+07
Running BFS 52
Time for BFS 52 is 0.023449
TEPS tranversed all edges BFS 52 is 2.23587e+07
Running BFS 53
Time for BFS 53 is 0.020691
TEPS tranversed all edges BFS 53 is 2.5339e+07
Running BFS 54
Time for BFS 54 is 0.020460
TEPS tranversed all edges BFS 54 is 2.56252e+07
Running BFS 55
Time for BFS 55 is 0.021579
TEPS tranversed all edges BFS 55 is 2.42965e+07
Running BFS 56
Time for BFS 56 is 0.022444
TEPS tranversed all edges BFS 56 is 2.33598e+07
Running BFS 57
Time for BFS 57 is 0.020863
TEPS tranversed all edges BFS 57 is 2.51303e+07
Running BFS 58
Time for BFS 58 is 0.023373
TEPS tranversed all edges BFS 58 is 2.24315e+07
Running BFS 59
Time for BFS 59 is 0.035036
TEPS tranversed all edges BFS 59 is 1.49642e+07
Running BFS 60
Time for BFS 60 is 0.024164
TEPS tranversed all edges BFS 60 is 2.16971e+07
Running BFS 61
Time for BFS 61 is 0.025026
TEPS tranversed all edges BFS 61 is 2.09497e+07
Running BFS 62
Time for BFS 62 is 0.022358
TEPS tranversed all edges BFS 62 is 2.34497e+07
Running BFS 63
Time for BFS 63 is 0.022225
TEPS tranversed all edges BFS 63 is 2.35899e+07
