Address 52.17.25.49 maps to ec2-52-17-25-49.eu-west-1.compute.amazonaws.com, but this does not map back to the address - POSSIBLE BREAK-IN ATTEMPT!
Address 52.17.18.103 maps to ec2-52-17-18-103.eu-west-1.compute.amazonaws.com, but this does not map back to the address - POSSIBLE BREAK-IN ATTEMPT!
Address 54.171.118.246 maps to ec2-54-171-118-246.eu-west-1.compute.amazonaws.com, but this does not map back to the address - POSSIBLE BREAK-IN ATTEMPT!
Address 52.17.91.181 maps to ec2-52-17-91-181.eu-west-1.compute.amazonaws.com, but this does not map back to the address - POSSIBLE BREAK-IN ATTEMPT!
Address 52.17.124.214 maps to ec2-52-17-124-214.eu-west-1.compute.amazonaws.com, but this does not map back to the address - POSSIBLE BREAK-IN ATTEMPT!
Address 52.17.14.125 maps to ec2-52-17-14-125.eu-west-1.compute.amazonaws.com, but this does not map back to the address - POSSIBLE BREAK-IN ATTEMPT!
Address 54.154.219.117 maps to ec2-54-154-219-117.eu-west-1.compute.amazonaws.com, but this does not map back to the address - POSSIBLE BREAK-IN ATTEMPT!
Address 52.17.25.95 maps to ec2-52-17-25-95.eu-west-1.compute.amazonaws.com, but this does not map back to the address - POSSIBLE BREAK-IN ATTEMPT!
graph_generation:               16.236484 s
construction_time:              15.495738 s
Running BFS 0
Time for BFS 0 is 14.588389
TEPS tranversed all edges BFS 0 is 1.84006e+07
Running BFS 1
Time for BFS 1 is 15.000936
TEPS tranversed all edges BFS 1 is 1.78946e+07
Running BFS 2
Time for BFS 2 is 15.618786
TEPS tranversed all edges BFS 2 is 1.71867e+07
Running BFS 3
Time for BFS 3 is 15.775963
TEPS tranversed all edges BFS 3 is 1.70155e+07
Running BFS 4
Time for BFS 4 is 15.976681
TEPS tranversed all edges BFS 4 is 1.68017e+07
Running BFS 5
Time for BFS 5 is 15.629125
TEPS tranversed all edges BFS 5 is 1.71753e+07
Running BFS 6
Time for BFS 6 is 15.678233
TEPS tranversed all edges BFS 6 is 1.71215e+07
Running BFS 7
Time for BFS 7 is 15.704994
TEPS tranversed all edges BFS 7 is 1.70924e+07
Running BFS 8
Time for BFS 8 is 15.880682
TEPS tranversed all edges BFS 8 is 1.69033e+07
Running BFS 9
Time for BFS 9 is 15.652881
TEPS tranversed all edges BFS 9 is 1.71493e+07
Running BFS 10
Time for BFS 10 is 15.565270
TEPS tranversed all edges BFS 10 is 1.72458e+07
Running BFS 11
Time for BFS 11 is 15.867981
TEPS tranversed all edges BFS 11 is 1.69168e+07
Running BFS 12
Time for BFS 12 is 15.775883
TEPS tranversed all edges BFS 12 is 1.70156e+07
Running BFS 13
Time for BFS 13 is 15.616528
TEPS tranversed all edges BFS 13 is 1.71892e+07
Running BFS 14
Time for BFS 14 is 15.787931
TEPS tranversed all edges BFS 14 is 1.70026e+07
Running BFS 15
Time for BFS 15 is 15.767249
TEPS tranversed all edges BFS 15 is 1.70249e+07
Running BFS 16
Time for BFS 16 is 15.771961
TEPS tranversed all edges BFS 16 is 1.70198e+07
Running BFS 17
Time for BFS 17 is 15.579049
TEPS tranversed all edges BFS 17 is 1.72305e+07
Running BFS 18
Time for BFS 18 is 15.807194
TEPS tranversed all edges BFS 18 is 1.69819e+07
Running BFS 19
Time for BFS 19 is 15.770608
TEPS tranversed all edges BFS 19 is 1.70212e+07
Running BFS 20
Time for BFS 20 is 15.769233
TEPS tranversed all edges BFS 20 is 1.70227e+07
Running BFS 21
Time for BFS 21 is 15.737863
TEPS tranversed all edges BFS 21 is 1.70567e+07
Running BFS 22
Time for BFS 22 is 15.602564
TEPS tranversed all edges BFS 22 is 1.72046e+07
Running BFS 23
Time for BFS 23 is 15.744213
TEPS tranversed all edges BFS 23 is 1.70498e+07
Running BFS 24
Time for BFS 24 is 15.646998
TEPS tranversed all edges BFS 24 is 1.71557e+07
Running BFS 25
Time for BFS 25 is 15.930420
TEPS tranversed all edges BFS 25 is 1.68505e+07
Running BFS 26
Time for BFS 26 is 15.739343
TEPS tranversed all edges BFS 26 is 1.70551e+07
Running BFS 27
Time for BFS 27 is 15.784511
TEPS tranversed all edges BFS 27 is 1.70063e+07
Running BFS 28
Time for BFS 28 is 15.405745
TEPS tranversed all edges BFS 28 is 1.74244e+07
Running BFS 29
Time for BFS 29 is 15.779698
TEPS tranversed all edges BFS 29 is 1.70114e+07
Running BFS 30
Time for BFS 30 is 15.912662
TEPS tranversed all edges BFS 30 is 1.68693e+07
Running BFS 31
Time for BFS 31 is 15.475792
TEPS tranversed all edges BFS 31 is 1.73455e+07
Running BFS 32
Time for BFS 32 is 16.054607
TEPS tranversed all edges BFS 32 is 1.67202e+07
Running BFS 33
Time for BFS 33 is 15.434367
TEPS tranversed all edges BFS 33 is 1.73921e+07
Running BFS 34
Time for BFS 34 is 15.782150
TEPS tranversed all edges BFS 34 is 1.70088e+07
Running BFS 35
Time for BFS 35 is 15.665398
TEPS tranversed all edges BFS 35 is 1.71356e+07
Running BFS 36
Time for BFS 36 is 15.977966
TEPS tranversed all edges BFS 36 is 1.68004e+07
Running BFS 37
Time for BFS 37 is 15.585120
TEPS tranversed all edges BFS 37 is 1.72238e+07
Running BFS 38
Time for BFS 38 is 15.672237
TEPS tranversed all edges BFS 38 is 1.71281e+07
Running BFS 39
Time for BFS 39 is 15.862787
TEPS tranversed all edges BFS 39 is 1.69223e+07
Running BFS 40
Time for BFS 40 is 15.620471
TEPS tranversed all edges BFS 40 is 1.71849e+07
Running BFS 41
Time for BFS 41 is 15.818124
TEPS tranversed all edges BFS 41 is 1.69701e+07
Running BFS 42
Time for BFS 42 is 15.679146
TEPS tranversed all edges BFS 42 is 1.71205e+07
Running BFS 43
Time for BFS 43 is 15.659289
TEPS tranversed all edges BFS 43 is 1.71423e+07
Running BFS 44
Time for BFS 44 is 15.790085
TEPS tranversed all edges BFS 44 is 1.70003e+07
Running BFS 45
Time for BFS 45 is 15.570376
TEPS tranversed all edges BFS 45 is 1.72401e+07
Running BFS 46
Time for BFS 46 is 16.004364
TEPS tranversed all edges BFS 46 is 1.67726e+07
Running BFS 47
Time for BFS 47 is 15.388188
TEPS tranversed all edges BFS 47 is 1.74443e+07
Running BFS 48
Time for BFS 48 is 15.847165
TEPS tranversed all edges BFS 48 is 1.6939e+07
Running BFS 49
Time for BFS 49 is 15.874381
TEPS tranversed all edges BFS 49 is 1.691e+07
Running BFS 50
Time for BFS 50 is 15.669933
TEPS tranversed all edges BFS 50 is 1.71306e+07
Running BFS 51
Time for BFS 51 is 15.555146
TEPS tranversed all edges BFS 51 is 1.7257e+07
Running BFS 52
Time for BFS 52 is 15.974458
TEPS tranversed all edges BFS 52 is 1.6804e+07
Running BFS 53
Time for BFS 53 is 15.593025
TEPS tranversed all edges BFS 53 is 1.72151e+07
Running BFS 54
Time for BFS 54 is 15.811516
TEPS tranversed all edges BFS 54 is 1.69772e+07
Running BFS 55
Time for BFS 55 is 15.770094
TEPS tranversed all edges BFS 55 is 1.70218e+07
Running BFS 56
Time for BFS 56 is 15.815694
TEPS tranversed all edges BFS 56 is 1.69727e+07
Running BFS 57
Time for BFS 57 is 15.544555
TEPS tranversed all edges BFS 57 is 1.72688e+07
Running BFS 58
Time for BFS 58 is 15.638254
TEPS tranversed all edges BFS 58 is 1.71653e+07
Running BFS 59
Time for BFS 59 is 15.805964
TEPS tranversed all edges BFS 59 is 1.69832e+07
Running BFS 60
Time for BFS 60 is 15.759009
TEPS tranversed all edges BFS 60 is 1.70338e+07
Running BFS 61
Time for BFS 61 is 15.903953
TEPS tranversed all edges BFS 61 is 1.68785e+07
Running BFS 62
Time for BFS 62 is 13.934932
TEPS tranversed all edges BFS 62 is 1.92635e+07
Running BFS 63
Time for BFS 63 is 16.187313
TEPS tranversed all edges BFS 63 is 1.65831e+07
