Address 52.17.18.103 maps to ec2-52-17-18-103.eu-west-1.compute.amazonaws.com, but this does not map back to the address - POSSIBLE BREAK-IN ATTEMPT!
Address 54.154.21.69 maps to ec2-54-154-21-69.eu-west-1.compute.amazonaws.com, but this does not map back to the address - POSSIBLE BREAK-IN ATTEMPT!
Address 54.154.87.57 maps to ec2-54-154-87-57.eu-west-1.compute.amazonaws.com, but this does not map back to the address - POSSIBLE BREAK-IN ATTEMPT!
Address 54.171.118.246 maps to ec2-54-171-118-246.eu-west-1.compute.amazonaws.com, but this does not map back to the address - POSSIBLE BREAK-IN ATTEMPT!
Address 54.154.69.108 maps to ec2-54-154-69-108.eu-west-1.compute.amazonaws.com, but this does not map back to the address - POSSIBLE BREAK-IN ATTEMPT!
Address 52.17.25.49 maps to ec2-52-17-25-49.eu-west-1.compute.amazonaws.com, but this does not map back to the address - POSSIBLE BREAK-IN ATTEMPT!
Address 52.17.124.214 maps to ec2-52-17-124-214.eu-west-1.compute.amazonaws.com, but this does not map back to the address - POSSIBLE BREAK-IN ATTEMPT!
Address 54.72.209.226 maps to ec2-54-72-209-226.eu-west-1.compute.amazonaws.com, but this does not map back to the address - POSSIBLE BREAK-IN ATTEMPT!
Address 52.17.180.37 maps to ec2-52-17-180-37.eu-west-1.compute.amazonaws.com, but this does not map back to the address - POSSIBLE BREAK-IN ATTEMPT!
Address 52.17.14.125 maps to ec2-52-17-14-125.eu-west-1.compute.amazonaws.com, but this does not map back to the address - POSSIBLE BREAK-IN ATTEMPT!
Address 54.154.94.187 maps to ec2-54-154-94-187.eu-west-1.compute.amazonaws.com, but this does not map back to the address - POSSIBLE BREAK-IN ATTEMPT!
Address 52.16.5.31 maps to ec2-52-16-5-31.eu-west-1.compute.amazonaws.com, but this does not map back to the address - POSSIBLE BREAK-IN ATTEMPT!
Address 52.17.25.95 maps to ec2-52-17-25-95.eu-west-1.compute.amazonaws.com, but this does not map back to the address - POSSIBLE BREAK-IN ATTEMPT!
Address 54.154.93.73 maps to ec2-54-154-93-73.eu-west-1.compute.amazonaws.com, but this does not map back to the address - POSSIBLE BREAK-IN ATTEMPT!
Address 54.154.219.117 maps to ec2-54-154-219-117.eu-west-1.compute.amazonaws.com, but this does not map back to the address - POSSIBLE BREAK-IN ATTEMPT!
Address 52.17.91.181 maps to ec2-52-17-91-181.eu-west-1.compute.amazonaws.com, but this does not map back to the address - POSSIBLE BREAK-IN ATTEMPT!
graph_generation:               0.055368 s
construction_time:              0.005099 s
Running BFS 0
Time for BFS 0 is 0.010941
TEPS tranversed all edges BFS 0 is 748741
Running BFS 1
Time for BFS 1 is 0.007043
TEPS tranversed all edges BFS 1 is 1.16312e+06
Running BFS 2
Time for BFS 2 is 0.008085
TEPS tranversed all edges BFS 2 is 1.01323e+06
Running BFS 3
Time for BFS 3 is 0.006003
TEPS tranversed all edges BFS 3 is 1.36462e+06
Running BFS 4
Time for BFS 4 is 0.007449
TEPS tranversed all edges BFS 4 is 1.09976e+06
Running BFS 5
Time for BFS 5 is 0.009347
TEPS tranversed all edges BFS 5 is 876435
Running BFS 6
Time for BFS 6 is 0.006819
TEPS tranversed all edges BFS 6 is 1.20135e+06
Running BFS 7
Time for BFS 7 is 0.007310
TEPS tranversed all edges BFS 7 is 1.12067e+06
Running BFS 8
Time for BFS 8 is 0.008132
TEPS tranversed all edges BFS 8 is 1.00738e+06
Running BFS 9
Time for BFS 9 is 0.004895
TEPS tranversed all edges BFS 9 is 1.67355e+06
Running BFS 10
Time for BFS 10 is 0.011620
TEPS tranversed all edges BFS 10 is 704989
Running BFS 11
Time for BFS 11 is 0.005446
TEPS tranversed all edges BFS 11 is 1.50424e+06
Running BFS 12
Time for BFS 12 is 0.010374
TEPS tranversed all edges BFS 12 is 789679
Running BFS 13
Time for BFS 13 is 0.008031
TEPS tranversed all edges BFS 13 is 1.02003e+06
Running BFS 14
Time for BFS 14 is 0.005347
TEPS tranversed all edges BFS 14 is 1.53207e+06
Running BFS 15
Time for BFS 15 is 0.005578
TEPS tranversed all edges BFS 15 is 1.46862e+06
Running BFS 16
Time for BFS 16 is 0.006890
TEPS tranversed all edges BFS 16 is 1.18896e+06
Running BFS 17
Time for BFS 17 is 0.024578
TEPS tranversed all edges BFS 17 is 333305
Running BFS 18
Time for BFS 18 is 0.019930
TEPS tranversed all edges BFS 18 is 411041
Running BFS 19
Time for BFS 19 is 0.006243
TEPS tranversed all edges BFS 19 is 1.31219e+06
Running BFS 20
Time for BFS 20 is 0.006177
TEPS tranversed all edges BFS 20 is 1.32617e+06
Running BFS 21
Time for BFS 21 is 0.006067
TEPS tranversed all edges BFS 21 is 1.35025e+06
Running BFS 22
Time for BFS 22 is 0.007155
TEPS tranversed all edges BFS 22 is 1.14494e+06
Running BFS 23
Time for BFS 23 is 0.005658
TEPS tranversed all edges BFS 23 is 1.44782e+06
Running BFS 24
Time for BFS 24 is 0.008231
TEPS tranversed all edges BFS 24 is 995271
Running BFS 25
Time for BFS 25 is 0.010263
TEPS tranversed all edges BFS 25 is 798210
Running BFS 26
Time for BFS 26 is 0.007926
TEPS tranversed all edges BFS 26 is 1.03356e+06
Running BFS 27
Time for BFS 27 is 0.005311
TEPS tranversed all edges BFS 27 is 1.54246e+06
Running BFS 28
Time for BFS 28 is 0.005546
TEPS tranversed all edges BFS 28 is 1.47714e+06
Running BFS 29
Time for BFS 29 is 0.011852
TEPS tranversed all edges BFS 29 is 691190
Running BFS 30
Time for BFS 30 is 0.008734
TEPS tranversed all edges BFS 30 is 937945
Running BFS 31
Time for BFS 31 is 0.015073
TEPS tranversed all edges BFS 31 is 543495
Running BFS 32
Time for BFS 32 is 0.006210
TEPS tranversed all edges BFS 32 is 1.31914e+06
Running BFS 33
Time for BFS 33 is 0.015165
TEPS tranversed all edges BFS 33 is 540188
Running BFS 34
Time for BFS 34 is 0.007049
TEPS tranversed all edges BFS 34 is 1.16214e+06
Running BFS 35
Time for BFS 35 is 0.007484
TEPS tranversed all edges BFS 35 is 1.09461e+06
Running BFS 36
Time for BFS 36 is 0.005883
TEPS tranversed all edges BFS 36 is 1.39249e+06
Running BFS 37
Time for BFS 37 is 0.006938
TEPS tranversed all edges BFS 37 is 1.18075e+06
Running BFS 38
Time for BFS 38 is 0.005824
TEPS tranversed all edges BFS 38 is 1.40663e+06
Running BFS 39
Time for BFS 39 is 0.006240
TEPS tranversed all edges BFS 39 is 1.31284e+06
Running BFS 40
Time for BFS 40 is 0.014590
TEPS tranversed all edges BFS 40 is 561480
Running BFS 41
Time for BFS 41 is 0.010908
TEPS tranversed all edges BFS 41 is 751016
Running BFS 42
Time for BFS 42 is 0.005030
TEPS tranversed all edges BFS 42 is 1.62866e+06
Running BFS 43
Time for BFS 43 is 0.019782
TEPS tranversed all edges BFS 43 is 414112
Running BFS 44
Time for BFS 44 is 0.007350
TEPS tranversed all edges BFS 44 is 1.11456e+06
Running BFS 45
Time for BFS 45 is 0.006574
TEPS tranversed all edges BFS 45 is 1.24614e+06
Running BFS 46
Time for BFS 46 is 0.005598
TEPS tranversed all edges BFS 46 is 1.46336e+06
Running BFS 47
Time for BFS 47 is 0.008222
TEPS tranversed all edges BFS 47 is 996339
Running BFS 48
Time for BFS 48 is 0.010303
TEPS tranversed all edges BFS 48 is 795107
Running BFS 49
Time for BFS 49 is 0.010232
TEPS tranversed all edges BFS 49 is 800628
Running BFS 50
Time for BFS 50 is 0.006374
TEPS tranversed all edges BFS 50 is 1.2852e+06
Running BFS 51
Time for BFS 51 is 0.004999
TEPS tranversed all edges BFS 51 is 1.63875e+06
Running BFS 52
Time for BFS 52 is 0.008488
TEPS tranversed all edges BFS 52 is 965134
Running BFS 53
Time for BFS 53 is 0.006461
TEPS tranversed all edges BFS 53 is 1.26789e+06
Running BFS 54
Time for BFS 54 is 0.009390
TEPS tranversed all edges BFS 54 is 872407
Running BFS 55
Time for BFS 55 is 0.013906
TEPS tranversed all edges BFS 55 is 589098
Running BFS 56
Time for BFS 56 is 0.020528
TEPS tranversed all edges BFS 56 is 399063
Running BFS 57
Time for BFS 57 is 0.006692
TEPS tranversed all edges BFS 57 is 1.22412e+06
Running BFS 58
Time for BFS 58 is 0.006731
TEPS tranversed all edges BFS 58 is 1.21705e+06
Running BFS 59
Time for BFS 59 is 0.011730
TEPS tranversed all edges BFS 59 is 698383
Running BFS 60
Time for BFS 60 is 0.005936
TEPS tranversed all edges BFS 60 is 1.38002e+06
Running BFS 61
Time for BFS 61 is 0.006296
TEPS tranversed all edges BFS 61 is 1.30111e+06
Running BFS 62
Time for BFS 62 is 0.007177
TEPS tranversed all edges BFS 62 is 1.14141e+06
Running BFS 63
Time for BFS 63 is 0.006098
TEPS tranversed all edges BFS 63 is 1.34338e+06
