Address 54.154.225.84 maps to ec2-54-154-225-84.eu-west-1.compute.amazonaws.com, but this does not map back to the address - POSSIBLE BREAK-IN ATTEMPT!
Address 54.154.194.211 maps to ec2-54-154-194-211.eu-west-1.compute.amazonaws.com, but this does not map back to the address - POSSIBLE BREAK-IN ATTEMPT!
Address 54.154.196.32 maps to ec2-54-154-196-32.eu-west-1.compute.amazonaws.com, but this does not map back to the address - POSSIBLE BREAK-IN ATTEMPT!
Address 54.154.175.202 maps to ec2-54-154-175-202.eu-west-1.compute.amazonaws.com, but this does not map back to the address - POSSIBLE BREAK-IN ATTEMPT!
Address 54.154.196.163 maps to ec2-54-154-196-163.eu-west-1.compute.amazonaws.com, but this does not map back to the address - POSSIBLE BREAK-IN ATTEMPT!
Address 54.154.221.96 maps to ec2-54-154-221-96.eu-west-1.compute.amazonaws.com, but this does not map back to the address - POSSIBLE BREAK-IN ATTEMPT!
Address 54.154.225.36 maps to ec2-54-154-225-36.eu-west-1.compute.amazonaws.com, but this does not map back to the address - POSSIBLE BREAK-IN ATTEMPT!
Address 54.154.194.11 maps to ec2-54-154-194-11.eu-west-1.compute.amazonaws.com, but this does not map back to the address - POSSIBLE BREAK-IN ATTEMPT!
Address 54.154.186.200 maps to ec2-54-154-186-200.eu-west-1.compute.amazonaws.com, but this does not map back to the address - POSSIBLE BREAK-IN ATTEMPT!
Address 54.154.220.131 maps to ec2-54-154-220-131.eu-west-1.compute.amazonaws.com, but this does not map back to the address - POSSIBLE BREAK-IN ATTEMPT!
Address 54.154.212.9 maps to ec2-54-154-212-9.eu-west-1.compute.amazonaws.com, but this does not map back to the address - POSSIBLE BREAK-IN ATTEMPT!
Address 54.154.224.100 maps to ec2-54-154-224-100.eu-west-1.compute.amazonaws.com, but this does not map back to the address - POSSIBLE BREAK-IN ATTEMPT!
Address 54.154.219.117 maps to ec2-54-154-219-117.eu-west-1.compute.amazonaws.com, but this does not map back to the address - POSSIBLE BREAK-IN ATTEMPT!
Address 54.154.185.202 maps to ec2-54-154-185-202.eu-west-1.compute.amazonaws.com, but this does not map back to the address - POSSIBLE BREAK-IN ATTEMPT!
Address 54.154.221.144 maps to ec2-54-154-221-144.eu-west-1.compute.amazonaws.com, but this does not map back to the address - POSSIBLE BREAK-IN ATTEMPT!
Address 52.17.75.161 maps to ec2-52-17-75-161.eu-west-1.compute.amazonaws.com, but this does not map back to the address - POSSIBLE BREAK-IN ATTEMPT!
Address 54.154.178.20 maps to ec2-54-154-178-20.eu-west-1.compute.amazonaws.com, but this does not map back to the address - POSSIBLE BREAK-IN ATTEMPT!
Address 54.154.166.40 maps to ec2-54-154-166-40.eu-west-1.compute.amazonaws.com, but this does not map back to the address - POSSIBLE BREAK-IN ATTEMPT!
Address 54.154.3.241 maps to ec2-54-154-3-241.eu-west-1.compute.amazonaws.com, but this does not map back to the address - POSSIBLE BREAK-IN ATTEMPT!
Address 52.17.30.231 maps to ec2-52-17-30-231.eu-west-1.compute.amazonaws.com, but this does not map back to the address - POSSIBLE BREAK-IN ATTEMPT!
Address 54.154.100.51 maps to ec2-54-154-100-51.eu-west-1.compute.amazonaws.com, but this does not map back to the address - POSSIBLE BREAK-IN ATTEMPT!
Address 54.154.223.118 maps to ec2-54-154-223-118.eu-west-1.compute.amazonaws.com, but this does not map back to the address - POSSIBLE BREAK-IN ATTEMPT!
Address 54.171.51.106 maps to ec2-54-171-51-106.eu-west-1.compute.amazonaws.com, but this does not map back to the address - POSSIBLE BREAK-IN ATTEMPT!
Address 52.17.183.48 maps to ec2-52-17-183-48.eu-west-1.compute.amazonaws.com, but this does not map back to the address - POSSIBLE BREAK-IN ATTEMPT!
Address 54.154.253.203 maps to ec2-54-154-253-203.eu-west-1.compute.amazonaws.com, but this does not map back to the address - POSSIBLE BREAK-IN ATTEMPT!
Address 54.154.254.246 maps to ec2-54-154-254-246.eu-west-1.compute.amazonaws.com, but this does not map back to the address - POSSIBLE BREAK-IN ATTEMPT!
Address 54.154.187.60 maps to ec2-54-154-187-60.eu-west-1.compute.amazonaws.com, but this does not map back to the address - POSSIBLE BREAK-IN ATTEMPT!
Address 52.17.215.0 maps to ec2-52-17-215-0.eu-west-1.compute.amazonaws.com, but this does not map back to the address - POSSIBLE BREAK-IN ATTEMPT!
Address 54.171.51.124 maps to ec2-54-171-51-124.eu-west-1.compute.amazonaws.com, but this does not map back to the address - POSSIBLE BREAK-IN ATTEMPT!
Address 54.171.4.129 maps to ec2-54-171-4-129.eu-west-1.compute.amazonaws.com, but this does not map back to the address - POSSIBLE BREAK-IN ATTEMPT!
Address 52.16.202.53 maps to ec2-52-16-202-53.eu-west-1.compute.amazonaws.com, but this does not map back to the address - POSSIBLE BREAK-IN ATTEMPT!
Address 54.77.109.73 maps to ec2-54-77-109-73.eu-west-1.compute.amazonaws.com, but this does not map back to the address - POSSIBLE BREAK-IN ATTEMPT!
graph_generation:               0.087127 s
construction_time:              0.010348 s
Running BFS 0
Time for BFS 0 is 0.021865
TEPS tranversed all edges BFS 0 is 2.99732e+06
Running BFS 1
Time for BFS 1 is 0.018376
TEPS tranversed all edges BFS 1 is 3.56637e+06
Running BFS 2
Time for BFS 2 is 0.019574
TEPS tranversed all edges BFS 2 is 3.34813e+06
Running BFS 3
Time for BFS 3 is 0.016897
TEPS tranversed all edges BFS 3 is 3.87857e+06
Running BFS 4
Time for BFS 4 is 0.029638
TEPS tranversed all edges BFS 4 is 2.21121e+06
Running BFS 5
Time for BFS 5 is 0.011206
TEPS tranversed all edges BFS 5 is 5.84834e+06
Running BFS 6
Time for BFS 6 is 0.017093
TEPS tranversed all edges BFS 6 is 3.8341e+06
Running BFS 7
Time for BFS 7 is 0.045734
TEPS tranversed all edges BFS 7 is 1.43298e+06
Running BFS 8
Time for BFS 8 is 0.022209
TEPS tranversed all edges BFS 8 is 2.95085e+06
Running BFS 9
Time for BFS 9 is 0.016302
TEPS tranversed all edges BFS 9 is 4.02015e+06
Running BFS 10
Time for BFS 10 is 0.023509
TEPS tranversed all edges BFS 10 is 2.7877e+06
Running BFS 11
Time for BFS 11 is 0.023858
TEPS tranversed all edges BFS 11 is 2.74694e+06
Running BFS 12
Time for BFS 12 is 0.012413
TEPS tranversed all edges BFS 12 is 5.27962e+06
Running BFS 13
Time for BFS 13 is 0.011995
TEPS tranversed all edges BFS 13 is 5.46357e+06
Running BFS 14
Time for BFS 14 is 0.031297
TEPS tranversed all edges BFS 14 is 2.094e+06
Running BFS 15
Time for BFS 15 is 0.019927
TEPS tranversed all edges BFS 15 is 3.2888e+06
Running BFS 16
Time for BFS 16 is 0.017019
TEPS tranversed all edges BFS 16 is 3.85075e+06
Running BFS 17
Time for BFS 17 is 0.018033
TEPS tranversed all edges BFS 17 is 3.63422e+06
Running BFS 18
Time for BFS 18 is 0.028009
TEPS tranversed all edges BFS 18 is 2.33982e+06
Running BFS 19
Time for BFS 19 is 0.028078
TEPS tranversed all edges BFS 19 is 2.33406e+06
Running BFS 20
Time for BFS 20 is 0.013425
TEPS tranversed all edges BFS 20 is 4.88168e+06
Running BFS 21
Time for BFS 21 is 0.018938
TEPS tranversed all edges BFS 21 is 3.46054e+06
Running BFS 22
Time for BFS 22 is 0.015246
TEPS tranversed all edges BFS 22 is 4.29853e+06
Running BFS 23
Time for BFS 23 is 0.025709
TEPS tranversed all edges BFS 23 is 2.54915e+06
Running BFS 24
Time for BFS 24 is 0.013548
TEPS tranversed all edges BFS 24 is 4.83736e+06
Running BFS 25
Time for BFS 25 is 0.016339
TEPS tranversed all edges BFS 25 is 4.01106e+06
Running BFS 26
Time for BFS 26 is 0.014887
TEPS tranversed all edges BFS 26 is 4.4022e+06
Running BFS 27
Time for BFS 27 is 0.028704
TEPS tranversed all edges BFS 27 is 2.28317e+06
Running BFS 28
Time for BFS 28 is 0.019768
TEPS tranversed all edges BFS 28 is 3.31526e+06
Running BFS 29
Time for BFS 29 is 0.014817
TEPS tranversed all edges BFS 29 is 4.42303e+06
Running BFS 30
Time for BFS 30 is 0.030352
TEPS tranversed all edges BFS 30 is 2.15921e+06
Running BFS 31
Time for BFS 31 is 0.017196
TEPS tranversed all edges BFS 31 is 3.81108e+06
Running BFS 32
Time for BFS 32 is 0.020083
TEPS tranversed all edges BFS 32 is 3.26327e+06
Running BFS 33
Time for BFS 33 is 0.014439
TEPS tranversed all edges BFS 33 is 4.53879e+06
Running BFS 34
Time for BFS 34 is 0.014292
TEPS tranversed all edges BFS 34 is 4.5855e+06
Running BFS 35
Time for BFS 35 is 0.026266
TEPS tranversed all edges BFS 35 is 2.49508e+06
Running BFS 36
Time for BFS 36 is 0.015064
TEPS tranversed all edges BFS 36 is 4.3505e+06
Running BFS 37
Time for BFS 37 is 0.018828
TEPS tranversed all edges BFS 37 is 3.48079e+06
Running BFS 38
Time for BFS 38 is 0.036148
TEPS tranversed all edges BFS 38 is 1.813e+06
Running BFS 39
Time for BFS 39 is 0.011534
TEPS tranversed all edges BFS 39 is 5.682e+06
Running BFS 40
Time for BFS 40 is 0.015628
TEPS tranversed all edges BFS 40 is 4.19347e+06
Running BFS 41
Time for BFS 41 is 0.024805
TEPS tranversed all edges BFS 41 is 2.64204e+06
Running BFS 42
Time for BFS 42 is 0.017242
TEPS tranversed all edges BFS 42 is 3.80096e+06
Running BFS 43
Time for BFS 43 is 0.036340
TEPS tranversed all edges BFS 43 is 1.80341e+06
Running BFS 44
Time for BFS 44 is 0.018240
TEPS tranversed all edges BFS 44 is 3.59299e+06
Running BFS 45
Time for BFS 45 is 0.018593
TEPS tranversed all edges BFS 45 is 3.52475e+06
Running BFS 46
Time for BFS 46 is 0.014485
TEPS tranversed all edges BFS 46 is 4.52444e+06
Running BFS 47
Time for BFS 47 is 0.030725
TEPS tranversed all edges BFS 47 is 2.13299e+06
Running BFS 48
Time for BFS 48 is 0.011387
TEPS tranversed all edges BFS 48 is 5.7554e+06
Running BFS 49
Time for BFS 49 is 0.014579
TEPS tranversed all edges BFS 49 is 4.49522e+06
Running BFS 50
Time for BFS 50 is 0.019020
TEPS tranversed all edges BFS 50 is 3.44562e+06
Running BFS 51
Time for BFS 51 is 0.015540
TEPS tranversed all edges BFS 51 is 4.21721e+06
Running BFS 52
Time for BFS 52 is 0.021576
TEPS tranversed all edges BFS 52 is 3.03746e+06
Running BFS 53
Time for BFS 53 is 0.016782
TEPS tranversed all edges BFS 53 is 3.90513e+06
Running BFS 54
Time for BFS 54 is 0.034531
TEPS tranversed all edges BFS 54 is 1.89788e+06
Running BFS 55
Time for BFS 55 is 0.015645
TEPS tranversed all edges BFS 55 is 4.18893e+06
Running BFS 56
Time for BFS 56 is 0.014881
TEPS tranversed all edges BFS 56 is 4.40404e+06
Running BFS 57
Time for BFS 57 is 0.023518
TEPS tranversed all edges BFS 57 is 2.78665e+06
Running BFS 58
Time for BFS 58 is 0.039624
TEPS tranversed all edges BFS 58 is 1.65395e+06
Running BFS 59
Time for BFS 59 is 0.013325
TEPS tranversed all edges BFS 59 is 4.91828e+06
Running BFS 60
Time for BFS 60 is 0.012867
TEPS tranversed all edges BFS 60 is 5.09326e+06
Running BFS 61
Time for BFS 61 is 0.014326
TEPS tranversed all edges BFS 61 is 4.57459e+06
Running BFS 62
Time for BFS 62 is 0.019664
TEPS tranversed all edges BFS 62 is 3.33278e+06
Running BFS 63
Time for BFS 63 is 0.016266
TEPS tranversed all edges BFS 63 is 4.02899e+06
