Address 54.154.21.69 maps to ec2-54-154-21-69.eu-west-1.compute.amazonaws.com, but this does not map back to the address - POSSIBLE BREAK-IN ATTEMPT!
Address 52.17.14.125 maps to ec2-52-17-14-125.eu-west-1.compute.amazonaws.com, but this does not map back to the address - POSSIBLE BREAK-IN ATTEMPT!
Address 52.17.18.103 maps to ec2-52-17-18-103.eu-west-1.compute.amazonaws.com, but this does not map back to the address - POSSIBLE BREAK-IN ATTEMPT!
Address 54.171.118.246 maps to ec2-54-171-118-246.eu-west-1.compute.amazonaws.com, but this does not map back to the address - POSSIBLE BREAK-IN ATTEMPT!
Address 54.154.93.73 maps to ec2-54-154-93-73.eu-west-1.compute.amazonaws.com, but this does not map back to the address - POSSIBLE BREAK-IN ATTEMPT!
Address 52.16.5.31 maps to ec2-52-16-5-31.eu-west-1.compute.amazonaws.com, but this does not map back to the address - POSSIBLE BREAK-IN ATTEMPT!
Address 52.17.25.49 maps to ec2-52-17-25-49.eu-west-1.compute.amazonaws.com, but this does not map back to the address - POSSIBLE BREAK-IN ATTEMPT!
Address 52.17.124.214 maps to ec2-52-17-124-214.eu-west-1.compute.amazonaws.com, but this does not map back to the address - POSSIBLE BREAK-IN ATTEMPT!
Address 54.154.87.57 maps to ec2-54-154-87-57.eu-west-1.compute.amazonaws.com, but this does not map back to the address - POSSIBLE BREAK-IN ATTEMPT!
Address 52.17.25.95 maps to ec2-52-17-25-95.eu-west-1.compute.amazonaws.com, but this does not map back to the address - POSSIBLE BREAK-IN ATTEMPT!
Address 54.72.209.226 maps to ec2-54-72-209-226.eu-west-1.compute.amazonaws.com, but this does not map back to the address - POSSIBLE BREAK-IN ATTEMPT!
Address 54.154.69.108 maps to ec2-54-154-69-108.eu-west-1.compute.amazonaws.com, but this does not map back to the address - POSSIBLE BREAK-IN ATTEMPT!
Address 54.154.219.117 maps to ec2-54-154-219-117.eu-west-1.compute.amazonaws.com, but this does not map back to the address - POSSIBLE BREAK-IN ATTEMPT!
Address 54.154.94.187 maps to ec2-54-154-94-187.eu-west-1.compute.amazonaws.com, but this does not map back to the address - POSSIBLE BREAK-IN ATTEMPT!
Address 52.17.91.181 maps to ec2-52-17-91-181.eu-west-1.compute.amazonaws.com, but this does not map back to the address - POSSIBLE BREAK-IN ATTEMPT!
Address 52.17.180.37 maps to ec2-52-17-180-37.eu-west-1.compute.amazonaws.com, but this does not map back to the address - POSSIBLE BREAK-IN ATTEMPT!
graph_generation:               1.656943 s
construction_time:              0.372318 s
Running BFS 0
Time for BFS 0 is 0.230017
TEPS tranversed all edges BFS 0 is 1.82348e+07
Running BFS 1
Time for BFS 1 is 0.085030
TEPS tranversed all edges BFS 1 is 4.93273e+07
Running BFS 2
Time for BFS 2 is 0.092494
TEPS tranversed all edges BFS 2 is 4.53468e+07
Running BFS 3
Time for BFS 3 is 0.100566
TEPS tranversed all edges BFS 3 is 4.1707e+07
Running BFS 4
Time for BFS 4 is 0.091987
TEPS tranversed all edges BFS 4 is 4.55966e+07
Running BFS 5
Time for BFS 5 is 0.088304
TEPS tranversed all edges BFS 5 is 4.74984e+07
Running BFS 6
Time for BFS 6 is 0.116336
TEPS tranversed all edges BFS 6 is 3.60533e+07
Running BFS 7
Time for BFS 7 is 0.097610
TEPS tranversed all edges BFS 7 is 4.297e+07
Running BFS 8
Time for BFS 8 is 0.114222
TEPS tranversed all edges BFS 8 is 3.67206e+07
Running BFS 9
Time for BFS 9 is 0.093378
TEPS tranversed all edges BFS 9 is 4.49176e+07
Running BFS 10
Time for BFS 10 is 0.089828
TEPS tranversed all edges BFS 10 is 4.66926e+07
Running BFS 11
Time for BFS 11 is 0.101763
TEPS tranversed all edges BFS 11 is 4.12165e+07
Running BFS 12
Time for BFS 12 is 0.091346
TEPS tranversed all edges BFS 12 is 4.59167e+07
Running BFS 13
Time for BFS 13 is 0.088857
TEPS tranversed all edges BFS 13 is 4.72029e+07
Running BFS 14
Time for BFS 14 is 0.096414
TEPS tranversed all edges BFS 14 is 4.35031e+07
Running BFS 15
Time for BFS 15 is 0.107999
TEPS tranversed all edges BFS 15 is 3.88365e+07
Running BFS 16
Time for BFS 16 is 0.287548
TEPS tranversed all edges BFS 16 is 1.45864e+07
Running BFS 17
Time for BFS 17 is 0.099592
TEPS tranversed all edges BFS 17 is 4.21149e+07
Running BFS 18
Time for BFS 18 is 0.085906
TEPS tranversed all edges BFS 18 is 4.88243e+07
Running BFS 19
Time for BFS 19 is 0.094149
TEPS tranversed all edges BFS 19 is 4.45496e+07
Running BFS 20
Time for BFS 20 is 0.320505
TEPS tranversed all edges BFS 20 is 1.30866e+07
Running BFS 21
Time for BFS 21 is 0.091002
TEPS tranversed all edges BFS 21 is 4.60902e+07
Running BFS 22
Time for BFS 22 is 0.087437
TEPS tranversed all edges BFS 22 is 4.79695e+07
Running BFS 23
Time for BFS 23 is 0.091378
TEPS tranversed all edges BFS 23 is 4.59006e+07
Running BFS 24
Time for BFS 24 is 0.090448
TEPS tranversed all edges BFS 24 is 4.63725e+07
Running BFS 25
Time for BFS 25 is 0.289973
TEPS tranversed all edges BFS 25 is 1.44645e+07
Running BFS 26
Time for BFS 26 is 0.090995
TEPS tranversed all edges BFS 26 is 4.60937e+07
Running BFS 27
Time for BFS 27 is 0.085616
TEPS tranversed all edges BFS 27 is 4.89897e+07
Running BFS 28
Time for BFS 28 is 0.088296
TEPS tranversed all edges BFS 28 is 4.75028e+07
Running BFS 29
Time for BFS 29 is 0.087158
TEPS tranversed all edges BFS 29 is 4.8123e+07
Running BFS 30
Time for BFS 30 is 0.287508
TEPS tranversed all edges BFS 30 is 1.45885e+07
Running BFS 31
Time for BFS 31 is 0.090757
TEPS tranversed all edges BFS 31 is 4.62147e+07
Running BFS 32
Time for BFS 32 is 0.079786
TEPS tranversed all edges BFS 32 is 5.25694e+07
Running BFS 33
Time for BFS 33 is 0.321763
TEPS tranversed all edges BFS 33 is 1.30354e+07
Running BFS 34
Time for BFS 34 is 0.092927
TEPS tranversed all edges BFS 34 is 4.51355e+07
Running BFS 35
Time for BFS 35 is 0.089862
TEPS tranversed all edges BFS 35 is 4.66749e+07
Running BFS 36
Time for BFS 36 is 0.076814
TEPS tranversed all edges BFS 36 is 5.46034e+07
Running BFS 37
Time for BFS 37 is 0.085003
TEPS tranversed all edges BFS 37 is 4.93431e+07
Running BFS 38
Time for BFS 38 is 0.339039
TEPS tranversed all edges BFS 38 is 1.23712e+07
Running BFS 39
Time for BFS 39 is 0.079243
TEPS tranversed all edges BFS 39 is 5.29297e+07
Running BFS 40
Time for BFS 40 is 0.083713
TEPS tranversed all edges BFS 40 is 5.01035e+07
Running BFS 41
Time for BFS 41 is 0.090710
TEPS tranversed all edges BFS 41 is 4.62386e+07
Running BFS 42
Time for BFS 42 is 0.083526
TEPS tranversed all edges BFS 42 is 5.02156e+07
Running BFS 43
Time for BFS 43 is 0.296667
TEPS tranversed all edges BFS 43 is 1.41381e+07
Running BFS 44
Time for BFS 44 is 0.075247
TEPS tranversed all edges BFS 44 is 5.57404e+07
Running BFS 45
Time for BFS 45 is 0.090152
TEPS tranversed all edges BFS 45 is 4.65248e+07
Running BFS 46
Time for BFS 46 is 0.109828
TEPS tranversed all edges BFS 46 is 3.81898e+07
Running BFS 47
Time for BFS 47 is 0.097151
TEPS tranversed all edges BFS 47 is 4.3173e+07
Running BFS 48
Time for BFS 48 is 0.286826
TEPS tranversed all edges BFS 48 is 1.46232e+07
Running BFS 49
Time for BFS 49 is 0.091703
TEPS tranversed all edges BFS 49 is 4.57378e+07
Running BFS 50
Time for BFS 50 is 0.087564
TEPS tranversed all edges BFS 50 is 4.78999e+07
Running BFS 51
Time for BFS 51 is 0.083994
TEPS tranversed all edges BFS 51 is 4.99358e+07
Running BFS 52
Time for BFS 52 is 0.297606
TEPS tranversed all edges BFS 52 is 1.40935e+07
Running BFS 53
Time for BFS 53 is 0.085953
TEPS tranversed all edges BFS 53 is 4.87976e+07
Running BFS 54
Time for BFS 54 is 0.088192
TEPS tranversed all edges BFS 54 is 4.75588e+07
Running BFS 55
Time for BFS 55 is 0.085698
TEPS tranversed all edges BFS 55 is 4.89428e+07
Running BFS 56
Time for BFS 56 is 0.303704
TEPS tranversed all edges BFS 56 is 1.38105e+07
Running BFS 57
Time for BFS 57 is 0.082243
TEPS tranversed all edges BFS 57 is 5.09989e+07
Running BFS 58
Time for BFS 58 is 0.093554
TEPS tranversed all edges BFS 58 is 4.4833e+07
Running BFS 59
Time for BFS 59 is 0.080299
TEPS tranversed all edges BFS 59 is 5.22335e+07
Running BFS 60
Time for BFS 60 is 0.091489
TEPS tranversed all edges BFS 60 is 4.58449e+07
Running BFS 61
Time for BFS 61 is 0.264434
TEPS tranversed all edges BFS 61 is 1.58614e+07
Running BFS 62
Time for BFS 62 is 0.078297
TEPS tranversed all edges BFS 62 is 5.35691e+07
Running BFS 63
Time for BFS 63 is 0.084144
TEPS tranversed all edges BFS 63 is 4.98467e+07
