Address 54.171.118.246 maps to ec2-54-171-118-246.eu-west-1.compute.amazonaws.com, but this does not map back to the address - POSSIBLE BREAK-IN ATTEMPT!
Address 52.17.25.95 maps to ec2-52-17-25-95.eu-west-1.compute.amazonaws.com, but this does not map back to the address - POSSIBLE BREAK-IN ATTEMPT!
Address 52.17.14.125 maps to ec2-52-17-14-125.eu-west-1.compute.amazonaws.com, but this does not map back to the address - POSSIBLE BREAK-IN ATTEMPT!
Address 52.17.91.181 maps to ec2-52-17-91-181.eu-west-1.compute.amazonaws.com, but this does not map back to the address - POSSIBLE BREAK-IN ATTEMPT!
graph_generation:               0.042591 s
construction_time:              0.009212 s
Running BFS 0
Time for BFS 0 is 0.004961
TEPS tranversed all edges BFS 0 is 1.32102e+07
Running BFS 1
Time for BFS 1 is 0.004743
TEPS tranversed all edges BFS 1 is 1.38178e+07
Running BFS 2
Time for BFS 2 is 0.004827
TEPS tranversed all edges BFS 2 is 1.35769e+07
Running BFS 3
Time for BFS 3 is 0.004964
TEPS tranversed all edges BFS 3 is 1.32026e+07
Running BFS 4
Time for BFS 4 is 0.004975
TEPS tranversed all edges BFS 4 is 1.31729e+07
Running BFS 5
Time for BFS 5 is 0.005089
TEPS tranversed all edges BFS 5 is 1.28779e+07
Running BFS 6
Time for BFS 6 is 0.004984
TEPS tranversed all edges BFS 6 is 1.31495e+07
Running BFS 7
Time for BFS 7 is 0.004858
TEPS tranversed all edges BFS 7 is 1.34903e+07
Running BFS 8
Time for BFS 8 is 0.004882
TEPS tranversed all edges BFS 8 is 1.34237e+07
Running BFS 9
Time for BFS 9 is 0.005275
TEPS tranversed all edges BFS 9 is 1.24239e+07
Running BFS 10
Time for BFS 10 is 0.005069
TEPS tranversed all edges BFS 10 is 1.29287e+07
Running BFS 11
Time for BFS 11 is 0.004873
TEPS tranversed all edges BFS 11 is 1.34487e+07
Running BFS 12
Time for BFS 12 is 0.004889
TEPS tranversed all edges BFS 12 is 1.34048e+07
Running BFS 13
Time for BFS 13 is 0.004612
TEPS tranversed all edges BFS 13 is 1.42092e+07
Running BFS 14
Time for BFS 14 is 0.004995
TEPS tranversed all edges BFS 14 is 1.312e+07
Running BFS 15
Time for BFS 15 is 0.005127
TEPS tranversed all edges BFS 15 is 1.27826e+07
Running BFS 16
Time for BFS 16 is 0.004881
TEPS tranversed all edges BFS 16 is 1.34264e+07
Running BFS 17
Time for BFS 17 is 0.005037
TEPS tranversed all edges BFS 17 is 1.30107e+07
Running BFS 18
Time for BFS 18 is 0.004971
TEPS tranversed all edges BFS 18 is 1.31836e+07
Running BFS 19
Time for BFS 19 is 0.005327
TEPS tranversed all edges BFS 19 is 1.23026e+07
Running BFS 20
Time for BFS 20 is 0.005126
TEPS tranversed all edges BFS 20 is 1.2785e+07
Running BFS 21
Time for BFS 21 is 0.005167
TEPS tranversed all edges BFS 21 is 1.26836e+07
Running BFS 22
Time for BFS 22 is 0.005109
TEPS tranversed all edges BFS 22 is 1.28274e+07
Running BFS 23
Time for BFS 23 is 0.004934
TEPS tranversed all edges BFS 23 is 1.32823e+07
Running BFS 24
Time for BFS 24 is 0.005237
TEPS tranversed all edges BFS 24 is 1.25138e+07
Running BFS 25
Time for BFS 25 is 0.005638
TEPS tranversed all edges BFS 25 is 1.16237e+07
Running BFS 26
Time for BFS 26 is 0.005479
TEPS tranversed all edges BFS 26 is 1.19611e+07
Running BFS 27
Time for BFS 27 is 0.005474
TEPS tranversed all edges BFS 27 is 1.19726e+07
Running BFS 28
Time for BFS 28 is 0.005749
TEPS tranversed all edges BFS 28 is 1.13991e+07
Running BFS 29
Time for BFS 29 is 0.005653
TEPS tranversed all edges BFS 29 is 1.15933e+07
Running BFS 30
Time for BFS 30 is 0.005329
TEPS tranversed all edges BFS 30 is 1.22982e+07
Running BFS 31
Time for BFS 31 is 0.005969
TEPS tranversed all edges BFS 31 is 1.09793e+07
Running BFS 32
Time for BFS 32 is 0.005685
TEPS tranversed all edges BFS 32 is 1.15277e+07
Running BFS 33
Time for BFS 33 is 0.005237
TEPS tranversed all edges BFS 33 is 1.25138e+07
Running BFS 34
Time for BFS 34 is 0.005627
TEPS tranversed all edges BFS 34 is 1.16464e+07
Running BFS 35
Time for BFS 35 is 0.005606
TEPS tranversed all edges BFS 35 is 1.16905e+07
Running BFS 36
Time for BFS 36 is 0.005544
TEPS tranversed all edges BFS 36 is 1.18207e+07
Running BFS 37
Time for BFS 37 is 0.005138
TEPS tranversed all edges BFS 37 is 1.27554e+07
Running BFS 38
Time for BFS 38 is 0.005267
TEPS tranversed all edges BFS 38 is 1.2443e+07
Running BFS 39
Time for BFS 39 is 0.005293
TEPS tranversed all edges BFS 39 is 1.23813e+07
Running BFS 40
Time for BFS 40 is 0.004926
TEPS tranversed all edges BFS 40 is 1.33042e+07
Running BFS 41
Time for BFS 41 is 0.004832
TEPS tranversed all edges BFS 41 is 1.35628e+07
Running BFS 42
Time for BFS 42 is 0.004975
TEPS tranversed all edges BFS 42 is 1.31729e+07
Running BFS 43
Time for BFS 43 is 0.005197
TEPS tranversed all edges BFS 43 is 1.26102e+07
Running BFS 44
Time for BFS 44 is 0.005280
TEPS tranversed all edges BFS 44 is 1.24121e+07
Running BFS 45
Time for BFS 45 is 0.005124
TEPS tranversed all edges BFS 45 is 1.27898e+07
Running BFS 46
Time for BFS 46 is 0.004969
TEPS tranversed all edges BFS 46 is 1.31887e+07
Running BFS 47
Time for BFS 47 is 0.005361
TEPS tranversed all edges BFS 47 is 1.22249e+07
Running BFS 48
Time for BFS 48 is 0.005140
TEPS tranversed all edges BFS 48 is 1.275e+07
Running BFS 49
Time for BFS 49 is 0.004920
TEPS tranversed all edges BFS 49 is 1.33203e+07
Running BFS 50
Time for BFS 50 is 0.005229
TEPS tranversed all edges BFS 50 is 1.25332e+07
Running BFS 51
Time for BFS 51 is 0.005193
TEPS tranversed all edges BFS 51 is 1.26201e+07
Running BFS 52
Time for BFS 52 is 0.004914
TEPS tranversed all edges BFS 52 is 1.33371e+07
Running BFS 53
Time for BFS 53 is 0.005329
TEPS tranversed all edges BFS 53 is 1.22982e+07
Running BFS 54
Time for BFS 54 is 0.004846
TEPS tranversed all edges BFS 54 is 1.35235e+07
Running BFS 55
Time for BFS 55 is 0.004479
TEPS tranversed all edges BFS 55 is 1.46321e+07
Running BFS 56
Time for BFS 56 is 0.004464
TEPS tranversed all edges BFS 56 is 1.46813e+07
Running BFS 57
Time for BFS 57 is 0.005477
TEPS tranversed all edges BFS 57 is 1.19658e+07
Running BFS 58
Time for BFS 58 is 0.005433
TEPS tranversed all edges BFS 58 is 1.20624e+07
Running BFS 59
Time for BFS 59 is 0.005389
TEPS tranversed all edges BFS 59 is 1.21611e+07
Running BFS 60
Time for BFS 60 is 0.005077
TEPS tranversed all edges BFS 60 is 1.29087e+07
Running BFS 61
Time for BFS 61 is 0.004801
TEPS tranversed all edges BFS 61 is 1.36504e+07
Running BFS 62
Time for BFS 62 is 0.004912
TEPS tranversed all edges BFS 62 is 1.33416e+07
Running BFS 63
Time for BFS 63 is 0.005135
TEPS tranversed all edges BFS 63 is 1.27625e+07
