Address 54.154.21.69 maps to ec2-54-154-21-69.eu-west-1.compute.amazonaws.com, but this does not map back to the address - POSSIBLE BREAK-IN ATTEMPT!
Address 54.171.118.246 maps to ec2-54-171-118-246.eu-west-1.compute.amazonaws.com, but this does not map back to the address - POSSIBLE BREAK-IN ATTEMPT!
Address 54.154.87.57 maps to ec2-54-154-87-57.eu-west-1.compute.amazonaws.com, but this does not map back to the address - POSSIBLE BREAK-IN ATTEMPT!
Address 54.154.219.117 maps to ec2-54-154-219-117.eu-west-1.compute.amazonaws.com, but this does not map back to the address - POSSIBLE BREAK-IN ATTEMPT!
Address 52.16.5.31 maps to ec2-52-16-5-31.eu-west-1.compute.amazonaws.com, but this does not map back to the address - POSSIBLE BREAK-IN ATTEMPT!
Address 54.72.209.226 maps to ec2-54-72-209-226.eu-west-1.compute.amazonaws.com, but this does not map back to the address - POSSIBLE BREAK-IN ATTEMPT!
Address 52.17.18.103 maps to ec2-52-17-18-103.eu-west-1.compute.amazonaws.com, but this does not map back to the address - POSSIBLE BREAK-IN ATTEMPT!
Address 54.154.69.108 maps to ec2-54-154-69-108.eu-west-1.compute.amazonaws.com, but this does not map back to the address - POSSIBLE BREAK-IN ATTEMPT!
Address 52.17.124.214 maps to ec2-52-17-124-214.eu-west-1.compute.amazonaws.com, but this does not map back to the address - POSSIBLE BREAK-IN ATTEMPT!
Address 52.17.25.49 maps to ec2-52-17-25-49.eu-west-1.compute.amazonaws.com, but this does not map back to the address - POSSIBLE BREAK-IN ATTEMPT!
Address 52.17.25.95 maps to ec2-52-17-25-95.eu-west-1.compute.amazonaws.com, but this does not map back to the address - POSSIBLE BREAK-IN ATTEMPT!
Address 54.154.93.73 maps to ec2-54-154-93-73.eu-west-1.compute.amazonaws.com, but this does not map back to the address - POSSIBLE BREAK-IN ATTEMPT!
Address 52.17.14.125 maps to ec2-52-17-14-125.eu-west-1.compute.amazonaws.com, but this does not map back to the address - POSSIBLE BREAK-IN ATTEMPT!
Address 52.17.91.181 maps to ec2-52-17-91-181.eu-west-1.compute.amazonaws.com, but this does not map back to the address - POSSIBLE BREAK-IN ATTEMPT!
Address 54.154.94.187 maps to ec2-54-154-94-187.eu-west-1.compute.amazonaws.com, but this does not map back to the address - POSSIBLE BREAK-IN ATTEMPT!
Address 52.17.180.37 maps to ec2-52-17-180-37.eu-west-1.compute.amazonaws.com, but this does not map back to the address - POSSIBLE BREAK-IN ATTEMPT!
graph_generation:               75.063582 s
construction_time:              89.710385 s
Running BFS 0
Time for BFS 0 is 68.674798
TEPS tranversed all edges BFS 0 is 3.12703e+07
Running BFS 1
Time for BFS 1 is 67.797141
TEPS tranversed all edges BFS 1 is 3.16751e+07
Running BFS 2
Time for BFS 2 is 67.276583
TEPS tranversed all edges BFS 2 is 3.19202e+07
Running BFS 3
Time for BFS 3 is 69.293820
TEPS tranversed all edges BFS 3 is 3.0991e+07
Running BFS 4
Time for BFS 4 is 67.822917
TEPS tranversed all edges BFS 4 is 3.16631e+07
Running BFS 5
Time for BFS 5 is 67.260784
TEPS tranversed all edges BFS 5 is 3.19277e+07
Running BFS 6
Time for BFS 6 is 68.567843
TEPS tranversed all edges BFS 6 is 3.13191e+07
Running BFS 7
Time for BFS 7 is 68.221431
TEPS tranversed all edges BFS 7 is 3.14781e+07
Running BFS 8
Time for BFS 8 is 67.450195
TEPS tranversed all edges BFS 8 is 3.18381e+07
Running BFS 9
Time for BFS 9 is 67.315476
TEPS tranversed all edges BFS 9 is 3.19018e+07
Running BFS 10
Time for BFS 10 is 68.457336
TEPS tranversed all edges BFS 10 is 3.13697e+07
Running BFS 11
Time for BFS 11 is 67.303096
TEPS tranversed all edges BFS 11 is 3.19077e+07
Running BFS 12
Time for BFS 12 is 69.251117
TEPS tranversed all edges BFS 12 is 3.10101e+07
Running BFS 13
Time for BFS 13 is 67.601792
TEPS tranversed all edges BFS 13 is 3.17667e+07
Running BFS 14
Time for BFS 14 is 68.391590
TEPS tranversed all edges BFS 14 is 3.13998e+07
Running BFS 15
Time for BFS 15 is 68.711430
TEPS tranversed all edges BFS 15 is 3.12537e+07
Running BFS 16
Time for BFS 16 is 67.461673
TEPS tranversed all edges BFS 16 is 3.18326e+07
Running BFS 17
Time for BFS 17 is 68.349262
TEPS tranversed all edges BFS 17 is 3.14193e+07
Running BFS 18
Time for BFS 18 is 67.888764
TEPS tranversed all edges BFS 18 is 3.16324e+07
Running BFS 19
Time for BFS 19 is 67.434030
TEPS tranversed all edges BFS 19 is 3.18457e+07
Running BFS 20
Time for BFS 20 is 67.285068
TEPS tranversed all edges BFS 20 is 3.19162e+07
Running BFS 21
Time for BFS 21 is 70.483135
TEPS tranversed all edges BFS 21 is 3.0468e+07
Running BFS 22
Time for BFS 22 is 67.722523
TEPS tranversed all edges BFS 22 is 3.171e+07
Running BFS 23
Time for BFS 23 is 67.938748
TEPS tranversed all edges BFS 23 is 3.16091e+07
Running BFS 24
Time for BFS 24 is 68.433095
TEPS tranversed all edges BFS 24 is 3.13808e+07
Running BFS 25
Time for BFS 25 is 67.731005
TEPS tranversed all edges BFS 25 is 3.17061e+07
Running BFS 26
Time for BFS 26 is 67.430351
TEPS tranversed all edges BFS 26 is 3.18474e+07
Running BFS 27
Time for BFS 27 is 67.734161
TEPS tranversed all edges BFS 27 is 3.17046e+07
Running BFS 28
Time for BFS 28 is 68.042851
TEPS tranversed all edges BFS 28 is 3.15608e+07
Running BFS 29
Time for BFS 29 is 68.524232
TEPS tranversed all edges BFS 29 is 3.1339e+07
Running BFS 30
Time for BFS 30 is 67.452184
TEPS tranversed all edges BFS 30 is 3.18371e+07
Running BFS 31
Time for BFS 31 is 68.449579
TEPS tranversed all edges BFS 31 is 3.13732e+07
Running BFS 32
Time for BFS 32 is 66.859250
TEPS tranversed all edges BFS 32 is 3.21195e+07
Running BFS 33
Time for BFS 33 is 68.809288
TEPS tranversed all edges BFS 33 is 3.12092e+07
Running BFS 34
Time for BFS 34 is 67.252264
TEPS tranversed all edges BFS 34 is 3.19318e+07
Running BFS 35
Time for BFS 35 is 66.827781
TEPS tranversed all edges BFS 35 is 3.21346e+07
Running BFS 36
Time for BFS 36 is 67.407965
TEPS tranversed all edges BFS 36 is 3.1858e+07
Running BFS 37
Time for BFS 37 is 67.135465
TEPS tranversed all edges BFS 37 is 3.19873e+07
Running BFS 38
Time for BFS 38 is 70.179217
TEPS tranversed all edges BFS 38 is 3.06e+07
Running BFS 39
Time for BFS 39 is 66.951668
TEPS tranversed all edges BFS 39 is 3.20751e+07
Running BFS 40
Time for BFS 40 is 70.985164
TEPS tranversed all edges BFS 40 is 3.02526e+07
Running BFS 41
Time for BFS 41 is 68.180842
TEPS tranversed all edges BFS 41 is 3.14969e+07
Running BFS 42
Time for BFS 42 is 70.064291
TEPS tranversed all edges BFS 42 is 3.06502e+07
Running BFS 43
Time for BFS 43 is 68.342697
TEPS tranversed all edges BFS 43 is 3.14223e+07
Running BFS 44
Time for BFS 44 is 67.179191
TEPS tranversed all edges BFS 44 is 3.19665e+07
Running BFS 45
Time for BFS 45 is 69.052001
TEPS tranversed all edges BFS 45 is 3.10995e+07
Running BFS 46
Time for BFS 46 is 67.653520
TEPS tranversed all edges BFS 46 is 3.17424e+07
Running BFS 47
Time for BFS 47 is 68.095439
TEPS tranversed all edges BFS 47 is 3.15364e+07
Running BFS 48
Time for BFS 48 is 67.001948
TEPS tranversed all edges BFS 48 is 3.20511e+07
Running BFS 49
Time for BFS 49 is 67.397273
TEPS tranversed all edges BFS 49 is 3.18631e+07
Running BFS 50
Time for BFS 50 is 67.115611
TEPS tranversed all edges BFS 50 is 3.19968e+07
Running BFS 51
Time for BFS 51 is 67.255327
TEPS tranversed all edges BFS 51 is 3.19303e+07
Running BFS 52
Time for BFS 52 is 67.020452
TEPS tranversed all edges BFS 52 is 3.20422e+07
Running BFS 53
Time for BFS 53 is 68.984599
TEPS tranversed all edges BFS 53 is 3.11299e+07
Running BFS 54
Time for BFS 54 is 68.028860
TEPS tranversed all edges BFS 54 is 3.15672e+07
Running BFS 55
Time for BFS 55 is 67.516489
TEPS tranversed all edges BFS 55 is 3.18068e+07
Running BFS 56
Time for BFS 56 is 67.899459
TEPS tranversed all edges BFS 56 is 3.16274e+07
Running BFS 57
Time for BFS 57 is 67.127351
TEPS tranversed all edges BFS 57 is 3.19912e+07
Running BFS 58
Time for BFS 58 is 68.165985
TEPS tranversed all edges BFS 58 is 3.15037e+07
Running BFS 59
Time for BFS 59 is 67.061768
TEPS tranversed all edges BFS 59 is 3.20225e+07
Running BFS 60
Time for BFS 60 is 68.864917
TEPS tranversed all edges BFS 60 is 3.1184e+07
Running BFS 61
Time for BFS 61 is 67.104867
TEPS tranversed all edges BFS 61 is 3.20019e+07
Running BFS 62
Time for BFS 62 is 67.234793
TEPS tranversed all edges BFS 62 is 3.19401e+07
Running BFS 63
Time for BFS 63 is 67.733725
TEPS tranversed all edges BFS 63 is 3.17048e+07
