Address 52.17.14.125 maps to ec2-52-17-14-125.eu-west-1.compute.amazonaws.com, but this does not map back to the address - POSSIBLE BREAK-IN ATTEMPT!
Address 52.17.25.95 maps to ec2-52-17-25-95.eu-west-1.compute.amazonaws.com, but this does not map back to the address - POSSIBLE BREAK-IN ATTEMPT!
Address 52.17.91.181 maps to ec2-52-17-91-181.eu-west-1.compute.amazonaws.com, but this does not map back to the address - POSSIBLE BREAK-IN ATTEMPT!
Address 54.171.118.246 maps to ec2-54-171-118-246.eu-west-1.compute.amazonaws.com, but this does not map back to the address - POSSIBLE BREAK-IN ATTEMPT!
graph_generation:               0.025733 s
construction_time:              0.003074 s
Running BFS 0
Time for BFS 0 is 0.003921
TEPS tranversed all edges BFS 0 is 2.08937e+06
Running BFS 1
Time for BFS 1 is 0.002888
TEPS tranversed all edges BFS 1 is 2.8366e+06
Running BFS 2
Time for BFS 2 is 0.002631
TEPS tranversed all edges BFS 2 is 3.11371e+06
Running BFS 3
Time for BFS 3 is 0.002552
TEPS tranversed all edges BFS 3 is 3.20999e+06
Running BFS 4
Time for BFS 4 is 0.002592
TEPS tranversed all edges BFS 4 is 3.16068e+06
Running BFS 5
Time for BFS 5 is 0.002082
TEPS tranversed all edges BFS 5 is 3.93492e+06
Running BFS 6
Time for BFS 6 is 0.002627
TEPS tranversed all edges BFS 6 is 3.11851e+06
Running BFS 7
Time for BFS 7 is 0.002544
TEPS tranversed all edges BFS 7 is 3.22022e+06
Running BFS 8
Time for BFS 8 is 0.002544
TEPS tranversed all edges BFS 8 is 3.22022e+06
Running BFS 9
Time for BFS 9 is 0.002089
TEPS tranversed all edges BFS 9 is 3.92145e+06
Running BFS 10
Time for BFS 10 is 0.002272
TEPS tranversed all edges BFS 10 is 3.60581e+06
Running BFS 11
Time for BFS 11 is 0.002107
TEPS tranversed all edges BFS 11 is 3.88817e+06
Running BFS 12
Time for BFS 12 is 0.002104
TEPS tranversed all edges BFS 12 is 3.89345e+06
Running BFS 13
Time for BFS 13 is 0.002566
TEPS tranversed all edges BFS 13 is 3.19269e+06
Running BFS 14
Time for BFS 14 is 0.002155
TEPS tranversed all edges BFS 14 is 3.80128e+06
Running BFS 15
Time for BFS 15 is 0.002074
TEPS tranversed all edges BFS 15 is 3.94985e+06
Running BFS 16
Time for BFS 16 is 0.002499
TEPS tranversed all edges BFS 16 is 3.27829e+06
Running BFS 17
Time for BFS 17 is 0.002505
TEPS tranversed all edges BFS 17 is 3.27018e+06
Running BFS 18
Time for BFS 18 is 0.002469
TEPS tranversed all edges BFS 18 is 3.31786e+06
Running BFS 19
Time for BFS 19 is 0.002507
TEPS tranversed all edges BFS 19 is 3.26769e+06
Running BFS 20
Time for BFS 20 is 0.002439
TEPS tranversed all edges BFS 20 is 3.35872e+06
Running BFS 21
Time for BFS 21 is 0.002505
TEPS tranversed all edges BFS 21 is 3.27049e+06
Running BFS 22
Time for BFS 22 is 0.002117
TEPS tranversed all edges BFS 22 is 3.86978e+06
Running BFS 23
Time for BFS 23 is 0.002071
TEPS tranversed all edges BFS 23 is 3.95576e+06
Running BFS 24
Time for BFS 24 is 0.002050
TEPS tranversed all edges BFS 24 is 3.99625e+06
Running BFS 25
Time for BFS 25 is 0.002021
TEPS tranversed all edges BFS 25 is 4.05377e+06
Running BFS 26
Time for BFS 26 is 0.002445
TEPS tranversed all edges BFS 26 is 3.35054e+06
Running BFS 27
Time for BFS 27 is 0.002119
TEPS tranversed all edges BFS 27 is 3.86586e+06
Running BFS 28
Time for BFS 28 is 0.002164
TEPS tranversed all edges BFS 28 is 3.78536e+06
Running BFS 29
Time for BFS 29 is 0.002802
TEPS tranversed all edges BFS 29 is 2.92349e+06
Running BFS 30
Time for BFS 30 is 0.002850
TEPS tranversed all edges BFS 30 is 2.87433e+06
Running BFS 31
Time for BFS 31 is 0.002595
TEPS tranversed all edges BFS 31 is 3.1569e+06
Running BFS 32
Time for BFS 32 is 0.002725
TEPS tranversed all edges BFS 32 is 3.0061e+06
Running BFS 33
Time for BFS 33 is 0.002625
TEPS tranversed all edges BFS 33 is 3.12078e+06
Running BFS 34
Time for BFS 34 is 0.002319
TEPS tranversed all edges BFS 34 is 3.53277e+06
Running BFS 35
Time for BFS 35 is 0.002437
TEPS tranversed all edges BFS 35 is 3.36168e+06
Running BFS 36
Time for BFS 36 is 0.002442
TEPS tranversed all edges BFS 36 is 3.35479e+06
Running BFS 37
Time for BFS 37 is 0.002190
TEPS tranversed all edges BFS 37 is 3.74085e+06
Running BFS 38
Time for BFS 38 is 0.002062
TEPS tranversed all edges BFS 38 is 3.97314e+06
Running BFS 39
Time for BFS 39 is 0.002520
TEPS tranversed all edges BFS 39 is 3.25068e+06
Running BFS 40
Time for BFS 40 is 0.002757
TEPS tranversed all edges BFS 40 is 2.97127e+06
Running BFS 41
Time for BFS 41 is 0.002237
TEPS tranversed all edges BFS 41 is 3.66191e+06
Running BFS 42
Time for BFS 42 is 0.002295
TEPS tranversed all edges BFS 42 is 3.56947e+06
Running BFS 43
Time for BFS 43 is 0.002554
TEPS tranversed all edges BFS 43 is 3.20759e+06
Running BFS 44
Time for BFS 44 is 0.002600
TEPS tranversed all edges BFS 44 is 3.15082e+06
Running BFS 45
Time for BFS 45 is 0.002085
TEPS tranversed all edges BFS 45 is 3.92862e+06
Running BFS 46
Time for BFS 46 is 0.002132
TEPS tranversed all edges BFS 46 is 3.84251e+06
Running BFS 47
Time for BFS 47 is 0.002532
TEPS tranversed all edges BFS 47 is 3.23538e+06
Running BFS 48
Time for BFS 48 is 0.002538
TEPS tranversed all edges BFS 48 is 3.22748e+06
Running BFS 49
Time for BFS 49 is 0.002144
TEPS tranversed all edges BFS 49 is 3.82072e+06
Running BFS 50
Time for BFS 50 is 0.002089
TEPS tranversed all edges BFS 50 is 3.92145e+06
Running BFS 51
Time for BFS 51 is 0.002071
TEPS tranversed all edges BFS 51 is 3.95531e+06
Running BFS 52
Time for BFS 52 is 0.002464
TEPS tranversed all edges BFS 52 is 3.3246e+06
Running BFS 53
Time for BFS 53 is 0.002136
TEPS tranversed all edges BFS 53 is 3.83522e+06
Running BFS 54
Time for BFS 54 is 0.002364
TEPS tranversed all edges BFS 54 is 3.46508e+06
Running BFS 55
Time for BFS 55 is 0.002644
TEPS tranversed all edges BFS 55 is 3.09826e+06
Running BFS 56
Time for BFS 56 is 0.002159
TEPS tranversed all edges BFS 56 is 3.79414e+06
Running BFS 57
Time for BFS 57 is 0.002672
TEPS tranversed all edges BFS 57 is 3.06592e+06
Running BFS 58
Time for BFS 58 is 0.002262
TEPS tranversed all edges BFS 58 is 3.62139e+06
Running BFS 59
Time for BFS 59 is 0.002644
TEPS tranversed all edges BFS 59 is 3.09826e+06
Running BFS 60
Time for BFS 60 is 0.002522
TEPS tranversed all edges BFS 60 is 3.24823e+06
Running BFS 61
Time for BFS 61 is 0.002469
TEPS tranversed all edges BFS 61 is 3.31786e+06
Running BFS 62
Time for BFS 62 is 0.002454
TEPS tranversed all edges BFS 62 is 3.33817e+06
Running BFS 63
Time for BFS 63 is 0.002483
TEPS tranversed all edges BFS 63 is 3.29938e+06
