Address 52.17.14.125 maps to ec2-52-17-14-125.eu-west-1.compute.amazonaws.com, but this does not map back to the address - POSSIBLE BREAK-IN ATTEMPT!
Address 52.17.25.95 maps to ec2-52-17-25-95.eu-west-1.compute.amazonaws.com, but this does not map back to the address - POSSIBLE BREAK-IN ATTEMPT!
Address 52.17.91.181 maps to ec2-52-17-91-181.eu-west-1.compute.amazonaws.com, but this does not map back to the address - POSSIBLE BREAK-IN ATTEMPT!
Address 54.171.118.246 maps to ec2-54-171-118-246.eu-west-1.compute.amazonaws.com, but this does not map back to the address - POSSIBLE BREAK-IN ATTEMPT!
graph_generation:               32.374320 s
construction_time:              28.779516 s
Running BFS 0
Time for BFS 0 is 25.366950
TEPS tranversed all edges BFS 0 is 1.05821e+07
Running BFS 1
Time for BFS 1 is 26.904594
TEPS tranversed all edges BFS 1 is 9.97731e+06
Running BFS 2
Time for BFS 2 is 27.149152
TEPS tranversed all edges BFS 2 is 9.88743e+06
Running BFS 3
Time for BFS 3 is 26.644317
TEPS tranversed all edges BFS 3 is 1.00748e+07
Running BFS 4
Time for BFS 4 is 27.329288
TEPS tranversed all edges BFS 4 is 9.82226e+06
Running BFS 5
Time for BFS 5 is 27.466243
TEPS tranversed all edges BFS 5 is 9.77329e+06
Running BFS 6
Time for BFS 6 is 26.348837
TEPS tranversed all edges BFS 6 is 1.01878e+07
Running BFS 7
Time for BFS 7 is 27.137607
TEPS tranversed all edges BFS 7 is 9.89164e+06
Running BFS 8
Time for BFS 8 is 27.570373
TEPS tranversed all edges BFS 8 is 9.73637e+06
Running BFS 9
Time for BFS 9 is 27.147747
TEPS tranversed all edges BFS 9 is 9.88795e+06
Running BFS 10
Time for BFS 10 is 25.304210
TEPS tranversed all edges BFS 10 is 1.06083e+07
Running BFS 11
Time for BFS 11 is 26.510590
TEPS tranversed all edges BFS 11 is 1.01256e+07
Running BFS 12
Time for BFS 12 is 27.130699
TEPS tranversed all edges BFS 12 is 9.89416e+06
Running BFS 13
Time for BFS 13 is 26.456423
TEPS tranversed all edges BFS 13 is 1.01463e+07
Running BFS 14
Time for BFS 14 is 26.840934
TEPS tranversed all edges BFS 14 is 1.0001e+07
Running BFS 15
Time for BFS 15 is 27.032519
TEPS tranversed all edges BFS 15 is 9.93009e+06
Running BFS 16
Time for BFS 16 is 26.664081
TEPS tranversed all edges BFS 16 is 1.00673e+07
Running BFS 17
Time for BFS 17 is 25.279704
TEPS tranversed all edges BFS 17 is 1.06186e+07
Running BFS 18
Time for BFS 18 is 27.166758
TEPS tranversed all edges BFS 18 is 9.88103e+06
Running BFS 19
Time for BFS 19 is 27.035047
TEPS tranversed all edges BFS 19 is 9.92917e+06
Running BFS 20
Time for BFS 20 is 26.772540
TEPS tranversed all edges BFS 20 is 1.00265e+07
Running BFS 21
Time for BFS 21 is 27.274139
TEPS tranversed all edges BFS 21 is 9.84212e+06
Running BFS 22
Time for BFS 22 is 27.030095
TEPS tranversed all edges BFS 22 is 9.93098e+06
Running BFS 23
Time for BFS 23 is 27.126292
TEPS tranversed all edges BFS 23 is 9.89577e+06
Running BFS 24
Time for BFS 24 is 27.061767
TEPS tranversed all edges BFS 24 is 9.91936e+06
Running BFS 25
Time for BFS 25 is 27.379838
TEPS tranversed all edges BFS 25 is 9.80413e+06
Running BFS 26
Time for BFS 26 is 27.233101
TEPS tranversed all edges BFS 26 is 9.85696e+06
Running BFS 27
Time for BFS 27 is 25.021920
TEPS tranversed all edges BFS 27 is 1.0728e+07
Running BFS 28
Time for BFS 28 is 26.784844
TEPS tranversed all edges BFS 28 is 1.00219e+07
Running BFS 29
Time for BFS 29 is 26.418516
TEPS tranversed all edges BFS 29 is 1.01609e+07
Running BFS 30
Time for BFS 30 is 27.247957
TEPS tranversed all edges BFS 30 is 9.85158e+06
Running BFS 31
Time for BFS 31 is 26.999833
TEPS tranversed all edges BFS 31 is 9.94212e+06
Running BFS 32
Time for BFS 32 is 25.754255
TEPS tranversed all edges BFS 32 is 1.0423e+07
Running BFS 33
Time for BFS 33 is 27.079456
TEPS tranversed all edges BFS 33 is 9.91288e+06
Running BFS 34
Time for BFS 34 is 27.126475
TEPS tranversed all edges BFS 34 is 9.8957e+06
Running BFS 35
Time for BFS 35 is 27.358861
TEPS tranversed all edges BFS 35 is 9.81165e+06
Running BFS 36
Time for BFS 36 is 27.643360
TEPS tranversed all edges BFS 36 is 9.71067e+06
Running BFS 37
Time for BFS 37 is 27.265194
TEPS tranversed all edges BFS 37 is 9.84535e+06
Running BFS 38
Time for BFS 38 is 26.899138
TEPS tranversed all edges BFS 38 is 9.97933e+06
Running BFS 39
Time for BFS 39 is 27.559412
TEPS tranversed all edges BFS 39 is 9.74025e+06
Running BFS 40
Time for BFS 40 is 27.035455
TEPS tranversed all edges BFS 40 is 9.92902e+06
Running BFS 41
Time for BFS 41 is 27.712521
TEPS tranversed all edges BFS 41 is 9.68643e+06
Running BFS 42
Time for BFS 42 is 27.130944
TEPS tranversed all edges BFS 42 is 9.89407e+06
Running BFS 43
Time for BFS 43 is 26.951264
TEPS tranversed all edges BFS 43 is 9.96003e+06
Running BFS 44
Time for BFS 44 is 27.409892
TEPS tranversed all edges BFS 44 is 9.79338e+06
Running BFS 45
Time for BFS 45 is 27.151892
TEPS tranversed all edges BFS 45 is 9.88644e+06
Running BFS 46
Time for BFS 46 is 25.274117
TEPS tranversed all edges BFS 46 is 1.0621e+07
Running BFS 47
Time for BFS 47 is 26.993677
TEPS tranversed all edges BFS 47 is 9.94438e+06
Running BFS 48
Time for BFS 48 is 27.031303
TEPS tranversed all edges BFS 48 is 9.93054e+06
Running BFS 49
Time for BFS 49 is 26.700263
TEPS tranversed all edges BFS 49 is 1.00537e+07
Running BFS 50
Time for BFS 50 is 27.037878
TEPS tranversed all edges BFS 50 is 9.92813e+06
Running BFS 51
Time for BFS 51 is 25.295864
TEPS tranversed all edges BFS 51 is 1.06118e+07
Running BFS 52
Time for BFS 52 is 27.526074
TEPS tranversed all edges BFS 52 is 9.75204e+06
Running BFS 53
Time for BFS 53 is 27.062146
TEPS tranversed all edges BFS 53 is 9.91922e+06
Running BFS 54
Time for BFS 54 is 26.373611
TEPS tranversed all edges BFS 54 is 1.01782e+07
Running BFS 55
Time for BFS 55 is 27.168456
TEPS tranversed all edges BFS 55 is 9.88041e+06
Running BFS 56
Time for BFS 56 is 27.155528
TEPS tranversed all edges BFS 56 is 9.88511e+06
Running BFS 57
Time for BFS 57 is 27.157914
TEPS tranversed all edges BFS 57 is 9.88424e+06
Running BFS 58
Time for BFS 58 is 26.972011
TEPS tranversed all edges BFS 58 is 9.95237e+06
Running BFS 59
Time for BFS 59 is 26.423371
TEPS tranversed all edges BFS 59 is 1.0159e+07
Running BFS 60
Time for BFS 60 is 27.227247
TEPS tranversed all edges BFS 60 is 9.85907e+06
Running BFS 61
Time for BFS 61 is 27.021333
TEPS tranversed all edges BFS 61 is 9.9342e+06
Running BFS 62
Time for BFS 62 is 26.876847
TEPS tranversed all edges BFS 62 is 9.98761e+06
Running BFS 63
Time for BFS 63 is 27.354718
TEPS tranversed all edges BFS 63 is 9.81313e+06
