Address 54.154.21.69 maps to ec2-54-154-21-69.eu-west-1.compute.amazonaws.com, but this does not map back to the address - POSSIBLE BREAK-IN ATTEMPT!
Address 54.171.118.246 maps to ec2-54-171-118-246.eu-west-1.compute.amazonaws.com, but this does not map back to the address - POSSIBLE BREAK-IN ATTEMPT!
Address 54.154.87.57 maps to ec2-54-154-87-57.eu-west-1.compute.amazonaws.com, but this does not map back to the address - POSSIBLE BREAK-IN ATTEMPT!
Address 52.17.14.125 maps to ec2-52-17-14-125.eu-west-1.compute.amazonaws.com, but this does not map back to the address - POSSIBLE BREAK-IN ATTEMPT!
Address 54.154.219.117 maps to ec2-54-154-219-117.eu-west-1.compute.amazonaws.com, but this does not map back to the address - POSSIBLE BREAK-IN ATTEMPT!
Address 54.154.94.187 maps to ec2-54-154-94-187.eu-west-1.compute.amazonaws.com, but this does not map back to the address - POSSIBLE BREAK-IN ATTEMPT!
Address 54.154.69.108 maps to ec2-54-154-69-108.eu-west-1.compute.amazonaws.com, but this does not map back to the address - POSSIBLE BREAK-IN ATTEMPT!
Address 52.17.25.49 maps to ec2-52-17-25-49.eu-west-1.compute.amazonaws.com, but this does not map back to the address - POSSIBLE BREAK-IN ATTEMPT!
Address 52.17.18.103 maps to ec2-52-17-18-103.eu-west-1.compute.amazonaws.com, but this does not map back to the address - POSSIBLE BREAK-IN ATTEMPT!
Address 54.154.93.73 maps to ec2-54-154-93-73.eu-west-1.compute.amazonaws.com, but this does not map back to the address - POSSIBLE BREAK-IN ATTEMPT!
Address 52.17.124.214 maps to ec2-52-17-124-214.eu-west-1.compute.amazonaws.com, but this does not map back to the address - POSSIBLE BREAK-IN ATTEMPT!
Address 54.72.209.226 maps to ec2-54-72-209-226.eu-west-1.compute.amazonaws.com, but this does not map back to the address - POSSIBLE BREAK-IN ATTEMPT!
Address 52.17.180.37 maps to ec2-52-17-180-37.eu-west-1.compute.amazonaws.com, but this does not map back to the address - POSSIBLE BREAK-IN ATTEMPT!
Address 52.17.91.181 maps to ec2-52-17-91-181.eu-west-1.compute.amazonaws.com, but this does not map back to the address - POSSIBLE BREAK-IN ATTEMPT!
Address 52.16.5.31 maps to ec2-52-16-5-31.eu-west-1.compute.amazonaws.com, but this does not map back to the address - POSSIBLE BREAK-IN ATTEMPT!
Address 52.17.25.95 maps to ec2-52-17-25-95.eu-west-1.compute.amazonaws.com, but this does not map back to the address - POSSIBLE BREAK-IN ATTEMPT!
graph_generation:               0.071924 s
construction_time:              0.008050 s
Running BFS 0
Time for BFS 0 is 0.017420
TEPS tranversed all edges BFS 0 is 3.76215e+06
Running BFS 1
Time for BFS 1 is 0.007071
TEPS tranversed all edges BFS 1 is 9.26826e+06
Running BFS 2
Time for BFS 2 is 0.012272
TEPS tranversed all edges BFS 2 is 5.34034e+06
Running BFS 3
Time for BFS 3 is 0.009870
TEPS tranversed all edges BFS 3 is 6.63988e+06
Running BFS 4
Time for BFS 4 is 0.009706
TEPS tranversed all edges BFS 4 is 6.7521e+06
Running BFS 5
Time for BFS 5 is 0.011760
TEPS tranversed all edges BFS 5 is 5.57279e+06
Running BFS 6
Time for BFS 6 is 0.011068
TEPS tranversed all edges BFS 6 is 5.92116e+06
Running BFS 7
Time for BFS 7 is 0.007794
TEPS tranversed all edges BFS 7 is 8.40837e+06
Running BFS 8
Time for BFS 8 is 0.008582
TEPS tranversed all edges BFS 8 is 7.63656e+06
Running BFS 9
Time for BFS 9 is 0.017178
TEPS tranversed all edges BFS 9 is 3.8151e+06
Running BFS 10
Time for BFS 10 is 0.008041
TEPS tranversed all edges BFS 10 is 8.15033e+06
Running BFS 11
Time for BFS 11 is 0.006935
TEPS tranversed all edges BFS 11 is 9.44987e+06
Running BFS 12
Time for BFS 12 is 0.015140
TEPS tranversed all edges BFS 12 is 4.32865e+06
Running BFS 13
Time for BFS 13 is 0.008092
TEPS tranversed all edges BFS 13 is 8.09894e+06
Running BFS 14
Time for BFS 14 is 0.008881
TEPS tranversed all edges BFS 14 is 7.37927e+06
Running BFS 15
Time for BFS 15 is 0.010046
TEPS tranversed all edges BFS 15 is 6.52359e+06
Running BFS 16
Time for BFS 16 is 0.006805
TEPS tranversed all edges BFS 16 is 9.63065e+06
Running BFS 17
Time for BFS 17 is 0.013215
TEPS tranversed all edges BFS 17 is 4.95919e+06
Running BFS 18
Time for BFS 18 is 0.007227
TEPS tranversed all edges BFS 18 is 9.06829e+06
Running BFS 19
Time for BFS 19 is 0.008536
TEPS tranversed all edges BFS 19 is 7.67751e+06
Running BFS 20
Time for BFS 20 is 0.010841
TEPS tranversed all edges BFS 20 is 6.04513e+06
Running BFS 21
Time for BFS 21 is 0.006939
TEPS tranversed all edges BFS 21 is 9.44468e+06
Running BFS 22
Time for BFS 22 is 0.009687
TEPS tranversed all edges BFS 22 is 6.76523e+06
Running BFS 23
Time for BFS 23 is 0.011186
TEPS tranversed all edges BFS 23 is 5.85881e+06
Running BFS 24
Time for BFS 24 is 0.007702
TEPS tranversed all edges BFS 24 is 8.5091e+06
Running BFS 25
Time for BFS 25 is 0.011232
TEPS tranversed all edges BFS 25 is 5.83469e+06
Running BFS 26
Time for BFS 26 is 0.007316
TEPS tranversed all edges BFS 26 is 8.95776e+06
Running BFS 27
Time for BFS 27 is 0.008636
TEPS tranversed all edges BFS 27 is 7.5887e+06
Running BFS 28
Time for BFS 28 is 0.010162
TEPS tranversed all edges BFS 28 is 6.4492e+06
Running BFS 29
Time for BFS 29 is 0.007053
TEPS tranversed all edges BFS 29 is 9.29207e+06
Running BFS 30
Time for BFS 30 is 0.007844
TEPS tranversed all edges BFS 30 is 8.35495e+06
Running BFS 31
Time for BFS 31 is 0.013037
TEPS tranversed all edges BFS 31 is 5.02694e+06
Running BFS 32
Time for BFS 32 is 0.009735
TEPS tranversed all edges BFS 32 is 6.73192e+06
Running BFS 33
Time for BFS 33 is 0.007014
TEPS tranversed all edges BFS 33 is 9.34355e+06
Running BFS 34
Time for BFS 34 is 0.010638
TEPS tranversed all edges BFS 34 is 6.16056e+06
Running BFS 35
Time for BFS 35 is 0.014943
TEPS tranversed all edges BFS 35 is 4.3857e+06
Running BFS 36
Time for BFS 36 is 0.017384
TEPS tranversed all edges BFS 36 is 3.76989e+06
Running BFS 37
Time for BFS 37 is 0.012758
TEPS tranversed all edges BFS 37 is 5.13685e+06
Running BFS 38
Time for BFS 38 is 0.007902
TEPS tranversed all edges BFS 38 is 8.29369e+06
Running BFS 39
Time for BFS 39 is 0.013485
TEPS tranversed all edges BFS 39 is 4.85993e+06
Running BFS 40
Time for BFS 40 is 0.009688
TEPS tranversed all edges BFS 40 is 6.76473e+06
Running BFS 41
Time for BFS 41 is 0.009888
TEPS tranversed all edges BFS 41 is 6.62788e+06
Running BFS 42
Time for BFS 42 is 0.009710
TEPS tranversed all edges BFS 42 is 6.74945e+06
Running BFS 43
Time for BFS 43 is 0.012146
TEPS tranversed all edges BFS 43 is 5.39569e+06
Running BFS 44
Time for BFS 44 is 0.014415
TEPS tranversed all edges BFS 44 is 4.54637e+06
Running BFS 45
Time for BFS 45 is 0.009866
TEPS tranversed all edges BFS 45 is 6.64261e+06
Running BFS 46
Time for BFS 46 is 0.009581
TEPS tranversed all edges BFS 46 is 6.84014e+06
Running BFS 47
Time for BFS 47 is 0.015134
TEPS tranversed all edges BFS 47 is 4.33035e+06
Running BFS 48
Time for BFS 48 is 0.010193
TEPS tranversed all edges BFS 48 is 6.42944e+06
Running BFS 49
Time for BFS 49 is 0.009032
TEPS tranversed all edges BFS 49 is 7.25597e+06
Running BFS 50
Time for BFS 50 is 0.010058
TEPS tranversed all edges BFS 50 is 6.5157e+06
Running BFS 51
Time for BFS 51 is 0.007232
TEPS tranversed all edges BFS 51 is 9.06171e+06
Running BFS 52
Time for BFS 52 is 0.008467
TEPS tranversed all edges BFS 52 is 7.74021e+06
Running BFS 53
Time for BFS 53 is 0.009594
TEPS tranversed all edges BFS 53 is 6.83079e+06
Running BFS 54
Time for BFS 54 is 0.007449
TEPS tranversed all edges BFS 54 is 8.79806e+06
Running BFS 55
Time for BFS 55 is 0.010499
TEPS tranversed all edges BFS 55 is 6.24212e+06
Running BFS 56
Time for BFS 56 is 0.006128
TEPS tranversed all edges BFS 56 is 1.06944e+07
Running BFS 57
Time for BFS 57 is 0.013567
TEPS tranversed all edges BFS 57 is 4.83047e+06
Running BFS 58
Time for BFS 58 is 0.008991
TEPS tranversed all edges BFS 58 is 7.28906e+06
Running BFS 59
Time for BFS 59 is 0.016374
TEPS tranversed all edges BFS 59 is 4.00247e+06
Running BFS 60
Time for BFS 60 is 0.006955
TEPS tranversed all edges BFS 60 is 9.42299e+06
Running BFS 61
Time for BFS 61 is 0.007025
TEPS tranversed all edges BFS 61 is 9.32896e+06
Running BFS 62
Time for BFS 62 is 0.006849
TEPS tranversed all edges BFS 62 is 9.56896e+06
Running BFS 63
Time for BFS 63 is 0.007446
TEPS tranversed all edges BFS 63 is 8.80144e+06
