Address 54.154.21.69 maps to ec2-54-154-21-69.eu-west-1.compute.amazonaws.com, but this does not map back to the address - POSSIBLE BREAK-IN ATTEMPT!
Address 54.171.118.246 maps to ec2-54-171-118-246.eu-west-1.compute.amazonaws.com, but this does not map back to the address - POSSIBLE BREAK-IN ATTEMPT!
Address 52.17.18.103 maps to ec2-52-17-18-103.eu-west-1.compute.amazonaws.com, but this does not map back to the address - POSSIBLE BREAK-IN ATTEMPT!
Address 52.17.14.125 maps to ec2-52-17-14-125.eu-west-1.compute.amazonaws.com, but this does not map back to the address - POSSIBLE BREAK-IN ATTEMPT!
Address 52.17.25.95 maps to ec2-52-17-25-95.eu-west-1.compute.amazonaws.com, but this does not map back to the address - POSSIBLE BREAK-IN ATTEMPT!
Address 54.72.209.226 maps to ec2-54-72-209-226.eu-west-1.compute.amazonaws.com, but this does not map back to the address - POSSIBLE BREAK-IN ATTEMPT!
Address 54.154.69.108 maps to ec2-54-154-69-108.eu-west-1.compute.amazonaws.com, but this does not map back to the address - POSSIBLE BREAK-IN ATTEMPT!
Address 52.17.91.181 maps to ec2-52-17-91-181.eu-west-1.compute.amazonaws.com, but this does not map back to the address - POSSIBLE BREAK-IN ATTEMPT!
Address 52.16.5.31 maps to ec2-52-16-5-31.eu-west-1.compute.amazonaws.com, but this does not map back to the address - POSSIBLE BREAK-IN ATTEMPT!
Address 52.17.25.49 maps to ec2-52-17-25-49.eu-west-1.compute.amazonaws.com, but this does not map back to the address - POSSIBLE BREAK-IN ATTEMPT!
Address 52.17.124.214 maps to ec2-52-17-124-214.eu-west-1.compute.amazonaws.com, but this does not map back to the address - POSSIBLE BREAK-IN ATTEMPT!
Address 54.154.93.73 maps to ec2-54-154-93-73.eu-west-1.compute.amazonaws.com, but this does not map back to the address - POSSIBLE BREAK-IN ATTEMPT!
Address 54.154.94.187 maps to ec2-54-154-94-187.eu-west-1.compute.amazonaws.com, but this does not map back to the address - POSSIBLE BREAK-IN ATTEMPT!
Address 54.154.87.57 maps to ec2-54-154-87-57.eu-west-1.compute.amazonaws.com, but this does not map back to the address - POSSIBLE BREAK-IN ATTEMPT!
Address 52.17.180.37 maps to ec2-52-17-180-37.eu-west-1.compute.amazonaws.com, but this does not map back to the address - POSSIBLE BREAK-IN ATTEMPT!
Address 54.154.219.117 maps to ec2-54-154-219-117.eu-west-1.compute.amazonaws.com, but this does not map back to the address - POSSIBLE BREAK-IN ATTEMPT!
graph_generation:               0.245478 s
construction_time:              0.050574 s
Running BFS 0
Time for BFS 0 is 0.017244
TEPS tranversed all edges BFS 0 is 3.04039e+07
Running BFS 1
Time for BFS 1 is 0.020154
TEPS tranversed all edges BFS 1 is 2.60141e+07
Running BFS 2
Time for BFS 2 is 0.029058
TEPS tranversed all edges BFS 2 is 1.80428e+07
Running BFS 3
Time for BFS 3 is 0.031159
TEPS tranversed all edges BFS 3 is 1.68263e+07
Running BFS 4
Time for BFS 4 is 0.019577
TEPS tranversed all edges BFS 4 is 2.67808e+07
Running BFS 5
Time for BFS 5 is 0.021426
TEPS tranversed all edges BFS 5 is 2.44698e+07
Running BFS 6
Time for BFS 6 is 0.027596
TEPS tranversed all edges BFS 6 is 1.89987e+07
Running BFS 7
Time for BFS 7 is 0.020141
TEPS tranversed all edges BFS 7 is 2.6031e+07
Running BFS 8
Time for BFS 8 is 0.027917
TEPS tranversed all edges BFS 8 is 1.87803e+07
Running BFS 9
Time for BFS 9 is 0.023255
TEPS tranversed all edges BFS 9 is 2.25451e+07
Running BFS 10
Time for BFS 10 is 0.022339
TEPS tranversed all edges BFS 10 is 2.34695e+07
Running BFS 11
Time for BFS 11 is 0.023052
TEPS tranversed all edges BFS 11 is 2.27437e+07
Running BFS 12
Time for BFS 12 is 0.025802
TEPS tranversed all edges BFS 12 is 2.03197e+07
Running BFS 13
Time for BFS 13 is 0.024891
TEPS tranversed all edges BFS 13 is 2.10634e+07
Running BFS 14
Time for BFS 14 is 0.029131
TEPS tranversed all edges BFS 14 is 1.79976e+07
Running BFS 15
Time for BFS 15 is 0.025286
TEPS tranversed all edges BFS 15 is 2.07344e+07
Running BFS 16
Time for BFS 16 is 0.017606
TEPS tranversed all edges BFS 16 is 2.97793e+07
Running BFS 17
Time for BFS 17 is 0.029884
TEPS tranversed all edges BFS 17 is 1.75442e+07
Running BFS 18
Time for BFS 18 is 0.021666
TEPS tranversed all edges BFS 18 is 2.41986e+07
Running BFS 19
Time for BFS 19 is 0.031684
TEPS tranversed all edges BFS 19 is 1.65473e+07
Running BFS 20
Time for BFS 20 is 0.031120
TEPS tranversed all edges BFS 20 is 1.68473e+07
Running BFS 21
Time for BFS 21 is 0.025103
TEPS tranversed all edges BFS 21 is 2.08856e+07
Running BFS 22
Time for BFS 22 is 0.027301
TEPS tranversed all edges BFS 22 is 1.92039e+07
Running BFS 23
Time for BFS 23 is 0.018035
TEPS tranversed all edges BFS 23 is 2.90707e+07
Running BFS 24
Time for BFS 24 is 0.026973
TEPS tranversed all edges BFS 24 is 1.94375e+07
Running BFS 25
Time for BFS 25 is 0.025554
TEPS tranversed all edges BFS 25 is 2.05167e+07
Running BFS 26
Time for BFS 26 is 0.035302
TEPS tranversed all edges BFS 26 is 1.48514e+07
Running BFS 27
Time for BFS 27 is 0.020905
TEPS tranversed all edges BFS 27 is 2.50795e+07
Running BFS 28
Time for BFS 28 is 0.027285
TEPS tranversed all edges BFS 28 is 1.92152e+07
Running BFS 29
Time for BFS 29 is 0.025311
TEPS tranversed all edges BFS 29 is 2.07138e+07
Running BFS 30
Time for BFS 30 is 0.020344
TEPS tranversed all edges BFS 30 is 2.57711e+07
Running BFS 31
Time for BFS 31 is 0.026254
TEPS tranversed all edges BFS 31 is 1.99699e+07
Running BFS 32
Time for BFS 32 is 0.021974
TEPS tranversed all edges BFS 32 is 2.38596e+07
Running BFS 33
Time for BFS 33 is 0.020717
TEPS tranversed all edges BFS 33 is 2.53073e+07
Running BFS 34
Time for BFS 34 is 0.030101
TEPS tranversed all edges BFS 34 is 1.74177e+07
Running BFS 35
Time for BFS 35 is 0.023998
TEPS tranversed all edges BFS 35 is 2.18471e+07
Running BFS 36
Time for BFS 36 is 0.018504
TEPS tranversed all edges BFS 36 is 2.83339e+07
Running BFS 37
Time for BFS 37 is 0.026413
TEPS tranversed all edges BFS 37 is 1.98496e+07
Running BFS 38
Time for BFS 38 is 0.024276
TEPS tranversed all edges BFS 38 is 2.15972e+07
Running BFS 39
Time for BFS 39 is 0.025114
TEPS tranversed all edges BFS 39 is 2.08765e+07
Running BFS 40
Time for BFS 40 is 0.026866
TEPS tranversed all edges BFS 40 is 1.95148e+07
Running BFS 41
Time for BFS 41 is 0.022399
TEPS tranversed all edges BFS 41 is 2.34068e+07
Running BFS 42
Time for BFS 42 is 0.034018
TEPS tranversed all edges BFS 42 is 1.54121e+07
Running BFS 43
Time for BFS 43 is 0.029139
TEPS tranversed all edges BFS 43 is 1.79926e+07
Running BFS 44
Time for BFS 44 is 0.021186
TEPS tranversed all edges BFS 44 is 2.47468e+07
Running BFS 45
Time for BFS 45 is 0.023273
TEPS tranversed all edges BFS 45 is 2.25277e+07
Running BFS 46
Time for BFS 46 is 0.029216
TEPS tranversed all edges BFS 46 is 1.79452e+07
Running BFS 47
Time for BFS 47 is 0.032622
TEPS tranversed all edges BFS 47 is 1.60716e+07
Running BFS 48
Time for BFS 48 is 0.026262
TEPS tranversed all edges BFS 48 is 1.99639e+07
Running BFS 49
Time for BFS 49 is 0.023610
TEPS tranversed all edges BFS 49 is 2.22061e+07
Running BFS 50
Time for BFS 50 is 0.021530
TEPS tranversed all edges BFS 50 is 2.43513e+07
Running BFS 51
Time for BFS 51 is 0.023355
TEPS tranversed all edges BFS 51 is 2.24486e+07
Running BFS 52
Time for BFS 52 is 0.031225
TEPS tranversed all edges BFS 52 is 1.67907e+07
Running BFS 53
Time for BFS 53 is 0.020625
TEPS tranversed all edges BFS 53 is 2.54202e+07
Running BFS 54
Time for BFS 54 is 0.024867
TEPS tranversed all edges BFS 54 is 2.10836e+07
Running BFS 55
Time for BFS 55 is 0.022972
TEPS tranversed all edges BFS 55 is 2.28228e+07
Running BFS 56
Time for BFS 56 is 0.032070
TEPS tranversed all edges BFS 56 is 1.63483e+07
Running BFS 57
Time for BFS 57 is 0.035868
TEPS tranversed all edges BFS 57 is 1.46172e+07
Running BFS 58
Time for BFS 58 is 0.030303
TEPS tranversed all edges BFS 58 is 1.73015e+07
Running BFS 59
Time for BFS 59 is 0.022270
TEPS tranversed all edges BFS 59 is 2.35421e+07
Running BFS 60
Time for BFS 60 is 0.021907
TEPS tranversed all edges BFS 60 is 2.39326e+07
Running BFS 61
Time for BFS 61 is 0.026201
TEPS tranversed all edges BFS 61 is 2.00102e+07
Running BFS 62
Time for BFS 62 is 0.030797
TEPS tranversed all edges BFS 62 is 1.7024e+07
Running BFS 63
Time for BFS 63 is 0.024174
TEPS tranversed all edges BFS 63 is 2.16881e+07
