Address 52.17.25.95 maps to ec2-52-17-25-95.eu-west-1.compute.amazonaws.com, but this does not map back to the address - POSSIBLE BREAK-IN ATTEMPT!
Address 52.17.14.125 maps to ec2-52-17-14-125.eu-west-1.compute.amazonaws.com, but this does not map back to the address - POSSIBLE BREAK-IN ATTEMPT!
graph_generation:               7.129804 s
construction_time:              5.078989 s
Running BFS 0
Time for BFS 0 is 2.154391
TEPS tranversed all edges BFS 0 is 1.55749e+07
Running BFS 1
Time for BFS 1 is 4.540580
TEPS tranversed all edges BFS 1 is 7.3899e+06
Running BFS 2
Time for BFS 2 is 4.455671
TEPS tranversed all edges BFS 2 is 7.53072e+06
Running BFS 3
Time for BFS 3 is 4.519049
TEPS tranversed all edges BFS 3 is 7.42511e+06
Running BFS 4
Time for BFS 4 is 4.572383
TEPS tranversed all edges BFS 4 is 7.3385e+06
Running BFS 5
Time for BFS 5 is 4.544153
TEPS tranversed all edges BFS 5 is 7.38409e+06
Running BFS 6
Time for BFS 6 is 4.585045
TEPS tranversed all edges BFS 6 is 7.31823e+06
Running BFS 7
Time for BFS 7 is 4.583708
TEPS tranversed all edges BFS 7 is 7.32037e+06
Running BFS 8
Time for BFS 8 is 4.499366
TEPS tranversed all edges BFS 8 is 7.45759e+06
Running BFS 9
Time for BFS 9 is 4.634573
TEPS tranversed all edges BFS 9 is 7.24003e+06
Running BFS 10
Time for BFS 10 is 4.523373
TEPS tranversed all edges BFS 10 is 7.41801e+06
Running BFS 11
Time for BFS 11 is 4.545888
TEPS tranversed all edges BFS 11 is 7.38127e+06
Running BFS 12
Time for BFS 12 is 4.538763
TEPS tranversed all edges BFS 12 is 7.39286e+06
Running BFS 13
Time for BFS 13 is 4.613729
TEPS tranversed all edges BFS 13 is 7.27274e+06
Running BFS 14
Time for BFS 14 is 4.507852
TEPS tranversed all edges BFS 14 is 7.44355e+06
Running BFS 15
Time for BFS 15 is 4.606329
TEPS tranversed all edges BFS 15 is 7.28442e+06
Running BFS 16
Time for BFS 16 is 4.517425
TEPS tranversed all edges BFS 16 is 7.42778e+06
Running BFS 17
Time for BFS 17 is 4.543923
TEPS tranversed all edges BFS 17 is 7.38446e+06
Running BFS 18
Time for BFS 18 is 4.575709
TEPS tranversed all edges BFS 18 is 7.33317e+06
Running BFS 19
Time for BFS 19 is 4.540871
TEPS tranversed all edges BFS 19 is 7.38943e+06
Running BFS 20
Time for BFS 20 is 4.593471
TEPS tranversed all edges BFS 20 is 7.30481e+06
Running BFS 21
Time for BFS 21 is 4.539739
TEPS tranversed all edges BFS 21 is 7.39127e+06
Running BFS 22
Time for BFS 22 is 4.544416
TEPS tranversed all edges BFS 22 is 7.38366e+06
Running BFS 23
Time for BFS 23 is 4.520569
TEPS tranversed all edges BFS 23 is 7.42261e+06
Running BFS 24
Time for BFS 24 is 4.569899
TEPS tranversed all edges BFS 24 is 7.34249e+06
Running BFS 25
Time for BFS 25 is 4.529933
TEPS tranversed all edges BFS 25 is 7.40727e+06
Running BFS 26
Time for BFS 26 is 4.637064
TEPS tranversed all edges BFS 26 is 7.23614e+06
Running BFS 27
Time for BFS 27 is 4.484439
TEPS tranversed all edges BFS 27 is 7.48241e+06
Running BFS 28
Time for BFS 28 is 4.601910
TEPS tranversed all edges BFS 28 is 7.29141e+06
Running BFS 29
Time for BFS 29 is 2.449067
TEPS tranversed all edges BFS 29 is 1.37009e+07
Running BFS 30
Time for BFS 30 is 4.296033
TEPS tranversed all edges BFS 30 is 7.81056e+06
Running BFS 31
Time for BFS 31 is 4.506143
TEPS tranversed all edges BFS 31 is 7.44638e+06
Running BFS 32
Time for BFS 32 is 4.558170
TEPS tranversed all edges BFS 32 is 7.36138e+06
Running BFS 33
Time for BFS 33 is 4.570682
TEPS tranversed all edges BFS 33 is 7.34123e+06
Running BFS 34
Time for BFS 34 is 4.567398
TEPS tranversed all edges BFS 34 is 7.34651e+06
Running BFS 35
Time for BFS 35 is 4.574225
TEPS tranversed all edges BFS 35 is 7.33554e+06
Running BFS 36
Time for BFS 36 is 4.537854
TEPS tranversed all edges BFS 36 is 7.39434e+06
Running BFS 37
Time for BFS 37 is 4.577330
TEPS tranversed all edges BFS 37 is 7.33057e+06
Running BFS 38
Time for BFS 38 is 4.514969
TEPS tranversed all edges BFS 38 is 7.43182e+06
Running BFS 39
Time for BFS 39 is 4.514155
TEPS tranversed all edges BFS 39 is 7.43316e+06
Running BFS 40
Time for BFS 40 is 4.585058
TEPS tranversed all edges BFS 40 is 7.31821e+06
Running BFS 41
Time for BFS 41 is 4.588652
TEPS tranversed all edges BFS 41 is 7.31248e+06
Running BFS 42
Time for BFS 42 is 4.569728
TEPS tranversed all edges BFS 42 is 7.34276e+06
Running BFS 43
Time for BFS 43 is 4.495440
TEPS tranversed all edges BFS 43 is 7.4641e+06
Running BFS 44
Time for BFS 44 is 4.557314
TEPS tranversed all edges BFS 44 is 7.36276e+06
Running BFS 45
Time for BFS 45 is 4.573742
TEPS tranversed all edges BFS 45 is 7.33632e+06
Running BFS 46
Time for BFS 46 is 4.501401
TEPS tranversed all edges BFS 46 is 7.45422e+06
Running BFS 47
Time for BFS 47 is 4.627085
TEPS tranversed all edges BFS 47 is 7.25174e+06
Running BFS 48
Time for BFS 48 is 4.581437
TEPS tranversed all edges BFS 48 is 7.324e+06
Running BFS 49
Time for BFS 49 is 4.325471
TEPS tranversed all edges BFS 49 is 7.75741e+06
Running BFS 50
Time for BFS 50 is 4.524843
TEPS tranversed all edges BFS 50 is 7.4156e+06
Running BFS 51
Time for BFS 51 is 4.596214
TEPS tranversed all edges BFS 51 is 7.30045e+06
Running BFS 52
Time for BFS 52 is 4.488894
TEPS tranversed all edges BFS 52 is 7.47499e+06
Running BFS 53
Time for BFS 53 is 4.624728
TEPS tranversed all edges BFS 53 is 7.25544e+06
Running BFS 54
Time for BFS 54 is 4.568703
TEPS tranversed all edges BFS 54 is 7.34441e+06
Running BFS 55
Time for BFS 55 is 4.491734
TEPS tranversed all edges BFS 55 is 7.47026e+06
Running BFS 56
Time for BFS 56 is 4.511404
TEPS tranversed all edges BFS 56 is 7.43769e+06
Running BFS 57
Time for BFS 57 is 4.631496
TEPS tranversed all edges BFS 57 is 7.24484e+06
Running BFS 58
Time for BFS 58 is 4.541607
TEPS tranversed all edges BFS 58 is 7.38823e+06
Running BFS 59
Time for BFS 59 is 4.526894
TEPS tranversed all edges BFS 59 is 7.41224e+06
Running BFS 60
Time for BFS 60 is 4.612992
TEPS tranversed all edges BFS 60 is 7.2739e+06
Running BFS 61
Time for BFS 61 is 4.478063
TEPS tranversed all edges BFS 61 is 7.49307e+06
Running BFS 62
Time for BFS 62 is 4.576040
TEPS tranversed all edges BFS 62 is 7.33264e+06
Running BFS 63
Time for BFS 63 is 4.576663
TEPS tranversed all edges BFS 63 is 7.33164e+06
