Address 52.17.25.95 maps to ec2-52-17-25-95.eu-west-1.compute.amazonaws.com, but this does not map back to the address - POSSIBLE BREAK-IN ATTEMPT!
Address 52.17.14.125 maps to ec2-52-17-14-125.eu-west-1.compute.amazonaws.com, but this does not map back to the address - POSSIBLE BREAK-IN ATTEMPT!
graph_generation:               0.187161 s
construction_time:              0.072720 s
Running BFS 0
Time for BFS 0 is 0.033193
TEPS tranversed all edges BFS 0 is 1.57951e+07
Running BFS 1
Time for BFS 1 is 0.032645
TEPS tranversed all edges BFS 1 is 1.60603e+07
Running BFS 2
Time for BFS 2 is 0.032717
TEPS tranversed all edges BFS 2 is 1.60248e+07
Running BFS 3
Time for BFS 3 is 0.032648
TEPS tranversed all edges BFS 3 is 1.60588e+07
Running BFS 4
Time for BFS 4 is 0.030532
TEPS tranversed all edges BFS 4 is 1.71717e+07
Running BFS 5
Time for BFS 5 is 0.028754
TEPS tranversed all edges BFS 5 is 1.82336e+07
Running BFS 6
Time for BFS 6 is 0.028799
TEPS tranversed all edges BFS 6 is 1.8205e+07
Running BFS 7
Time for BFS 7 is 0.027320
TEPS tranversed all edges BFS 7 is 1.91905e+07
Running BFS 8
Time for BFS 8 is 0.027310
TEPS tranversed all edges BFS 8 is 1.91976e+07
Running BFS 9
Time for BFS 9 is 0.027336
TEPS tranversed all edges BFS 9 is 1.91793e+07
Running BFS 10
Time for BFS 10 is 0.027595
TEPS tranversed all edges BFS 10 is 1.89994e+07
Running BFS 11
Time for BFS 11 is 0.026861
TEPS tranversed all edges BFS 11 is 1.95186e+07
Running BFS 12
Time for BFS 12 is 0.027053
TEPS tranversed all edges BFS 12 is 1.93799e+07
Running BFS 13
Time for BFS 13 is 0.027128
TEPS tranversed all edges BFS 13 is 1.93265e+07
Running BFS 14
Time for BFS 14 is 0.026718
TEPS tranversed all edges BFS 14 is 1.96231e+07
Running BFS 15
Time for BFS 15 is 0.026288
TEPS tranversed all edges BFS 15 is 1.9944e+07
Running BFS 16
Time for BFS 16 is 0.026721
TEPS tranversed all edges BFS 16 is 1.96208e+07
Running BFS 17
Time for BFS 17 is 0.027005
TEPS tranversed all edges BFS 17 is 1.94145e+07
Running BFS 18
Time for BFS 18 is 0.027869
TEPS tranversed all edges BFS 18 is 1.88126e+07
Running BFS 19
Time for BFS 19 is 0.027662
TEPS tranversed all edges BFS 19 is 1.89533e+07
Running BFS 20
Time for BFS 20 is 0.027563
TEPS tranversed all edges BFS 20 is 1.90214e+07
Running BFS 21
Time for BFS 21 is 0.027047
TEPS tranversed all edges BFS 21 is 1.93844e+07
Running BFS 22
Time for BFS 22 is 0.028154
TEPS tranversed all edges BFS 22 is 1.86221e+07
Running BFS 23
Time for BFS 23 is 0.027398
TEPS tranversed all edges BFS 23 is 1.91361e+07
Running BFS 24
Time for BFS 24 is 0.027511
TEPS tranversed all edges BFS 24 is 1.90573e+07
Running BFS 25
Time for BFS 25 is 0.027064
TEPS tranversed all edges BFS 25 is 1.93723e+07
Running BFS 26
Time for BFS 26 is 0.027207
TEPS tranversed all edges BFS 26 is 1.92704e+07
Running BFS 27
Time for BFS 27 is 0.027164
TEPS tranversed all edges BFS 27 is 1.93009e+07
Running BFS 28
Time for BFS 28 is 0.026622
TEPS tranversed all edges BFS 28 is 1.96937e+07
Running BFS 29
Time for BFS 29 is 0.027081
TEPS tranversed all edges BFS 29 is 1.936e+07
Running BFS 30
Time for BFS 30 is 0.027494
TEPS tranversed all edges BFS 30 is 1.9069e+07
Running BFS 31
Time for BFS 31 is 0.027110
TEPS tranversed all edges BFS 31 is 1.93394e+07
Running BFS 32
Time for BFS 32 is 0.027439
TEPS tranversed all edges BFS 32 is 1.91073e+07
Running BFS 33
Time for BFS 33 is 0.025789
TEPS tranversed all edges BFS 33 is 2.03299e+07
Running BFS 34
Time for BFS 34 is 0.027393
TEPS tranversed all edges BFS 34 is 1.91394e+07
Running BFS 35
Time for BFS 35 is 0.027578
TEPS tranversed all edges BFS 35 is 1.9011e+07
Running BFS 36
Time for BFS 36 is 0.026462
TEPS tranversed all edges BFS 36 is 1.98128e+07
Running BFS 37
Time for BFS 37 is 0.026175
TEPS tranversed all edges BFS 37 is 2.00301e+07
Running BFS 38
Time for BFS 38 is 0.027631
TEPS tranversed all edges BFS 38 is 1.89746e+07
Running BFS 39
Time for BFS 39 is 0.027173
TEPS tranversed all edges BFS 39 is 1.92944e+07
Running BFS 40
Time for BFS 40 is 0.026899
TEPS tranversed all edges BFS 40 is 1.94911e+07
Running BFS 41
Time for BFS 41 is 0.026767
TEPS tranversed all edges BFS 41 is 1.95871e+07
Running BFS 42
Time for BFS 42 is 0.027104
TEPS tranversed all edges BFS 42 is 1.93436e+07
Running BFS 43
Time for BFS 43 is 0.028641
TEPS tranversed all edges BFS 43 is 1.83054e+07
Running BFS 44
Time for BFS 44 is 0.027016
TEPS tranversed all edges BFS 44 is 1.94066e+07
Running BFS 45
Time for BFS 45 is 0.026761
TEPS tranversed all edges BFS 45 is 1.95915e+07
Running BFS 46
Time for BFS 46 is 0.026596
TEPS tranversed all edges BFS 46 is 1.97132e+07
Running BFS 47
Time for BFS 47 is 0.026447
TEPS tranversed all edges BFS 47 is 1.98242e+07
Running BFS 48
Time for BFS 48 is 0.026962
TEPS tranversed all edges BFS 48 is 1.94454e+07
Running BFS 49
Time for BFS 49 is 0.026369
TEPS tranversed all edges BFS 49 is 1.98828e+07
Running BFS 50
Time for BFS 50 is 0.027326
TEPS tranversed all edges BFS 50 is 1.91865e+07
Running BFS 51
Time for BFS 51 is 0.027201
TEPS tranversed all edges BFS 51 is 1.92746e+07
Running BFS 52
Time for BFS 52 is 0.027555
TEPS tranversed all edges BFS 52 is 1.9027e+07
Running BFS 53
Time for BFS 53 is 0.027240
TEPS tranversed all edges BFS 53 is 1.9247e+07
Running BFS 54
Time for BFS 54 is 0.026403
TEPS tranversed all edges BFS 54 is 1.98572e+07
Running BFS 55
Time for BFS 55 is 0.026561
TEPS tranversed all edges BFS 55 is 1.97392e+07
Running BFS 56
Time for BFS 56 is 0.065056
TEPS tranversed all edges BFS 56 is 8.05902e+06
Running BFS 57
Time for BFS 57 is 0.071793
TEPS tranversed all edges BFS 57 is 7.30279e+06
Running BFS 58
Time for BFS 58 is 0.072135
TEPS tranversed all edges BFS 58 is 7.26815e+06
Running BFS 59
Time for BFS 59 is 0.071372
TEPS tranversed all edges BFS 59 is 7.34585e+06
Running BFS 60
Time for BFS 60 is 0.071203
TEPS tranversed all edges BFS 60 is 7.36329e+06
Running BFS 61
Time for BFS 61 is 0.070661
TEPS tranversed all edges BFS 61 is 7.41976e+06
Running BFS 62
Time for BFS 62 is 0.070663
TEPS tranversed all edges BFS 62 is 7.41956e+06
Running BFS 63
Time for BFS 63 is 0.071892
TEPS tranversed all edges BFS 63 is 7.29271e+06
