Address 52.17.25.95 maps to ec2-52-17-25-95.eu-west-1.compute.amazonaws.com, but this does not map back to the address - POSSIBLE BREAK-IN ATTEMPT!
Address 52.17.14.125 maps to ec2-52-17-14-125.eu-west-1.compute.amazonaws.com, but this does not map back to the address - POSSIBLE BREAK-IN ATTEMPT!
graph_generation:               0.012333 s
construction_time:              0.001177 s
Running BFS 0
Time for BFS 0 is 0.002802
TEPS tranversed all edges BFS 0 is 2.92374e+06
Running BFS 1
Time for BFS 1 is 0.001964
TEPS tranversed all edges BFS 1 is 4.17088e+06
Running BFS 2
Time for BFS 2 is 0.001659
TEPS tranversed all edges BFS 2 is 4.93816e+06
Running BFS 3
Time for BFS 3 is 0.001673
TEPS tranversed all edges BFS 3 is 4.89664e+06
Running BFS 4
Time for BFS 4 is 0.001843
TEPS tranversed all edges BFS 4 is 4.44499e+06
Running BFS 5
Time for BFS 5 is 0.001627
TEPS tranversed all edges BFS 5 is 5.03513e+06
Running BFS 6
Time for BFS 6 is 0.001823
TEPS tranversed all edges BFS 6 is 4.49382e+06
Running BFS 7
Time for BFS 7 is 0.002311
TEPS tranversed all edges BFS 7 is 3.5448e+06
Running BFS 8
Time for BFS 8 is 0.001640
TEPS tranversed all edges BFS 8 is 4.99487e+06
Running BFS 9
Time for BFS 9 is 0.001520
TEPS tranversed all edges BFS 9 is 5.38976e+06
Running BFS 10
Time for BFS 10 is 0.002084
TEPS tranversed all edges BFS 10 is 3.93087e+06
Running BFS 11
Time for BFS 11 is 0.001568
TEPS tranversed all edges BFS 11 is 5.22502e+06
Running BFS 12
Time for BFS 12 is 0.001684
TEPS tranversed all edges BFS 12 is 4.86406e+06
Running BFS 13
Time for BFS 13 is 0.001838
TEPS tranversed all edges BFS 13 is 4.45709e+06
Running BFS 14
Time for BFS 14 is 0.001560
TEPS tranversed all edges BFS 14 is 5.25137e+06
Running BFS 15
Time for BFS 15 is 0.001618
TEPS tranversed all edges BFS 15 is 5.06333e+06
Running BFS 16
Time for BFS 16 is 0.001909
TEPS tranversed all edges BFS 16 is 4.29121e+06
Running BFS 17
Time for BFS 17 is 0.001984
TEPS tranversed all edges BFS 17 is 4.12928e+06
Running BFS 18
Time for BFS 18 is 0.001654
TEPS tranversed all edges BFS 18 is 4.95311e+06
Running BFS 19
Time for BFS 19 is 0.001685
TEPS tranversed all edges BFS 19 is 4.86131e+06
Running BFS 20
Time for BFS 20 is 0.001718
TEPS tranversed all edges BFS 20 is 4.76821e+06
Running BFS 21
Time for BFS 21 is 0.001683
TEPS tranversed all edges BFS 21 is 4.86751e+06
Running BFS 22
Time for BFS 22 is 0.001568
TEPS tranversed all edges BFS 22 is 5.22502e+06
Running BFS 23
Time for BFS 23 is 0.001553
TEPS tranversed all edges BFS 23 is 5.27475e+06
Running BFS 24
Time for BFS 24 is 0.001553
TEPS tranversed all edges BFS 24 is 5.27475e+06
Running BFS 25
Time for BFS 25 is 0.001470
TEPS tranversed all edges BFS 25 is 5.57245e+06
Running BFS 26
Time for BFS 26 is 0.001760
TEPS tranversed all edges BFS 26 is 4.65453e+06
Running BFS 27
Time for BFS 27 is 0.001609
TEPS tranversed all edges BFS 27 is 5.09109e+06
Running BFS 28
Time for BFS 28 is 0.001630
TEPS tranversed all edges BFS 28 is 5.02629e+06
Running BFS 29
Time for BFS 29 is 0.001747
TEPS tranversed all edges BFS 29 is 4.68947e+06
Running BFS 30
Time for BFS 30 is 0.001683
TEPS tranversed all edges BFS 30 is 4.86751e+06
Running BFS 31
Time for BFS 31 is 0.001574
TEPS tranversed all edges BFS 31 is 5.20444e+06
Running BFS 32
Time for BFS 32 is 0.001725
TEPS tranversed all edges BFS 32 is 4.7491e+06
Running BFS 33
Time for BFS 33 is 0.001746
TEPS tranversed all edges BFS 33 is 4.69203e+06
Running BFS 34
Time for BFS 34 is 0.001533
TEPS tranversed all edges BFS 34 is 5.34366e+06
Running BFS 35
Time for BFS 35 is 0.001694
TEPS tranversed all edges BFS 35 is 4.83599e+06
Running BFS 36
Time for BFS 36 is 0.001624
TEPS tranversed all edges BFS 36 is 5.044e+06
Running BFS 37
Time for BFS 37 is 0.001538
TEPS tranversed all edges BFS 37 is 5.32627e+06
Running BFS 38
Time for BFS 38 is 0.001479
TEPS tranversed all edges BFS 38 is 5.53832e+06
Running BFS 39
Time for BFS 39 is 0.001652
TEPS tranversed all edges BFS 39 is 4.95883e+06
Running BFS 40
Time for BFS 40 is 0.001608
TEPS tranversed all edges BFS 40 is 5.09486e+06
Running BFS 41
Time for BFS 41 is 0.001481
TEPS tranversed all edges BFS 41 is 5.53119e+06
Running BFS 42
Time for BFS 42 is 0.001540
TEPS tranversed all edges BFS 42 is 5.31884e+06
Running BFS 43
Time for BFS 43 is 0.001587
TEPS tranversed all edges BFS 43 is 5.16222e+06
Running BFS 44
Time for BFS 44 is 0.001683
TEPS tranversed all edges BFS 44 is 4.86751e+06
Running BFS 45
Time for BFS 45 is 0.001540
TEPS tranversed all edges BFS 45 is 5.31967e+06
Running BFS 46
Time for BFS 46 is 0.001472
TEPS tranversed all edges BFS 46 is 5.56523e+06
Running BFS 47
Time for BFS 47 is 0.001879
TEPS tranversed all edges BFS 47 is 4.35982e+06
Running BFS 48
Time for BFS 48 is 0.001702
TEPS tranversed all edges BFS 48 is 4.81364e+06
Running BFS 49
Time for BFS 49 is 0.001570
TEPS tranversed all edges BFS 49 is 5.21788e+06
Running BFS 50
Time for BFS 50 is 0.001563
TEPS tranversed all edges BFS 50 is 5.24176e+06
Running BFS 51
Time for BFS 51 is 0.001521
TEPS tranversed all edges BFS 51 is 5.38638e+06
Running BFS 52
Time for BFS 52 is 0.001703
TEPS tranversed all edges BFS 52 is 4.81027e+06
Running BFS 53
Time for BFS 53 is 0.001527
TEPS tranversed all edges BFS 53 is 5.36452e+06
Running BFS 54
Time for BFS 54 is 0.001518
TEPS tranversed all edges BFS 54 is 5.39654e+06
Running BFS 55
Time for BFS 55 is 0.001652
TEPS tranversed all edges BFS 55 is 4.95883e+06
Running BFS 56
Time for BFS 56 is 0.001488
TEPS tranversed all edges BFS 56 is 5.5046e+06
Running BFS 57
Time for BFS 57 is 0.001865
TEPS tranversed all edges BFS 57 is 4.39214e+06
Running BFS 58
Time for BFS 58 is 0.001501
TEPS tranversed all edges BFS 58 is 5.45826e+06
Running BFS 59
Time for BFS 59 is 0.001621
TEPS tranversed all edges BFS 59 is 5.05365e+06
Running BFS 60
Time for BFS 60 is 0.001613
TEPS tranversed all edges BFS 60 is 5.07904e+06
Running BFS 61
Time for BFS 61 is 0.001616
TEPS tranversed all edges BFS 61 is 5.0693e+06
Running BFS 62
Time for BFS 62 is 0.001702
TEPS tranversed all edges BFS 62 is 4.81296e+06
Running BFS 63
Time for BFS 63 is 0.001709
TEPS tranversed all edges BFS 63 is 4.79349e+06
