Address 54.171.118.246 maps to ec2-54-171-118-246.eu-west-1.compute.amazonaws.com, but this does not map back to the address - POSSIBLE BREAK-IN ATTEMPT!
Address 52.17.14.125 maps to ec2-52-17-14-125.eu-west-1.compute.amazonaws.com, but this does not map back to the address - POSSIBLE BREAK-IN ATTEMPT!
Address 52.17.25.95 maps to ec2-52-17-25-95.eu-west-1.compute.amazonaws.com, but this does not map back to the address - POSSIBLE BREAK-IN ATTEMPT!
Address 52.17.91.181 maps to ec2-52-17-91-181.eu-west-1.compute.amazonaws.com, but this does not map back to the address - POSSIBLE BREAK-IN ATTEMPT!
graph_generation:               3.750351 s
construction_time:              2.589265 s
Running BFS 0
Time for BFS 0 is 2.197718
TEPS tranversed all edges BFS 0 is 1.52679e+07
Running BFS 1
Time for BFS 1 is 3.264197
TEPS tranversed all edges BFS 1 is 1.02795e+07
Running BFS 2
Time for BFS 2 is 3.478805
TEPS tranversed all edges BFS 2 is 9.64539e+06
Running BFS 3
Time for BFS 3 is 3.438377
TEPS tranversed all edges BFS 3 is 9.7588e+06
Running BFS 4
Time for BFS 4 is 3.300609
TEPS tranversed all edges BFS 4 is 1.01661e+07
Running BFS 5
Time for BFS 5 is 3.461222
TEPS tranversed all edges BFS 5 is 9.69439e+06
Running BFS 6
Time for BFS 6 is 3.482653
TEPS tranversed all edges BFS 6 is 9.63473e+06
Running BFS 7
Time for BFS 7 is 3.269802
TEPS tranversed all edges BFS 7 is 1.02619e+07
Running BFS 8
Time for BFS 8 is 3.432668
TEPS tranversed all edges BFS 8 is 9.77503e+06
Running BFS 9
Time for BFS 9 is 3.469552
TEPS tranversed all edges BFS 9 is 9.67111e+06
Running BFS 10
Time for BFS 10 is 3.439918
TEPS tranversed all edges BFS 10 is 9.75443e+06
Running BFS 11
Time for BFS 11 is 3.433549
TEPS tranversed all edges BFS 11 is 9.77252e+06
Running BFS 12
Time for BFS 12 is 3.460845
TEPS tranversed all edges BFS 12 is 9.69544e+06
Running BFS 13
Time for BFS 13 is 3.505779
TEPS tranversed all edges BFS 13 is 9.57118e+06
Running BFS 14
Time for BFS 14 is 3.434765
TEPS tranversed all edges BFS 14 is 9.76906e+06
Running BFS 15
Time for BFS 15 is 3.508201
TEPS tranversed all edges BFS 15 is 9.56457e+06
Running BFS 16
Time for BFS 16 is 3.383718
TEPS tranversed all edges BFS 16 is 9.91644e+06
Running BFS 17
Time for BFS 17 is 3.551273
TEPS tranversed all edges BFS 17 is 9.44856e+06
Running BFS 18
Time for BFS 18 is 3.383575
TEPS tranversed all edges BFS 18 is 9.91686e+06
Running BFS 19
Time for BFS 19 is 3.521778
TEPS tranversed all edges BFS 19 is 9.5277e+06
Running BFS 20
Time for BFS 20 is 3.250619
TEPS tranversed all edges BFS 20 is 1.03225e+07
Running BFS 21
Time for BFS 21 is 3.442397
TEPS tranversed all edges BFS 21 is 9.7474e+06
Running BFS 22
Time for BFS 22 is 3.411795
TEPS tranversed all edges BFS 22 is 9.83483e+06
Running BFS 23
Time for BFS 23 is 3.524532
TEPS tranversed all edges BFS 23 is 9.52025e+06
Running BFS 24
Time for BFS 24 is 3.460938
TEPS tranversed all edges BFS 24 is 9.69518e+06
Running BFS 25
Time for BFS 25 is 3.297859
TEPS tranversed all edges BFS 25 is 1.01746e+07
Running BFS 26
Time for BFS 26 is 3.461689
TEPS tranversed all edges BFS 26 is 9.69308e+06
Running BFS 27
Time for BFS 27 is 3.378867
TEPS tranversed all edges BFS 27 is 9.93068e+06
Running BFS 28
Time for BFS 28 is 3.491320
TEPS tranversed all edges BFS 28 is 9.61082e+06
Running BFS 29
Time for BFS 29 is 3.449575
TEPS tranversed all edges BFS 29 is 9.72712e+06
Running BFS 30
Time for BFS 30 is 3.414520
TEPS tranversed all edges BFS 30 is 9.82698e+06
Running BFS 31
Time for BFS 31 is 3.429364
TEPS tranversed all edges BFS 31 is 9.78445e+06
Running BFS 32
Time for BFS 32 is 3.621905
TEPS tranversed all edges BFS 32 is 9.2643e+06
Running BFS 33
Time for BFS 33 is 3.335140
TEPS tranversed all edges BFS 33 is 1.00609e+07
Running BFS 34
Time for BFS 34 is 3.401791
TEPS tranversed all edges BFS 34 is 9.86376e+06
Running BFS 35
Time for BFS 35 is 3.320788
TEPS tranversed all edges BFS 35 is 1.01044e+07
Running BFS 36
Time for BFS 36 is 3.434802
TEPS tranversed all edges BFS 36 is 9.76896e+06
Running BFS 37
Time for BFS 37 is 3.428137
TEPS tranversed all edges BFS 37 is 9.78795e+06
Running BFS 38
Time for BFS 38 is 3.446630
TEPS tranversed all edges BFS 38 is 9.73543e+06
Running BFS 39
Time for BFS 39 is 3.427717
TEPS tranversed all edges BFS 39 is 9.78915e+06
Running BFS 40
Time for BFS 40 is 3.436829
TEPS tranversed all edges BFS 40 is 9.76319e+06
Running BFS 41
Time for BFS 41 is 3.605721
TEPS tranversed all edges BFS 41 is 9.30589e+06
Running BFS 42
Time for BFS 42 is 3.289487
TEPS tranversed all edges BFS 42 is 1.02005e+07
Running BFS 43
Time for BFS 43 is 3.425013
TEPS tranversed all edges BFS 43 is 9.79688e+06
Running BFS 44
Time for BFS 44 is 3.472700
TEPS tranversed all edges BFS 44 is 9.66235e+06
Running BFS 45
Time for BFS 45 is 3.433022
TEPS tranversed all edges BFS 45 is 9.77402e+06
Running BFS 46
Time for BFS 46 is 1.338256
TEPS tranversed all edges BFS 46 is 2.50733e+07
Running BFS 47
Time for BFS 47 is 3.023217
TEPS tranversed all edges BFS 47 is 1.10989e+07
Running BFS 48
Time for BFS 48 is 3.605362
TEPS tranversed all edges BFS 48 is 9.30681e+06
Running BFS 49
Time for BFS 49 is 3.268303
TEPS tranversed all edges BFS 49 is 1.02666e+07
Running BFS 50
Time for BFS 50 is 3.420749
TEPS tranversed all edges BFS 50 is 9.80909e+06
Running BFS 51
Time for BFS 51 is 3.406480
TEPS tranversed all edges BFS 51 is 9.85018e+06
Running BFS 52
Time for BFS 52 is 3.446227
TEPS tranversed all edges BFS 52 is 9.73657e+06
Running BFS 53
Time for BFS 53 is 3.425055
TEPS tranversed all edges BFS 53 is 9.79676e+06
Running BFS 54
Time for BFS 54 is 3.487340
TEPS tranversed all edges BFS 54 is 9.62178e+06
Running BFS 55
Time for BFS 55 is 3.314184
TEPS tranversed all edges BFS 55 is 1.01245e+07
Running BFS 56
Time for BFS 56 is 3.504155
TEPS tranversed all edges BFS 56 is 9.57561e+06
Running BFS 57
Time for BFS 57 is 3.156448
TEPS tranversed all edges BFS 57 is 1.06304e+07
Running BFS 58
Time for BFS 58 is 3.540388
TEPS tranversed all edges BFS 58 is 9.47761e+06
Running BFS 59
Time for BFS 59 is 3.333043
TEPS tranversed all edges BFS 59 is 1.00672e+07
Running BFS 60
Time for BFS 60 is 3.438789
TEPS tranversed all edges BFS 60 is 9.75763e+06
Running BFS 61
Time for BFS 61 is 3.389757
TEPS tranversed all edges BFS 61 is 9.89877e+06
Running BFS 62
Time for BFS 62 is 3.454835
TEPS tranversed all edges BFS 62 is 9.71231e+06
Running BFS 63
Time for BFS 63 is 3.459295
TEPS tranversed all edges BFS 63 is 9.69979e+06
