Address 52.17.25.95 maps to ec2-52-17-25-95.eu-west-1.compute.amazonaws.com, but this does not map back to the address - POSSIBLE BREAK-IN ATTEMPT!
Address 52.17.14.125 maps to ec2-52-17-14-125.eu-west-1.compute.amazonaws.com, but this does not map back to the address - POSSIBLE BREAK-IN ATTEMPT!
graph_generation:               0.026819 s
construction_time:              0.008662 s
Running BFS 0
Time for BFS 0 is 0.005654
TEPS tranversed all edges BFS 0 is 1.15914e+07
Running BFS 1
Time for BFS 1 is 0.005382
TEPS tranversed all edges BFS 1 is 1.21773e+07
Running BFS 2
Time for BFS 2 is 0.005475
TEPS tranversed all edges BFS 2 is 1.19699e+07
Running BFS 3
Time for BFS 3 is 0.005381
TEPS tranversed all edges BFS 3 is 1.21794e+07
Running BFS 4
Time for BFS 4 is 0.005127
TEPS tranversed all edges BFS 4 is 1.27826e+07
Running BFS 5
Time for BFS 5 is 0.005951
TEPS tranversed all edges BFS 5 is 1.10127e+07
Running BFS 6
Time for BFS 6 is 0.005493
TEPS tranversed all edges BFS 6 is 1.19305e+07
Running BFS 7
Time for BFS 7 is 0.005290
TEPS tranversed all edges BFS 7 is 1.23886e+07
Running BFS 8
Time for BFS 8 is 0.005177
TEPS tranversed all edges BFS 8 is 1.2659e+07
Running BFS 9
Time for BFS 9 is 0.005735
TEPS tranversed all edges BFS 9 is 1.14275e+07
Running BFS 10
Time for BFS 10 is 0.005401
TEPS tranversed all edges BFS 10 is 1.21343e+07
Running BFS 11
Time for BFS 11 is 0.005330
TEPS tranversed all edges BFS 11 is 1.22955e+07
Running BFS 12
Time for BFS 12 is 0.005154
TEPS tranversed all edges BFS 12 is 1.27152e+07
Running BFS 13
Time for BFS 13 is 0.005390
TEPS tranversed all edges BFS 13 is 1.2159e+07
Running BFS 14
Time for BFS 14 is 0.005328
TEPS tranversed all edges BFS 14 is 1.23004e+07
Running BFS 15
Time for BFS 15 is 0.005199
TEPS tranversed all edges BFS 15 is 1.26056e+07
Running BFS 16
Time for BFS 16 is 0.005569
TEPS tranversed all edges BFS 16 is 1.1768e+07
Running BFS 17
Time for BFS 17 is 0.005085
TEPS tranversed all edges BFS 17 is 1.28881e+07
Running BFS 18
Time for BFS 18 is 0.005414
TEPS tranversed all edges BFS 18 is 1.21049e+07
Running BFS 19
Time for BFS 19 is 0.005586
TEPS tranversed all edges BFS 19 is 1.17319e+07
Running BFS 20
Time for BFS 20 is 0.005331
TEPS tranversed all edges BFS 20 is 1.22933e+07
Running BFS 21
Time for BFS 21 is 0.005333
TEPS tranversed all edges BFS 21 is 1.22889e+07
Running BFS 22
Time for BFS 22 is 0.005320
TEPS tranversed all edges BFS 22 is 1.23192e+07
Running BFS 23
Time for BFS 23 is 0.005058
TEPS tranversed all edges BFS 23 is 1.29568e+07
Running BFS 24
Time for BFS 24 is 0.005277
TEPS tranversed all edges BFS 24 is 1.24194e+07
Running BFS 25
Time for BFS 25 is 0.005379
TEPS tranversed all edges BFS 25 is 1.21838e+07
Running BFS 26
Time for BFS 26 is 0.005242
TEPS tranversed all edges BFS 26 is 1.25024e+07
Running BFS 27
Time for BFS 27 is 0.005043
TEPS tranversed all edges BFS 27 is 1.2996e+07
Running BFS 28
Time for BFS 28 is 0.004878
TEPS tranversed all edges BFS 28 is 1.34349e+07
Running BFS 29
Time for BFS 29 is 0.004898
TEPS tranversed all edges BFS 29 is 1.338e+07
Running BFS 30
Time for BFS 30 is 0.004683
TEPS tranversed all edges BFS 30 is 1.39944e+07
Running BFS 31
Time for BFS 31 is 0.004971
TEPS tranversed all edges BFS 31 is 1.31836e+07
Running BFS 32
Time for BFS 32 is 0.004829
TEPS tranversed all edges BFS 32 is 1.35709e+07
Running BFS 33
Time for BFS 33 is 0.004557
TEPS tranversed all edges BFS 33 is 1.43817e+07
Running BFS 34
Time for BFS 34 is 0.004930
TEPS tranversed all edges BFS 34 is 1.32933e+07
Running BFS 35
Time for BFS 35 is 0.004709
TEPS tranversed all edges BFS 35 is 1.39172e+07
Running BFS 36
Time for BFS 36 is 0.004444
TEPS tranversed all edges BFS 36 is 1.47467e+07
Running BFS 37
Time for BFS 37 is 0.004850
TEPS tranversed all edges BFS 37 is 1.35122e+07
Running BFS 38
Time for BFS 38 is 0.004822
TEPS tranversed all edges BFS 38 is 1.3591e+07
Running BFS 39
Time for BFS 39 is 0.004719
TEPS tranversed all edges BFS 39 is 1.38876e+07
Running BFS 40
Time for BFS 40 is 0.004990
TEPS tranversed all edges BFS 40 is 1.31338e+07
Running BFS 41
Time for BFS 41 is 0.004555
TEPS tranversed all edges BFS 41 is 1.43877e+07
Running BFS 42
Time for BFS 42 is 0.004763
TEPS tranversed all edges BFS 42 is 1.37597e+07
Running BFS 43
Time for BFS 43 is 0.004898
TEPS tranversed all edges BFS 43 is 1.338e+07
Running BFS 44
Time for BFS 44 is 0.004864
TEPS tranversed all edges BFS 44 is 1.34737e+07
Running BFS 45
Time for BFS 45 is 0.004608
TEPS tranversed all edges BFS 45 is 1.42225e+07
Running BFS 46
Time for BFS 46 is 0.004485
TEPS tranversed all edges BFS 46 is 1.46126e+07
Running BFS 47
Time for BFS 47 is 0.004785
TEPS tranversed all edges BFS 47 is 1.3696e+07
Running BFS 48
Time for BFS 48 is 0.004909
TEPS tranversed all edges BFS 48 is 1.33501e+07
Running BFS 49
Time for BFS 49 is 0.004579
TEPS tranversed all edges BFS 49 is 1.43121e+07
Running BFS 50
Time for BFS 50 is 0.004744
TEPS tranversed all edges BFS 50 is 1.38143e+07
Running BFS 51
Time for BFS 51 is 0.004511
TEPS tranversed all edges BFS 51 is 1.45284e+07
Running BFS 52
Time for BFS 52 is 0.004523
TEPS tranversed all edges BFS 52 is 1.44901e+07
Running BFS 53
Time for BFS 53 is 0.004547
TEPS tranversed all edges BFS 53 is 1.44126e+07
Running BFS 54
Time for BFS 54 is 0.004497
TEPS tranversed all edges BFS 54 is 1.45731e+07
Running BFS 55
Time for BFS 55 is 0.004423
TEPS tranversed all edges BFS 55 is 1.48174e+07
Running BFS 56
Time for BFS 56 is 0.004512
TEPS tranversed all edges BFS 56 is 1.45246e+07
Running BFS 57
Time for BFS 57 is 0.004682
TEPS tranversed all edges BFS 57 is 1.39972e+07
Running BFS 58
Time for BFS 58 is 0.004714
TEPS tranversed all edges BFS 58 is 1.39024e+07
Running BFS 59
Time for BFS 59 is 0.004779
TEPS tranversed all edges BFS 59 is 1.3713e+07
Running BFS 60
Time for BFS 60 is 0.004710
TEPS tranversed all edges BFS 60 is 1.39143e+07
Running BFS 61
Time for BFS 61 is 0.004553
TEPS tranversed all edges BFS 61 is 1.43938e+07
Running BFS 62
Time for BFS 62 is 0.004447
TEPS tranversed all edges BFS 62 is 1.47372e+07
Running BFS 63
Time for BFS 63 is 0.004537
TEPS tranversed all edges BFS 63 is 1.44452e+07
