Address 52.17.25.49 maps to ec2-52-17-25-49.eu-west-1.compute.amazonaws.com, but this does not map back to the address - POSSIBLE BREAK-IN ATTEMPT!
Address 52.17.14.125 maps to ec2-52-17-14-125.eu-west-1.compute.amazonaws.com, but this does not map back to the address - POSSIBLE BREAK-IN ATTEMPT!
Address 54.171.118.246 maps to ec2-54-171-118-246.eu-west-1.compute.amazonaws.com, but this does not map back to the address - POSSIBLE BREAK-IN ATTEMPT!
Address 52.17.25.95 maps to ec2-52-17-25-95.eu-west-1.compute.amazonaws.com, but this does not map back to the address - POSSIBLE BREAK-IN ATTEMPT!
Address 52.17.124.214 maps to ec2-52-17-124-214.eu-west-1.compute.amazonaws.com, but this does not map back to the address - POSSIBLE BREAK-IN ATTEMPT!
Address 54.154.219.117 maps to ec2-54-154-219-117.eu-west-1.compute.amazonaws.com, but this does not map back to the address - POSSIBLE BREAK-IN ATTEMPT!
Address 52.17.18.103 maps to ec2-52-17-18-103.eu-west-1.compute.amazonaws.com, but this does not map back to the address - POSSIBLE BREAK-IN ATTEMPT!
Address 52.17.91.181 maps to ec2-52-17-91-181.eu-west-1.compute.amazonaws.com, but this does not map back to the address - POSSIBLE BREAK-IN ATTEMPT!
graph_generation:               0.043724 s
construction_time:              0.001709 s
Running BFS 0
Time for BFS 0 is 0.005135
TEPS tranversed all edges BFS 0 is 1.59538e+06
Running BFS 1
Time for BFS 1 is 0.005081
TEPS tranversed all edges BFS 1 is 1.6123e+06
Running BFS 2
Time for BFS 2 is 0.003559
TEPS tranversed all edges BFS 2 is 2.30185e+06
Running BFS 3
Time for BFS 3 is 0.004253
TEPS tranversed all edges BFS 3 is 1.92621e+06
Running BFS 4
Time for BFS 4 is 0.004203
TEPS tranversed all edges BFS 4 is 1.94916e+06
Running BFS 5
Time for BFS 5 is 0.003539
TEPS tranversed all edges BFS 5 is 2.31472e+06
Running BFS 6
Time for BFS 6 is 0.003746
TEPS tranversed all edges BFS 6 is 2.18685e+06
Running BFS 7
Time for BFS 7 is 0.003630
TEPS tranversed all edges BFS 7 is 2.2568e+06
Running BFS 8
Time for BFS 8 is 0.005539
TEPS tranversed all edges BFS 8 is 1.47898e+06
Running BFS 9
Time for BFS 9 is 0.003112
TEPS tranversed all edges BFS 9 is 2.63233e+06
Running BFS 10
Time for BFS 10 is 0.004707
TEPS tranversed all edges BFS 10 is 1.74035e+06
Running BFS 11
Time for BFS 11 is 0.003095
TEPS tranversed all edges BFS 11 is 2.64693e+06
Running BFS 12
Time for BFS 12 is 0.003035
TEPS tranversed all edges BFS 12 is 2.69912e+06
Running BFS 13
Time for BFS 13 is 0.005795
TEPS tranversed all edges BFS 13 is 1.41363e+06
Running BFS 14
Time for BFS 14 is 0.003125
TEPS tranversed all edges BFS 14 is 2.62148e+06
Running BFS 15
Time for BFS 15 is 0.005535
TEPS tranversed all edges BFS 15 is 1.48007e+06
Running BFS 16
Time for BFS 16 is 0.003781
TEPS tranversed all edges BFS 16 is 2.16658e+06
Running BFS 17
Time for BFS 17 is 0.003538
TEPS tranversed all edges BFS 17 is 2.31535e+06
Running BFS 18
Time for BFS 18 is 0.005518
TEPS tranversed all edges BFS 18 is 1.48454e+06
Running BFS 19
Time for BFS 19 is 0.003844
TEPS tranversed all edges BFS 19 is 2.1311e+06
Running BFS 20
Time for BFS 20 is 0.004022
TEPS tranversed all edges BFS 20 is 2.03686e+06
Running BFS 21
Time for BFS 21 is 0.003868
TEPS tranversed all edges BFS 21 is 2.11796e+06
Running BFS 22
Time for BFS 22 is 0.003197
TEPS tranversed all edges BFS 22 is 2.56225e+06
Running BFS 23
Time for BFS 23 is 0.003108
TEPS tranversed all edges BFS 23 is 2.63576e+06
Running BFS 24
Time for BFS 24 is 0.003153
TEPS tranversed all edges BFS 24 is 2.59809e+06
Running BFS 25
Time for BFS 25 is 0.002964
TEPS tranversed all edges BFS 25 is 2.76381e+06
Running BFS 26
Time for BFS 26 is 0.009725
TEPS tranversed all edges BFS 26 is 842357
Running BFS 27
Time for BFS 27 is 0.003035
TEPS tranversed all edges BFS 27 is 2.69912e+06
Running BFS 28
Time for BFS 28 is 0.003266
TEPS tranversed all edges BFS 28 is 2.50819e+06
Running BFS 29
Time for BFS 29 is 0.003671
TEPS tranversed all edges BFS 29 is 2.23144e+06
Running BFS 30
Time for BFS 30 is 0.003878
TEPS tranversed all edges BFS 30 is 2.11237e+06
Running BFS 31
Time for BFS 31 is 0.003020
TEPS tranversed all edges BFS 31 is 2.71275e+06
Running BFS 32
Time for BFS 32 is 0.003784
TEPS tranversed all edges BFS 32 is 2.16494e+06
Running BFS 33
Time for BFS 33 is 0.004110
TEPS tranversed all edges BFS 33 is 1.99326e+06
Running BFS 34
Time for BFS 34 is 0.003064
TEPS tranversed all edges BFS 34 is 2.6737e+06
Running BFS 35
Time for BFS 35 is 0.003519
TEPS tranversed all edges BFS 35 is 2.3279e+06
Running BFS 36
Time for BFS 36 is 0.004763
TEPS tranversed all edges BFS 36 is 1.71996e+06
Running BFS 37
Time for BFS 37 is 0.003291
TEPS tranversed all edges BFS 37 is 2.48929e+06
Running BFS 38
Time for BFS 38 is 0.003112
TEPS tranversed all edges BFS 38 is 2.63233e+06
Running BFS 39
Time for BFS 39 is 0.003908
TEPS tranversed all edges BFS 39 is 2.09626e+06
Running BFS 40
Time for BFS 40 is 0.004016
TEPS tranversed all edges BFS 40 is 2.03976e+06
Running BFS 41
Time for BFS 41 is 0.003131
TEPS tranversed all edges BFS 41 is 2.61649e+06
Running BFS 42
Time for BFS 42 is 0.002833
TEPS tranversed all edges BFS 42 is 2.8915e+06
Running BFS 43
Time for BFS 43 is 0.003527
TEPS tranversed all edges BFS 43 is 2.3227e+06
Running BFS 44
Time for BFS 44 is 0.003827
TEPS tranversed all edges BFS 44 is 2.14053e+06
Running BFS 45
Time for BFS 45 is 0.003153
TEPS tranversed all edges BFS 45 is 2.59809e+06
Running BFS 46
Time for BFS 46 is 0.003157
TEPS tranversed all edges BFS 46 is 2.59495e+06
Running BFS 47
Time for BFS 47 is 0.003901
TEPS tranversed all edges BFS 47 is 2.09997e+06
Running BFS 48
Time for BFS 48 is 0.003563
TEPS tranversed all edges BFS 48 is 2.29908e+06
Running BFS 49
Time for BFS 49 is 0.003158
TEPS tranversed all edges BFS 49 is 2.59417e+06
Running BFS 50
Time for BFS 50 is 0.003162
TEPS tranversed all edges BFS 50 is 2.59065e+06
Running BFS 51
Time for BFS 51 is 0.003318
TEPS tranversed all edges BFS 51 is 2.4689e+06
Running BFS 52
Time for BFS 52 is 0.003770
TEPS tranversed all edges BFS 52 is 2.17302e+06
Running BFS 53
Time for BFS 53 is 0.003275
TEPS tranversed all edges BFS 53 is 2.50125e+06
Running BFS 54
Time for BFS 54 is 0.003196
TEPS tranversed all edges BFS 54 is 2.5632e+06
Running BFS 55
Time for BFS 55 is 0.003678
TEPS tranversed all edges BFS 55 is 2.22739e+06
Running BFS 56
Time for BFS 56 is 0.003065
TEPS tranversed all edges BFS 56 is 2.67266e+06
Running BFS 57
Time for BFS 57 is 0.003835
TEPS tranversed all edges BFS 57 is 2.13614e+06
Running BFS 58
Time for BFS 58 is 0.003367
TEPS tranversed all edges BFS 58 is 2.43306e+06
Running BFS 59
Time for BFS 59 is 0.003619
TEPS tranversed all edges BFS 59 is 2.26349e+06
Running BFS 60
Time for BFS 60 is 0.003861
TEPS tranversed all edges BFS 60 is 2.12176e+06
Running BFS 61
Time for BFS 61 is 0.005258
TEPS tranversed all edges BFS 61 is 1.55805e+06
Running BFS 62
Time for BFS 62 is 0.003809
TEPS tranversed all edges BFS 62 is 2.15058e+06
Running BFS 63
Time for BFS 63 is 0.003959
TEPS tranversed all edges BFS 63 is 2.06924e+06
