Address 52.17.25.49 maps to ec2-52-17-25-49.eu-west-1.compute.amazonaws.com, but this does not map back to the address - POSSIBLE BREAK-IN ATTEMPT!
Address 52.17.18.103 maps to ec2-52-17-18-103.eu-west-1.compute.amazonaws.com, but this does not map back to the address - POSSIBLE BREAK-IN ATTEMPT!
Address 54.171.118.246 maps to ec2-54-171-118-246.eu-west-1.compute.amazonaws.com, but this does not map back to the address - POSSIBLE BREAK-IN ATTEMPT!
Address 54.154.219.117 maps to ec2-54-154-219-117.eu-west-1.compute.amazonaws.com, but this does not map back to the address - POSSIBLE BREAK-IN ATTEMPT!
Address 52.17.124.214 maps to ec2-52-17-124-214.eu-west-1.compute.amazonaws.com, but this does not map back to the address - POSSIBLE BREAK-IN ATTEMPT!
Address 52.17.25.95 maps to ec2-52-17-25-95.eu-west-1.compute.amazonaws.com, but this does not map back to the address - POSSIBLE BREAK-IN ATTEMPT!
Address 52.17.91.181 maps to ec2-52-17-91-181.eu-west-1.compute.amazonaws.com, but this does not map back to the address - POSSIBLE BREAK-IN ATTEMPT!
Address 52.17.14.125 maps to ec2-52-17-14-125.eu-west-1.compute.amazonaws.com, but this does not map back to the address - POSSIBLE BREAK-IN ATTEMPT!
graph_generation:               3.783925 s
construction_time:              2.407342 s
Running BFS 0
Time for BFS 0 is 1.490521
TEPS tranversed all edges BFS 0 is 2.25119e+07
Running BFS 1
Time for BFS 1 is 2.012324
TEPS tranversed all edges BFS 1 is 1.66745e+07
Running BFS 2
Time for BFS 2 is 1.865796
TEPS tranversed all edges BFS 2 is 1.7984e+07
Running BFS 3
Time for BFS 3 is 2.009455
TEPS tranversed all edges BFS 3 is 1.66983e+07
Running BFS 4
Time for BFS 4 is 1.867360
TEPS tranversed all edges BFS 4 is 1.79689e+07
Running BFS 5
Time for BFS 5 is 1.931554
TEPS tranversed all edges BFS 5 is 1.73717e+07
Running BFS 6
Time for BFS 6 is 1.960766
TEPS tranversed all edges BFS 6 is 1.71129e+07
Running BFS 7
Time for BFS 7 is 2.010487
TEPS tranversed all edges BFS 7 is 1.66897e+07
Running BFS 8
Time for BFS 8 is 1.866578
TEPS tranversed all edges BFS 8 is 1.79764e+07
Running BFS 9
Time for BFS 9 is 1.962758
TEPS tranversed all edges BFS 9 is 1.70956e+07
Running BFS 10
Time for BFS 10 is 1.978732
TEPS tranversed all edges BFS 10 is 1.69575e+07
Running BFS 11
Time for BFS 11 is 1.981950
TEPS tranversed all edges BFS 11 is 1.693e+07
Running BFS 12
Time for BFS 12 is 2.075244
TEPS tranversed all edges BFS 12 is 1.61689e+07
Running BFS 13
Time for BFS 13 is 1.795211
TEPS tranversed all edges BFS 13 is 1.86911e+07
Running BFS 14
Time for BFS 14 is 2.067932
TEPS tranversed all edges BFS 14 is 1.62261e+07
Running BFS 15
Time for BFS 15 is 1.830663
TEPS tranversed all edges BFS 15 is 1.83291e+07
Running BFS 16
Time for BFS 16 is 1.920939
TEPS tranversed all edges BFS 16 is 1.74677e+07
Running BFS 17
Time for BFS 17 is 1.981760
TEPS tranversed all edges BFS 17 is 1.69316e+07
Running BFS 18
Time for BFS 18 is 1.941305
TEPS tranversed all edges BFS 18 is 1.72845e+07
Running BFS 19
Time for BFS 19 is 1.968508
TEPS tranversed all edges BFS 19 is 1.70456e+07
Running BFS 20
Time for BFS 20 is 1.930389
TEPS tranversed all edges BFS 20 is 1.73822e+07
Running BFS 21
Time for BFS 21 is 2.116961
TEPS tranversed all edges BFS 21 is 1.58503e+07
Running BFS 22
Time for BFS 22 is 1.940991
TEPS tranversed all edges BFS 22 is 1.72873e+07
Running BFS 23
Time for BFS 23 is 1.795256
TEPS tranversed all edges BFS 23 is 1.86906e+07
Running BFS 24
Time for BFS 24 is 1.904004
TEPS tranversed all edges BFS 24 is 1.76231e+07
Running BFS 25
Time for BFS 25 is 1.874498
TEPS tranversed all edges BFS 25 is 1.79005e+07
Running BFS 26
Time for BFS 26 is 2.043557
TEPS tranversed all edges BFS 26 is 1.64196e+07
Running BFS 27
Time for BFS 27 is 1.778194
TEPS tranversed all edges BFS 27 is 1.887e+07
Running BFS 28
Time for BFS 28 is 2.034331
TEPS tranversed all edges BFS 28 is 1.64941e+07
Running BFS 29
Time for BFS 29 is 1.817108
TEPS tranversed all edges BFS 29 is 1.84658e+07
Running BFS 30
Time for BFS 30 is 2.025226
TEPS tranversed all edges BFS 30 is 1.65682e+07
Running BFS 31
Time for BFS 31 is 2.028896
TEPS tranversed all edges BFS 31 is 1.65383e+07
Running BFS 32
Time for BFS 32 is 1.799653
TEPS tranversed all edges BFS 32 is 1.86449e+07
Running BFS 33
Time for BFS 33 is 2.066068
TEPS tranversed all edges BFS 33 is 1.62407e+07
Running BFS 34
Time for BFS 34 is 1.861724
TEPS tranversed all edges BFS 34 is 1.80233e+07
Running BFS 35
Time for BFS 35 is 2.041161
TEPS tranversed all edges BFS 35 is 1.64389e+07
Running BFS 36
Time for BFS 36 is 1.950346
TEPS tranversed all edges BFS 36 is 1.72043e+07
Running BFS 37
Time for BFS 37 is 1.895704
TEPS tranversed all edges BFS 37 is 1.77002e+07
Running BFS 38
Time for BFS 38 is 1.891287
TEPS tranversed all edges BFS 38 is 1.77416e+07
Running BFS 39
Time for BFS 39 is 1.971672
TEPS tranversed all edges BFS 39 is 1.70183e+07
Running BFS 40
Time for BFS 40 is 1.992734
TEPS tranversed all edges BFS 40 is 1.68384e+07
Running BFS 41
Time for BFS 41 is 1.886211
TEPS tranversed all edges BFS 41 is 1.77893e+07
Running BFS 42
Time for BFS 42 is 2.043747
TEPS tranversed all edges BFS 42 is 1.64181e+07
Running BFS 43
Time for BFS 43 is 1.844345
TEPS tranversed all edges BFS 43 is 1.81931e+07
Running BFS 44
Time for BFS 44 is 2.101856
TEPS tranversed all edges BFS 44 is 1.59642e+07
Running BFS 45
Time for BFS 45 is 1.840788
TEPS tranversed all edges BFS 45 is 1.82283e+07
Running BFS 46
Time for BFS 46 is 1.911542
TEPS tranversed all edges BFS 46 is 1.75536e+07
Running BFS 47
Time for BFS 47 is 1.986106
TEPS tranversed all edges BFS 47 is 1.68946e+07
Running BFS 48
Time for BFS 48 is 1.943688
TEPS tranversed all edges BFS 48 is 1.72633e+07
Running BFS 49
Time for BFS 49 is 1.872274
TEPS tranversed all edges BFS 49 is 1.79218e+07
Running BFS 50
Time for BFS 50 is 2.100984
TEPS tranversed all edges BFS 50 is 1.59708e+07
Running BFS 51
Time for BFS 51 is 1.886851
TEPS tranversed all edges BFS 51 is 1.77833e+07
Running BFS 52
Time for BFS 52 is 1.839769
TEPS tranversed all edges BFS 52 is 1.82384e+07
Running BFS 53
Time for BFS 53 is 1.997313
TEPS tranversed all edges BFS 53 is 1.67998e+07
Running BFS 54
Time for BFS 54 is 1.902022
TEPS tranversed all edges BFS 54 is 1.76415e+07
Running BFS 55
Time for BFS 55 is 1.953669
TEPS tranversed all edges BFS 55 is 1.71751e+07
Running BFS 56
Time for BFS 56 is 1.963049
TEPS tranversed all edges BFS 56 is 1.7093e+07
Running BFS 57
Time for BFS 57 is 1.920308
TEPS tranversed all edges BFS 57 is 1.74735e+07
Running BFS 58
Time for BFS 58 is 2.050534
TEPS tranversed all edges BFS 58 is 1.63638e+07
Running BFS 59
Time for BFS 59 is 1.807816
TEPS tranversed all edges BFS 59 is 1.85608e+07
Running BFS 60
Time for BFS 60 is 1.964212
TEPS tranversed all edges BFS 60 is 1.70829e+07
Running BFS 61
Time for BFS 61 is 2.045576
TEPS tranversed all edges BFS 61 is 1.64034e+07
Running BFS 62
Time for BFS 62 is 2.036249
TEPS tranversed all edges BFS 62 is 1.64786e+07
Running BFS 63
Time for BFS 63 is 1.814037
TEPS tranversed all edges BFS 63 is 1.84971e+07
