Address 54.154.225.84 maps to ec2-54-154-225-84.eu-west-1.compute.amazonaws.com, but this does not map back to the address - POSSIBLE BREAK-IN ATTEMPT!
Address 54.154.175.202 maps to ec2-54-154-175-202.eu-west-1.compute.amazonaws.com, but this does not map back to the address - POSSIBLE BREAK-IN ATTEMPT!
Address 54.154.196.32 maps to ec2-54-154-196-32.eu-west-1.compute.amazonaws.com, but this does not map back to the address - POSSIBLE BREAK-IN ATTEMPT!
Address 54.154.194.211 maps to ec2-54-154-194-211.eu-west-1.compute.amazonaws.com, but this does not map back to the address - POSSIBLE BREAK-IN ATTEMPT!
Address 54.154.225.36 maps to ec2-54-154-225-36.eu-west-1.compute.amazonaws.com, but this does not map back to the address - POSSIBLE BREAK-IN ATTEMPT!
Address 54.154.220.131 maps to ec2-54-154-220-131.eu-west-1.compute.amazonaws.com, but this does not map back to the address - POSSIBLE BREAK-IN ATTEMPT!
Address 54.154.187.60 maps to ec2-54-154-187-60.eu-west-1.compute.amazonaws.com, but this does not map back to the address - POSSIBLE BREAK-IN ATTEMPT!
Address 54.154.212.9 maps to ec2-54-154-212-9.eu-west-1.compute.amazonaws.com, but this does not map back to the address - POSSIBLE BREAK-IN ATTEMPT!
Address 54.154.196.163 maps to ec2-54-154-196-163.eu-west-1.compute.amazonaws.com, but this does not map back to the address - POSSIBLE BREAK-IN ATTEMPT!
Address 54.154.194.11 maps to ec2-54-154-194-11.eu-west-1.compute.amazonaws.com, but this does not map back to the address - POSSIBLE BREAK-IN ATTEMPT!
Address 54.154.186.200 maps to ec2-54-154-186-200.eu-west-1.compute.amazonaws.com, but this does not map back to the address - POSSIBLE BREAK-IN ATTEMPT!
Address 54.154.219.117 maps to ec2-54-154-219-117.eu-west-1.compute.amazonaws.com, but this does not map back to the address - POSSIBLE BREAK-IN ATTEMPT!
Address 54.154.221.144 maps to ec2-54-154-221-144.eu-west-1.compute.amazonaws.com, but this does not map back to the address - POSSIBLE BREAK-IN ATTEMPT!
Address 54.154.178.20 maps to ec2-54-154-178-20.eu-west-1.compute.amazonaws.com, but this does not map back to the address - POSSIBLE BREAK-IN ATTEMPT!
Address 54.154.221.96 maps to ec2-54-154-221-96.eu-west-1.compute.amazonaws.com, but this does not map back to the address - POSSIBLE BREAK-IN ATTEMPT!
Address 52.17.75.161 maps to ec2-52-17-75-161.eu-west-1.compute.amazonaws.com, but this does not map back to the address - POSSIBLE BREAK-IN ATTEMPT!
Address 52.17.183.48 maps to ec2-52-17-183-48.eu-west-1.compute.amazonaws.com, but this does not map back to the address - POSSIBLE BREAK-IN ATTEMPT!
Address 52.17.215.0 maps to ec2-52-17-215-0.eu-west-1.compute.amazonaws.com, but this does not map back to the address - POSSIBLE BREAK-IN ATTEMPT!
Address 54.154.166.40 maps to ec2-54-154-166-40.eu-west-1.compute.amazonaws.com, but this does not map back to the address - POSSIBLE BREAK-IN ATTEMPT!
Address 54.154.3.241 maps to ec2-54-154-3-241.eu-west-1.compute.amazonaws.com, but this does not map back to the address - POSSIBLE BREAK-IN ATTEMPT!
Address 54.154.223.118 maps to ec2-54-154-223-118.eu-west-1.compute.amazonaws.com, but this does not map back to the address - POSSIBLE BREAK-IN ATTEMPT!
Address 52.17.30.231 maps to ec2-52-17-30-231.eu-west-1.compute.amazonaws.com, but this does not map back to the address - POSSIBLE BREAK-IN ATTEMPT!
Address 54.154.185.202 maps to ec2-54-154-185-202.eu-west-1.compute.amazonaws.com, but this does not map back to the address - POSSIBLE BREAK-IN ATTEMPT!
Address 54.171.51.106 maps to ec2-54-171-51-106.eu-west-1.compute.amazonaws.com, but this does not map back to the address - POSSIBLE BREAK-IN ATTEMPT!
Address 54.171.51.124 maps to ec2-54-171-51-124.eu-west-1.compute.amazonaws.com, but this does not map back to the address - POSSIBLE BREAK-IN ATTEMPT!
Address 54.154.100.51 maps to ec2-54-154-100-51.eu-west-1.compute.amazonaws.com, but this does not map back to the address - POSSIBLE BREAK-IN ATTEMPT!
Address 54.154.224.100 maps to ec2-54-154-224-100.eu-west-1.compute.amazonaws.com, but this does not map back to the address - POSSIBLE BREAK-IN ATTEMPT!
Address 54.171.4.129 maps to ec2-54-171-4-129.eu-west-1.compute.amazonaws.com, but this does not map back to the address - POSSIBLE BREAK-IN ATTEMPT!
Address 54.154.253.203 maps to ec2-54-154-253-203.eu-west-1.compute.amazonaws.com, but this does not map back to the address - POSSIBLE BREAK-IN ATTEMPT!
Address 52.16.202.53 maps to ec2-52-16-202-53.eu-west-1.compute.amazonaws.com, but this does not map back to the address - POSSIBLE BREAK-IN ATTEMPT!
Address 54.154.254.246 maps to ec2-54-154-254-246.eu-west-1.compute.amazonaws.com, but this does not map back to the address - POSSIBLE BREAK-IN ATTEMPT!
Address 54.77.109.73 maps to ec2-54-77-109-73.eu-west-1.compute.amazonaws.com, but this does not map back to the address - POSSIBLE BREAK-IN ATTEMPT!
graph_generation:               0.259322 s
construction_time:              0.057459 s
Running BFS 0
Time for BFS 0 is 0.022027
TEPS tranversed all edges BFS 0 is 2.3802e+07
Running BFS 1
Time for BFS 1 is 0.033435
TEPS tranversed all edges BFS 1 is 1.56808e+07
Running BFS 2
Time for BFS 2 is 0.028599
TEPS tranversed all edges BFS 2 is 1.83324e+07
Running BFS 3
Time for BFS 3 is 0.032647
TEPS tranversed all edges BFS 3 is 1.60592e+07
Running BFS 4
Time for BFS 4 is 0.025510
TEPS tranversed all edges BFS 4 is 2.05524e+07
Running BFS 5
Time for BFS 5 is 0.030462
TEPS tranversed all edges BFS 5 is 1.72112e+07
Running BFS 6
Time for BFS 6 is 0.021429
TEPS tranversed all edges BFS 6 is 2.44662e+07
Running BFS 7
Time for BFS 7 is 0.027168
TEPS tranversed all edges BFS 7 is 1.9298e+07
Running BFS 8
Time for BFS 8 is 0.022813
TEPS tranversed all edges BFS 8 is 2.29819e+07
Running BFS 9
Time for BFS 9 is 0.038858
TEPS tranversed all edges BFS 9 is 1.34924e+07
Running BFS 10
Time for BFS 10 is 0.031066
TEPS tranversed all edges BFS 10 is 1.68766e+07
Running BFS 11
Time for BFS 11 is 0.038818
TEPS tranversed all edges BFS 11 is 1.35064e+07
Running BFS 12
Time for BFS 12 is 0.030768
TEPS tranversed all edges BFS 12 is 1.70401e+07
Running BFS 13
Time for BFS 13 is 0.029263
TEPS tranversed all edges BFS 13 is 1.79164e+07
Running BFS 14
Time for BFS 14 is 0.049823
TEPS tranversed all edges BFS 14 is 1.0523e+07
Running BFS 15
Time for BFS 15 is 0.023962
TEPS tranversed all edges BFS 15 is 2.188e+07
Running BFS 16
Time for BFS 16 is 0.039665
TEPS tranversed all edges BFS 16 is 1.32179e+07
Running BFS 17
Time for BFS 17 is 0.035856
TEPS tranversed all edges BFS 17 is 1.4622e+07
Running BFS 18
Time for BFS 18 is 0.028441
TEPS tranversed all edges BFS 18 is 1.84343e+07
Running BFS 19
Time for BFS 19 is 0.050573
TEPS tranversed all edges BFS 19 is 1.03669e+07
Running BFS 20
Time for BFS 20 is 0.025281
TEPS tranversed all edges BFS 20 is 2.07385e+07
Running BFS 21
Time for BFS 21 is 0.052927
TEPS tranversed all edges BFS 21 is 9.90591e+06
Running BFS 22
Time for BFS 22 is 0.026939
TEPS tranversed all edges BFS 22 is 1.94621e+07
Running BFS 23
Time for BFS 23 is 0.028623
TEPS tranversed all edges BFS 23 is 1.8317e+07
Running BFS 24
Time for BFS 24 is 0.041824
TEPS tranversed all edges BFS 24 is 1.25355e+07
Running BFS 25
Time for BFS 25 is 0.021100
TEPS tranversed all edges BFS 25 is 2.48477e+07
Running BFS 26
Time for BFS 26 is 0.032220
TEPS tranversed all edges BFS 26 is 1.62721e+07
Running BFS 27
Time for BFS 27 is 0.037207
TEPS tranversed all edges BFS 27 is 1.40912e+07
Running BFS 28
Time for BFS 28 is 0.028876
TEPS tranversed all edges BFS 28 is 1.81565e+07
Running BFS 29
Time for BFS 29 is 0.035104
TEPS tranversed all edges BFS 29 is 1.49353e+07
Running BFS 30
Time for BFS 30 is 0.027315
TEPS tranversed all edges BFS 30 is 1.91942e+07
Running BFS 31
Time for BFS 31 is 0.029330
TEPS tranversed all edges BFS 31 is 1.78755e+07
Running BFS 32
Time for BFS 32 is 0.033932
TEPS tranversed all edges BFS 32 is 1.54512e+07
Running BFS 33
Time for BFS 33 is 0.034646
TEPS tranversed all edges BFS 33 is 1.51327e+07
Running BFS 34
Time for BFS 34 is 0.025218
TEPS tranversed all edges BFS 34 is 2.07902e+07
Running BFS 35
Time for BFS 35 is 0.034662
TEPS tranversed all edges BFS 35 is 1.51257e+07
Running BFS 36
Time for BFS 36 is 0.035521
TEPS tranversed all edges BFS 36 is 1.47599e+07
Running BFS 37
Time for BFS 37 is 0.027413
TEPS tranversed all edges BFS 37 is 1.91256e+07
Running BFS 38
Time for BFS 38 is 0.023842
TEPS tranversed all edges BFS 38 is 2.19902e+07
Running BFS 39
Time for BFS 39 is 0.024454
TEPS tranversed all edges BFS 39 is 2.14399e+07
Running BFS 40
Time for BFS 40 is 0.028128
TEPS tranversed all edges BFS 40 is 1.86393e+07
Running BFS 41
Time for BFS 41 is 0.028276
TEPS tranversed all edges BFS 41 is 1.85418e+07
Running BFS 42
Time for BFS 42 is 0.036873
TEPS tranversed all edges BFS 42 is 1.42187e+07
Running BFS 43
Time for BFS 43 is 0.028940
TEPS tranversed all edges BFS 43 is 1.81164e+07
Running BFS 44
Time for BFS 44 is 0.024136
TEPS tranversed all edges BFS 44 is 2.17222e+07
Running BFS 45
Time for BFS 45 is 0.041280
TEPS tranversed all edges BFS 45 is 1.27008e+07
Running BFS 46
Time for BFS 46 is 0.029068
TEPS tranversed all edges BFS 46 is 1.80366e+07
Running BFS 47
Time for BFS 47 is 0.023754
TEPS tranversed all edges BFS 47 is 2.20715e+07
Running BFS 48
Time for BFS 48 is 0.028193
TEPS tranversed all edges BFS 48 is 1.85964e+07
Running BFS 49
Time for BFS 49 is 0.032386
TEPS tranversed all edges BFS 49 is 1.61887e+07
Running BFS 50
Time for BFS 50 is 0.022346
TEPS tranversed all edges BFS 50 is 2.34623e+07
Running BFS 51
Time for BFS 51 is 0.029523
TEPS tranversed all edges BFS 51 is 1.77587e+07
Running BFS 52
Time for BFS 52 is 0.041558
TEPS tranversed all edges BFS 52 is 1.26158e+07
Running BFS 53
Time for BFS 53 is 0.024270
TEPS tranversed all edges BFS 53 is 2.16025e+07
Running BFS 54
Time for BFS 54 is 0.021571
TEPS tranversed all edges BFS 54 is 2.43053e+07
Running BFS 55
Time for BFS 55 is 0.034724
TEPS tranversed all edges BFS 55 is 1.50987e+07
Running BFS 56
Time for BFS 56 is 0.027179
TEPS tranversed all edges BFS 56 is 1.92902e+07
Running BFS 57
Time for BFS 57 is 0.022231
TEPS tranversed all edges BFS 57 is 2.35835e+07
Running BFS 58
Time for BFS 58 is 0.029747
TEPS tranversed all edges BFS 58 is 1.76249e+07
Running BFS 59
Time for BFS 59 is 0.031735
TEPS tranversed all edges BFS 59 is 1.65207e+07
Running BFS 60
Time for BFS 60 is 0.025177
TEPS tranversed all edges BFS 60 is 2.08241e+07
Running BFS 61
Time for BFS 61 is 0.044283
TEPS tranversed all edges BFS 61 is 1.18394e+07
Running BFS 62
Time for BFS 62 is 0.030925
TEPS tranversed all edges BFS 62 is 1.69536e+07
Running BFS 63
Time for BFS 63 is 0.026649
TEPS tranversed all edges BFS 63 is 1.96738e+07
