Address 54.171.118.246 maps to ec2-54-171-118-246.eu-west-1.compute.amazonaws.com, but this does not map back to the address - POSSIBLE BREAK-IN ATTEMPT!
Address 52.17.18.103 maps to ec2-52-17-18-103.eu-west-1.compute.amazonaws.com, but this does not map back to the address - POSSIBLE BREAK-IN ATTEMPT!
Address 52.17.25.49 maps to ec2-52-17-25-49.eu-west-1.compute.amazonaws.com, but this does not map back to the address - POSSIBLE BREAK-IN ATTEMPT!
Address 54.154.219.117 maps to ec2-54-154-219-117.eu-west-1.compute.amazonaws.com, but this does not map back to the address - POSSIBLE BREAK-IN ATTEMPT!
Address 52.17.14.125 maps to ec2-52-17-14-125.eu-west-1.compute.amazonaws.com, but this does not map back to the address - POSSIBLE BREAK-IN ATTEMPT!
Address 52.17.124.214 maps to ec2-52-17-124-214.eu-west-1.compute.amazonaws.com, but this does not map back to the address - POSSIBLE BREAK-IN ATTEMPT!
Address 52.17.25.95 maps to ec2-52-17-25-95.eu-west-1.compute.amazonaws.com, but this does not map back to the address - POSSIBLE BREAK-IN ATTEMPT!
Address 52.17.91.181 maps to ec2-52-17-91-181.eu-west-1.compute.amazonaws.com, but this does not map back to the address - POSSIBLE BREAK-IN ATTEMPT!
graph_generation:               1.618381 s
construction_time:              0.372192 s
Running BFS 0
Time for BFS 0 is 0.117506
TEPS tranversed all edges BFS 0 is 3.56944e+07
Running BFS 1
Time for BFS 1 is 0.124685
TEPS tranversed all edges BFS 1 is 3.36392e+07
Running BFS 2
Time for BFS 2 is 0.117764
TEPS tranversed all edges BFS 2 is 3.56162e+07
Running BFS 3
Time for BFS 3 is 0.123301
TEPS tranversed all edges BFS 3 is 3.40168e+07
Running BFS 4
Time for BFS 4 is 0.119583
TEPS tranversed all edges BFS 4 is 3.50744e+07
Running BFS 5
Time for BFS 5 is 0.289253
TEPS tranversed all edges BFS 5 is 1.45005e+07
Running BFS 6
Time for BFS 6 is 0.323928
TEPS tranversed all edges BFS 6 is 1.29483e+07
Running BFS 7
Time for BFS 7 is 0.124900
TEPS tranversed all edges BFS 7 is 3.35813e+07
Running BFS 8
Time for BFS 8 is 0.342329
TEPS tranversed all edges BFS 8 is 1.22523e+07
Running BFS 9
Time for BFS 9 is 0.120579
TEPS tranversed all edges BFS 9 is 3.47847e+07
Running BFS 10
Time for BFS 10 is 0.290582
TEPS tranversed all edges BFS 10 is 1.44342e+07
Running BFS 11
Time for BFS 11 is 0.310022
TEPS tranversed all edges BFS 11 is 1.3529e+07
Running BFS 12
Time for BFS 12 is 0.331833
TEPS tranversed all edges BFS 12 is 1.26398e+07
Running BFS 13
Time for BFS 13 is 0.133712
TEPS tranversed all edges BFS 13 is 3.13682e+07
Running BFS 14
Time for BFS 14 is 0.320113
TEPS tranversed all edges BFS 14 is 1.31026e+07
Running BFS 15
Time for BFS 15 is 0.111534
TEPS tranversed all edges BFS 15 is 3.76056e+07
Running BFS 16
Time for BFS 16 is 0.295244
TEPS tranversed all edges BFS 16 is 1.42062e+07
Running BFS 17
Time for BFS 17 is 0.310556
TEPS tranversed all edges BFS 17 is 1.35058e+07
Running BFS 18
Time for BFS 18 is 0.113575
TEPS tranversed all edges BFS 18 is 3.69298e+07
Running BFS 19
Time for BFS 19 is 0.300139
TEPS tranversed all edges BFS 19 is 1.39745e+07
Running BFS 20
Time for BFS 20 is 0.294533
TEPS tranversed all edges BFS 20 is 1.42405e+07
Running BFS 21
Time for BFS 21 is 0.309932
TEPS tranversed all edges BFS 21 is 1.3533e+07
Running BFS 22
Time for BFS 22 is 0.115650
TEPS tranversed all edges BFS 22 is 3.62672e+07
Running BFS 23
Time for BFS 23 is 0.296090
TEPS tranversed all edges BFS 23 is 1.41656e+07
Running BFS 24
Time for BFS 24 is 0.304849
TEPS tranversed all edges BFS 24 is 1.37586e+07
Running BFS 25
Time for BFS 25 is 0.113819
TEPS tranversed all edges BFS 25 is 3.68507e+07
Running BFS 26
Time for BFS 26 is 0.292737
TEPS tranversed all edges BFS 26 is 1.43279e+07
Running BFS 27
Time for BFS 27 is 0.327036
TEPS tranversed all edges BFS 27 is 1.28252e+07
Running BFS 28
Time for BFS 28 is 0.113526
TEPS tranversed all edges BFS 28 is 3.69457e+07
Running BFS 29
Time for BFS 29 is 0.269332
TEPS tranversed all edges BFS 29 is 1.5573e+07
Running BFS 30
Time for BFS 30 is 0.277844
TEPS tranversed all edges BFS 30 is 1.50959e+07
Running BFS 31
Time for BFS 31 is 0.308839
TEPS tranversed all edges BFS 31 is 1.35809e+07
Running BFS 32
Time for BFS 32 is 0.107256
TEPS tranversed all edges BFS 32 is 3.91055e+07
Running BFS 33
Time for BFS 33 is 0.312205
TEPS tranversed all edges BFS 33 is 1.34345e+07
Running BFS 34
Time for BFS 34 is 0.299359
TEPS tranversed all edges BFS 34 is 1.40109e+07
Running BFS 35
Time for BFS 35 is 0.303548
TEPS tranversed all edges BFS 35 is 1.38176e+07
Running BFS 36
Time for BFS 36 is 0.111539
TEPS tranversed all edges BFS 36 is 3.76039e+07
Running BFS 37
Time for BFS 37 is 0.305898
TEPS tranversed all edges BFS 37 is 1.37114e+07
Running BFS 38
Time for BFS 38 is 0.337023
TEPS tranversed all edges BFS 38 is 1.24452e+07
Running BFS 39
Time for BFS 39 is 0.127165
TEPS tranversed all edges BFS 39 is 3.29832e+07
Running BFS 40
Time for BFS 40 is 0.313246
TEPS tranversed all edges BFS 40 is 1.33898e+07
Running BFS 41
Time for BFS 41 is 0.115223
TEPS tranversed all edges BFS 41 is 3.64016e+07
Running BFS 42
Time for BFS 42 is 0.323330
TEPS tranversed all edges BFS 42 is 1.29722e+07
Running BFS 43
Time for BFS 43 is 0.314137
TEPS tranversed all edges BFS 43 is 1.33518e+07
Running BFS 44
Time for BFS 44 is 0.114788
TEPS tranversed all edges BFS 44 is 3.65396e+07
Running BFS 45
Time for BFS 45 is 0.283500
TEPS tranversed all edges BFS 45 is 1.47947e+07
Running BFS 46
Time for BFS 46 is 0.339225
TEPS tranversed all edges BFS 46 is 1.23644e+07
Running BFS 47
Time for BFS 47 is 0.109903
TEPS tranversed all edges BFS 47 is 3.81637e+07
Running BFS 48
Time for BFS 48 is 0.312276
TEPS tranversed all edges BFS 48 is 1.34314e+07
Running BFS 49
Time for BFS 49 is 0.307354
TEPS tranversed all edges BFS 49 is 1.36465e+07
Running BFS 50
Time for BFS 50 is 0.112532
TEPS tranversed all edges BFS 50 is 3.72721e+07
Running BFS 51
Time for BFS 51 is 0.299522
TEPS tranversed all edges BFS 51 is 1.40033e+07
Running BFS 52
Time for BFS 52 is 0.323087
TEPS tranversed all edges BFS 52 is 1.2982e+07
Running BFS 53
Time for BFS 53 is 0.112961
TEPS tranversed all edges BFS 53 is 3.71305e+07
Running BFS 54
Time for BFS 54 is 0.314184
TEPS tranversed all edges BFS 54 is 1.33498e+07
Running BFS 55
Time for BFS 55 is 0.314219
TEPS tranversed all edges BFS 55 is 1.33483e+07
Running BFS 56
Time for BFS 56 is 0.109680
TEPS tranversed all edges BFS 56 is 3.82413e+07
Running BFS 57
Time for BFS 57 is 0.298859
TEPS tranversed all edges BFS 57 is 1.40344e+07
Running BFS 58
Time for BFS 58 is 0.302967
TEPS tranversed all edges BFS 58 is 1.38441e+07
Running BFS 59
Time for BFS 59 is 0.117140
TEPS tranversed all edges BFS 59 is 3.58059e+07
Running BFS 60
Time for BFS 60 is 0.276251
TEPS tranversed all edges BFS 60 is 1.51829e+07
Running BFS 61
Time for BFS 61 is 0.285710
TEPS tranversed all edges BFS 61 is 1.46803e+07
Running BFS 62
Time for BFS 62 is 0.320330
TEPS tranversed all edges BFS 62 is 1.30937e+07
Running BFS 63
Time for BFS 63 is 0.137259
TEPS tranversed all edges BFS 63 is 3.05576e+07
