Address 54.154.21.69 maps to ec2-54-154-21-69.eu-west-1.compute.amazonaws.com, but this does not map back to the address - POSSIBLE BREAK-IN ATTEMPT!
Address 52.17.14.125 maps to ec2-52-17-14-125.eu-west-1.compute.amazonaws.com, but this does not map back to the address - POSSIBLE BREAK-IN ATTEMPT!
Address 52.17.18.103 maps to ec2-52-17-18-103.eu-west-1.compute.amazonaws.com, but this does not map back to the address - POSSIBLE BREAK-IN ATTEMPT!
Address 54.72.209.226 maps to ec2-54-72-209-226.eu-west-1.compute.amazonaws.com, but this does not map back to the address - POSSIBLE BREAK-IN ATTEMPT!
Address 54.171.118.246 maps to ec2-54-171-118-246.eu-west-1.compute.amazonaws.com, but this does not map back to the address - POSSIBLE BREAK-IN ATTEMPT!
Address 54.154.69.108 maps to ec2-54-154-69-108.eu-west-1.compute.amazonaws.com, but this does not map back to the address - POSSIBLE BREAK-IN ATTEMPT!
Address 54.154.87.57 maps to ec2-54-154-87-57.eu-west-1.compute.amazonaws.com, but this does not map back to the address - POSSIBLE BREAK-IN ATTEMPT!
Address 52.17.124.214 maps to ec2-52-17-124-214.eu-west-1.compute.amazonaws.com, but this does not map back to the address - POSSIBLE BREAK-IN ATTEMPT!
Address 54.154.219.117 maps to ec2-54-154-219-117.eu-west-1.compute.amazonaws.com, but this does not map back to the address - POSSIBLE BREAK-IN ATTEMPT!
Address 52.17.25.95 maps to ec2-52-17-25-95.eu-west-1.compute.amazonaws.com, but this does not map back to the address - POSSIBLE BREAK-IN ATTEMPT!
Address 54.154.94.187 maps to ec2-54-154-94-187.eu-west-1.compute.amazonaws.com, but this does not map back to the address - POSSIBLE BREAK-IN ATTEMPT!
Address 52.17.25.49 maps to ec2-52-17-25-49.eu-west-1.compute.amazonaws.com, but this does not map back to the address - POSSIBLE BREAK-IN ATTEMPT!
Address 52.17.180.37 maps to ec2-52-17-180-37.eu-west-1.compute.amazonaws.com, but this does not map back to the address - POSSIBLE BREAK-IN ATTEMPT!
Address 52.16.5.31 maps to ec2-52-16-5-31.eu-west-1.compute.amazonaws.com, but this does not map back to the address - POSSIBLE BREAK-IN ATTEMPT!
Address 54.154.93.73 maps to ec2-54-154-93-73.eu-west-1.compute.amazonaws.com, but this does not map back to the address - POSSIBLE BREAK-IN ATTEMPT!
Address 52.17.91.181 maps to ec2-52-17-91-181.eu-west-1.compute.amazonaws.com, but this does not map back to the address - POSSIBLE BREAK-IN ATTEMPT!
graph_generation:               3.807593 s
construction_time:              2.419921 s
Running BFS 0
Time for BFS 0 is 0.924912
TEPS tranversed all edges BFS 0 is 3.62785e+07
Running BFS 1
Time for BFS 1 is 1.124277
TEPS tranversed all edges BFS 1 is 2.98453e+07
Running BFS 2
Time for BFS 2 is 0.986437
TEPS tranversed all edges BFS 2 is 3.40158e+07
Running BFS 3
Time for BFS 3 is 0.930090
TEPS tranversed all edges BFS 3 is 3.60765e+07
Running BFS 4
Time for BFS 4 is 1.081838
TEPS tranversed all edges BFS 4 is 3.10161e+07
Running BFS 5
Time for BFS 5 is 0.980695
TEPS tranversed all edges BFS 5 is 3.4215e+07
Running BFS 6
Time for BFS 6 is 1.079918
TEPS tranversed all edges BFS 6 is 3.10713e+07
Running BFS 7
Time for BFS 7 is 1.000861
TEPS tranversed all edges BFS 7 is 3.35256e+07
Running BFS 8
Time for BFS 8 is 1.017110
TEPS tranversed all edges BFS 8 is 3.299e+07
Running BFS 9
Time for BFS 9 is 1.043998
TEPS tranversed all edges BFS 9 is 3.21403e+07
Running BFS 10
Time for BFS 10 is 1.188722
TEPS tranversed all edges BFS 10 is 2.82273e+07
Running BFS 11
Time for BFS 11 is 0.867170
TEPS tranversed all edges BFS 11 is 3.86942e+07
Running BFS 12
Time for BFS 12 is 1.191076
TEPS tranversed all edges BFS 12 is 2.81715e+07
Running BFS 13
Time for BFS 13 is 1.041831
TEPS tranversed all edges BFS 13 is 3.22072e+07
Running BFS 14
Time for BFS 14 is 1.031200
TEPS tranversed all edges BFS 14 is 3.25392e+07
Running BFS 15
Time for BFS 15 is 1.045216
TEPS tranversed all edges BFS 15 is 3.21029e+07
Running BFS 16
Time for BFS 16 is 0.952214
TEPS tranversed all edges BFS 16 is 3.52383e+07
Running BFS 17
Time for BFS 17 is 1.147304
TEPS tranversed all edges BFS 17 is 2.92463e+07
Running BFS 18
Time for BFS 18 is 0.893337
TEPS tranversed all edges BFS 18 is 3.75608e+07
Running BFS 19
Time for BFS 19 is 1.075108
TEPS tranversed all edges BFS 19 is 3.12103e+07
Running BFS 20
Time for BFS 20 is 1.036146
TEPS tranversed all edges BFS 20 is 3.23839e+07
Running BFS 21
Time for BFS 21 is 1.073848
TEPS tranversed all edges BFS 21 is 3.12469e+07
Running BFS 22
Time for BFS 22 is 0.963638
TEPS tranversed all edges BFS 22 is 3.48206e+07
Running BFS 23
Time for BFS 23 is 1.049071
TEPS tranversed all edges BFS 23 is 3.19849e+07
Running BFS 24
Time for BFS 24 is 1.030248
TEPS tranversed all edges BFS 24 is 3.25693e+07
Running BFS 25
Time for BFS 25 is 1.064377
TEPS tranversed all edges BFS 25 is 3.1525e+07
Running BFS 26
Time for BFS 26 is 1.046706
TEPS tranversed all edges BFS 26 is 3.20572e+07
Running BFS 27
Time for BFS 27 is 1.054533
TEPS tranversed all edges BFS 27 is 3.18192e+07
Running BFS 28
Time for BFS 28 is 0.998028
TEPS tranversed all edges BFS 28 is 3.36207e+07
Running BFS 29
Time for BFS 29 is 1.109576
TEPS tranversed all edges BFS 29 is 3.02408e+07
Running BFS 30
Time for BFS 30 is 0.941137
TEPS tranversed all edges BFS 30 is 3.56531e+07
Running BFS 31
Time for BFS 31 is 1.071718
TEPS tranversed all edges BFS 31 is 3.1309e+07
Running BFS 32
Time for BFS 32 is 1.039283
TEPS tranversed all edges BFS 32 is 3.22861e+07
Running BFS 33
Time for BFS 33 is 1.095895
TEPS tranversed all edges BFS 33 is 3.06183e+07
Running BFS 34
Time for BFS 34 is 0.999313
TEPS tranversed all edges BFS 34 is 3.35775e+07
Running BFS 35
Time for BFS 35 is 1.128514
TEPS tranversed all edges BFS 35 is 2.97333e+07
Running BFS 36
Time for BFS 36 is 0.942972
TEPS tranversed all edges BFS 36 is 3.55837e+07
Running BFS 37
Time for BFS 37 is 1.037363
TEPS tranversed all edges BFS 37 is 3.23459e+07
Running BFS 38
Time for BFS 38 is 1.136791
TEPS tranversed all edges BFS 38 is 2.95168e+07
Running BFS 39
Time for BFS 39 is 1.006900
TEPS tranversed all edges BFS 39 is 3.33245e+07
Running BFS 40
Time for BFS 40 is 1.106743
TEPS tranversed all edges BFS 40 is 3.03182e+07
Running BFS 41
Time for BFS 41 is 1.042906
TEPS tranversed all edges BFS 41 is 3.2174e+07
Running BFS 42
Time for BFS 42 is 1.040376
TEPS tranversed all edges BFS 42 is 3.22522e+07
Running BFS 43
Time for BFS 43 is 0.917591
TEPS tranversed all edges BFS 43 is 3.6568e+07
Running BFS 44
Time for BFS 44 is 1.150385
TEPS tranversed all edges BFS 44 is 2.9168e+07
Running BFS 45
Time for BFS 45 is 1.048893
TEPS tranversed all edges BFS 45 is 3.19903e+07
Running BFS 46
Time for BFS 46 is 0.937432
TEPS tranversed all edges BFS 46 is 3.5794e+07
Running BFS 47
Time for BFS 47 is 1.068323
TEPS tranversed all edges BFS 47 is 3.14085e+07
Running BFS 48
Time for BFS 48 is 1.047884
TEPS tranversed all edges BFS 48 is 3.20211e+07
Running BFS 49
Time for BFS 49 is 1.046461
TEPS tranversed all edges BFS 49 is 3.20647e+07
Running BFS 50
Time for BFS 50 is 1.118925
TEPS tranversed all edges BFS 50 is 2.99881e+07
Running BFS 51
Time for BFS 51 is 1.000622
TEPS tranversed all edges BFS 51 is 3.35336e+07
Running BFS 52
Time for BFS 52 is 1.126089
TEPS tranversed all edges BFS 52 is 2.97973e+07
Running BFS 53
Time for BFS 53 is 1.177634
TEPS tranversed all edges BFS 53 is 2.84931e+07
Running BFS 54
Time for BFS 54 is 1.129751
TEPS tranversed all edges BFS 54 is 2.97007e+07
Running BFS 55
Time for BFS 55 is 0.950469
TEPS tranversed all edges BFS 55 is 3.5303e+07
Running BFS 56
Time for BFS 56 is 1.135721
TEPS tranversed all edges BFS 56 is 2.95446e+07
Running BFS 57
Time for BFS 57 is 1.112580
TEPS tranversed all edges BFS 57 is 3.01591e+07
Running BFS 58
Time for BFS 58 is 1.078940
TEPS tranversed all edges BFS 58 is 3.10994e+07
Running BFS 59
Time for BFS 59 is 1.078317
TEPS tranversed all edges BFS 59 is 3.11174e+07
Running BFS 60
Time for BFS 60 is 1.217729
TEPS tranversed all edges BFS 60 is 2.75549e+07
Running BFS 61
Time for BFS 61 is 1.033023
TEPS tranversed all edges BFS 61 is 3.24818e+07
Running BFS 62
Time for BFS 62 is 0.974530
TEPS tranversed all edges BFS 62 is 3.44314e+07
Running BFS 63
Time for BFS 63 is 1.142799
TEPS tranversed all edges BFS 63 is 2.93616e+07
