Address 52.17.18.103 maps to ec2-52-17-18-103.eu-west-1.compute.amazonaws.com, but this does not map back to the address - POSSIBLE BREAK-IN ATTEMPT!
Address 52.17.25.49 maps to ec2-52-17-25-49.eu-west-1.compute.amazonaws.com, but this does not map back to the address - POSSIBLE BREAK-IN ATTEMPT!
Address 54.171.118.246 maps to ec2-54-171-118-246.eu-west-1.compute.amazonaws.com, but this does not map back to the address - POSSIBLE BREAK-IN ATTEMPT!
Address 54.154.219.117 maps to ec2-54-154-219-117.eu-west-1.compute.amazonaws.com, but this does not map back to the address - POSSIBLE BREAK-IN ATTEMPT!
Address 52.17.124.214 maps to ec2-52-17-124-214.eu-west-1.compute.amazonaws.com, but this does not map back to the address - POSSIBLE BREAK-IN ATTEMPT!
Address 52.17.14.125 maps to ec2-52-17-14-125.eu-west-1.compute.amazonaws.com, but this does not map back to the address - POSSIBLE BREAK-IN ATTEMPT!
Address 52.17.25.95 maps to ec2-52-17-25-95.eu-west-1.compute.amazonaws.com, but this does not map back to the address - POSSIBLE BREAK-IN ATTEMPT!
Address 52.17.91.181 maps to ec2-52-17-91-181.eu-west-1.compute.amazonaws.com, but this does not map back to the address - POSSIBLE BREAK-IN ATTEMPT!
graph_generation:               149.546907 s
construction_time:              175.064506 s
Running BFS 0
Time for BFS 0 is 125.417520
TEPS tranversed all edges BFS 0 is 1.71227e+07
Running BFS 1
Time for BFS 1 is 124.904453
TEPS tranversed all edges BFS 1 is 1.7193e+07
Running BFS 2
Time for BFS 2 is 124.990887
TEPS tranversed all edges BFS 2 is 1.71811e+07
Running BFS 3
Time for BFS 3 is 125.055271
TEPS tranversed all edges BFS 3 is 1.71723e+07
Running BFS 4
Time for BFS 4 is 125.787427
TEPS tranversed all edges BFS 4 is 1.70723e+07
Running BFS 5
Time for BFS 5 is 124.939378
TEPS tranversed all edges BFS 5 is 1.71882e+07
Running BFS 6
Time for BFS 6 is 125.844781
TEPS tranversed all edges BFS 6 is 1.70645e+07
Running BFS 7
Time for BFS 7 is 125.275332
TEPS tranversed all edges BFS 7 is 1.71421e+07
Running BFS 8
Time for BFS 8 is 124.764025
TEPS tranversed all edges BFS 8 is 1.72124e+07
Running BFS 9
Time for BFS 9 is 124.864740
TEPS tranversed all edges BFS 9 is 1.71985e+07
Running BFS 10
Time for BFS 10 is 127.730016
TEPS tranversed all edges BFS 10 is 1.68127e+07
Running BFS 11
Time for BFS 11 is 124.972704
TEPS tranversed all edges BFS 11 is 1.71836e+07
Running BFS 12
Time for BFS 12 is 125.730892
TEPS tranversed all edges BFS 12 is 1.708e+07
Running BFS 13
Time for BFS 13 is 126.072277
TEPS tranversed all edges BFS 13 is 1.70338e+07
Running BFS 14
Time for BFS 14 is 125.100291
TEPS tranversed all edges BFS 14 is 1.71661e+07
Running BFS 15
Time for BFS 15 is 125.833767
TEPS tranversed all edges BFS 15 is 1.7066e+07
Running BFS 16
Time for BFS 16 is 124.892143
TEPS tranversed all edges BFS 16 is 1.71947e+07
Running BFS 17
Time for BFS 17 is 125.820906
TEPS tranversed all edges BFS 17 is 1.70678e+07
Running BFS 18
Time for BFS 18 is 125.126921
TEPS tranversed all edges BFS 18 is 1.71624e+07
Running BFS 19
Time for BFS 19 is 125.013046
TEPS tranversed all edges BFS 19 is 1.71781e+07
Running BFS 20
Time for BFS 20 is 125.042021
TEPS tranversed all edges BFS 20 is 1.71741e+07
Running BFS 21
Time for BFS 21 is 125.402935
TEPS tranversed all edges BFS 21 is 1.71247e+07
Running BFS 22
Time for BFS 22 is 126.746103
TEPS tranversed all edges BFS 22 is 1.69432e+07
Running BFS 23
Time for BFS 23 is 126.158603
TEPS tranversed all edges BFS 23 is 1.70221e+07
Running BFS 24
Time for BFS 24 is 127.000430
TEPS tranversed all edges BFS 24 is 1.69093e+07
Running BFS 25
Time for BFS 25 is 124.764929
TEPS tranversed all edges BFS 25 is 1.72122e+07
Running BFS 26
Time for BFS 26 is 125.491666
TEPS tranversed all edges BFS 26 is 1.71126e+07
Running BFS 27
Time for BFS 27 is 125.224209
TEPS tranversed all edges BFS 27 is 1.71491e+07
Running BFS 28
Time for BFS 28 is 124.961872
TEPS tranversed all edges BFS 28 is 1.71851e+07
Running BFS 29
Time for BFS 29 is 124.825492
TEPS tranversed all edges BFS 29 is 1.72039e+07
Running BFS 30
Time for BFS 30 is 125.015836
TEPS tranversed all edges BFS 30 is 1.71777e+07
Running BFS 31
Time for BFS 31 is 124.873244
TEPS tranversed all edges BFS 31 is 1.71973e+07
Running BFS 32
Time for BFS 32 is 125.125147
TEPS tranversed all edges BFS 32 is 1.71627e+07
Running BFS 33
Time for BFS 33 is 126.545431
TEPS tranversed all edges BFS 33 is 1.69701e+07
Running BFS 34
Time for BFS 34 is 124.969596
TEPS tranversed all edges BFS 34 is 1.7184e+07
Running BFS 35
Time for BFS 35 is 125.082530
TEPS tranversed all edges BFS 35 is 1.71685e+07
Running BFS 36
Time for BFS 36 is 125.632471
TEPS tranversed all edges BFS 36 is 1.70934e+07
Running BFS 37
Time for BFS 37 is 125.032536
TEPS tranversed all edges BFS 37 is 1.71754e+07
Running BFS 38
Time for BFS 38 is 125.017314
TEPS tranversed all edges BFS 38 is 1.71775e+07
Running BFS 39
Time for BFS 39 is 127.853284
TEPS tranversed all edges BFS 39 is 1.67965e+07
Running BFS 40
Time for BFS 40 is 126.021061
TEPS tranversed all edges BFS 40 is 1.70407e+07
Running BFS 41
Time for BFS 41 is 124.830335
TEPS tranversed all edges BFS 41 is 1.72032e+07
Running BFS 42
Time for BFS 42 is 125.140221
TEPS tranversed all edges BFS 42 is 1.71606e+07
Running BFS 43
Time for BFS 43 is 125.318618
TEPS tranversed all edges BFS 43 is 1.71362e+07
Running BFS 44
Time for BFS 44 is 125.068855
TEPS tranversed all edges BFS 44 is 1.71704e+07
Running BFS 45
Time for BFS 45 is 125.687924
TEPS tranversed all edges BFS 45 is 1.70858e+07
Running BFS 46
Time for BFS 46 is 124.979095
TEPS tranversed all edges BFS 46 is 1.71827e+07
Running BFS 47
Time for BFS 47 is 125.465290
TEPS tranversed all edges BFS 47 is 1.71162e+07
Running BFS 48
Time for BFS 48 is 125.654054
TEPS tranversed all edges BFS 48 is 1.70904e+07
Running BFS 49
Time for BFS 49 is 124.832236
TEPS tranversed all edges BFS 49 is 1.7203e+07
Running BFS 50
Time for BFS 50 is 125.151583
TEPS tranversed all edges BFS 50 is 1.71591e+07
Running BFS 51
Time for BFS 51 is 125.211797
TEPS tranversed all edges BFS 51 is 1.71508e+07
Running BFS 52
Time for BFS 52 is 125.630104
TEPS tranversed all edges BFS 52 is 1.70937e+07
Running BFS 53
Time for BFS 53 is 125.089714
TEPS tranversed all edges BFS 53 is 1.71675e+07
Running BFS 54
Time for BFS 54 is 125.066474
TEPS tranversed all edges BFS 54 is 1.71707e+07
Running BFS 55
Time for BFS 55 is 124.808198
TEPS tranversed all edges BFS 55 is 1.72063e+07
Running BFS 56
Time for BFS 56 is 125.189074
TEPS tranversed all edges BFS 56 is 1.71539e+07
Running BFS 57
Time for BFS 57 is 125.694232
TEPS tranversed all edges BFS 57 is 1.7085e+07
Running BFS 58
Time for BFS 58 is 124.977213
TEPS tranversed all edges BFS 58 is 1.7183e+07
Running BFS 59
Time for BFS 59 is 125.758188
TEPS tranversed all edges BFS 59 is 1.70763e+07
Running BFS 60
Time for BFS 60 is 125.134559
TEPS tranversed all edges BFS 60 is 1.71614e+07
Running BFS 61
Time for BFS 61 is 125.088432
TEPS tranversed all edges BFS 61 is 1.71677e+07
Running BFS 62
Time for BFS 62 is 125.344204
TEPS tranversed all edges BFS 62 is 1.71327e+07
Running BFS 63
Time for BFS 63 is 125.193947
TEPS tranversed all edges BFS 63 is 1.71533e+07
