Address 52.17.25.95 maps to ec2-52-17-25-95.eu-west-1.compute.amazonaws.com, but this does not map back to the address - POSSIBLE BREAK-IN ATTEMPT!
Address 52.17.14.125 maps to ec2-52-17-14-125.eu-west-1.compute.amazonaws.com, but this does not map back to the address - POSSIBLE BREAK-IN ATTEMPT!
graph_generation:               1.574926 s
construction_time:              0.609111 s
Running BFS 0
Time for BFS 0 is 0.263154
TEPS tranversed all edges BFS 0 is 1.59386e+07
Running BFS 1
Time for BFS 1 is 0.215045
TEPS tranversed all edges BFS 1 is 1.95043e+07
Running BFS 2
Time for BFS 2 is 0.226152
TEPS tranversed all edges BFS 2 is 1.85464e+07
Running BFS 3
Time for BFS 3 is 0.225908
TEPS tranversed all edges BFS 3 is 1.85664e+07
Running BFS 4
Time for BFS 4 is 0.228213
TEPS tranversed all edges BFS 4 is 1.83789e+07
Running BFS 5
Time for BFS 5 is 0.578710
TEPS tranversed all edges BFS 5 is 7.24768e+06
Running BFS 6
Time for BFS 6 is 0.567515
TEPS tranversed all edges BFS 6 is 7.39065e+06
Running BFS 7
Time for BFS 7 is 0.571383
TEPS tranversed all edges BFS 7 is 7.34062e+06
Running BFS 8
Time for BFS 8 is 0.566827
TEPS tranversed all edges BFS 8 is 7.39962e+06
Running BFS 9
Time for BFS 9 is 0.574431
TEPS tranversed all edges BFS 9 is 7.30167e+06
Running BFS 10
Time for BFS 10 is 0.567153
TEPS tranversed all edges BFS 10 is 7.39537e+06
Running BFS 11
Time for BFS 11 is 0.574476
TEPS tranversed all edges BFS 11 is 7.3011e+06
Running BFS 12
Time for BFS 12 is 0.569575
TEPS tranversed all edges BFS 12 is 7.36392e+06
Running BFS 13
Time for BFS 13 is 0.562792
TEPS tranversed all edges BFS 13 is 7.45267e+06
Running BFS 14
Time for BFS 14 is 0.571435
TEPS tranversed all edges BFS 14 is 7.33995e+06
Running BFS 15
Time for BFS 15 is 0.569951
TEPS tranversed all edges BFS 15 is 7.35906e+06
Running BFS 16
Time for BFS 16 is 0.573944
TEPS tranversed all edges BFS 16 is 7.30786e+06
Running BFS 17
Time for BFS 17 is 0.573348
TEPS tranversed all edges BFS 17 is 7.31546e+06
Running BFS 18
Time for BFS 18 is 0.564880
TEPS tranversed all edges BFS 18 is 7.42513e+06
Running BFS 19
Time for BFS 19 is 0.577852
TEPS tranversed all edges BFS 19 is 7.25844e+06
Running BFS 20
Time for BFS 20 is 0.571746
TEPS tranversed all edges BFS 20 is 7.33596e+06
Running BFS 21
Time for BFS 21 is 0.561959
TEPS tranversed all edges BFS 21 is 7.46372e+06
Running BFS 22
Time for BFS 22 is 0.571507
TEPS tranversed all edges BFS 22 is 7.33902e+06
Running BFS 23
Time for BFS 23 is 0.576309
TEPS tranversed all edges BFS 23 is 7.27787e+06
Running BFS 24
Time for BFS 24 is 0.561899
TEPS tranversed all edges BFS 24 is 7.46452e+06
Running BFS 25
Time for BFS 25 is 0.565022
TEPS tranversed all edges BFS 25 is 7.42326e+06
Running BFS 26
Time for BFS 26 is 0.570981
TEPS tranversed all edges BFS 26 is 7.34579e+06
Running BFS 27
Time for BFS 27 is 0.570696
TEPS tranversed all edges BFS 27 is 7.34945e+06
Running BFS 28
Time for BFS 28 is 0.571852
TEPS tranversed all edges BFS 28 is 7.3346e+06
Running BFS 29
Time for BFS 29 is 0.567084
TEPS tranversed all edges BFS 29 is 7.39627e+06
Running BFS 30
Time for BFS 30 is 0.568129
TEPS tranversed all edges BFS 30 is 7.38266e+06
Running BFS 31
Time for BFS 31 is 0.568928
TEPS tranversed all edges BFS 31 is 7.37229e+06
Running BFS 32
Time for BFS 32 is 0.566868
TEPS tranversed all edges BFS 32 is 7.39908e+06
Running BFS 33
Time for BFS 33 is 0.572419
TEPS tranversed all edges BFS 33 is 7.32733e+06
Running BFS 34
Time for BFS 34 is 0.566672
TEPS tranversed all edges BFS 34 is 7.40165e+06
Running BFS 35
Time for BFS 35 is 0.573734
TEPS tranversed all edges BFS 35 is 7.31054e+06
Running BFS 36
Time for BFS 36 is 0.570187
TEPS tranversed all edges BFS 36 is 7.35602e+06
Running BFS 37
Time for BFS 37 is 0.567125
TEPS tranversed all edges BFS 37 is 7.39573e+06
Running BFS 38
Time for BFS 38 is 0.570753
TEPS tranversed all edges BFS 38 is 7.34872e+06
Running BFS 39
Time for BFS 39 is 0.570177
TEPS tranversed all edges BFS 39 is 7.35615e+06
Running BFS 40
Time for BFS 40 is 0.570027
TEPS tranversed all edges BFS 40 is 7.35808e+06
Running BFS 41
Time for BFS 41 is 0.573102
TEPS tranversed all edges BFS 41 is 7.3186e+06
Running BFS 42
Time for BFS 42 is 0.579886
TEPS tranversed all edges BFS 42 is 7.23298e+06
Running BFS 43
Time for BFS 43 is 0.566355
TEPS tranversed all edges BFS 43 is 7.40579e+06
Running BFS 44
Time for BFS 44 is 0.563779
TEPS tranversed all edges BFS 44 is 7.43963e+06
Running BFS 45
Time for BFS 45 is 0.584837
TEPS tranversed all edges BFS 45 is 7.17175e+06
Running BFS 46
Time for BFS 46 is 0.563464
TEPS tranversed all edges BFS 46 is 7.44378e+06
Running BFS 47
Time for BFS 47 is 0.575000
TEPS tranversed all edges BFS 47 is 7.29444e+06
Running BFS 48
Time for BFS 48 is 0.573644
TEPS tranversed all edges BFS 48 is 7.31169e+06
Running BFS 49
Time for BFS 49 is 0.562933
TEPS tranversed all edges BFS 49 is 7.4508e+06
Running BFS 50
Time for BFS 50 is 0.571577
TEPS tranversed all edges BFS 50 is 7.33812e+06
Running BFS 51
Time for BFS 51 is 0.569671
TEPS tranversed all edges BFS 51 is 7.36268e+06
Running BFS 52
Time for BFS 52 is 0.569124
TEPS tranversed all edges BFS 52 is 7.36975e+06
Running BFS 53
Time for BFS 53 is 0.573491
TEPS tranversed all edges BFS 53 is 7.31363e+06
Running BFS 54
Time for BFS 54 is 0.562243
TEPS tranversed all edges BFS 54 is 7.45995e+06
Running BFS 55
Time for BFS 55 is 0.567742
TEPS tranversed all edges BFS 55 is 7.38769e+06
Running BFS 56
Time for BFS 56 is 0.571134
TEPS tranversed all edges BFS 56 is 7.34382e+06
Running BFS 57
Time for BFS 57 is 0.564199
TEPS tranversed all edges BFS 57 is 7.43408e+06
Running BFS 58
Time for BFS 58 is 0.568153
TEPS tranversed all edges BFS 58 is 7.38235e+06
Running BFS 59
Time for BFS 59 is 0.573138
TEPS tranversed all edges BFS 59 is 7.31814e+06
Running BFS 60
Time for BFS 60 is 0.560937
TEPS tranversed all edges BFS 60 is 7.47732e+06
Running BFS 61
Time for BFS 61 is 0.567526
TEPS tranversed all edges BFS 61 is 7.3905e+06
Running BFS 62
Time for BFS 62 is 0.570607
TEPS tranversed all edges BFS 62 is 7.3506e+06
Running BFS 63
Time for BFS 63 is 0.575879
TEPS tranversed all edges BFS 63 is 7.28331e+06
