Address 54.171.114.13 maps to ec2-54-171-114-13.eu-west-1.compute.amazonaws.com, but this does not map back to the address - POSSIBLE BREAK-IN ATTEMPT!
Address 54.154.44.97 maps to ec2-54-154-44-97.eu-west-1.compute.amazonaws.com, but this does not map back to the address - POSSIBLE BREAK-IN ATTEMPT!
Address 54.171.152.237 maps to ec2-54-171-152-237.eu-west-1.compute.amazonaws.com, but this does not map back to the address - POSSIBLE BREAK-IN ATTEMPT!
Address 52.17.93.160 maps to ec2-52-17-93-160.eu-west-1.compute.amazonaws.com, but this does not map back to the address - POSSIBLE BREAK-IN ATTEMPT!
graph_generation:               0.081195 s
construction_time:              0.060457 s
Running BFS 0
Time for BFS 0 is 0.055927
TEPS tranversed all edges BFS 0 is 1.17182e+06
Running BFS 1
Time for BFS 1 is 0.241643
TEPS tranversed all edges BFS 1 is 271210
Running BFS 2
Time for BFS 2 is 0.237452
TEPS tranversed all edges BFS 2 is 275997
Running BFS 3
Time for BFS 3 is 0.034856
TEPS tranversed all edges BFS 3 is 1.88019e+06
Running BFS 4
Time for BFS 4 is 0.032029
TEPS tranversed all edges BFS 4 is 2.04614e+06
Running BFS 5
Time for BFS 5 is 0.047906
TEPS tranversed all edges BFS 5 is 1.36801e+06
Running BFS 6
Time for BFS 6 is 0.035818
TEPS tranversed all edges BFS 6 is 1.8297e+06
Running BFS 7
Time for BFS 7 is 0.030356
TEPS tranversed all edges BFS 7 is 2.15892e+06
Running BFS 8
Time for BFS 8 is 0.028777
TEPS tranversed all edges BFS 8 is 2.27736e+06
Running BFS 9
Time for BFS 9 is 0.023016
TEPS tranversed all edges BFS 9 is 2.84738e+06
Running BFS 10
Time for BFS 10 is 0.020135
TEPS tranversed all edges BFS 10 is 3.2548e+06
Running BFS 11
Time for BFS 11 is 0.024773
TEPS tranversed all edges BFS 11 is 2.64547e+06
Running BFS 12
Time for BFS 12 is 0.025896
TEPS tranversed all edges BFS 12 is 2.53073e+06
Running BFS 13
Time for BFS 13 is 0.025058
TEPS tranversed all edges BFS 13 is 2.61537e+06
Running BFS 14
Time for BFS 14 is 0.021764
TEPS tranversed all edges BFS 14 is 3.01121e+06
Running BFS 15
Time for BFS 15 is 0.023785
TEPS tranversed all edges BFS 15 is 2.75536e+06
Running BFS 16
Time for BFS 16 is 0.024935
TEPS tranversed all edges BFS 16 is 2.62827e+06
Running BFS 17
Time for BFS 17 is 0.021384
TEPS tranversed all edges BFS 17 is 3.06472e+06
Running BFS 18
Time for BFS 18 is 0.030004
TEPS tranversed all edges BFS 18 is 2.18424e+06
Running BFS 19
Time for BFS 19 is 0.032614
TEPS tranversed all edges BFS 19 is 2.00944e+06
Running BFS 20
Time for BFS 20 is 0.031875
TEPS tranversed all edges BFS 20 is 2.05602e+06
Running BFS 21
Time for BFS 21 is 0.025204
TEPS tranversed all edges BFS 21 is 2.6002e+06
Running BFS 22
Time for BFS 22 is 0.025086
TEPS tranversed all edges BFS 22 is 2.61246e+06
Running BFS 23
Time for BFS 23 is 0.026769
TEPS tranversed all edges BFS 23 is 2.44821e+06
Running BFS 24
Time for BFS 24 is 0.024769
TEPS tranversed all edges BFS 24 is 2.64591e+06
Running BFS 25
Time for BFS 25 is 0.021799
TEPS tranversed all edges BFS 25 is 3.0064e+06
Running BFS 26
Time for BFS 26 is 0.021552
TEPS tranversed all edges BFS 26 is 3.04082e+06
Running BFS 27
Time for BFS 27 is 0.024713
TEPS tranversed all edges BFS 27 is 2.65188e+06
Running BFS 28
Time for BFS 28 is 0.030201
TEPS tranversed all edges BFS 28 is 2.17e+06
Running BFS 29
Time for BFS 29 is 0.026283
TEPS tranversed all edges BFS 29 is 2.4935e+06
Running BFS 30
Time for BFS 30 is 0.026802
TEPS tranversed all edges BFS 30 is 2.44521e+06
Running BFS 31
Time for BFS 31 is 0.033259
TEPS tranversed all edges BFS 31 is 1.97047e+06
Running BFS 32
Time for BFS 32 is 0.026228
TEPS tranversed all edges BFS 32 is 2.49871e+06
Running BFS 33
Time for BFS 33 is 0.026010
TEPS tranversed all edges BFS 33 is 2.51964e+06
Running BFS 34
Time for BFS 34 is 0.023983
TEPS tranversed all edges BFS 34 is 2.7326e+06
Running BFS 35
Time for BFS 35 is 0.023222
TEPS tranversed all edges BFS 35 is 2.82216e+06
Running BFS 36
Time for BFS 36 is 0.024897
TEPS tranversed all edges BFS 36 is 2.6323e+06
Running BFS 37
Time for BFS 37 is 0.024663
TEPS tranversed all edges BFS 37 is 2.65726e+06
Running BFS 38
Time for BFS 38 is 0.029068
TEPS tranversed all edges BFS 38 is 2.25458e+06
Running BFS 39
Time for BFS 39 is 0.035066
TEPS tranversed all edges BFS 39 is 1.86893e+06
Running BFS 40
Time for BFS 40 is 0.031128
TEPS tranversed all edges BFS 40 is 2.10538e+06
Running BFS 41
Time for BFS 41 is 0.026097
TEPS tranversed all edges BFS 41 is 2.51124e+06
Running BFS 42
Time for BFS 42 is 0.029052
TEPS tranversed all edges BFS 42 is 2.25582e+06
Running BFS 43
Time for BFS 43 is 0.025740
TEPS tranversed all edges BFS 43 is 2.54609e+06
Running BFS 44
Time for BFS 44 is 0.024345
TEPS tranversed all edges BFS 44 is 2.69198e+06
Running BFS 45
Time for BFS 45 is 0.032815
TEPS tranversed all edges BFS 45 is 1.99714e+06
Running BFS 46
Time for BFS 46 is 0.024478
TEPS tranversed all edges BFS 46 is 2.67735e+06
Running BFS 47
Time for BFS 47 is 0.040222
TEPS tranversed all edges BFS 47 is 1.62936e+06
Running BFS 48
Time for BFS 48 is 0.056028
TEPS tranversed all edges BFS 48 is 1.1697e+06
Running BFS 49
Time for BFS 49 is 0.068343
TEPS tranversed all edges BFS 49 is 958925
Running BFS 50
Time for BFS 50 is 0.033396
TEPS tranversed all edges BFS 50 is 1.96239e+06
Running BFS 51
Time for BFS 51 is 0.028661
TEPS tranversed all edges BFS 51 is 2.28659e+06
Running BFS 52
Time for BFS 52 is 0.036983
TEPS tranversed all edges BFS 52 is 1.77206e+06
Running BFS 53
Time for BFS 53 is 0.025278
TEPS tranversed all edges BFS 53 is 2.59263e+06
Running BFS 54
Time for BFS 54 is 0.028499
TEPS tranversed all edges BFS 54 is 2.2996e+06
Running BFS 55
Time for BFS 55 is 0.027386
TEPS tranversed all edges BFS 55 is 2.39305e+06
Running BFS 56
Time for BFS 56 is 0.019690
TEPS tranversed all edges BFS 56 is 3.32838e+06
Running BFS 57
Time for BFS 57 is 0.241608
TEPS tranversed all edges BFS 57 is 271249
Running BFS 58
Time for BFS 58 is 0.330377
TEPS tranversed all edges BFS 58 is 198367
Running BFS 59
Time for BFS 59 is 0.036418
TEPS tranversed all edges BFS 59 is 1.79955e+06
Running BFS 60
Time for BFS 60 is 0.030141
TEPS tranversed all edges BFS 60 is 2.17431e+06
Running BFS 61
Time for BFS 61 is 0.024373
TEPS tranversed all edges BFS 61 is 2.68887e+06
Running BFS 62
Time for BFS 62 is 0.032107
TEPS tranversed all edges BFS 62 is 2.04117e+06
Running BFS 63
Time for BFS 63 is 0.028975
TEPS tranversed all edges BFS 63 is 2.26181e+06
