Address 54.171.114.13 maps to ec2-54-171-114-13.eu-west-1.compute.amazonaws.com, but this does not map back to the address - POSSIBLE BREAK-IN ATTEMPT!
Address 54.171.152.237 maps to ec2-54-171-152-237.eu-west-1.compute.amazonaws.com, but this does not map back to the address - POSSIBLE BREAK-IN ATTEMPT!
Address 54.154.44.97 maps to ec2-54-154-44-97.eu-west-1.compute.amazonaws.com, but this does not map back to the address - POSSIBLE BREAK-IN ATTEMPT!
Address 52.17.93.160 maps to ec2-52-17-93-160.eu-west-1.compute.amazonaws.com, but this does not map back to the address - POSSIBLE BREAK-IN ATTEMPT!
graph_generation:               0.470491 s
construction_time:              0.498042 s
Running BFS 0
Time for BFS 0 is 0.418327
TEPS tranversed all edges BFS 0 is 1.2533e+06
Running BFS 1
Time for BFS 1 is 0.245276
TEPS tranversed all edges BFS 1 is 2.13754e+06
Running BFS 2
Time for BFS 2 is 0.207282
TEPS tranversed all edges BFS 2 is 2.52935e+06
Running BFS 3
Time for BFS 3 is 0.162100
TEPS tranversed all edges BFS 3 is 3.23435e+06
Running BFS 4
Time for BFS 4 is 0.563952
TEPS tranversed all edges BFS 4 is 929668
Running BFS 5
Time for BFS 5 is 0.170231
TEPS tranversed all edges BFS 5 is 3.07986e+06
Running BFS 6
Time for BFS 6 is 0.164259
TEPS tranversed all edges BFS 6 is 3.19184e+06
Running BFS 7
Time for BFS 7 is 0.182706
TEPS tranversed all edges BFS 7 is 2.86957e+06
Running BFS 8
Time for BFS 8 is 0.355482
TEPS tranversed all edges BFS 8 is 1.47486e+06
Running BFS 9
Time for BFS 9 is 0.154292
TEPS tranversed all edges BFS 9 is 3.39802e+06
Running BFS 10
Time for BFS 10 is 0.155113
TEPS tranversed all edges BFS 10 is 3.38004e+06
Running BFS 11
Time for BFS 11 is 0.146982
TEPS tranversed all edges BFS 11 is 3.56702e+06
Running BFS 12
Time for BFS 12 is 0.140488
TEPS tranversed all edges BFS 12 is 3.7319e+06
Running BFS 13
Time for BFS 13 is 0.142912
TEPS tranversed all edges BFS 13 is 3.66861e+06
Running BFS 14
Time for BFS 14 is 0.150891
TEPS tranversed all edges BFS 14 is 3.47461e+06
Running BFS 15
Time for BFS 15 is 0.136182
TEPS tranversed all edges BFS 15 is 3.84991e+06
Running BFS 16
Time for BFS 16 is 0.166982
TEPS tranversed all edges BFS 16 is 3.13979e+06
Running BFS 17
Time for BFS 17 is 0.138253
TEPS tranversed all edges BFS 17 is 3.79224e+06
Running BFS 18
Time for BFS 18 is 0.169458
TEPS tranversed all edges BFS 18 is 3.09391e+06
Running BFS 19
Time for BFS 19 is 0.146843
TEPS tranversed all edges BFS 19 is 3.57039e+06
Running BFS 20
Time for BFS 20 is 0.162842
TEPS tranversed all edges BFS 20 is 3.21961e+06
Running BFS 21
Time for BFS 21 is 0.155406
TEPS tranversed all edges BFS 21 is 3.37367e+06
Running BFS 22
Time for BFS 22 is 0.153957
TEPS tranversed all edges BFS 22 is 3.40542e+06
Running BFS 23
Time for BFS 23 is 0.167665
TEPS tranversed all edges BFS 23 is 3.127e+06
Running BFS 24
Time for BFS 24 is 0.158368
TEPS tranversed all edges BFS 24 is 3.31057e+06
Running BFS 25
Time for BFS 25 is 0.146364
TEPS tranversed all edges BFS 25 is 3.58208e+06
Running BFS 26
Time for BFS 26 is 0.166143
TEPS tranversed all edges BFS 26 is 3.15564e+06
Running BFS 27
Time for BFS 27 is 0.178150
TEPS tranversed all edges BFS 27 is 2.94296e+06
Running BFS 28
Time for BFS 28 is 0.200075
TEPS tranversed all edges BFS 28 is 2.62046e+06
Running BFS 29
Time for BFS 29 is 0.199877
TEPS tranversed all edges BFS 29 is 2.62305e+06
Running BFS 30
Time for BFS 30 is 1.447827
TEPS tranversed all edges BFS 30 is 362121
Running BFS 31
Time for BFS 31 is 1.430097
TEPS tranversed all edges BFS 31 is 366610
Running BFS 32
Time for BFS 32 is 1.552035
TEPS tranversed all edges BFS 32 is 337807
Running BFS 33
Time for BFS 33 is 2.275429
TEPS tranversed all edges BFS 33 is 230413
Running BFS 34
Time for BFS 34 is 1.915631
TEPS tranversed all edges BFS 34 is 273689
Running BFS 35
Time for BFS 35 is 2.948402
TEPS tranversed all edges BFS 35 is 177821
Running BFS 36
Time for BFS 36 is 4.440903
TEPS tranversed all edges BFS 36 is 118059
Running BFS 37
Time for BFS 37 is 4.211260
TEPS tranversed all edges BFS 37 is 124497
Running BFS 38
Time for BFS 38 is 1.331331
TEPS tranversed all edges BFS 38 is 393807
Running BFS 39
Time for BFS 39 is 1.427587
TEPS tranversed all edges BFS 39 is 367255
Running BFS 40
Time for BFS 40 is 1.433010
TEPS tranversed all edges BFS 40 is 365865
Running BFS 41
Time for BFS 41 is 1.445541
TEPS tranversed all edges BFS 41 is 362693
Running BFS 42
Time for BFS 42 is 1.313976
TEPS tranversed all edges BFS 42 is 399009
Running BFS 43
Time for BFS 43 is 1.444192
TEPS tranversed all edges BFS 43 is 363032
Running BFS 44
Time for BFS 44 is 1.441976
TEPS tranversed all edges BFS 44 is 363590
Running BFS 45
Time for BFS 45 is 1.440655
TEPS tranversed all edges BFS 45 is 363923
Running BFS 46
Time for BFS 46 is 2.873375
TEPS tranversed all edges BFS 46 is 182464
Running BFS 47
Time for BFS 47 is 3.253870
TEPS tranversed all edges BFS 47 is 161128
Running BFS 48
Time for BFS 48 is 1.924333
TEPS tranversed all edges BFS 48 is 272452
Running BFS 49
Time for BFS 49 is 1.681416
TEPS tranversed all edges BFS 49 is 311813
Running BFS 50
Time for BFS 50 is 1.684593
TEPS tranversed all edges BFS 50 is 311225
Running BFS 51
Time for BFS 51 is 1.680433
TEPS tranversed all edges BFS 51 is 311996
Running BFS 52
Time for BFS 52 is 1.550014
TEPS tranversed all edges BFS 52 is 338247
Running BFS 53
Time for BFS 53 is 1.804520
TEPS tranversed all edges BFS 53 is 290542
Running BFS 54
Time for BFS 54 is 4.350902
TEPS tranversed all edges BFS 54 is 120501
Running BFS 55
Time for BFS 55 is 4.967141
TEPS tranversed all edges BFS 55 is 105551
Running BFS 56
Time for BFS 56 is 1.795331
TEPS tranversed all edges BFS 56 is 292029
Running BFS 57
Time for BFS 57 is 1.680548
TEPS tranversed all edges BFS 57 is 311974
Running BFS 58
Time for BFS 58 is 1.801284
TEPS tranversed all edges BFS 58 is 291063
Running BFS 59
Time for BFS 59 is 1.988835
TEPS tranversed all edges BFS 59 is 263616
Running BFS 60
Time for BFS 60 is 4.669696
TEPS tranversed all edges BFS 60 is 112275
Running BFS 61
Time for BFS 61 is 3.721376
TEPS tranversed all edges BFS 61 is 140886
Running BFS 62
Time for BFS 62 is 1.801031
TEPS tranversed all edges BFS 62 is 291104
Running BFS 63
Time for BFS 63 is 1.200359
TEPS tranversed all edges BFS 63 is 436776
