Address 54.171.114.13 maps to ec2-54-171-114-13.eu-west-1.compute.amazonaws.com, but this does not map back to the address - POSSIBLE BREAK-IN ATTEMPT!
Address 54.171.152.237 maps to ec2-54-171-152-237.eu-west-1.compute.amazonaws.com, but this does not map back to the address - POSSIBLE BREAK-IN ATTEMPT!
Address 52.17.93.160 maps to ec2-52-17-93-160.eu-west-1.compute.amazonaws.com, but this does not map back to the address - POSSIBLE BREAK-IN ATTEMPT!
Address 54.154.44.97 maps to ec2-54-154-44-97.eu-west-1.compute.amazonaws.com, but this does not map back to the address - POSSIBLE BREAK-IN ATTEMPT!
graph_generation:               4.311516 s
construction_time:              4.121331 s
Running BFS 0
Time for BFS 0 is 1.482009
TEPS tranversed all edges BFS 0 is 2.83015e+06
Running BFS 1
Time for BFS 1 is 1.458513
TEPS tranversed all edges BFS 1 is 2.87574e+06
Running BFS 2
Time for BFS 2 is 3.298281
TEPS tranversed all edges BFS 2 is 1.27166e+06
Running BFS 3
Time for BFS 3 is 12.341832
TEPS tranversed all edges BFS 3 is 339845
Running BFS 4
Time for BFS 4 is 28.401436
TEPS tranversed all edges BFS 4 is 147679
Running BFS 5
Time for BFS 5 is 6.004384
TEPS tranversed all edges BFS 5 is 698540
Running BFS 6
Time for BFS 6 is 1.294660
TEPS tranversed all edges BFS 6 is 3.2397e+06
Running BFS 7
Time for BFS 7 is 1.191241
TEPS tranversed all edges BFS 7 is 3.52095e+06
Running BFS 8
Time for BFS 8 is 1.484902
TEPS tranversed all edges BFS 8 is 2.82463e+06
Running BFS 9
Time for BFS 9 is 1.150211
TEPS tranversed all edges BFS 9 is 3.64655e+06
Running BFS 10
Time for BFS 10 is 1.165798
TEPS tranversed all edges BFS 10 is 3.5978e+06
Running BFS 11
Time for BFS 11 is 2.334102
TEPS tranversed all edges BFS 11 is 1.79697e+06
Running BFS 12
Time for BFS 12 is 3.163616
TEPS tranversed all edges BFS 12 is 1.32579e+06
Running BFS 13
Time for BFS 13 is 3.223279
TEPS tranversed all edges BFS 13 is 1.30125e+06
Running BFS 14
Time for BFS 14 is 19.437536
TEPS tranversed all edges BFS 14 is 215784
Running BFS 15
Time for BFS 15 is 30.464600
TEPS tranversed all edges BFS 15 is 137678
Running BFS 16
Time for BFS 16 is 2.311698
TEPS tranversed all edges BFS 16 is 1.81438e+06
Running BFS 17
Time for BFS 17 is 1.154979
TEPS tranversed all edges BFS 17 is 3.6315e+06
Running BFS 18
Time for BFS 18 is 1.254001
TEPS tranversed all edges BFS 18 is 3.34474e+06
Running BFS 19
Time for BFS 19 is 1.248901
TEPS tranversed all edges BFS 19 is 3.3584e+06
Running BFS 20
Time for BFS 20 is 1.207290
TEPS tranversed all edges BFS 20 is 3.47415e+06
Running BFS 21
Time for BFS 21 is 1.361940
TEPS tranversed all edges BFS 21 is 3.07965e+06
Running BFS 22
Time for BFS 22 is 2.584825
TEPS tranversed all edges BFS 22 is 1.62266e+06
Running BFS 23
Time for BFS 23 is 3.393521
TEPS tranversed all edges BFS 23 is 1.23597e+06
Running BFS 24
Time for BFS 24 is 2.993223
TEPS tranversed all edges BFS 24 is 1.40127e+06
Running BFS 25
Time for BFS 25 is 43.954087
TEPS tranversed all edges BFS 25 is 95424.7
Running BFS 26
Time for BFS 26 is 1.773638
TEPS tranversed all edges BFS 26 is 2.3648e+06
Running BFS 27
Time for BFS 27 is 1.152652
TEPS tranversed all edges BFS 27 is 3.63883e+06
Running BFS 28
Time for BFS 28 is 1.148694
TEPS tranversed all edges BFS 28 is 3.65137e+06
Running BFS 29
Time for BFS 29 is 1.224599
TEPS tranversed all edges BFS 29 is 3.42504e+06
Running BFS 30
Time for BFS 30 is 1.348835
TEPS tranversed all edges BFS 30 is 3.10958e+06
Running BFS 31
Time for BFS 31 is 1.185007
TEPS tranversed all edges BFS 31 is 3.53948e+06
Running BFS 32
Time for BFS 32 is 3.045805
TEPS tranversed all edges BFS 32 is 1.37708e+06
Running BFS 33
Time for BFS 33 is 3.228658
TEPS tranversed all edges BFS 33 is 1.29909e+06
Running BFS 34
Time for BFS 34 is 3.223535
TEPS tranversed all edges BFS 34 is 1.30115e+06
Running BFS 35
Time for BFS 35 is 18.493162
TEPS tranversed all edges BFS 35 is 226803
Running BFS 36
Time for BFS 36 is 17.878698
TEPS tranversed all edges BFS 36 is 234598
Running BFS 37
Time for BFS 37 is 14.095900
TEPS tranversed all edges BFS 37 is 297555
Running BFS 38
Time for BFS 38 is 1.149975
TEPS tranversed all edges BFS 38 is 3.6473e+06
Running BFS 39
Time for BFS 39 is 1.084098
TEPS tranversed all edges BFS 39 is 3.86893e+06
Running BFS 40
Time for BFS 40 is 1.367850
TEPS tranversed all edges BFS 40 is 3.06635e+06
Running BFS 41
Time for BFS 41 is 1.201870
TEPS tranversed all edges BFS 41 is 3.48982e+06
Running BFS 42
Time for BFS 42 is 1.488809
TEPS tranversed all edges BFS 42 is 2.81722e+06
Running BFS 43
Time for BFS 43 is 1.446960
TEPS tranversed all edges BFS 43 is 2.8987e+06
Running BFS 44
Time for BFS 44 is 3.030323
TEPS tranversed all edges BFS 44 is 1.38411e+06
Running BFS 45
Time for BFS 45 is 27.847864
TEPS tranversed all edges BFS 45 is 150615
Running BFS 46
Time for BFS 46 is 21.578176
TEPS tranversed all edges BFS 46 is 194377
Running BFS 47
Time for BFS 47 is 7.143169
TEPS tranversed all edges BFS 47 is 587177
Running BFS 48
Time for BFS 48 is 1.419022
TEPS tranversed all edges BFS 48 is 2.95577e+06
Running BFS 49
Time for BFS 49 is 1.067242
TEPS tranversed all edges BFS 49 is 3.93004e+06
Running BFS 50
Time for BFS 50 is 1.588723
TEPS tranversed all edges BFS 50 is 2.64005e+06
Running BFS 51
Time for BFS 51 is 1.443716
TEPS tranversed all edges BFS 51 is 2.90521e+06
Running BFS 52
Time for BFS 52 is 1.351652
TEPS tranversed all edges BFS 52 is 3.10309e+06
Running BFS 53
Time for BFS 53 is 1.142747
TEPS tranversed all edges BFS 53 is 3.67037e+06
Running BFS 54
Time for BFS 54 is 21.129365
TEPS tranversed all edges BFS 54 is 198506
Running BFS 55
Time for BFS 55 is 15.709596
TEPS tranversed all edges BFS 55 is 266990
Running BFS 56
Time for BFS 56 is 17.102124
TEPS tranversed all edges BFS 56 is 245250
Running BFS 57
Time for BFS 57 is 1.910626
TEPS tranversed all edges BFS 57 is 2.19525e+06
Running BFS 58
Time for BFS 58 is 2.878279
TEPS tranversed all edges BFS 58 is 1.45723e+06
Running BFS 59
Time for BFS 59 is 1.959511
TEPS tranversed all edges BFS 59 is 2.14049e+06
Running BFS 60
Time for BFS 60 is 4.279662
TEPS tranversed all edges BFS 60 is 980055
Running BFS 61
Time for BFS 61 is 39.019737
TEPS tranversed all edges BFS 61 is 107492
Running BFS 62
Time for BFS 62 is 31.259537
TEPS tranversed all edges BFS 62 is 134177
Running BFS 63
Time for BFS 63 is 44.947487
TEPS tranversed all edges BFS 63 is 93315.7
