graph_generation:               2.495735 s
construction_time:              20.430379 s
Running BFS 0
Time for BFS 0 is 11.254471
TEPS tranversed all edges BFS 0 is 2.98143e+06
Running BFS 1
Time for BFS 1 is 10.716569
TEPS tranversed all edges BFS 1 is 3.13108e+06
Running BFS 2
Time for BFS 2 is 10.995822
TEPS tranversed all edges BFS 2 is 3.05156e+06
Running BFS 3
Time for BFS 3 is 10.610986
TEPS tranversed all edges BFS 3 is 3.16224e+06
Running BFS 4
Time for BFS 4 is 10.560032
TEPS tranversed all edges BFS 4 is 3.17749e+06
Running BFS 5
Time for BFS 5 is 10.696223
TEPS tranversed all edges BFS 5 is 3.13704e+06
Running BFS 6
Time for BFS 6 is 10.904762
TEPS tranversed all edges BFS 6 is 3.07704e+06
Running BFS 7
Time for BFS 7 is 11.110350
TEPS tranversed all edges BFS 7 is 3.02011e+06
Running BFS 8
Time for BFS 8 is 11.070987
TEPS tranversed all edges BFS 8 is 3.03084e+06
Running BFS 9
Time for BFS 9 is 11.258449
TEPS tranversed all edges BFS 9 is 2.98038e+06
Running BFS 10
Time for BFS 10 is 10.883480
TEPS tranversed all edges BFS 10 is 3.08306e+06
Running BFS 11
Time for BFS 11 is 9.876895
TEPS tranversed all edges BFS 11 is 3.39727e+06
Running BFS 12
Time for BFS 12 is 10.938643
TEPS tranversed all edges BFS 12 is 3.06751e+06
Running BFS 13
Time for BFS 13 is 11.031778
TEPS tranversed all edges BFS 13 is 3.04162e+06
Running BFS 14
Time for BFS 14 is 11.260969
TEPS tranversed all edges BFS 14 is 2.97971e+06
Running BFS 15
Time for BFS 15 is 11.376532
TEPS tranversed all edges BFS 15 is 2.94944e+06
Running BFS 16
Time for BFS 16 is 11.071014
TEPS tranversed all edges BFS 16 is 3.03084e+06
Running BFS 17
Time for BFS 17 is 10.859190
TEPS tranversed all edges BFS 17 is 3.08996e+06
Running BFS 18
Time for BFS 18 is 10.850472
TEPS tranversed all edges BFS 18 is 3.09244e+06
Running BFS 19
Time for BFS 19 is 10.028748
TEPS tranversed all edges BFS 19 is 3.34582e+06
Running BFS 20
Time for BFS 20 is 11.249310
TEPS tranversed all edges BFS 20 is 2.9828e+06
Running BFS 21
Time for BFS 21 is 10.104353
TEPS tranversed all edges BFS 21 is 3.32079e+06
Running BFS 22
Time for BFS 22 is 10.959002
TEPS tranversed all edges BFS 22 is 3.06181e+06
Running BFS 23
Time for BFS 23 is 11.286862
TEPS tranversed all edges BFS 23 is 2.97288e+06
Running BFS 24
Time for BFS 24 is 10.844154
TEPS tranversed all edges BFS 24 is 3.09424e+06
Running BFS 25
Time for BFS 25 is 11.087991
TEPS tranversed all edges BFS 25 is 3.0262e+06
Running BFS 26
Time for BFS 26 is 11.313530
TEPS tranversed all edges BFS 26 is 2.96587e+06
Running BFS 27
Time for BFS 27 is 11.296281
TEPS tranversed all edges BFS 27 is 2.9704e+06
Running BFS 28
Time for BFS 28 is 11.251182
TEPS tranversed all edges BFS 28 is 2.9823e+06
Running BFS 29
Time for BFS 29 is 11.245679
TEPS tranversed all edges BFS 29 is 2.98376e+06
Running BFS 30
Time for BFS 30 is 10.841350
TEPS tranversed all edges BFS 30 is 3.09504e+06
Running BFS 31
Time for BFS 31 is 11.093852
TEPS tranversed all edges BFS 31 is 3.0246e+06
Running BFS 32
Time for BFS 32 is 10.545806
TEPS tranversed all edges BFS 32 is 3.18178e+06
Running BFS 33
Time for BFS 33 is 10.471617
TEPS tranversed all edges BFS 33 is 3.20432e+06
Running BFS 34
Time for BFS 34 is 10.495394
TEPS tranversed all edges BFS 34 is 3.19706e+06
Running BFS 35
Time for BFS 35 is 10.978522
TEPS tranversed all edges BFS 35 is 3.05637e+06
Running BFS 36
Time for BFS 36 is 11.268010
TEPS tranversed all edges BFS 36 is 2.97785e+06
Running BFS 37
Time for BFS 37 is 11.423674
TEPS tranversed all edges BFS 37 is 2.93727e+06
Running BFS 38
Time for BFS 38 is 11.199365
TEPS tranversed all edges BFS 38 is 2.9961e+06
Running BFS 39
Time for BFS 39 is 10.287281
TEPS tranversed all edges BFS 39 is 3.26174e+06
Running BFS 40
Time for BFS 40 is 11.200540
TEPS tranversed all edges BFS 40 is 2.99579e+06
Running BFS 41
Time for BFS 41 is 10.951593
TEPS tranversed all edges BFS 41 is 3.06389e+06
Running BFS 42
Time for BFS 42 is 10.839035
TEPS tranversed all edges BFS 42 is 3.0957e+06
Running BFS 43
Time for BFS 43 is 9.998825
TEPS tranversed all edges BFS 43 is 3.35584e+06
Running BFS 44
Time for BFS 44 is 11.160487
TEPS tranversed all edges BFS 44 is 3.00654e+06
Running BFS 45
Time for BFS 45 is 11.010660
TEPS tranversed all edges BFS 45 is 3.04745e+06
Running BFS 46
Time for BFS 46 is 10.225357
TEPS tranversed all edges BFS 46 is 3.28149e+06
Running BFS 47
Time for BFS 47 is 10.970614
TEPS tranversed all edges BFS 47 is 3.05857e+06
Running BFS 48
Time for BFS 48 is 10.772623
TEPS tranversed all edges BFS 48 is 3.11479e+06
Running BFS 49
Time for BFS 49 is 11.239611
TEPS tranversed all edges BFS 49 is 2.98537e+06
Running BFS 50
Time for BFS 50 is 10.551353
TEPS tranversed all edges BFS 50 is 3.18011e+06
Running BFS 51
Time for BFS 51 is 11.097979
TEPS tranversed all edges BFS 51 is 3.02347e+06
Running BFS 52
Time for BFS 52 is 11.181605
TEPS tranversed all edges BFS 52 is 3.00086e+06
Running BFS 53
Time for BFS 53 is 10.951275
TEPS tranversed all edges BFS 53 is 3.06397e+06
Running BFS 54
Time for BFS 54 is 10.059286
TEPS tranversed all edges BFS 54 is 3.33567e+06
Running BFS 55
Time for BFS 55 is 11.102785
TEPS tranversed all edges BFS 55 is 3.02216e+06
Running BFS 56
Time for BFS 56 is 10.209603
TEPS tranversed all edges BFS 56 is 3.28656e+06
Running BFS 57
Time for BFS 57 is 11.087817
TEPS tranversed all edges BFS 57 is 3.02624e+06
Running BFS 58
Time for BFS 58 is 10.717195
TEPS tranversed all edges BFS 58 is 3.1309e+06
Running BFS 59
Time for BFS 59 is 10.791582
TEPS tranversed all edges BFS 59 is 3.10932e+06
Running BFS 60
Time for BFS 60 is 10.794581
TEPS tranversed all edges BFS 60 is 3.10845e+06
Running BFS 61
Time for BFS 61 is 10.385099
TEPS tranversed all edges BFS 61 is 3.23102e+06
Running BFS 62
Time for BFS 62 is 10.443533
TEPS tranversed all edges BFS 62 is 3.21294e+06
Running BFS 63
Time for BFS 63 is 10.760663
TEPS tranversed all edges BFS 63 is 3.11825e+06
