graph_generation:               21.455368 s
construction_time:              191.163675 s
Running BFS 0
Time for BFS 0 is 159.308960
TEPS tranversed all edges BFS 0 is 1.685e+06
Running BFS 1
Time for BFS 1 is 160.606957
TEPS tranversed all edges BFS 1 is 1.67138e+06
Running BFS 2
Time for BFS 2 is 161.032302
TEPS tranversed all edges BFS 2 is 1.66697e+06
Running BFS 3
Time for BFS 3 is 161.555706
TEPS tranversed all edges BFS 3 is 1.66157e+06
Running BFS 4
Time for BFS 4 is 161.144506
TEPS tranversed all edges BFS 4 is 1.66581e+06
Running BFS 5
Time for BFS 5 is 159.525092
TEPS tranversed all edges BFS 5 is 1.68272e+06
Running BFS 6
Time for BFS 6 is 161.868337
TEPS tranversed all edges BFS 6 is 1.65836e+06
Running BFS 7
Time for BFS 7 is 161.263735
TEPS tranversed all edges BFS 7 is 1.66457e+06
Running BFS 8
Time for BFS 8 is 160.468947
TEPS tranversed all edges BFS 8 is 1.67282e+06
Running BFS 9
Time for BFS 9 is 161.957377
TEPS tranversed all edges BFS 9 is 1.65745e+06
Running BFS 10
Time for BFS 10 is 159.781736
TEPS tranversed all edges BFS 10 is 1.68001e+06
Running BFS 11
Time for BFS 11 is 159.788861
TEPS tranversed all edges BFS 11 is 1.67994e+06
Running BFS 12
Time for BFS 12 is 161.657319
TEPS tranversed all edges BFS 12 is 1.66052e+06
Running BFS 13
Time for BFS 13 is 160.473823
TEPS tranversed all edges BFS 13 is 1.67277e+06
Running BFS 14
Time for BFS 14 is 159.725528
TEPS tranversed all edges BFS 14 is 1.6806e+06
Running BFS 15
Time for BFS 15 is 98.513381
TEPS tranversed all edges BFS 15 is 2.72486e+06
Running BFS 16
Time for BFS 16 is 88.808772
TEPS tranversed all edges BFS 16 is 3.02262e+06
Running BFS 17
Time for BFS 17 is 88.611372
TEPS tranversed all edges BFS 17 is 3.02936e+06
Running BFS 18
Time for BFS 18 is 87.107105
TEPS tranversed all edges BFS 18 is 3.08167e+06
Running BFS 19
Time for BFS 19 is 88.243979
TEPS tranversed all edges BFS 19 is 3.04197e+06
Running BFS 20
Time for BFS 20 is 84.783166
TEPS tranversed all edges BFS 20 is 3.16614e+06
Running BFS 21
Time for BFS 21 is 88.791736
TEPS tranversed all edges BFS 21 is 3.0232e+06
Running BFS 22
Time for BFS 22 is 152.783060
TEPS tranversed all edges BFS 22 is 1.75697e+06
Running BFS 23
Time for BFS 23 is 161.698857
TEPS tranversed all edges BFS 23 is 1.66009e+06
Running BFS 24
Time for BFS 24 is 161.138969
TEPS tranversed all edges BFS 24 is 1.66586e+06
Running BFS 25
Time for BFS 25 is 161.246502
TEPS tranversed all edges BFS 25 is 1.66475e+06
Running BFS 26
Time for BFS 26 is 161.787912
TEPS tranversed all edges BFS 26 is 1.65918e+06
Running BFS 27
Time for BFS 27 is 162.994816
TEPS tranversed all edges BFS 27 is 1.6469e+06
Running BFS 28
Time for BFS 28 is 160.327603
TEPS tranversed all edges BFS 28 is 1.67429e+06
Running BFS 29
Time for BFS 29 is 160.082114
TEPS tranversed all edges BFS 29 is 1.67686e+06
Running BFS 30
Time for BFS 30 is 160.652738
TEPS tranversed all edges BFS 30 is 1.6709e+06
Running BFS 31
Time for BFS 31 is 160.134935
TEPS tranversed all edges BFS 31 is 1.67631e+06
Running BFS 32
Time for BFS 32 is 160.880133
TEPS tranversed all edges BFS 32 is 1.66854e+06
Running BFS 33
Time for BFS 33 is 160.037462
TEPS tranversed all edges BFS 33 is 1.67733e+06
Running BFS 34
Time for BFS 34 is 161.282058
TEPS tranversed all edges BFS 34 is 1.66439e+06
Running BFS 35
Time for BFS 35 is 161.084766
TEPS tranversed all edges BFS 35 is 1.66642e+06
Running BFS 36
Time for BFS 36 is 161.800749
TEPS tranversed all edges BFS 36 is 1.65905e+06
Running BFS 37
Time for BFS 37 is 161.818794
TEPS tranversed all edges BFS 37 is 1.65886e+06
Running BFS 38
Time for BFS 38 is 160.679359
TEPS tranversed all edges BFS 38 is 1.67063e+06
Running BFS 39
Time for BFS 39 is 161.018860
TEPS tranversed all edges BFS 39 is 1.66711e+06
Running BFS 40
Time for BFS 40 is 161.703227
TEPS tranversed all edges BFS 40 is 1.66005e+06
Running BFS 41
Time for BFS 41 is 161.935472
TEPS tranversed all edges BFS 41 is 1.65767e+06
Running BFS 42
Time for BFS 42 is 160.352235
TEPS tranversed all edges BFS 42 is 1.67404e+06
Running BFS 43
Time for BFS 43 is 160.177436
TEPS tranversed all edges BFS 43 is 1.67586e+06
Running BFS 44
Time for BFS 44 is 159.266544
TEPS tranversed all edges BFS 44 is 1.68545e+06
Running BFS 45
Time for BFS 45 is 160.466086
TEPS tranversed all edges BFS 45 is 1.67285e+06
Running BFS 46
Time for BFS 46 is 159.846099
TEPS tranversed all edges BFS 46 is 1.67934e+06
Running BFS 47
Time for BFS 47 is 159.031499
TEPS tranversed all edges BFS 47 is 1.68794e+06
Running BFS 48
Time for BFS 48 is 158.162633
TEPS tranversed all edges BFS 48 is 1.69721e+06
Running BFS 49
Time for BFS 49 is 161.156007
TEPS tranversed all edges BFS 49 is 1.66569e+06
Running BFS 50
Time for BFS 50 is 159.741298
TEPS tranversed all edges BFS 50 is 1.68044e+06
Running BFS 51
Time for BFS 51 is 158.187274
TEPS tranversed all edges BFS 51 is 1.69695e+06
Running BFS 52
Time for BFS 52 is 161.129996
TEPS tranversed all edges BFS 52 is 1.66596e+06
Running BFS 53
Time for BFS 53 is 159.508508
TEPS tranversed all edges BFS 53 is 1.68289e+06
Running BFS 54
Time for BFS 54 is 159.886145
TEPS tranversed all edges BFS 54 is 1.67892e+06
Running BFS 55
Time for BFS 55 is 158.165399
TEPS tranversed all edges BFS 55 is 1.69718e+06
Running BFS 56
Time for BFS 56 is 158.785792
TEPS tranversed all edges BFS 56 is 1.69055e+06
Running BFS 57
Time for BFS 57 is 160.501435
TEPS tranversed all edges BFS 57 is 1.67248e+06
Running BFS 58
Time for BFS 58 is 159.648344
TEPS tranversed all edges BFS 58 is 1.68142e+06
Running BFS 59
Time for BFS 59 is 160.296369
TEPS tranversed all edges BFS 59 is 1.67462e+06
Running BFS 60
Time for BFS 60 is 158.521459
TEPS tranversed all edges BFS 60 is 1.69337e+06
Running BFS 61
Time for BFS 61 is 160.980882
TEPS tranversed all edges BFS 61 is 1.6675e+06
Running BFS 62
Time for BFS 62 is 157.911789
TEPS tranversed all edges BFS 62 is 1.69991e+06
Running BFS 63
Time for BFS 63 is 159.390260
TEPS tranversed all edges BFS 63 is 1.68414e+06
