graph_generation:               0.025564 s
construction_time:              0.012767 s
Running BFS 0
Time for BFS 0 is 0.006575
TEPS tranversed all edges BFS 0 is 1.24591e+06
Running BFS 1
Time for BFS 1 is 0.005796
TEPS tranversed all edges BFS 1 is 1.41334e+06
Running BFS 2
Time for BFS 2 is 0.004591
TEPS tranversed all edges BFS 2 is 1.78437e+06
Running BFS 3
Time for BFS 3 is 0.004530
TEPS tranversed all edges BFS 3 is 1.80841e+06
Running BFS 4
Time for BFS 4 is 0.004955
TEPS tranversed all edges BFS 4 is 1.65326e+06
Running BFS 5
Time for BFS 5 is 0.004823
TEPS tranversed all edges BFS 5 is 1.69854e+06
Running BFS 6
Time for BFS 6 is 0.005114
TEPS tranversed all edges BFS 6 is 1.60185e+06
Running BFS 7
Time for BFS 7 is 0.006969
TEPS tranversed all edges BFS 7 is 1.1755e+06
Running BFS 8
Time for BFS 8 is 0.005327
TEPS tranversed all edges BFS 8 is 1.53783e+06
Running BFS 9
Time for BFS 9 is 0.005297
TEPS tranversed all edges BFS 9 is 1.54648e+06
Running BFS 10
Time for BFS 10 is 0.004749
TEPS tranversed all edges BFS 10 is 1.72497e+06
Running BFS 11
Time for BFS 11 is 0.004952
TEPS tranversed all edges BFS 11 is 1.6543e+06
Running BFS 12
Time for BFS 12 is 0.004553
TEPS tranversed all edges BFS 12 is 1.79922e+06
Running BFS 13
Time for BFS 13 is 0.005086
TEPS tranversed all edges BFS 13 is 1.61064e+06
Running BFS 14
Time for BFS 14 is 0.004497
TEPS tranversed all edges BFS 14 is 1.82164e+06
Running BFS 15
Time for BFS 15 is 0.004533
TEPS tranversed all edges BFS 15 is 1.80717e+06
Running BFS 16
Time for BFS 16 is 0.004966
TEPS tranversed all edges BFS 16 is 1.64961e+06
Running BFS 17
Time for BFS 17 is 0.005037
TEPS tranversed all edges BFS 17 is 1.62634e+06
Running BFS 18
Time for BFS 18 is 0.005351
TEPS tranversed all edges BFS 18 is 1.53091e+06
Running BFS 19
Time for BFS 19 is 0.004533
TEPS tranversed all edges BFS 19 is 1.80717e+06
Running BFS 20
Time for BFS 20 is 0.004237
TEPS tranversed all edges BFS 20 is 1.93347e+06
Running BFS 21
Time for BFS 21 is 0.004429
TEPS tranversed all edges BFS 21 is 1.84958e+06
Running BFS 22
Time for BFS 22 is 0.003946
TEPS tranversed all edges BFS 22 is 2.07612e+06
Running BFS 23
Time for BFS 23 is 0.003355
TEPS tranversed all edges BFS 23 is 2.44171e+06
Running BFS 24
Time for BFS 24 is 0.004450
TEPS tranversed all edges BFS 24 is 1.84096e+06
Running BFS 25
Time for BFS 25 is 0.004549
TEPS tranversed all edges BFS 25 is 1.80082e+06
Running BFS 26
Time for BFS 26 is 0.005372
TEPS tranversed all edges BFS 26 is 1.52493e+06
Running BFS 27
Time for BFS 27 is 0.004565
TEPS tranversed all edges BFS 27 is 1.79452e+06
Running BFS 28
Time for BFS 28 is 0.004866
TEPS tranversed all edges BFS 28 is 1.68348e+06
Running BFS 29
Time for BFS 29 is 0.005736
TEPS tranversed all edges BFS 29 is 1.4282e+06
Running BFS 30
Time for BFS 30 is 0.004922
TEPS tranversed all edges BFS 30 is 1.66431e+06
Running BFS 31
Time for BFS 31 is 0.004916
TEPS tranversed all edges BFS 31 is 1.66641e+06
Running BFS 32
Time for BFS 32 is 0.005123
TEPS tranversed all edges BFS 32 is 1.59902e+06
Running BFS 33
Time for BFS 33 is 0.005321
TEPS tranversed all edges BFS 33 is 1.53962e+06
Running BFS 34
Time for BFS 34 is 0.004980
TEPS tranversed all edges BFS 34 is 1.64495e+06
Running BFS 35
Time for BFS 35 is 0.005637
TEPS tranversed all edges BFS 35 is 1.45321e+06
Running BFS 36
Time for BFS 36 is 0.005276
TEPS tranversed all edges BFS 36 is 1.55263e+06
Running BFS 37
Time for BFS 37 is 0.004803
TEPS tranversed all edges BFS 37 is 1.70554e+06
Running BFS 38
Time for BFS 38 is 0.004894
TEPS tranversed all edges BFS 38 is 1.67388e+06
Running BFS 39
Time for BFS 39 is 0.005832
TEPS tranversed all edges BFS 39 is 1.40467e+06
Running BFS 40
Time for BFS 40 is 0.005650
TEPS tranversed all edges BFS 40 is 1.4499e+06
Running BFS 41
Time for BFS 41 is 0.004946
TEPS tranversed all edges BFS 41 is 1.65629e+06
Running BFS 42
Time for BFS 42 is 0.005068
TEPS tranversed all edges BFS 42 is 1.61647e+06
Running BFS 43
Time for BFS 43 is 0.005500
TEPS tranversed all edges BFS 43 is 1.48943e+06
Running BFS 44
Time for BFS 44 is 0.005409
TEPS tranversed all edges BFS 44 is 1.51451e+06
Running BFS 45
Time for BFS 45 is 0.005009
TEPS tranversed all edges BFS 45 is 1.6354e+06
Running BFS 46
Time for BFS 46 is 0.004803
TEPS tranversed all edges BFS 46 is 1.70562e+06
Running BFS 47
Time for BFS 47 is 0.005386
TEPS tranversed all edges BFS 47 is 1.52102e+06
Running BFS 48
Time for BFS 48 is 0.005482
TEPS tranversed all edges BFS 48 is 1.49436e+06
Running BFS 49
Time for BFS 49 is 0.005122
TEPS tranversed all edges BFS 49 is 1.59939e+06
Running BFS 50
Time for BFS 50 is 0.005063
TEPS tranversed all edges BFS 50 is 1.61799e+06
Running BFS 51
Time for BFS 51 is 0.005149
TEPS tranversed all edges BFS 51 is 1.59095e+06
Running BFS 52
Time for BFS 52 is 0.005547
TEPS tranversed all edges BFS 52 is 1.47689e+06
Running BFS 53
Time for BFS 53 is 0.005051
TEPS tranversed all edges BFS 53 is 1.62181e+06
Running BFS 54
Time for BFS 54 is 0.005256
TEPS tranversed all edges BFS 54 is 1.55855e+06
Running BFS 55
Time for BFS 55 is 0.005630
TEPS tranversed all edges BFS 55 is 1.45506e+06
Running BFS 56
Time for BFS 56 is 0.005429
TEPS tranversed all edges BFS 56 is 1.50899e+06
Running BFS 57
Time for BFS 57 is 0.005561
TEPS tranversed all edges BFS 57 is 1.47309e+06
Running BFS 58
Time for BFS 58 is 0.005054
TEPS tranversed all edges BFS 58 is 1.6209e+06
Running BFS 59
Time for BFS 59 is 0.005863
TEPS tranversed all edges BFS 59 is 1.39725e+06
Running BFS 60
Time for BFS 60 is 0.005537
TEPS tranversed all edges BFS 60 is 1.47949e+06
Running BFS 61
Time for BFS 61 is 0.005073
TEPS tranversed all edges BFS 61 is 1.6148e+06
Running BFS 62
Time for BFS 62 is 0.004980
TEPS tranversed all edges BFS 62 is 1.64495e+06
Running BFS 63
Time for BFS 63 is 0.005094
TEPS tranversed all edges BFS 63 is 1.60815e+06
