graph_generation:               0.688682 s
construction_time:              3.370189 s
Running BFS 0
Time for BFS 0 is 1.358727
TEPS tranversed all edges BFS 0 is 3.08694e+06
Running BFS 1
Time for BFS 1 is 1.203359
TEPS tranversed all edges BFS 1 is 3.4855e+06
Running BFS 2
Time for BFS 2 is 1.208013
TEPS tranversed all edges BFS 2 is 3.47207e+06
Running BFS 3
Time for BFS 3 is 1.293135
TEPS tranversed all edges BFS 3 is 3.24352e+06
Running BFS 4
Time for BFS 4 is 1.335800
TEPS tranversed all edges BFS 4 is 3.13992e+06
Running BFS 5
Time for BFS 5 is 1.332967
TEPS tranversed all edges BFS 5 is 3.14659e+06
Running BFS 6
Time for BFS 6 is 1.296251
TEPS tranversed all edges BFS 6 is 3.23572e+06
Running BFS 7
Time for BFS 7 is 1.340060
TEPS tranversed all edges BFS 7 is 3.12994e+06
Running BFS 8
Time for BFS 8 is 1.373849
TEPS tranversed all edges BFS 8 is 3.05296e+06
Running BFS 9
Time for BFS 9 is 1.291629
TEPS tranversed all edges BFS 9 is 3.2473e+06
Running BFS 10
Time for BFS 10 is 1.323002
TEPS tranversed all edges BFS 10 is 3.17029e+06
Running BFS 11
Time for BFS 11 is 1.301074
TEPS tranversed all edges BFS 11 is 3.22372e+06
Running BFS 12
Time for BFS 12 is 1.298312
TEPS tranversed all edges BFS 12 is 3.23058e+06
Running BFS 13
Time for BFS 13 is 1.331260
TEPS tranversed all edges BFS 13 is 3.15063e+06
Running BFS 14
Time for BFS 14 is 1.362702
TEPS tranversed all edges BFS 14 is 3.07793e+06
Running BFS 15
Time for BFS 15 is 1.279268
TEPS tranversed all edges BFS 15 is 3.27867e+06
Running BFS 16
Time for BFS 16 is 1.252108
TEPS tranversed all edges BFS 16 is 3.34979e+06
Running BFS 17
Time for BFS 17 is 1.234673
TEPS tranversed all edges BFS 17 is 3.3971e+06
Running BFS 18
Time for BFS 18 is 1.278910
TEPS tranversed all edges BFS 18 is 3.27959e+06
Running BFS 19
Time for BFS 19 is 1.316155
TEPS tranversed all edges BFS 19 is 3.18679e+06
Running BFS 20
Time for BFS 20 is 1.388295
TEPS tranversed all edges BFS 20 is 3.02119e+06
Running BFS 21
Time for BFS 21 is 1.348811
TEPS tranversed all edges BFS 21 is 3.10963e+06
Running BFS 22
Time for BFS 22 is 1.385090
TEPS tranversed all edges BFS 22 is 3.02818e+06
Running BFS 23
Time for BFS 23 is 1.227999
TEPS tranversed all edges BFS 23 is 3.41556e+06
Running BFS 24
Time for BFS 24 is 1.289245
TEPS tranversed all edges BFS 24 is 3.2533e+06
Running BFS 25
Time for BFS 25 is 1.187313
TEPS tranversed all edges BFS 25 is 3.5326e+06
Running BFS 26
Time for BFS 26 is 1.188641
TEPS tranversed all edges BFS 26 is 3.52865e+06
Running BFS 27
Time for BFS 27 is 1.195171
TEPS tranversed all edges BFS 27 is 3.50938e+06
Running BFS 28
Time for BFS 28 is 1.193921
TEPS tranversed all edges BFS 28 is 3.51305e+06
Running BFS 29
Time for BFS 29 is 1.246237
TEPS tranversed all edges BFS 29 is 3.36557e+06
Running BFS 30
Time for BFS 30 is 1.152698
TEPS tranversed all edges BFS 30 is 3.63868e+06
Running BFS 31
Time for BFS 31 is 1.158574
TEPS tranversed all edges BFS 31 is 3.62023e+06
Running BFS 32
Time for BFS 32 is 1.146438
TEPS tranversed all edges BFS 32 is 3.65855e+06
Running BFS 33
Time for BFS 33 is 1.208739
TEPS tranversed all edges BFS 33 is 3.46998e+06
Running BFS 34
Time for BFS 34 is 1.353246
TEPS tranversed all edges BFS 34 is 3.09944e+06
Running BFS 35
Time for BFS 35 is 1.289624
TEPS tranversed all edges BFS 35 is 3.25235e+06
Running BFS 36
Time for BFS 36 is 1.254445
TEPS tranversed all edges BFS 36 is 3.34355e+06
Running BFS 37
Time for BFS 37 is 1.298403
TEPS tranversed all edges BFS 37 is 3.23036e+06
Running BFS 38
Time for BFS 38 is 1.306403
TEPS tranversed all edges BFS 38 is 3.21057e+06
Running BFS 39
Time for BFS 39 is 1.368682
TEPS tranversed all edges BFS 39 is 3.06448e+06
Running BFS 40
Time for BFS 40 is 1.378705
TEPS tranversed all edges BFS 40 is 3.04221e+06
Running BFS 41
Time for BFS 41 is 1.159417
TEPS tranversed all edges BFS 41 is 3.6176e+06
Running BFS 42
Time for BFS 42 is 1.264524
TEPS tranversed all edges BFS 42 is 3.3169e+06
Running BFS 43
Time for BFS 43 is 1.368108
TEPS tranversed all edges BFS 43 is 3.06577e+06
Running BFS 44
Time for BFS 44 is 1.320939
TEPS tranversed all edges BFS 44 is 3.17524e+06
Running BFS 45
Time for BFS 45 is 1.285937
TEPS tranversed all edges BFS 45 is 3.26167e+06
Running BFS 46
Time for BFS 46 is 1.317214
TEPS tranversed all edges BFS 46 is 3.18422e+06
Running BFS 47
Time for BFS 47 is 1.292031
TEPS tranversed all edges BFS 47 is 3.24629e+06
Running BFS 48
Time for BFS 48 is 1.272906
TEPS tranversed all edges BFS 48 is 3.29506e+06
Running BFS 49
Time for BFS 49 is 1.360733
TEPS tranversed all edges BFS 49 is 3.08239e+06
Running BFS 50
Time for BFS 50 is 1.336810
TEPS tranversed all edges BFS 50 is 3.13755e+06
Running BFS 51
Time for BFS 51 is 1.327869
TEPS tranversed all edges BFS 51 is 3.15867e+06
Running BFS 52
Time for BFS 52 is 1.312534
TEPS tranversed all edges BFS 52 is 3.19558e+06
Running BFS 53
Time for BFS 53 is 1.394097
TEPS tranversed all edges BFS 53 is 3.00862e+06
Running BFS 54
Time for BFS 54 is 1.395582
TEPS tranversed all edges BFS 54 is 3.00542e+06
Running BFS 55
Time for BFS 55 is 1.396159
TEPS tranversed all edges BFS 55 is 3.00417e+06
Running BFS 56
Time for BFS 56 is 1.297783
TEPS tranversed all edges BFS 56 is 3.2319e+06
Running BFS 57
Time for BFS 57 is 1.272072
TEPS tranversed all edges BFS 57 is 3.29722e+06
Running BFS 58
Time for BFS 58 is 1.306731
TEPS tranversed all edges BFS 58 is 3.20977e+06
Running BFS 59
Time for BFS 59 is 1.333375
TEPS tranversed all edges BFS 59 is 3.14563e+06
Running BFS 60
Time for BFS 60 is 1.293976
TEPS tranversed all edges BFS 60 is 3.24141e+06
Running BFS 61
Time for BFS 61 is 1.269635
TEPS tranversed all edges BFS 61 is 3.30355e+06
Running BFS 62
Time for BFS 62 is 1.179483
TEPS tranversed all edges BFS 62 is 3.55605e+06
Running BFS 63
Time for BFS 63 is 1.299072
TEPS tranversed all edges BFS 63 is 3.22869e+06
