graph_generation:               0.026957 s
construction_time:              0.066118 s
Running BFS 0
Time for BFS 0 is 0.026344
TEPS tranversed all edges BFS 0 is 2.4877e+06
Running BFS 1
Time for BFS 1 is 0.027085
TEPS tranversed all edges BFS 1 is 2.41964e+06
Running BFS 2
Time for BFS 2 is 0.034917
TEPS tranversed all edges BFS 2 is 1.8769e+06
Running BFS 3
Time for BFS 3 is 0.033605
TEPS tranversed all edges BFS 3 is 1.95019e+06
Running BFS 4
Time for BFS 4 is 0.110687
TEPS tranversed all edges BFS 4 is 592084
Running BFS 5
Time for BFS 5 is 0.020513
TEPS tranversed all edges BFS 5 is 3.19484e+06
Running BFS 6
Time for BFS 6 is 0.019704
TEPS tranversed all edges BFS 6 is 3.32601e+06
Running BFS 7
Time for BFS 7 is 0.021177
TEPS tranversed all edges BFS 7 is 3.09467e+06
Running BFS 8
Time for BFS 8 is 0.021525
TEPS tranversed all edges BFS 8 is 3.04463e+06
Running BFS 9
Time for BFS 9 is 0.020804
TEPS tranversed all edges BFS 9 is 3.15014e+06
Running BFS 10
Time for BFS 10 is 0.021285
TEPS tranversed all edges BFS 10 is 3.07897e+06
Running BFS 11
Time for BFS 11 is 0.021660
TEPS tranversed all edges BFS 11 is 3.02566e+06
Running BFS 12
Time for BFS 12 is 0.021295
TEPS tranversed all edges BFS 12 is 3.07755e+06
Running BFS 13
Time for BFS 13 is 0.020096
TEPS tranversed all edges BFS 13 is 3.26114e+06
Running BFS 14
Time for BFS 14 is 0.020901
TEPS tranversed all edges BFS 14 is 3.13555e+06
Running BFS 15
Time for BFS 15 is 0.021512
TEPS tranversed all edges BFS 15 is 3.04651e+06
Running BFS 16
Time for BFS 16 is 0.020574
TEPS tranversed all edges BFS 16 is 3.18537e+06
Running BFS 17
Time for BFS 17 is 0.021472
TEPS tranversed all edges BFS 17 is 3.05216e+06
Running BFS 18
Time for BFS 18 is 0.021277
TEPS tranversed all edges BFS 18 is 3.08014e+06
Running BFS 19
Time for BFS 19 is 0.020929
TEPS tranversed all edges BFS 19 is 3.13133e+06
Running BFS 20
Time for BFS 20 is 0.021688
TEPS tranversed all edges BFS 20 is 3.02177e+06
Running BFS 21
Time for BFS 21 is 0.026431
TEPS tranversed all edges BFS 21 is 2.4795e+06
Running BFS 22
Time for BFS 22 is 0.026982
TEPS tranversed all edges BFS 22 is 2.42889e+06
Running BFS 23
Time for BFS 23 is 0.026634
TEPS tranversed all edges BFS 23 is 2.46062e+06
Running BFS 24
Time for BFS 24 is 0.027159
TEPS tranversed all edges BFS 24 is 2.41305e+06
Running BFS 25
Time for BFS 25 is 0.026553
TEPS tranversed all edges BFS 25 is 2.46813e+06
Running BFS 26
Time for BFS 26 is 0.026212
TEPS tranversed all edges BFS 26 is 2.50023e+06
Running BFS 27
Time for BFS 27 is 0.024102
TEPS tranversed all edges BFS 27 is 2.71911e+06
Running BFS 28
Time for BFS 28 is 0.020261
TEPS tranversed all edges BFS 28 is 3.23458e+06
Running BFS 29
Time for BFS 29 is 0.020756
TEPS tranversed all edges BFS 29 is 3.15745e+06
Running BFS 30
Time for BFS 30 is 0.020914
TEPS tranversed all edges BFS 30 is 3.13362e+06
Running BFS 31
Time for BFS 31 is 0.020502
TEPS tranversed all edges BFS 31 is 3.19659e+06
Running BFS 32
Time for BFS 32 is 0.020545
TEPS tranversed all edges BFS 32 is 3.18987e+06
Running BFS 33
Time for BFS 33 is 0.020121
TEPS tranversed all edges BFS 33 is 3.25708e+06
Running BFS 34
Time for BFS 34 is 0.020795
TEPS tranversed all edges BFS 34 is 3.15155e+06
Running BFS 35
Time for BFS 35 is 0.020765
TEPS tranversed all edges BFS 35 is 3.15607e+06
Running BFS 36
Time for BFS 36 is 0.020994
TEPS tranversed all edges BFS 36 is 3.12166e+06
Running BFS 37
Time for BFS 37 is 0.021372
TEPS tranversed all edges BFS 37 is 3.06643e+06
Running BFS 38
Time for BFS 38 is 0.020860
TEPS tranversed all edges BFS 38 is 3.14171e+06
Running BFS 39
Time for BFS 39 is 0.021059
TEPS tranversed all edges BFS 39 is 3.11201e+06
Running BFS 40
Time for BFS 40 is 0.020899
TEPS tranversed all edges BFS 40 is 3.13584e+06
Running BFS 41
Time for BFS 41 is 0.021036
TEPS tranversed all edges BFS 41 is 3.11543e+06
Running BFS 42
Time for BFS 42 is 0.021458
TEPS tranversed all edges BFS 42 is 3.05417e+06
Running BFS 43
Time for BFS 43 is 0.020992
TEPS tranversed all edges BFS 43 is 3.12195e+06
Running BFS 44
Time for BFS 44 is 0.021373
TEPS tranversed all edges BFS 44 is 3.06629e+06
Running BFS 45
Time for BFS 45 is 0.020683
TEPS tranversed all edges BFS 45 is 3.16858e+06
Running BFS 46
Time for BFS 46 is 0.020782
TEPS tranversed all edges BFS 46 is 3.1535e+06
Running BFS 47
Time for BFS 47 is 0.020650
TEPS tranversed all edges BFS 47 is 3.17363e+06
Running BFS 48
Time for BFS 48 is 0.020770
TEPS tranversed all edges BFS 48 is 3.15535e+06
Running BFS 49
Time for BFS 49 is 0.024377
TEPS tranversed all edges BFS 49 is 2.68845e+06
Running BFS 50
Time for BFS 50 is 0.024538
TEPS tranversed all edges BFS 50 is 2.67082e+06
Running BFS 51
Time for BFS 51 is 0.024767
TEPS tranversed all edges BFS 51 is 2.64611e+06
Running BFS 52
Time for BFS 52 is 0.024711
TEPS tranversed all edges BFS 52 is 2.65211e+06
Running BFS 53
Time for BFS 53 is 0.024614
TEPS tranversed all edges BFS 53 is 2.66257e+06
Running BFS 54
Time for BFS 54 is 0.024452
TEPS tranversed all edges BFS 54 is 2.68017e+06
Running BFS 55
Time for BFS 55 is 0.024438
TEPS tranversed all edges BFS 55 is 2.68174e+06
Running BFS 56
Time for BFS 56 is 0.024659
TEPS tranversed all edges BFS 56 is 2.65767e+06
Running BFS 57
Time for BFS 57 is 0.025407
TEPS tranversed all edges BFS 57 is 2.57944e+06
Running BFS 58
Time for BFS 58 is 0.025061
TEPS tranversed all edges BFS 58 is 2.61507e+06
Running BFS 59
Time for BFS 59 is 0.024815
TEPS tranversed all edges BFS 59 is 2.64097e+06
Running BFS 60
Time for BFS 60 is 0.024741
TEPS tranversed all edges BFS 60 is 2.64889e+06
Running BFS 61
Time for BFS 61 is 0.024349
TEPS tranversed all edges BFS 61 is 2.69153e+06
Running BFS 62
Time for BFS 62 is 0.024953
TEPS tranversed all edges BFS 62 is 2.62639e+06
Running BFS 63
Time for BFS 63 is 0.025386
TEPS tranversed all edges BFS 63 is 2.58157e+06
